[2020-06-14 15:00:47.433] [INFO] console - 玩家登录...
[2020-06-14 15:00:50.436] [INFO] console - SQL: SELECT qy_account.safecode, qy_role.* FROM qy_account, qy_role WHERE qy_role.roleid = 41 and qy_account.accountid = qy_role.accountid;
[2020-06-14 15:00:50.463] [INFO] console - agent[1003] socket, close
[2020-06-14 15:16:10.747] [INFO] console - agent[1005] socket, close
[2020-06-14 15:16:43.930] [INFO] console - agent[1004] socket, close
[2020-06-14 15:16:43.932] [INFO] console - agent[1003] socket, close
[2020-06-14 15:20:35.889] [INFO] console - 玩家登录...
[2020-06-14 15:20:38.894] [INFO] console - SQL: SELECT qy_account.safecode, qy_role.* FROM qy_account, qy_role WHERE qy_role.roleid = 49 and qy_account.accountid = qy_role.accountid;
[2020-06-14 15:20:38.915] [INFO] console - agent[1006] socket, close
[2020-06-14 15:21:31.258] [INFO] console - 玩家登录...
[2020-06-14 15:21:35.914] [INFO] console - SQL: SELECT qy_account.safecode, qy_role.* FROM qy_account, qy_role WHERE qy_role.roleid = 49 and qy_account.accountid = qy_role.accountid;
[2020-06-14 15:21:35.965] [INFO] console - agent[1007] socket, close
[2020-06-14 15:22:04.721] [INFO] console - 玩家登录...
[2020-06-14 15:22:12.391] [INFO] console - SQL: SELECT qy_account.safecode, qy_role.* FROM qy_account, qy_role WHERE qy_role.roleid = 49 and qy_account.accountid = qy_role.accountid;
[2020-06-14 15:22:34.181] [INFO] console - agent[1008] socket, close
[2020-06-14 15:22:42.110] [INFO] console - 玩家登录...
[2020-06-14 15:22:50.857] [INFO] console - SQL: SELECT qy_account.safecode, qy_role.* FROM qy_account, qy_role WHERE qy_role.roleid = 49 and qy_account.accountid = qy_role.accountid;
[2020-06-14 15:28:33.585] [INFO] console - 命令行模块启动完毕
[2020-06-14 15:28:34.014] [INFO] console - HTTP模块启动完毕，开始监听127.0.0.1:8811
[2020-06-14 15:28:34.016] [INFO] console - 监控系统启动完毕，监听8812端口
[2020-06-14 15:28:34.016] [INFO] console - 启动游戏模块...
[2020-06-14 15:28:34.017] [INFO] console - SQL: select text, type from qy_notice where serverid = 1000 or serverid = 0 order by time desc limit 30;
[2020-06-14 15:28:34.018] [INFO] console - 通知模块初始化完毕!
[2020-06-14 15:28:34.061] [INFO] console - 地图模块加载完毕!
[2020-06-14 15:28:34.068] [INFO] console - 任务配置模块加载完毕!
[2020-06-14 15:28:34.074] [INFO] console - 世界模块加载完毕！
[2020-06-14 15:28:34.078] [INFO] console - Npc配置模块加载完毕！
[2020-06-14 15:28:34.090] [INFO] console - Npc模块加载完毕！
[2020-06-14 15:28:34.093] [INFO] console - 角色属性模块加载完毕！
[2020-06-14 15:28:34.096] [INFO] console - 物品模块加载完毕！
[2020-06-14 15:28:34.097] [INFO] console - 经验模块加载完毕！
[2020-06-14 15:28:34.100] [INFO] console - 技能模块加载完毕！
[2020-06-14 15:28:34.102] [INFO] console - 技能效果模块加载完毕！
[2020-06-14 15:28:34.145] [INFO] console - SQL: SELECT MAX(EquipID) AS equipid FROM qy_equip_1000;
[2020-06-14 15:28:34.146] [INFO] console - SQL: SELECT * FROM qy_bang WHERE state = 1 and serverid = 1000;
[2020-06-14 15:28:34.146] [INFO] console - SQL: SELECT MAX(bangid) AS bangId FROM qy_bang WHERE serverid = 1000;
[2020-06-14 15:28:34.154] [INFO] console - 怪物模块加载完毕！
[2020-06-14 15:28:34.156] [INFO] console - 商城模块加载完毕!
[2020-06-14 15:28:34.158] [INFO] console - 甄不亏模块加载完毕!
[2020-06-14 15:28:34.158] [INFO] console - SQL: select * from shop_goods
[2020-06-14 15:28:34.159] [INFO] console - 摆摊模块加载完毕!
[2020-06-14 15:28:34.159] [INFO] console - SQL: select roleid, name, relive, level, money, shuilu from qy_role where serverid =  1000
[2020-06-14 15:28:34.159] [INFO] console - 排行榜模块加载完毕!
[2020-06-14 15:28:34.162] [INFO] console - SQL: SELECT MAX(petid) AS petid FROM qy_pet_1000;
[2020-06-14 15:28:34.163] [INFO] console - SQL: SELECT roleid, sum(realmoney) AS rmb FROM charge_record WHERE status = 1 GROUP BY roleid;
[2020-06-14 15:28:34.260] [INFO] console - 伙伴管理模块加载完毕！
[2020-06-14 15:28:34.261] [INFO] console - SQL: SELECT * FROM qy_role
[2020-06-14 15:28:34.261] [INFO] console - 活动模块加载完毕!
[2020-06-14 15:28:34.263] [INFO] console - 彩票模块加载完毕!
[2020-06-14 15:28:34.263] [INFO] console - SQL: select * from qy_relation where status = 0
[2020-06-14 15:28:34.264] [INFO] console - SQL: select max(relationId) as relationId from qy_relation;
[2020-06-14 15:28:34.264] [INFO] console - 关系模块加载完毕
[2020-06-14 15:28:34.426] [INFO] console - 装备模块加载完毕！
[2020-06-14 15:28:34.429] [INFO] console - 帮派模块加载完毕!
[2020-06-14 15:28:34.433] [INFO] console - 帮派id种子为110614000
[2020-06-14 15:28:34.436] [INFO] console - 排行榜模块加载完毕！
[2020-06-14 15:28:34.455] [INFO] console - 宠物管理模块加载完毕！
[2020-06-14 15:28:34.475] [INFO] console - 充值模块加载完毕！
[2020-06-14 15:28:34.477] [INFO] console - 8810 8810
[2020-06-14 15:28:34.481] [INFO] console - 网关代理模块启动完毕，正在监听127.0.0.1:8810
[2020-06-14 15:28:34.483] [INFO] console - 向网关服务器发起HTTP请求: /S_Register {
  id: 1000,
  name: '测试区',
  ip: '127.0.0.1',
  fake: '127.0.0.1',
  port: 8810,
  http_port: 8811
} [Function (anonymous)]
[2020-06-14 15:28:34.485] [INFO] console - 游戏服务器启动完毕，等待命令
[2020-06-14 15:28:34.498] [INFO] console - 游戏服[测试区(1000)], 已经连接
[2020-06-14 15:36:17.404] [INFO] console - 命令行模块启动完毕
[2020-06-14 15:36:17.812] [INFO] console - HTTP模块启动完毕，开始监听127.0.0.1:8811
[2020-06-14 15:36:17.813] [INFO] console - 监控系统启动完毕，监听8812端口
[2020-06-14 15:36:17.814] [INFO] console - 启动游戏模块...
[2020-06-14 15:36:17.815] [INFO] console - SQL: select text, type from qy_notice where serverid = 1000 or serverid = 0 order by time desc limit 30;
[2020-06-14 15:36:17.815] [INFO] console - 通知模块初始化完毕!
[2020-06-14 15:36:17.852] [INFO] console - 地图模块加载完毕!
[2020-06-14 15:36:17.861] [INFO] console - 任务配置模块加载完毕!
[2020-06-14 15:36:17.870] [INFO] console - 世界模块加载完毕！
[2020-06-14 15:36:17.874] [INFO] console - Npc配置模块加载完毕！
[2020-06-14 15:36:17.884] [INFO] console - Npc模块加载完毕！
[2020-06-14 15:36:17.889] [INFO] console - 角色属性模块加载完毕！
[2020-06-14 15:36:17.893] [INFO] console - 物品模块加载完毕！
[2020-06-14 15:36:17.894] [INFO] console - 经验模块加载完毕！
[2020-06-14 15:36:17.897] [INFO] console - 技能模块加载完毕！
[2020-06-14 15:36:17.898] [INFO] console - 技能效果模块加载完毕！
[2020-06-14 15:36:17.941] [INFO] console - SQL: SELECT MAX(EquipID) AS equipid FROM qy_equip_1000;
[2020-06-14 15:36:17.941] [INFO] console - SQL: SELECT * FROM qy_bang WHERE state = 1 and serverid = 1000;
[2020-06-14 15:36:17.942] [INFO] console - SQL: SELECT MAX(bangid) AS bangId FROM qy_bang WHERE serverid = 1000;
[2020-06-14 15:36:17.950] [INFO] console - 怪物模块加载完毕！
[2020-06-14 15:36:17.953] [INFO] console - 商城模块加载完毕!
[2020-06-14 15:36:17.954] [INFO] console - 甄不亏模块加载完毕!
[2020-06-14 15:36:17.955] [INFO] console - SQL: select * from shop_goods
[2020-06-14 15:36:17.955] [INFO] console - 摆摊模块加载完毕!
[2020-06-14 15:36:17.956] [INFO] console - SQL: select roleid, name, relive, level, money, shuilu from qy_role where serverid =  1000
[2020-06-14 15:36:17.956] [INFO] console - 排行榜模块加载完毕!
[2020-06-14 15:36:17.960] [INFO] console - SQL: SELECT MAX(petid) AS petid FROM qy_pet_1000;
[2020-06-14 15:36:17.962] [INFO] console - SQL: SELECT roleid, sum(realmoney) AS rmb FROM charge_record WHERE status = 1 GROUP BY roleid;
[2020-06-14 15:36:18.051] [INFO] console - 伙伴管理模块加载完毕！
[2020-06-14 15:36:18.052] [INFO] console - SQL: SELECT * FROM qy_role
[2020-06-14 15:36:18.053] [INFO] console - 活动模块加载完毕!
[2020-06-14 15:36:18.054] [INFO] console - 彩票模块加载完毕!
[2020-06-14 15:36:18.054] [INFO] console - SQL: select * from qy_relation where status = 0
[2020-06-14 15:36:18.055] [INFO] console - SQL: select max(relationId) as relationId from qy_relation;
[2020-06-14 15:36:18.055] [INFO] console - 关系模块加载完毕
[2020-06-14 15:36:18.219] [INFO] console - 装备模块加载完毕！
[2020-06-14 15:36:18.222] [INFO] console - 帮派模块加载完毕!
[2020-06-14 15:36:18.224] [INFO] console - 帮派id种子为110614000
[2020-06-14 15:36:18.230] [INFO] console - 排行榜模块加载完毕！
[2020-06-14 15:36:18.240] [INFO] console - 宠物管理模块加载完毕！
[2020-06-14 15:36:18.248] [INFO] console - 充值模块加载完毕！
[2020-06-14 15:36:18.251] [INFO] console - 8810 8810
[2020-06-14 15:36:18.263] [INFO] console - 网关代理模块启动完毕，正在监听127.0.0.1:8810
[2020-06-14 15:36:18.265] [INFO] console - 向网关服务器发起HTTP请求: /S_Register {
  id: 1000,
  name: '测试区',
  ip: '127.0.0.1',
  fake: '127.0.0.1',
  port: 8810,
  http_port: 8811
} [Function (anonymous)]
[2020-06-14 15:36:18.270] [INFO] console - 游戏服务器启动完毕，等待命令
[2020-06-14 15:36:18.282] [INFO] console - 游戏服[测试区(1000)], 已经连接
[2020-06-14 15:38:44.402] [INFO] console - 玩家登录...
[2020-06-14 15:38:51.443] [INFO] console - SQL: SELECT qy_account.safecode, qy_role.* FROM qy_account, qy_role WHERE qy_role.roleid = 157858 and qy_account.accountid = qy_role.accountid;
[2020-06-14 15:38:54.146] [INFO] console - SQL: SELECT * FROM qy_equip_1000 WHERE RoleID = 157858 AND state != 0;
[2020-06-14 15:38:54.181] [INFO] console - SQL: SELECT * FROM dhxy_mount WHERE roleid=157858;
[2020-06-14 15:38:54.207] [INFO] console - 玩家[鹰子冰天157858]等级改变，当前1级
[2020-06-14 15:38:54.210] [INFO] console - SQL: SELECT * FROM qy_pet_1000 WHERE roleid = 157858 and state = 1 limit 20
[2020-06-14 15:38:56.239] [INFO] console - 玩家[鹰子冰天(157858)], 任务刷新 于2020-06-14 15:38:56 
[2020-06-14 15:38:56.241] [INFO] console - SQL: UPDATE qy_role SET lastonline = FROM_UNIXTIME(1592120320) WHERE roleid =157858;
[2020-06-14 15:38:56.301] [INFO] console - SQL: INSERT INTO qy_equip_1000(EquipID, EquipType, BaseAttr, Grade, EIndex, Shuxingxuqiu, Type, GemCnt, LianhuaAttr, RoleID, create_time, pos) VALUES(76, 0, '{"16":"25","34":"1000"}', 1, 1, '{}', 13111101, 0, '{}', 157858, NOW(), 3);
[2020-06-14 15:38:56.305] [INFO] console - SQL: INSERT INTO qy_equip_1000(EquipID, EquipType, BaseAttr, Grade, EIndex, Shuxingxuqiu, Type, GemCnt, LianhuaAttr, RoleID, create_time, pos) VALUES(77, 0, '{"13":"10","31":"1400","33":"1400"}', 1, 2, '{}', 13120101, 0, '{}', 157858, NOW(), 3);
[2020-06-14 15:38:56.316] [INFO] console - SQL: INSERT INTO qy_equip_1000(EquipID, EquipType, BaseAttr, Grade, EIndex, Shuxingxuqiu, Type, GemCnt, LianhuaAttr, RoleID, create_time, pos) VALUES(78, 0, '{"13":"100","16":"5"}', 1, 3, '{}', 13131101, 0, '{}', 157858, NOW(), 3);
[2020-06-14 15:38:56.320] [INFO] console - SQL: INSERT INTO qy_equip_1000(EquipID, EquipType, BaseAttr, Grade, EIndex, Shuxingxuqiu, Type, GemCnt, LianhuaAttr, RoleID, create_time, pos) VALUES(79, 0, '{"13":"100","16":"5"}', 1, 4, '{}', 13141101, 0, '{}', 157858, NOW(), 3);
[2020-06-14 15:38:56.323] [INFO] console - SQL: INSERT INTO qy_equip_1000(EquipID, EquipType, BaseAttr, Grade, EIndex, Shuxingxuqiu, Type, GemCnt, LianhuaAttr, RoleID, create_time, pos) VALUES(80, 0, '{"13":"100","35":"10"}', 1, 5, '{}', 13150101, 0, '{}', 157858, NOW(), 3);
[2020-06-14 15:39:03.451] [INFO] console - SQL: INSERT INTO qy_pet_1000(petid, name, resid, dataid, grade, roleid, rate, hp, mp, atk, spd, wuxing, create_time) VALUES(7, '小黄金兽', 5021, 1004, 0, 157858, 9477, 47, 0, 59, 0, '{}', NOW());
[2020-06-14 15:39:03.463] [INFO] console - SQL: UPDATE qy_role SET getpet = 1 WHERE roleid =157858
[2020-06-14 15:39:03.464] [INFO] console - 玩家[鹰子冰天157858]获得宠物[小黄金兽(7)] 
[2020-06-14 15:39:54.356] [INFO] console - 玩家登录...
[2020-06-14 15:39:57.362] [INFO] console - SQL: SELECT qy_account.safecode, qy_role.* FROM qy_account, qy_role WHERE qy_role.roleid = 157853 and qy_account.accountid = qy_role.accountid;
[2020-06-14 15:39:57.392] [INFO] console - SQL: SELECT * FROM qy_equip_1000 WHERE RoleID = 157853 AND state != 0;
[2020-06-14 15:39:57.421] [INFO] console - SQL: SELECT * FROM dhxy_mount WHERE roleid=157853;
[2020-06-14 15:39:57.444] [INFO] console - 玩家[依远飞157853]等级改变，当前1级
[2020-06-14 15:39:57.448] [INFO] console - SQL: SELECT * FROM qy_pet_1000 WHERE roleid = 157853 and state = 1 limit 20
[2020-06-14 15:39:59.633] [INFO] console - SQL: UPDATE qy_role SET lastonline = FROM_UNIXTIME(1592120379) WHERE roleid =157853;
[2020-06-14 15:40:08.299] [INFO] console - SQL: SELECT mountid from dhxy_mount WHERE roleid = 157858 AND mountid=57;
[2020-06-14 15:40:08.338] [INFO] console - SQL: UPDATE qy_role SET mountid=57 WHERE roleid=157858;
[2020-06-14 15:41:02.060] [INFO] console - SQL: SELECT mountid from dhxy_mount WHERE roleid = 157853 AND mountid=35;
[2020-06-14 15:41:02.094] [INFO] console - SQL: UPDATE qy_role SET mountid=35 WHERE roleid=157853;
[2020-06-14 15:46:33.028] [INFO] console - 玩家登录...
[2020-06-14 15:46:36.035] [INFO] console - SQL: SELECT qy_account.safecode, qy_role.* FROM qy_account, qy_role WHERE qy_role.roleid = 157856 and qy_account.accountid = qy_role.accountid;
[2020-06-14 15:46:36.068] [INFO] console - SQL: SELECT * FROM qy_equip_1000 WHERE RoleID = 157856 AND state != 0;
[2020-06-14 15:46:36.092] [INFO] console - SQL: SELECT * FROM dhxy_mount WHERE roleid=157856;
[2020-06-14 15:46:36.116] [INFO] console - 玩家[容映依157856]等级改变，当前1级
[2020-06-14 15:46:36.118] [INFO] console - SQL: SELECT * FROM qy_pet_1000 WHERE roleid = 157856 and state = 1 limit 20
[2020-06-14 15:46:39.093] [INFO] console - 玩家[容映依(157856)], 任务刷新 于2020-06-14 15:46:39 
[2020-06-14 15:46:39.095] [INFO] console - SQL: UPDATE qy_role SET lastonline = FROM_UNIXTIME(1592120772) WHERE roleid =157856;
[2020-06-14 15:46:39.223] [INFO] console - SQL: INSERT INTO qy_equip_1000(EquipID, EquipType, BaseAttr, Grade, EIndex, Shuxingxuqiu, Type, GemCnt, LianhuaAttr, RoleID, create_time, pos) VALUES(81, 0, '{"16":"25","34":"1000"}', 1, 1, '{}', 13111101, 0, '{}', 157856, NOW(), 3);
[2020-06-14 15:46:39.227] [INFO] console - SQL: INSERT INTO qy_equip_1000(EquipID, EquipType, BaseAttr, Grade, EIndex, Shuxingxuqiu, Type, GemCnt, LianhuaAttr, RoleID, create_time, pos) VALUES(82, 0, '{"13":"10","31":"1400","33":"1400"}', 1, 2, '{}', 13120101, 0, '{}', 157856, NOW(), 3);
[2020-06-14 15:46:39.230] [INFO] console - SQL: INSERT INTO qy_equip_1000(EquipID, EquipType, BaseAttr, Grade, EIndex, Shuxingxuqiu, Type, GemCnt, LianhuaAttr, RoleID, create_time, pos) VALUES(83, 0, '{"13":"100","16":"5"}', 1, 3, '{}', 13131101, 0, '{}', 157856, NOW(), 3);
[2020-06-14 15:46:39.240] [INFO] console - SQL: INSERT INTO qy_equip_1000(EquipID, EquipType, BaseAttr, Grade, EIndex, Shuxingxuqiu, Type, GemCnt, LianhuaAttr, RoleID, create_time, pos) VALUES(84, 0, '{"13":"100","16":"5"}', 1, 4, '{}', 13141101, 0, '{}', 157856, NOW(), 3);
[2020-06-14 15:46:39.244] [INFO] console - SQL: INSERT INTO qy_equip_1000(EquipID, EquipType, BaseAttr, Grade, EIndex, Shuxingxuqiu, Type, GemCnt, LianhuaAttr, RoleID, create_time, pos) VALUES(85, 0, '{"13":"100","35":"10"}', 1, 5, '{}', 13150101, 0, '{}', 157856, NOW(), 3);
[2020-06-14 15:46:50.053] [INFO] console - SQL: INSERT INTO qy_pet_1000(petid, name, resid, dataid, grade, roleid, rate, hp, mp, atk, spd, wuxing, create_time) VALUES(8, '小黄金兽', 5021, 1004, 0, 157856, 10660, 41, 0, 89, 0, '{}', NOW());
[2020-06-14 15:46:50.055] [INFO] console - SQL: UPDATE qy_role SET getpet = 1 WHERE roleid =157856
[2020-06-14 15:46:50.056] [INFO] console - 玩家[容映依157856]获得宠物[小黄金兽(8)] 
[2020-06-14 15:52:10.937] [INFO] console - agent[1002] socket, close
[2020-06-14 15:52:55.078] [INFO] console - agent[1001] socket, close
