[2020-06-14 14:02:01.950] [INFO] console - SQL: UPDATE qy_role SET lastonline = FROM_UNIXTIME(1592114093) WHERE roleid =157847;
[2020-06-14 14:02:19.139] [INFO] console - agent[1012] socket, close
[2020-06-14 14:02:19.140] [INFO] console - agent[1011] socket, close
[2020-06-14 14:03:10.698] [INFO] console - do login....
[2020-06-14 14:03:13.699] [INFO] console - SQL: SELECT qy_account.safecode, qy_role.* FROM qy_account, qy_role WHERE qy_role.roleid = 21 and qy_account.accountid = qy_role.accountid;
[2020-06-14 14:03:13.734] [INFO] console - agent[1013] socket, close
[2020-06-14 14:06:43.602] [INFO] console - agent[1013] socket, close
[2020-06-14 14:06:43.604] [INFO] console - agent[1014] socket, close
[2020-06-14 14:11:29.920] [INFO] console - do login....
[2020-06-14 14:11:32.922] [INFO] console - SQL: SELECT qy_account.safecode, qy_role.* FROM qy_account, qy_role WHERE qy_role.roleid = 28 and qy_account.accountid = qy_role.accountid;
[2020-06-14 14:11:32.947] [INFO] console - agent[1015] socket, close
[2020-06-14 14:13:24.832] [INFO] console - 命令行模块启动完毕
[2020-06-14 14:13:25.241] [INFO] console - HTTP模块启动完毕，开始监听127.0.0.1:8811
[2020-06-14 14:13:25.242] [INFO] console - 监控系统启动完毕，监听8812端口
[2020-06-14 14:13:25.242] [INFO] console - 启动游戏模块...
[2020-06-14 14:13:25.243] [INFO] console - SQL: select text, type from qy_notice where serverid = 1000 or serverid = 0 order by time desc limit 30;
[2020-06-14 14:13:25.243] [INFO] console - 通知模块初始化完毕!
[2020-06-14 14:13:25.277] [INFO] console - 地图模块加载完毕!
[2020-06-14 14:13:25.286] [INFO] console - 任务配置模块加载完毕!
[2020-06-14 14:13:25.291] [INFO] console - 世界模块加载完毕！
[2020-06-14 14:13:25.296] [INFO] console - Npc配置模块加载完毕！
[2020-06-14 14:13:25.305] [INFO] console - Npc模块加载完毕！
[2020-06-14 14:13:25.308] [INFO] console - 角色属性模块加载完毕！
[2020-06-14 14:13:25.311] [INFO] console - 物品模块加载完毕！
[2020-06-14 14:13:25.312] [INFO] console - 经验模块加载完毕！
[2020-06-14 14:13:25.315] [INFO] console - 技能模块加载完毕！
[2020-06-14 14:13:25.316] [INFO] console - 技能效果模块加载完毕！
[2020-06-14 14:13:25.360] [INFO] console - SQL: SELECT MAX(EquipID) AS equipid FROM qy_equip_1000;
[2020-06-14 14:13:25.361] [INFO] console - SQL: SELECT * FROM qy_bang WHERE state = 1 and serverid = 1000;
[2020-06-14 14:13:25.361] [INFO] console - SQL: SELECT MAX(bangid) AS bangId FROM qy_bang WHERE serverid = 1000;
[2020-06-14 14:13:25.368] [INFO] console - 怪物模块加载完毕！
[2020-06-14 14:13:25.370] [INFO] console - 商城模块加载完毕!
[2020-06-14 14:13:25.372] [INFO] console - 甄不亏模块加载完毕!
[2020-06-14 14:13:25.372] [INFO] console - SQL: select * from shop_goods
[2020-06-14 14:13:25.373] [INFO] console - 摆摊模块加载完毕!
[2020-06-14 14:13:25.373] [INFO] console - SQL: select roleid, name, relive, level, money, shuilu from qy_role where serverid =  1000
[2020-06-14 14:13:25.374] [INFO] console - 排行榜模块加载完毕!
[2020-06-14 14:13:25.376] [INFO] console - SQL: SELECT MAX(petid) AS petid FROM qy_pet_1000;
[2020-06-14 14:13:25.377] [INFO] console - SQL: SELECT roleid, sum(realmoney) AS rmb FROM charge_record WHERE status = 1 GROUP BY roleid;
[2020-06-14 14:13:25.457] [INFO] console - 伙伴管理模块加载完毕！
[2020-06-14 14:13:25.458] [INFO] console - SQL: SELECT * FROM qy_role
[2020-06-14 14:13:25.458] [INFO] console - 活动模块加载完毕!
[2020-06-14 14:13:25.459] [INFO] console - 彩票模块加载完毕!
[2020-06-14 14:13:25.459] [INFO] console - SQL: select * from qy_relation where status = 0
[2020-06-14 14:13:25.460] [INFO] console - SQL: select max(relationId) as relationId from qy_relation;
[2020-06-14 14:13:25.460] [INFO] console - 关系模块加载完毕
[2020-06-14 14:13:25.611] [INFO] console - 装备模块加载完毕！
[2020-06-14 14:13:25.613] [INFO] console - 帮派id种子为110614000
[2020-06-14 14:13:25.614] [INFO] console - 帮派模块加载完毕!
[2020-06-14 14:13:25.618] [INFO] console - 排行榜模块加载完毕！
[2020-06-14 14:13:25.633] [INFO] console - 充值模块加载完毕！
[2020-06-14 14:13:25.654] [INFO] console - 宠物管理模块加载完毕！
[2020-06-14 14:13:25.660] [INFO] console - 8810 8810
[2020-06-14 14:13:25.665] [INFO] console - 网关代理模块启动完毕，正在监听127.0.0.1:8810
[2020-06-14 14:13:25.667] [INFO] console - 向网关服务器发起HTTP请求: /S_Register {
  id: 1000,
  name: '测试区',
  ip: '127.0.0.1',
  fake: '127.0.0.1',
  port: 8810,
  http_port: 8811
} [Function (anonymous)]
[2020-06-14 14:13:25.670] [INFO] console - 游戏服务器启动完毕，等待命令
[2020-06-14 14:13:25.680] [INFO] console - 游戏服[测试区(1000)], 已经连接
[2020-06-14 14:20:46.127] [INFO] console - do login....
[2020-06-14 14:20:49.132] [INFO] console - SQL: SELECT qy_account.safecode, qy_role.* FROM qy_account, qy_role WHERE qy_role.roleid = 33 and qy_account.accountid = qy_role.accountid;
[2020-06-14 14:20:49.191] [INFO] console - agent[1000] socket, close
[2020-06-14 14:27:44.040] [INFO] console - 命令行模块启动完毕
[2020-06-14 14:27:44.395] [INFO] console - HTTP模块启动完毕，开始监听127.0.0.1:8811
[2020-06-14 14:27:44.396] [INFO] console - 监控系统启动完毕，监听8812端口
[2020-06-14 14:27:44.397] [INFO] console - 启动游戏模块...
[2020-06-14 14:27:44.398] [INFO] console - SQL: select text, type from qy_notice where serverid = 1000 or serverid = 0 order by time desc limit 30;
[2020-06-14 14:27:44.398] [INFO] console - 通知模块初始化完毕!
[2020-06-14 14:27:44.427] [INFO] console - 地图模块加载完毕!
[2020-06-14 14:27:44.435] [INFO] console - 任务配置模块加载完毕!
[2020-06-14 14:27:44.439] [INFO] console - 世界模块加载完毕！
[2020-06-14 14:27:44.442] [INFO] console - Npc配置模块加载完毕！
[2020-06-14 14:27:44.447] [INFO] console - Npc模块加载完毕！
[2020-06-14 14:27:44.450] [INFO] console - 角色属性模块加载完毕！
[2020-06-14 14:27:44.453] [INFO] console - 物品模块加载完毕！
[2020-06-14 14:27:44.454] [INFO] console - 经验模块加载完毕！
[2020-06-14 14:27:44.456] [INFO] console - 技能模块加载完毕！
[2020-06-14 14:27:44.457] [INFO] console - 技能效果模块加载完毕！
[2020-06-14 14:27:44.492] [INFO] console - SQL: SELECT MAX(EquipID) AS equipid FROM qy_equip_1000;
[2020-06-14 14:27:44.493] [INFO] console - SQL: SELECT * FROM qy_bang WHERE state = 1 and serverid = 1000;
[2020-06-14 14:27:44.494] [INFO] console - SQL: SELECT MAX(bangid) AS bangId FROM qy_bang WHERE serverid = 1000;
[2020-06-14 14:27:44.500] [INFO] console - 怪物模块加载完毕！
[2020-06-14 14:27:44.502] [INFO] console - 商城模块加载完毕!
[2020-06-14 14:27:44.503] [INFO] console - 甄不亏模块加载完毕!
[2020-06-14 14:27:44.503] [INFO] console - SQL: select * from shop_goods
[2020-06-14 14:27:44.504] [INFO] console - 摆摊模块加载完毕!
[2020-06-14 14:27:44.504] [INFO] console - SQL: select roleid, name, relive, level, money, shuilu from qy_role where serverid =  1000
[2020-06-14 14:27:44.504] [INFO] console - 排行榜模块加载完毕!
[2020-06-14 14:27:44.506] [INFO] console - SQL: SELECT MAX(petid) AS petid FROM qy_pet_1000;
[2020-06-14 14:27:44.507] [INFO] console - SQL: SELECT roleid, sum(realmoney) AS rmb FROM charge_record WHERE status = 1 GROUP BY roleid;
[2020-06-14 14:27:44.574] [INFO] console - 伙伴管理模块加载完毕！
[2020-06-14 14:27:44.575] [INFO] console - SQL: SELECT * FROM qy_role
[2020-06-14 14:27:44.575] [INFO] console - 活动模块加载完毕!
[2020-06-14 14:27:44.577] [INFO] console - 彩票模块加载完毕!
[2020-06-14 14:27:44.577] [INFO] console - SQL: select * from qy_relation where status = 0
[2020-06-14 14:27:44.577] [INFO] console - SQL: select max(relationId) as relationId from qy_relation;
[2020-06-14 14:27:44.578] [INFO] console - 关系模块加载完毕
[2020-06-14 14:27:44.730] [INFO] console - 装备模块加载完毕！
[2020-06-14 14:27:44.733] [INFO] console - 帮派模块加载完毕!
[2020-06-14 14:27:44.735] [INFO] console - 帮派id种子为110614000
[2020-06-14 14:27:44.738] [INFO] console - 排行榜模块加载完毕！
[2020-06-14 14:27:44.752] [INFO] console - 宠物管理模块加载完毕！
[2020-06-14 14:27:44.761] [INFO] console - 充值模块加载完毕！
[2020-06-14 14:27:44.762] [INFO] console - 8810 8810
[2020-06-14 14:27:44.766] [INFO] console - 网关代理模块启动完毕，正在监听127.0.0.1:8810
[2020-06-14 14:27:44.767] [INFO] console - 向网关服务器发起HTTP请求: /S_Register {
  id: 1000,
  name: '测试区',
  ip: '127.0.0.1',
  fake: '127.0.0.1',
  port: 8810,
  http_port: 8811
} [Function (anonymous)]
[2020-06-14 14:27:44.770] [INFO] console - 游戏服务器启动完毕，等待命令
[2020-06-14 14:27:44.781] [INFO] console - 游戏服[测试区(1000)], 已经连接
[2020-06-14 14:30:26.511] [INFO] console - 玩家登录...
[2020-06-14 14:30:29.518] [INFO] console - SQL: SELECT qy_account.safecode, qy_role.* FROM qy_account, qy_role WHERE qy_role.roleid = 37 and qy_account.accountid = qy_role.accountid;
[2020-06-14 14:30:29.547] [INFO] console - agent[1000] socket, close
[2020-06-14 14:36:56.438] [INFO] console - agent[1001] socket, close
[2020-06-14 14:36:56.439] [INFO] console - agent[1000] socket, close
[2020-06-14 14:58:30.701] [INFO] console - 玩家登录...
[2020-06-14 14:58:33.713] [INFO] console - SQL: SELECT qy_account.safecode, qy_role.* FROM qy_account, qy_role WHERE qy_role.roleid = 157853 and qy_account.accountid = qy_role.accountid;
[2020-06-14 14:58:33.747] [INFO] console - SQL: SELECT * FROM qy_equip_1000 WHERE RoleID = 157853 AND state != 0;
[2020-06-14 14:58:33.778] [INFO] console - SQL: SELECT * FROM dhxy_mount WHERE roleid=157853;
[2020-06-14 14:58:33.825] [INFO] console - 玩家[依远飞157853]等级改变，当前1级
[2020-06-14 14:58:33.834] [INFO] console - SQL: SELECT * FROM qy_pet_1000 WHERE roleid = 157853 and state = 1 limit 20
[2020-06-14 14:58:42.878] [INFO] console - 玩家[依远飞(157853)], 任务刷新 于2020-06-14 14:58:42 
[2020-06-14 14:58:42.879] [INFO] console - SQL: UPDATE qy_role SET lastonline = FROM_UNIXTIME(1592117899) WHERE roleid =157853;
[2020-06-14 14:58:42.991] [INFO] console - SQL: INSERT INTO qy_equip_1000(EquipID, EquipType, BaseAttr, Grade, EIndex, Shuxingxuqiu, Type, GemCnt, LianhuaAttr, RoleID, create_time, pos) VALUES(71, 0, '{"16":"25","34":"1000"}', 1, 1, '{}', 13111101, 0, '{}', 157853, NOW(), 3);
[2020-06-14 14:58:42.999] [INFO] console - SQL: INSERT INTO qy_equip_1000(EquipID, EquipType, BaseAttr, Grade, EIndex, Shuxingxuqiu, Type, GemCnt, LianhuaAttr, RoleID, create_time, pos) VALUES(72, 0, '{"13":"10","31":"1400","33":"1400"}', 1, 2, '{}', 13120101, 0, '{}', 157853, NOW(), 3);
[2020-06-14 14:58:43.003] [INFO] console - SQL: INSERT INTO qy_equip_1000(EquipID, EquipType, BaseAttr, Grade, EIndex, Shuxingxuqiu, Type, GemCnt, LianhuaAttr, RoleID, create_time, pos) VALUES(73, 0, '{"13":"100","16":"5"}', 1, 3, '{}', 13131101, 0, '{}', 157853, NOW(), 3);
[2020-06-14 14:58:43.017] [INFO] console - SQL: INSERT INTO qy_equip_1000(EquipID, EquipType, BaseAttr, Grade, EIndex, Shuxingxuqiu, Type, GemCnt, LianhuaAttr, RoleID, create_time, pos) VALUES(74, 0, '{"13":"100","16":"5"}', 1, 4, '{}', 13141101, 0, '{}', 157853, NOW(), 3);
[2020-06-14 14:58:43.023] [INFO] console - SQL: INSERT INTO qy_equip_1000(EquipID, EquipType, BaseAttr, Grade, EIndex, Shuxingxuqiu, Type, GemCnt, LianhuaAttr, RoleID, create_time, pos) VALUES(75, 0, '{"13":"100","35":"10"}', 1, 5, '{}', 13150101, 0, '{}', 157853, NOW(), 3);
[2020-06-14 14:58:53.584] [INFO] console - SQL: INSERT INTO qy_pet_1000(petid, name, resid, dataid, grade, roleid, rate, hp, mp, atk, spd, wuxing, create_time) VALUES(6, '小熊', 5011, 1005, 0, 157853, 10986, 32, 0, 82, 0, '{}', NOW());
[2020-06-14 14:58:53.597] [INFO] console - SQL: UPDATE qy_role SET getpet = 1 WHERE roleid =157853
[2020-06-14 14:58:53.598] [INFO] console - 玩家[依远飞157853]获得宠物[小熊(6)] 
[2020-06-14 14:59:30.386] [INFO] console - agent[1002] socket, close
