[2020-06-14 00:00:46.565] [INFO] console - 玩家[露烨痴天(157846)], 任务刷新 于2020-06-14 00:00:46 
[2020-06-14 00:00:46.567] [INFO] console - 玩家[嵩觅痴(157847)], 任务刷新 于2020-06-14 00:00:46 
[2020-06-14 00:00:46.568] [INFO] console - 玩家[天程晋(157848)], 任务刷新 于2020-06-14 00:00:46 
[2020-06-14 00:02:37.979] [INFO] console - 玩家[嵩觅痴(157847)], 任务刷新 于2020-06-14 00:02:37 
[2020-06-14 00:02:37.984] [INFO] console - SQL: UPDATE qy_role SET lastonline = FROM_UNIXTIME(1592064072) WHERE roleid =157847;
[2020-06-14 00:05:55.829] [INFO] console - agent[1045] socket, close
[2020-06-14 00:06:25.612] [INFO] console - 玩家[露烨痴天(157846)], 任务刷新 于2020-06-14 00:06:25 
[2020-06-14 00:06:25.613] [INFO] console - SQL: UPDATE qy_role SET lastonline = FROM_UNIXTIME(1592064297) WHERE roleid =157846;
[2020-06-14 00:06:32.275] [INFO] console - agent[1046] socket, close
[2020-06-14 00:07:17.639] [INFO] console - SQL: UPDATE qy_role SET lastonline = FROM_UNIXTIME(1592064348) WHERE roleid =157847;
[2020-06-14 00:08:03.982] [INFO] console - agent[1047] socket, close
[2020-06-14 00:08:29.650] [INFO] console - agent[1047] socket, close
[2020-06-14 00:08:29.653] [INFO] console - agent[1048] socket, close
[2020-06-14 00:09:03.790] [INFO] console - SQL: UPDATE qy_role SET lastonline = FROM_UNIXTIME(1592064453) WHERE roleid =157847;
[2020-06-14 00:11:03.472] [INFO] console - agent[1049] socket, close
[2020-06-14 00:12:07.111] [INFO] console - SQL: UPDATE qy_role SET lastonline = FROM_UNIXTIME(1592064634) WHERE roleid =157847;
[2020-06-14 00:12:36.839] [INFO] console - agent[1050] socket, close
[2020-06-14 00:14:26.586] [INFO] console - agent[1051] socket, close
[2020-06-14 00:15:06.698] [INFO] console - agent[1052] socket, close
[2020-06-14 00:18:05.430] [INFO] console - agent[1053] socket, close
[2020-06-14 00:20:46.072] [INFO] console - SQL: UPDATE qy_role SET lastonline = FROM_UNIXTIME(1592065146) WHERE roleid =157846;
[2020-06-14 00:20:50.456] [INFO] console - agent[1055] socket, close
[2020-06-14 00:21:08.153] [INFO] console - agent[1054] socket, close
[2020-06-14 00:21:08.155] [INFO] console - agent[1053] socket, close
[2020-06-14 00:21:08.157] [INFO] console - agent[1052] socket, close
[2020-06-14 00:21:08.160] [INFO] console - agent[1051] socket, close
[2020-06-14 00:21:08.162] [INFO] console - agent[1050] socket, close
[2020-06-14 00:21:43.643] [INFO] console - SQL: UPDATE qy_role SET lastonline = FROM_UNIXTIME(1592065203) WHERE roleid =157847;
[2020-06-14 00:22:04.221] [INFO] console - SQL: UPDATE qy_role SET mountid=0 WHERE roleid=157847;
