[2020-06-14 09:02:12.396] [INFO] console - 命令行模块启动完毕
[2020-06-14 09:02:12.873] [INFO] console - HTTP模块启动完毕，开始监听127.0.0.1:8811
[2020-06-14 09:02:12.874] [INFO] console - 监控系统启动完毕，监听8812端口
[2020-06-14 09:02:12.875] [INFO] console - 启动游戏模块...
[2020-06-14 09:02:12.875] [INFO] console - SQL: select text, type from qy_notice where serverid = 1000 or serverid = 0 order by time desc limit 30;
[2020-06-14 09:02:12.876] [INFO] console - 通知模块初始化完毕!
[2020-06-14 09:02:12.911] [INFO] console - 地图模块加载完毕!
[2020-06-14 09:02:12.917] [INFO] console - 任务配置模块加载完毕!
[2020-06-14 09:02:12.930] [INFO] console - 世界模块加载完毕！
[2020-06-14 09:02:12.937] [INFO] console - Npc配置模块加载完毕！
[2020-06-14 09:02:12.954] [INFO] console - Npc模块加载完毕！
[2020-06-14 09:02:12.958] [INFO] console - 角色属性模块加载完毕！
[2020-06-14 09:02:12.961] [INFO] console - 物品模块加载完毕！
[2020-06-14 09:02:12.963] [INFO] console - 经验模块加载完毕！
[2020-06-14 09:02:12.978] [INFO] console - 技能模块加载完毕！
[2020-06-14 09:02:12.982] [INFO] console - 技能效果模块加载完毕！
[2020-06-14 09:02:13.085] [INFO] console - SQL: SELECT MAX(EquipID) AS equipid FROM qy_equip_1000;
[2020-06-14 09:02:13.087] [INFO] console - SQL: SELECT * FROM qy_bang WHERE state = 1 and serverid = 1000;
[2020-06-14 09:02:13.095] [INFO] console - SQL: SELECT MAX(bangid) AS bangId FROM qy_bang WHERE serverid = 1000;
[2020-06-14 09:02:13.111] [INFO] console - 怪物模块加载完毕！
[2020-06-14 09:02:13.113] [INFO] console - 商城模块加载完毕!
[2020-06-14 09:02:13.115] [INFO] console - 甄不亏模块加载完毕!
[2020-06-14 09:02:13.115] [INFO] console - SQL: select * from shop_goods
[2020-06-14 09:02:13.116] [INFO] console - 摆摊模块加载完毕!
[2020-06-14 09:02:13.116] [INFO] console - SQL: select roleid, name, relive, level, money, shuilu from qy_role where serverid =  1000
[2020-06-14 09:02:13.117] [INFO] console - 排行榜模块加载完毕!
[2020-06-14 09:02:13.120] [INFO] console - SQL: SELECT MAX(petid) AS petid FROM qy_pet_1000;
[2020-06-14 09:02:13.126] [INFO] console - SQL: SELECT roleid, sum(realmoney) AS rmb FROM charge_record WHERE status = 1 GROUP BY roleid;
[2020-06-14 09:02:13.290] [INFO] console - 伙伴管理模块加载完毕！
[2020-06-14 09:02:13.292] [INFO] console - SQL: SELECT * FROM qy_role
[2020-06-14 09:02:13.293] [INFO] console - 活动模块加载完毕!
[2020-06-14 09:02:13.301] [INFO] console - 彩票模块加载完毕!
[2020-06-14 09:02:13.302] [INFO] console - SQL: select * from qy_relation where status = 0
[2020-06-14 09:02:13.305] [INFO] console - SQL: select max(relationId) as relationId from qy_relation;
[2020-06-14 09:02:13.306] [INFO] console - 关系模块加载完毕
[2020-06-14 09:02:13.396] [INFO] console - 装备模块加载完毕！
[2020-06-14 09:02:13.402] [INFO] console - 帮派模块加载完毕!
[2020-06-14 09:02:13.407] [INFO] console - 帮派id种子为110614000
[2020-06-14 09:02:13.410] [INFO] console - 排行榜模块加载完毕！
[2020-06-14 09:02:13.466] [INFO] console - 充值模块加载完毕！
[2020-06-14 09:02:13.470] [INFO] console - 宠物管理模块加载完毕！
[2020-06-14 09:02:13.472] [INFO] console - 8810 8810
[2020-06-14 09:02:13.477] [INFO] console - 网关代理模块启动完毕，正在监听127.0.0.1:8810
[2020-06-14 09:02:13.478] [INFO] console - 向网关服务器发起HTTP请求: /S_Register {
  id: 1000,
  name: '测试区',
  ip: '127.0.0.1',
  fake: '127.0.0.1',
  port: 8810,
  http_port: 8811
} [Function (anonymous)]
[2020-06-14 09:02:13.481] [INFO] console - 游戏服务器启动完毕，等待命令
[2020-06-14 09:02:13.494] [INFO] console - 游戏服[测试区(1000)], 已经连接
[2020-06-14 09:04:41.176] [INFO] console - do login....
[2020-06-14 09:04:44.177] [INFO] console - SQL: SELECT qy_account.safecode, qy_role.* FROM qy_account, qy_role WHERE qy_role.roleid = 157847 and qy_account.accountid = qy_role.accountid;
[2020-06-14 09:04:44.212] [INFO] console - SQL: SELECT * FROM qy_equip_1000 WHERE RoleID = 157847 AND state != 0;
[2020-06-14 09:04:44.244] [INFO] console - SQL: SELECT * FROM dhxy_mount WHERE roleid=157847;
[2020-06-14 09:04:44.273] [INFO] console - 玩家[嵩觅痴157847]等级改变，当前1级
[2020-06-14 09:04:44.278] [INFO] console - SQL: SELECT * FROM qy_pet_1000 WHERE roleid = 157847 and state = 1 limit 20
[2020-06-14 09:04:46.438] [INFO] console - do login....
[2020-06-14 09:04:49.099] [INFO] console - SQL: UPDATE qy_role SET lastonline = FROM_UNIXTIME(1592096687) WHERE roleid =157847;
[2020-06-14 09:04:49.443] [INFO] console - SQL: SELECT qy_account.safecode, qy_role.* FROM qy_account, qy_role WHERE qy_role.roleid = 157848 and qy_account.accountid = qy_role.accountid;
[2020-06-14 09:04:49.473] [INFO] console - SQL: SELECT * FROM qy_equip_1000 WHERE RoleID = 157848 AND state != 0;
[2020-06-14 09:04:49.498] [INFO] console - SQL: SELECT * FROM dhxy_mount WHERE roleid=157848;
[2020-06-14 09:04:49.521] [INFO] console - 玩家[天程晋157848]等级改变，当前1级
[2020-06-14 09:04:49.523] [INFO] console - SQL: SELECT * FROM qy_pet_1000 WHERE roleid = 157848 and state = 1 limit 20
[2020-06-14 09:04:51.784] [INFO] console - SQL: UPDATE qy_role SET lastonline = FROM_UNIXTIME(1592096690) WHERE roleid =157848;
[2020-06-14 09:05:18.224] [INFO] console - SQL: SELECT mountid from dhxy_mount WHERE roleid = 157848 AND mountid=14;
[2020-06-14 09:05:25.575] [INFO] console - SQL: UPDATE qy_role SET mountid=14 WHERE roleid=157848;
[2020-06-14 09:06:25.069] [INFO] console - SQL: SELECT mountid from dhxy_mount WHERE roleid = 157848 AND mountid=15;
[2020-06-14 09:06:26.669] [INFO] console - SQL: UPDATE qy_role SET mountid=15 WHERE roleid=157848;
[2020-06-14 09:08:08.875] [INFO] console - agent[1001] socket, close
[2020-06-14 09:08:09.785] [INFO] console - SQL: UPDATE qy_role SET lastonline = FROM_UNIXTIME(1592096769) WHERE roleid =157848;
[2020-06-14 09:08:24.964] [INFO] console - SQL: SELECT mountid from dhxy_mount WHERE roleid = 157848 AND mountid=16;
[2020-06-14 09:08:38.014] [INFO] console - SQL: UPDATE qy_role SET mountid=16 WHERE roleid=157848;
[2020-06-14 09:10:53.151] [INFO] console - 命令行模块启动完毕
[2020-06-14 09:10:53.563] [INFO] console - HTTP模块启动完毕，开始监听127.0.0.1:8811
[2020-06-14 09:10:53.565] [INFO] console - 监控系统启动完毕，监听8812端口
[2020-06-14 09:10:53.566] [INFO] console - 启动游戏模块...
[2020-06-14 09:10:53.567] [INFO] console - SQL: select text, type from qy_notice where serverid = 1000 or serverid = 0 order by time desc limit 30;
[2020-06-14 09:10:53.568] [INFO] console - 通知模块初始化完毕!
[2020-06-14 09:10:53.604] [INFO] console - 地图模块加载完毕!
[2020-06-14 09:10:53.609] [INFO] console - 任务配置模块加载完毕!
[2020-06-14 09:10:53.615] [INFO] console - 世界模块加载完毕！
[2020-06-14 09:10:53.619] [INFO] console - Npc配置模块加载完毕！
[2020-06-14 09:10:53.625] [INFO] console - Npc模块加载完毕！
[2020-06-14 09:10:53.628] [INFO] console - 角色属性模块加载完毕！
[2020-06-14 09:10:53.631] [INFO] console - 物品模块加载完毕！
[2020-06-14 09:10:53.633] [INFO] console - 经验模块加载完毕！
[2020-06-14 09:10:53.635] [INFO] console - 技能模块加载完毕！
[2020-06-14 09:10:53.636] [INFO] console - 技能效果模块加载完毕！
[2020-06-14 09:10:53.675] [INFO] console - SQL: SELECT MAX(EquipID) AS equipid FROM qy_equip_1000;
[2020-06-14 09:10:53.675] [INFO] console - SQL: SELECT * FROM qy_bang WHERE state = 1 and serverid = 1000;
[2020-06-14 09:10:53.676] [INFO] console - SQL: SELECT MAX(bangid) AS bangId FROM qy_bang WHERE serverid = 1000;
[2020-06-14 09:10:53.683] [INFO] console - 怪物模块加载完毕！
[2020-06-14 09:10:53.685] [INFO] console - 商城模块加载完毕!
[2020-06-14 09:10:53.686] [INFO] console - 甄不亏模块加载完毕!
[2020-06-14 09:10:53.687] [INFO] console - SQL: select * from shop_goods
[2020-06-14 09:10:53.687] [INFO] console - 摆摊模块加载完毕!
[2020-06-14 09:10:53.687] [INFO] console - SQL: select roleid, name, relive, level, money, shuilu from qy_role where serverid =  1000
[2020-06-14 09:10:53.688] [INFO] console - 排行榜模块加载完毕!
[2020-06-14 09:10:53.690] [INFO] console - SQL: SELECT MAX(petid) AS petid FROM qy_pet_1000;
[2020-06-14 09:10:53.691] [INFO] console - SQL: SELECT roleid, sum(realmoney) AS rmb FROM charge_record WHERE status = 1 GROUP BY roleid;
[2020-06-14 09:10:53.771] [INFO] console - 伙伴管理模块加载完毕！
[2020-06-14 09:10:53.771] [INFO] console - SQL: SELECT * FROM qy_role
[2020-06-14 09:10:53.772] [INFO] console - 活动模块加载完毕!
[2020-06-14 09:10:53.773] [INFO] console - 彩票模块加载完毕!
[2020-06-14 09:10:53.774] [INFO] console - SQL: select * from qy_relation where status = 0
[2020-06-14 09:10:53.774] [INFO] console - SQL: select max(relationId) as relationId from qy_relation;
[2020-06-14 09:10:53.775] [INFO] console - 关系模块加载完毕
[2020-06-14 09:10:53.929] [INFO] console - 装备模块加载完毕！
[2020-06-14 09:10:53.933] [INFO] console - 帮派模块加载完毕!
[2020-06-14 09:10:53.936] [INFO] console - 帮派id种子为110614000
[2020-06-14 09:10:53.945] [INFO] console - 排行榜模块加载完毕！
[2020-06-14 09:10:53.996] [INFO] console - 充值模块加载完毕！
[2020-06-14 09:10:53.998] [INFO] console - 宠物管理模块加载完毕！
[2020-06-14 09:10:53.999] [INFO] console - 8810 8810
[2020-06-14 09:10:54.004] [INFO] console - 网关代理模块启动完毕，正在监听127.0.0.1:8810
[2020-06-14 09:10:54.008] [INFO] console - 向网关服务器发起HTTP请求: /S_Register {
  id: 1000,
  name: '测试区',
  ip: '127.0.0.1',
  fake: '127.0.0.1',
  port: 8810,
  http_port: 8811
} [Function (anonymous)]
[2020-06-14 09:10:54.012] [INFO] console - 游戏服务器启动完毕，等待命令
[2020-06-14 09:10:54.023] [INFO] console - 游戏服[测试区(1000)], 已经连接
[2020-06-14 09:11:09.231] [INFO] console - do login....
[2020-06-14 09:11:12.234] [INFO] console - SQL: SELECT qy_account.safecode, qy_role.* FROM qy_account, qy_role WHERE qy_role.roleid = 157848 and qy_account.accountid = qy_role.accountid;
[2020-06-14 09:11:12.269] [INFO] console - SQL: SELECT * FROM qy_equip_1000 WHERE RoleID = 157848 AND state != 0;
[2020-06-14 09:11:12.300] [INFO] console - SQL: SELECT * FROM dhxy_mount WHERE roleid=157848;
[2020-06-14 09:11:12.328] [INFO] console - 玩家[天程晋157848]等级改变，当前1级
[2020-06-14 09:11:12.331] [INFO] console - SQL: SELECT * FROM qy_pet_1000 WHERE roleid = 157848 and state = 1 limit 20
[2020-06-14 09:11:13.157] [INFO] console - SQL: UPDATE qy_role SET lastonline = FROM_UNIXTIME(1592097073) WHERE roleid =157848;
[2020-06-14 09:11:27.870] [INFO] console - SQL: SELECT mountid from dhxy_mount WHERE roleid = 157848 AND mountid=15;
[2020-06-14 09:11:33.420] [INFO] console - SQL: UPDATE qy_role SET mountid=15 WHERE roleid=157848;
[2020-06-14 09:15:51.514] [INFO] console - agent[1000] socket, close
[2020-06-14 09:16:42.472] [INFO] console - do login....
[2020-06-14 09:16:45.477] [INFO] console - SQL: SELECT qy_account.safecode, qy_role.* FROM qy_account, qy_role WHERE qy_role.roleid = 157847 and qy_account.accountid = qy_role.accountid;
[2020-06-14 09:16:45.507] [INFO] console - SQL: SELECT * FROM qy_equip_1000 WHERE RoleID = 157847 AND state != 0;
[2020-06-14 09:16:45.527] [INFO] console - SQL: SELECT * FROM dhxy_mount WHERE roleid=157847;
[2020-06-14 09:16:45.551] [INFO] console - 玩家[嵩觅痴157847]等级改变，当前1级
[2020-06-14 09:16:45.553] [INFO] console - SQL: SELECT * FROM qy_pet_1000 WHERE roleid = 157847 and state = 1 limit 20
[2020-06-14 09:16:50.271] [INFO] console - SQL: UPDATE qy_role SET lastonline = FROM_UNIXTIME(1592097387) WHERE roleid =157847;
[2020-06-14 09:17:00.438] [INFO] console - SQL: UPDATE qy_role SET lastonline = FROM_UNIXTIME(1592097397) WHERE roleid =157848;
[2020-06-14 09:17:13.033] [INFO] console - SQL: SELECT mountid from dhxy_mount WHERE roleid = 157848 AND mountid=16;
[2020-06-14 09:17:13.065] [INFO] console - SQL: UPDATE qy_role SET mountid=16 WHERE roleid=157848;
[2020-06-14 09:17:52.154] [INFO] console - agent[1001] socket, close
[2020-06-14 09:17:57.032] [INFO] console - SQL: SELECT mountid from dhxy_mount WHERE roleid = 157848 AND mountid=15;
[2020-06-14 09:17:57.062] [INFO] console - SQL: UPDATE qy_role SET mountid=15 WHERE roleid=157848;
