[2020-06-14 08:12:40.842] [INFO] console - 命令行模块启动完毕
[2020-06-14 08:12:41.199] [INFO] console - HTTP模块启动完毕，开始监听127.0.0.1:8811
[2020-06-14 08:12:41.200] [INFO] console - 监控系统启动完毕，监听8812端口
[2020-06-14 08:12:41.201] [INFO] console - 启动游戏模块...
[2020-06-14 08:12:41.202] [INFO] console - SQL: select text, type from qy_notice where serverid = 1000 or serverid = 0 order by time desc limit 30;
[2020-06-14 08:12:41.202] [INFO] console - 通知模块初始化完毕!
[2020-06-14 08:12:41.236] [INFO] console - 地图模块加载完毕!
[2020-06-14 08:12:41.240] [INFO] console - 任务配置模块加载完毕!
[2020-06-14 08:12:41.245] [INFO] console - 世界模块加载完毕！
[2020-06-14 08:12:41.249] [INFO] console - Npc配置模块加载完毕！
[2020-06-14 08:12:41.256] [INFO] console - Npc模块加载完毕！
[2020-06-14 08:12:41.258] [INFO] console - 角色属性模块加载完毕！
[2020-06-14 08:12:41.261] [INFO] console - 物品模块加载完毕！
[2020-06-14 08:12:41.262] [INFO] console - 经验模块加载完毕！
[2020-06-14 08:12:41.264] [INFO] console - 技能模块加载完毕！
[2020-06-14 08:12:41.265] [INFO] console - 技能效果模块加载完毕！
[2020-06-14 08:12:41.298] [INFO] console - SQL: SELECT MAX(EquipID) AS equipid FROM qy_equip_1000;
[2020-06-14 08:12:41.299] [INFO] console - SQL: SELECT * FROM qy_bang WHERE state = 1 and serverid = 1000;
[2020-06-14 08:12:41.300] [INFO] console - SQL: SELECT MAX(bangid) AS bangId FROM qy_bang WHERE serverid = 1000;
[2020-06-14 08:12:41.307] [INFO] console - 怪物模块加载完毕！
[2020-06-14 08:12:41.309] [INFO] console - 商城模块加载完毕!
[2020-06-14 08:12:41.310] [INFO] console - 甄不亏模块加载完毕!
[2020-06-14 08:12:41.311] [INFO] console - SQL: select * from shop_goods
[2020-06-14 08:12:41.311] [INFO] console - 摆摊模块加载完毕!
[2020-06-14 08:12:41.312] [INFO] console - SQL: select roleid, name, relive, level, money, shuilu from qy_role where serverid =  1000
[2020-06-14 08:12:41.312] [INFO] console - 排行榜模块加载完毕!
[2020-06-14 08:12:41.315] [INFO] console - SQL: SELECT MAX(petid) AS petid FROM qy_pet_1000;
[2020-06-14 08:12:41.315] [INFO] console - SQL: SELECT roleid, sum(realmoney) AS rmb FROM charge_record WHERE status = 1 GROUP BY roleid;
[2020-06-14 08:12:41.390] [INFO] console - 伙伴管理模块加载完毕！
[2020-06-14 08:12:41.391] [INFO] console - SQL: SELECT * FROM qy_role
[2020-06-14 08:12:41.391] [INFO] console - 活动模块加载完毕!
[2020-06-14 08:12:41.392] [INFO] console - 彩票模块加载完毕!
[2020-06-14 08:12:41.393] [INFO] console - SQL: select * from qy_relation where status = 0
[2020-06-14 08:12:41.393] [INFO] console - SQL: select max(relationId) as relationId from qy_relation;
[2020-06-14 08:12:41.393] [INFO] console - 关系模块加载完毕
[2020-06-14 08:12:41.444] [INFO] console - 帮派模块加载完毕!
[2020-06-14 08:12:41.448] [INFO] console - 帮派id种子为110614000
[2020-06-14 08:12:41.450] [INFO] console - 排行榜模块加载完毕！
[2020-06-14 08:12:41.468] [INFO] console - 装备模块加载完毕！
[2020-06-14 08:12:41.495] [INFO] console - 宠物管理模块加载完毕！
[2020-06-14 08:12:41.498] [INFO] console - 充值模块加载完毕！
[2020-06-14 08:12:41.500] [INFO] console - 8810 8810
[2020-06-14 08:12:41.511] [INFO] console - 网关代理模块启动完毕，正在监听127.0.0.1:8810
[2020-06-14 08:12:41.512] [INFO] console - 向网关服务器发起HTTP请求: /S_Register {
  id: 1000,
  name: '测试区',
  ip: '127.0.0.1',
  fake: '127.0.0.1',
  port: 8810,
  http_port: 8811
} [Function (anonymous)]
[2020-06-14 08:12:41.515] [INFO] console - 游戏服务器启动完毕，等待命令
[2020-06-14 08:12:41.526] [INFO] console - 游戏服[测试区(1000)], 已经连接
[2020-06-14 08:14:03.611] [INFO] console - do login....
[2020-06-14 08:14:06.614] [INFO] console - SQL: SELECT qy_account.safecode, qy_role.* FROM qy_account, qy_role WHERE qy_role.roleid = 157847 and qy_account.accountid = qy_role.accountid;
[2020-06-14 08:14:06.652] [INFO] console - SQL: SELECT * FROM qy_equip_1000 WHERE RoleID = 157847 AND state != 0;
[2020-06-14 08:14:06.676] [INFO] console - SQL: SELECT * FROM dhxy_mount WHERE roleid=157847;
[2020-06-14 08:14:06.705] [INFO] console - 玩家[嵩觅痴157847]等级改变，当前1级
[2020-06-14 08:14:06.709] [INFO] console - SQL: SELECT * FROM qy_pet_1000 WHERE roleid = 157847 and state = 1 limit 20
[2020-06-14 08:14:16.051] [INFO] console - SQL: UPDATE qy_role SET lastonline = FROM_UNIXTIME(1592093655) WHERE roleid =157847;
[2020-06-14 08:15:08.626] [INFO] console - do login....
[2020-06-14 08:15:11.633] [INFO] console - SQL: SELECT qy_account.safecode, qy_role.* FROM qy_account, qy_role WHERE qy_role.roleid = 157848 and qy_account.accountid = qy_role.accountid;
[2020-06-14 08:15:11.663] [INFO] console - SQL: SELECT * FROM qy_equip_1000 WHERE RoleID = 157848 AND state != 0;
[2020-06-14 08:15:11.691] [INFO] console - SQL: SELECT * FROM dhxy_mount WHERE roleid=157848;
[2020-06-14 08:15:11.714] [INFO] console - 玩家[天程晋157848]等级改变，当前1级
[2020-06-14 08:15:11.718] [INFO] console - SQL: SELECT * FROM qy_pet_1000 WHERE roleid = 157848 and state = 1 limit 20
[2020-06-14 08:15:14.885] [INFO] console - 玩家[天程晋(157848)], 任务刷新 于2020-06-14 08:15:14 
[2020-06-14 08:15:14.887] [INFO] console - SQL: UPDATE qy_role SET lastonline = FROM_UNIXTIME(1592093713) WHERE roleid =157848;
[2020-06-14 08:15:43.331] [INFO] console - agent[1001] socket, close
[2020-06-14 08:16:37.490] [INFO] console - SQL: UPDATE qy_role SET lastonline = FROM_UNIXTIME(1592093779) WHERE roleid =157848;
[2020-06-14 08:17:06.565] [INFO] console - SQL: SELECT mountid from dhxy_mount WHERE roleid = 157847 AND resid=10;
[2020-06-14 08:17:25.666] [INFO] console - SQL: SELECT mountid from dhxy_mount WHERE roleid = 157848 AND resid=14;
[2020-06-14 08:18:54.503] [INFO] console - SQL: SELECT mountid from dhxy_mount WHERE roleid = 157848 AND resid=15;
[2020-06-14 08:19:24.854] [INFO] console - SQL: SELECT mountid from dhxy_mount WHERE roleid = 157848 AND resid=16;
[2020-06-14 08:20:06.535] [INFO] console - agent[1003] socket, close
[2020-06-14 08:20:06.540] [INFO] console - agent[1000] socket, close
[2020-06-14 08:20:11.379] [INFO] console - SQL: UPDATE qy_role SET lastonline = FROM_UNIXTIME(1592093933) WHERE roleid =157847;
[2020-06-14 08:23:47.217] [INFO] console - 命令行模块启动完毕
[2020-06-14 08:23:47.606] [INFO] console - HTTP模块启动完毕，开始监听127.0.0.1:8811
[2020-06-14 08:23:47.607] [INFO] console - 监控系统启动完毕，监听8812端口
[2020-06-14 08:23:47.608] [INFO] console - 启动游戏模块...
[2020-06-14 08:23:47.608] [INFO] console - SQL: select text, type from qy_notice where serverid = 1000 or serverid = 0 order by time desc limit 30;
[2020-06-14 08:23:47.609] [INFO] console - 通知模块初始化完毕!
[2020-06-14 08:23:47.663] [INFO] console - 地图模块加载完毕!
[2020-06-14 08:23:47.674] [INFO] console - 任务配置模块加载完毕!
[2020-06-14 08:23:47.683] [INFO] console - 世界模块加载完毕！
[2020-06-14 08:23:47.688] [INFO] console - Npc配置模块加载完毕！
[2020-06-14 08:23:47.700] [INFO] console - Npc模块加载完毕！
[2020-06-14 08:23:47.704] [INFO] console - 角色属性模块加载完毕！
[2020-06-14 08:23:47.709] [INFO] console - 物品模块加载完毕！
[2020-06-14 08:23:47.710] [INFO] console - 经验模块加载完毕！
[2020-06-14 08:23:47.716] [INFO] console - 技能模块加载完毕！
[2020-06-14 08:23:47.718] [INFO] console - 技能效果模块加载完毕！
[2020-06-14 08:23:47.761] [INFO] console - SQL: SELECT MAX(EquipID) AS equipid FROM qy_equip_1000;
[2020-06-14 08:23:47.762] [INFO] console - SQL: SELECT * FROM qy_bang WHERE state = 1 and serverid = 1000;
[2020-06-14 08:23:47.762] [INFO] console - SQL: SELECT MAX(bangid) AS bangId FROM qy_bang WHERE serverid = 1000;
[2020-06-14 08:23:47.769] [INFO] console - 怪物模块加载完毕！
[2020-06-14 08:23:47.771] [INFO] console - 商城模块加载完毕!
[2020-06-14 08:23:47.772] [INFO] console - 甄不亏模块加载完毕!
[2020-06-14 08:23:47.772] [INFO] console - SQL: select * from shop_goods
[2020-06-14 08:23:47.773] [INFO] console - 摆摊模块加载完毕!
[2020-06-14 08:23:47.773] [INFO] console - SQL: select roleid, name, relive, level, money, shuilu from qy_role where serverid =  1000
[2020-06-14 08:23:47.774] [INFO] console - 排行榜模块加载完毕!
[2020-06-14 08:23:47.777] [INFO] console - SQL: SELECT MAX(petid) AS petid FROM qy_pet_1000;
[2020-06-14 08:23:47.777] [INFO] console - SQL: SELECT roleid, sum(realmoney) AS rmb FROM charge_record WHERE status = 1 GROUP BY roleid;
[2020-06-14 08:23:47.855] [INFO] console - 伙伴管理模块加载完毕！
[2020-06-14 08:23:47.856] [INFO] console - SQL: SELECT * FROM qy_role
[2020-06-14 08:23:47.857] [INFO] console - 活动模块加载完毕!
[2020-06-14 08:23:47.859] [INFO] console - 彩票模块加载完毕!
[2020-06-14 08:23:47.859] [INFO] console - SQL: select * from qy_relation where status = 0
[2020-06-14 08:23:47.860] [INFO] console - SQL: select max(relationId) as relationId from qy_relation;
[2020-06-14 08:23:47.860] [INFO] console - 关系模块加载完毕
[2020-06-14 08:23:48.053] [INFO] console - 装备模块加载完毕！
[2020-06-14 08:23:48.058] [INFO] console - 帮派模块加载完毕!
[2020-06-14 08:23:48.060] [INFO] console - 排行榜模块加载完毕！
[2020-06-14 08:23:48.062] [INFO] console - 帮派id种子为110614000
[2020-06-14 08:23:48.096] [INFO] console - 充值模块加载完毕！
[2020-06-14 08:23:48.098] [INFO] console - 宠物管理模块加载完毕！
[2020-06-14 08:23:48.099] [INFO] console - 8810 8810
[2020-06-14 08:23:48.104] [INFO] console - 网关代理模块启动完毕，正在监听127.0.0.1:8810
[2020-06-14 08:23:48.105] [INFO] console - 向网关服务器发起HTTP请求: /S_Register {
  id: 1000,
  name: '测试区',
  ip: '127.0.0.1',
  fake: '127.0.0.1',
  port: 8810,
  http_port: 8811
} [Function (anonymous)]
[2020-06-14 08:23:48.107] [INFO] console - 游戏服务器启动完毕，等待命令
[2020-06-14 08:23:48.115] [INFO] console - 游戏服[测试区(1000)], 已经连接
[2020-06-14 08:24:14.448] [INFO] console - do login....
[2020-06-14 08:24:17.455] [INFO] console - SQL: SELECT qy_account.safecode, qy_role.* FROM qy_account, qy_role WHERE qy_role.roleid = 157848 and qy_account.accountid = qy_role.accountid;
[2020-06-14 08:24:17.479] [INFO] console - SQL: SELECT * FROM qy_equip_1000 WHERE RoleID = 157848 AND state != 0;
[2020-06-14 08:24:17.502] [INFO] console - SQL: SELECT * FROM dhxy_mount WHERE roleid=157848;
[2020-06-14 08:24:17.524] [INFO] console - 玩家[天程晋157848]等级改变，当前1级
[2020-06-14 08:24:17.528] [INFO] console - SQL: SELECT * FROM qy_pet_1000 WHERE roleid = 157848 and state = 1 limit 20
[2020-06-14 08:24:19.125] [INFO] console - SQL: UPDATE qy_role SET lastonline = FROM_UNIXTIME(1592094259) WHERE roleid =157848;
[2020-06-14 08:25:53.374] [INFO] console - do login....
[2020-06-14 08:25:56.379] [INFO] console - SQL: SELECT qy_account.safecode, qy_role.* FROM qy_account, qy_role WHERE qy_role.roleid = 157847 and qy_account.accountid = qy_role.accountid;
[2020-06-14 08:25:56.409] [INFO] console - SQL: SELECT * FROM qy_equip_1000 WHERE RoleID = 157847 AND state != 0;
[2020-06-14 08:25:56.432] [INFO] console - SQL: SELECT * FROM dhxy_mount WHERE roleid=157847;
[2020-06-14 08:25:56.458] [INFO] console - 玩家[嵩觅痴157847]等级改变，当前1级
[2020-06-14 08:25:56.460] [INFO] console - SQL: SELECT * FROM qy_pet_1000 WHERE roleid = 157847 and state = 1 limit 20
[2020-06-14 08:26:00.690] [INFO] console - SQL: UPDATE qy_role SET lastonline = FROM_UNIXTIME(1592094355) WHERE roleid =157847;
[2020-06-14 08:26:15.421] [INFO] console - SQL: SELECT mountid from dhxy_mount WHERE roleid = 157848 AND resid=14;
[2020-06-14 08:34:33.208] [INFO] console - agent[1000] socket, close
[2020-06-14 08:34:40.973] [INFO] console - agent[1001] socket, close
[2020-06-14 08:35:19.140] [INFO] console - SQL: UPDATE qy_role SET lastonline = FROM_UNIXTIME(1592094906) WHERE roleid =157848;
[2020-06-14 08:35:29.251] [INFO] console - SQL: UPDATE qy_role SET lastonline = FROM_UNIXTIME(1592094916) WHERE roleid =157847;
[2020-06-14 08:35:37.870] [INFO] console - SQL: SELECT mountid from dhxy_mount WHERE roleid = 157848 AND resid=15;
[2020-06-14 08:36:22.521] [INFO] console - SQL: SELECT mountid from dhxy_mount WHERE roleid = 157848 AND resid=16;
[2020-06-14 08:37:18.430] [INFO] console - SQL: SELECT mountid from dhxy_mount WHERE roleid = 157848 AND resid=17;
[2020-06-14 08:37:56.423] [INFO] console - SQL: SELECT mountid from dhxy_mount WHERE roleid = 157848 AND resid=15;
[2020-06-14 08:40:53.837] [INFO] console - agent[1003] socket, close
[2020-06-14 08:41:10.463] [INFO] console - agent[1002] socket, close
[2020-06-14 08:41:39.487] [INFO] console - SQL: UPDATE qy_role SET lastonline = FROM_UNIXTIME(1592095248) WHERE roleid =157848;
[2020-06-14 08:41:47.166] [INFO] console - SQL: UPDATE qy_role SET lastonline = FROM_UNIXTIME(1592095256) WHERE roleid =157847;
[2020-06-14 08:41:55.894] [INFO] console - SQL: SELECT mountid from dhxy_mount WHERE roleid = 157848 AND resid=16;
[2020-06-14 08:42:24.197] [INFO] console - SQL: UPDATE qy_role SET mountid=0 WHERE roleid=157848;
[2020-06-14 08:43:32.633] [INFO] console - agent[1005] socket, close
[2020-06-14 08:46:11.836] [INFO] console - agent[1004] socket, close
[2020-06-14 08:46:49.269] [INFO] console - agent[1006] socket, close
[2020-06-14 08:46:49.424] [INFO] console - SQL: UPDATE qy_role SET lastonline = FROM_UNIXTIME(1592095549) WHERE roleid =157848;
[2020-06-14 08:46:54.905] [INFO] console - SQL: UPDATE qy_role SET lastonline = FROM_UNIXTIME(1592095554) WHERE roleid =157847;
[2020-06-14 08:47:01.641] [INFO] console - SQL: SELECT mountid from dhxy_mount WHERE roleid = 157848 AND resid=16;
[2020-06-14 08:47:08.624] [INFO] console - agent[1008] socket, close
[2020-06-14 08:47:37.872] [INFO] console - agent[1009] socket, close
[2020-06-14 08:47:54.650] [INFO] console - agent[1010] socket, close
[2020-06-14 08:48:03.639] [INFO] console - SQL: UPDATE qy_role SET mountid=0 WHERE roleid=157848;
[2020-06-14 08:48:14.191] [INFO] console - SQL: SELECT mountid from dhxy_mount WHERE roleid = 157848 AND resid=16;
[2020-06-14 08:48:35.040] [INFO] console - SQL: SELECT mountid from dhxy_mount WHERE roleid = 157848 AND resid=15;
[2020-06-14 08:49:29.992] [INFO] console - SQL: UPDATE qy_role SET mountid=0 WHERE roleid=157848;
[2020-06-14 08:50:15.150] [INFO] console - agent[1008] socket, close
[2020-06-14 08:50:15.153] [INFO] console - agent[1010] socket, close
[2020-06-14 08:50:15.155] [INFO] console - agent[1012] socket, close
[2020-06-14 08:50:45.012] [INFO] console - agent[1011] socket, close
[2020-06-14 08:50:45.014] [INFO] console - agent[1009] socket, close
[2020-06-14 08:50:45.017] [INFO] console - agent[1006] socket, close
[2020-06-14 08:50:45.020] [INFO] console - agent[1005] socket, close
[2020-06-14 08:50:51.688] [INFO] console - SQL: UPDATE qy_role SET lastonline = FROM_UNIXTIME(1592095768) WHERE roleid =157847;
[2020-06-14 08:50:55.403] [INFO] console - SQL: SELECT mountid from dhxy_mount WHERE roleid = 157848 AND resid=15;
[2020-06-14 08:53:26.699] [INFO] console - agent[1007] socket, close
[2020-06-14 08:54:08.077] [INFO] console - agent[1013] socket, close
[2020-06-14 08:54:28.132] [INFO] console - SQL: UPDATE qy_role SET lastonline = FROM_UNIXTIME(1592095982) WHERE roleid =157848;
[2020-06-14 08:54:47.468] [INFO] console - SQL: UPDATE qy_role SET lastonline = FROM_UNIXTIME(1592096001) WHERE roleid =157847;
[2020-06-14 08:54:56.001] [INFO] console - SQL: SELECT mountid from dhxy_mount WHERE roleid = 157848 AND resid=16;
[2020-06-14 08:55:16.929] [INFO] console - agent[1015] socket, close
[2020-06-14 08:55:28.556] [INFO] console - SQL: UPDATE qy_role SET mountid=0 WHERE roleid=157848;
[2020-06-14 08:57:23.468] [INFO] console - agent[1016] socket, close
[2020-06-14 08:58:35.160] [INFO] console - SQL: SELECT mountid from dhxy_mount WHERE roleid = 157847 AND resid=10;
[2020-06-14 08:59:29.384] [INFO] console - agent[1017] socket, close
[2020-06-14 08:59:31.133] [INFO] console - SQL: UPDATE qy_role SET lastonline = FROM_UNIXTIME(1592096235) WHERE roleid =157847;
