[2020-06-12 22:04:37.966] [INFO] console - 命令行模块启动完毕
[2020-06-12 22:04:38.316] [INFO] console - HTTP模块启动完毕，开始监听127.0.0.1:8811
[2020-06-12 22:04:38.317] [INFO] console - 监控系统启动完毕，监听8812端口
[2020-06-12 22:04:38.318] [INFO] console - 启动游戏模块...
[2020-06-12 22:04:38.318] [INFO] console - SQL: select text, type from qy_notice where serverid = 1000 or serverid = 0 order by time desc limit 30;
[2020-06-12 22:04:38.319] [INFO] console - 通知模块初始化完毕!
[2020-06-12 22:04:38.349] [INFO] console - 地图模块加载完毕!
[2020-06-12 22:04:38.355] [INFO] console - 任务配置模块加载完毕!
[2020-06-12 22:04:38.359] [INFO] console - 世界模块加载完毕！
[2020-06-12 22:04:38.362] [INFO] console - Npc配置模块加载完毕！
[2020-06-12 22:04:38.368] [INFO] console - Npc模块加载完毕！
[2020-06-12 22:04:38.371] [INFO] console - 角色属性模块加载完毕！
[2020-06-12 22:04:38.374] [INFO] console - 物品模块加载完毕！
[2020-06-12 22:04:38.375] [INFO] console - 经验模块加载完毕！
[2020-06-12 22:04:38.377] [INFO] console - 技能模块加载完毕！
[2020-06-12 22:04:38.378] [INFO] console - 技能效果模块加载完毕！
[2020-06-12 22:04:38.414] [INFO] console - SQL: SELECT MAX(EquipID) AS equipid FROM qy_equip_1000;
[2020-06-12 22:04:38.415] [INFO] console - SQL: SELECT * FROM qy_bang WHERE state = 1 and serverid = 1000;
[2020-06-12 22:04:38.415] [INFO] console - SQL: SELECT MAX(bangid) AS bangId FROM qy_bang WHERE serverid = 1000;
[2020-06-12 22:04:38.422] [INFO] console - 怪物模块加载完毕！
[2020-06-12 22:04:38.423] [INFO] console - 商城模块加载完毕!
[2020-06-12 22:04:38.424] [INFO] console - 甄不亏模块加载完毕!
[2020-06-12 22:04:38.425] [INFO] console - SQL: select * from shop_goods
[2020-06-12 22:04:38.425] [INFO] console - 摆摊模块加载完毕!
[2020-06-12 22:04:38.426] [INFO] console - SQL: select roleid, name, relive, level, money, shuilu from qy_role where serverid =  1000
[2020-06-12 22:04:38.426] [INFO] console - 排行榜模块加载完毕!
[2020-06-12 22:04:38.429] [INFO] console - SQL: SELECT MAX(petid) AS petid FROM qy_pet_1000;
[2020-06-12 22:04:38.429] [INFO] console - SQL: SELECT roleid, sum(realmoney) AS rmb FROM charge_record WHERE status = 1 GROUP BY roleid;
[2020-06-12 22:04:38.534] [INFO] console - 伙伴管理模块加载完毕！
[2020-06-12 22:04:38.534] [INFO] console - SQL: SELECT * FROM qy_role
[2020-06-12 22:04:38.535] [INFO] console - 活动模块加载完毕!
[2020-06-12 22:04:38.536] [INFO] console - 彩票模块加载完毕!
[2020-06-12 22:04:38.536] [INFO] console - SQL: select * from qy_relation where status = 0
[2020-06-12 22:04:38.537] [INFO] console - SQL: select max(relationId) as relationId from qy_relation;
[2020-06-12 22:04:38.537] [INFO] console - 关系模块加载完毕
[2020-06-12 22:04:38.721] [INFO] console - 装备模块加载完毕！
[2020-06-12 22:04:38.724] [INFO] console - 帮派模块加载完毕!
[2020-06-12 22:04:38.726] [INFO] console - 帮派id种子为110612000
[2020-06-12 22:04:38.728] [INFO] console - 排行榜模块加载完毕！
[2020-06-12 22:04:38.741] [INFO] console - 宠物管理模块加载完毕！
[2020-06-12 22:04:38.744] [INFO] console - 充值模块加载完毕！
[2020-06-12 22:04:38.746] [INFO] console - 8810 8810
[2020-06-12 22:04:38.753] [INFO] console - 网关代理模块启动完毕，正在监听127.0.0.1:8810
[2020-06-12 22:04:38.754] [INFO] console - 向网关服务器发起HTTP请求: /S_Register {
  id: 1000,
  name: '测试区',
  ip: '127.0.0.1',
  fake: '127.0.0.1',
  port: 8810,
  http_port: 8811
} [Function (anonymous)]
[2020-06-12 22:04:38.757] [INFO] console - 游戏服务器启动完毕，等待命令
[2020-06-12 22:04:38.766] [INFO] console - 游戏服[测试区(1000)], 已经连接
[2020-06-12 22:05:19.252] [INFO] console - do login....
[2020-06-12 22:05:22.256] [INFO] console - SQL: SELECT qy_account.safecode, qy_role.* FROM qy_account, qy_role WHERE qy_role.roleid = 157846 and qy_account.accountid = qy_role.accountid;
[2020-06-12 22:05:22.287] [INFO] console - SQL: SELECT * FROM qy_equip_1000 WHERE RoleID = 157846 AND state != 0;
[2020-06-12 22:05:22.313] [INFO] console - SQL: SELECT * FROM dhxy_mount WHERE roleid=157846;
[2020-06-12 22:05:22.341] [INFO] console - 玩家[露烨痴天157846]等级改变，当前1级
[2020-06-12 22:05:22.345] [INFO] console - SQL: SELECT * FROM qy_pet_1000 WHERE roleid = 157846 and state = 1 limit 20
[2020-06-12 22:06:21.025] [INFO] console - SQL: select * from qy_scheme where roleId = 157846
[2020-06-12 22:06:21.027] [INFO] console - SQL: select max(schemeId) as schemeId from qy_scheme;
[2020-06-12 22:07:21.032] [INFO] console - SQL: select max(schemeId) as schemeId from qy_scheme;
[2020-06-12 22:07:47.375] [INFO] console - agent[1001] socket, close
[2020-06-12 22:07:47.377] [INFO] console - agent[1000] socket, close
[2020-06-12 22:08:21.038] [INFO] console - SQL: select max(schemeId) as schemeId from qy_scheme;
[2020-06-12 22:09:21.041] [INFO] console - SQL: select max(schemeId) as schemeId from qy_scheme;
[2020-06-12 22:09:36.367] [INFO] console - agent[1002] socket, close
[2020-06-12 22:10:19.058] [INFO] console - 命令行模块启动完毕
[2020-06-12 22:10:19.411] [INFO] console - HTTP模块启动完毕，开始监听127.0.0.1:8811
[2020-06-12 22:10:19.412] [INFO] console - 监控系统启动完毕，监听8812端口
[2020-06-12 22:10:19.412] [INFO] console - 启动游戏模块...
[2020-06-12 22:10:19.413] [INFO] console - SQL: select text, type from qy_notice where serverid = 1000 or serverid = 0 order by time desc limit 30;
[2020-06-12 22:10:19.413] [INFO] console - 通知模块初始化完毕!
[2020-06-12 22:10:19.441] [INFO] console - 地图模块加载完毕!
[2020-06-12 22:10:19.445] [INFO] console - 任务配置模块加载完毕!
[2020-06-12 22:10:19.452] [INFO] console - 世界模块加载完毕！
[2020-06-12 22:10:19.455] [INFO] console - Npc配置模块加载完毕！
[2020-06-12 22:10:19.461] [INFO] console - Npc模块加载完毕！
[2020-06-12 22:10:19.463] [INFO] console - 角色属性模块加载完毕！
[2020-06-12 22:10:19.466] [INFO] console - 物品模块加载完毕！
[2020-06-12 22:10:19.467] [INFO] console - 经验模块加载完毕！
[2020-06-12 22:10:19.469] [INFO] console - 技能模块加载完毕！
[2020-06-12 22:10:19.470] [INFO] console - 技能效果模块加载完毕！
[2020-06-12 22:10:19.506] [INFO] console - SQL: SELECT MAX(EquipID) AS equipid FROM qy_equip_1000;
[2020-06-12 22:10:19.507] [INFO] console - SQL: SELECT * FROM qy_bang WHERE state = 1 and serverid = 1000;
[2020-06-12 22:10:19.507] [INFO] console - SQL: SELECT MAX(bangid) AS bangId FROM qy_bang WHERE serverid = 1000;
[2020-06-12 22:10:19.515] [INFO] console - 怪物模块加载完毕！
[2020-06-12 22:10:19.516] [INFO] console - 商城模块加载完毕!
[2020-06-12 22:10:19.517] [INFO] console - 甄不亏模块加载完毕!
[2020-06-12 22:10:19.518] [INFO] console - SQL: select * from shop_goods
[2020-06-12 22:10:19.518] [INFO] console - 摆摊模块加载完毕!
[2020-06-12 22:10:19.518] [INFO] console - SQL: select roleid, name, relive, level, money, shuilu from qy_role where serverid =  1000
[2020-06-12 22:10:19.519] [INFO] console - 排行榜模块加载完毕!
[2020-06-12 22:10:19.521] [INFO] console - SQL: SELECT MAX(petid) AS petid FROM qy_pet_1000;
[2020-06-12 22:10:19.522] [INFO] console - SQL: SELECT roleid, sum(realmoney) AS rmb FROM charge_record WHERE status = 1 GROUP BY roleid;
[2020-06-12 22:10:19.648] [INFO] console - 伙伴管理模块加载完毕！
[2020-06-12 22:10:19.648] [INFO] console - SQL: SELECT * FROM qy_role
[2020-06-12 22:10:19.649] [INFO] console - 活动模块加载完毕!
[2020-06-12 22:10:19.650] [INFO] console - 彩票模块加载完毕!
[2020-06-12 22:10:19.650] [INFO] console - SQL: select * from qy_relation where status = 0
[2020-06-12 22:10:19.651] [INFO] console - SQL: select max(relationId) as relationId from qy_relation;
[2020-06-12 22:10:19.651] [INFO] console - 关系模块加载完毕
[2020-06-12 22:10:19.846] [INFO] console - 装备模块加载完毕！
[2020-06-12 22:10:19.848] [INFO] console - 帮派模块加载完毕!
[2020-06-12 22:10:19.850] [INFO] console - 帮派id种子为110612000
[2020-06-12 22:10:19.852] [INFO] console - 排行榜模块加载完毕！
[2020-06-12 22:10:19.867] [INFO] console - 充值模块加载完毕！
[2020-06-12 22:10:19.870] [INFO] console - 宠物管理模块加载完毕！
[2020-06-12 22:10:19.871] [INFO] console - 8810 8810
[2020-06-12 22:10:19.875] [INFO] console - 网关代理模块启动完毕，正在监听127.0.0.1:8810
[2020-06-12 22:10:19.877] [INFO] console - 向网关服务器发起HTTP请求: /S_Register {
  id: 1000,
  name: '测试区',
  ip: '127.0.0.1',
  fake: '127.0.0.1',
  port: 8810,
  http_port: 8811
} [Function (anonymous)]
[2020-06-12 22:10:19.879] [INFO] console - 游戏服务器启动完毕，等待命令
[2020-06-12 22:10:19.890] [INFO] console - 游戏服[测试区(1000)], 已经连接
[2020-06-12 22:12:49.245] [INFO] console - do login....
[2020-06-12 22:12:52.247] [INFO] console - SQL: SELECT qy_account.safecode, qy_role.* FROM qy_account, qy_role WHERE qy_role.roleid = 157846 and qy_account.accountid = qy_role.accountid;
[2020-06-12 22:12:52.273] [INFO] console - SQL: SELECT * FROM qy_equip_1000 WHERE RoleID = 157846 AND state != 0;
[2020-06-12 22:12:52.298] [INFO] console - SQL: SELECT * FROM dhxy_mount WHERE roleid=157846;
[2020-06-12 22:12:52.321] [INFO] console - 玩家[露烨痴天157846]等级改变，当前1级
[2020-06-12 22:12:52.325] [INFO] console - SQL: SELECT * FROM qy_pet_1000 WHERE roleid = 157846 and state = 1 limit 20
[2020-06-12 22:13:29.377] [INFO] console - agent[1000] socket, close
[2020-06-12 22:15:49.582] [INFO] console - agent[1001] socket, close
[2020-06-12 22:26:58.349] [INFO] console - 命令行模块启动完毕
[2020-06-12 22:26:58.701] [INFO] console - HTTP模块启动完毕，开始监听127.0.0.1:8811
[2020-06-12 22:26:58.702] [INFO] console - 监控系统启动完毕，监听8812端口
[2020-06-12 22:26:58.703] [INFO] console - 启动游戏模块...
[2020-06-12 22:26:58.703] [INFO] console - SQL: select text, type from qy_notice where serverid = 1000 or serverid = 0 order by time desc limit 30;
[2020-06-12 22:26:58.704] [INFO] console - 通知模块初始化完毕!
[2020-06-12 22:26:58.735] [INFO] console - 地图模块加载完毕!
[2020-06-12 22:26:58.739] [INFO] console - 任务配置模块加载完毕!
[2020-06-12 22:26:58.745] [INFO] console - 世界模块加载完毕！
[2020-06-12 22:26:58.748] [INFO] console - Npc配置模块加载完毕！
[2020-06-12 22:26:58.754] [INFO] console - Npc模块加载完毕！
[2020-06-12 22:26:58.757] [INFO] console - 角色属性模块加载完毕！
[2020-06-12 22:26:58.759] [INFO] console - 物品模块加载完毕！
[2020-06-12 22:26:58.760] [INFO] console - 经验模块加载完毕！
[2020-06-12 22:26:58.762] [INFO] console - 技能模块加载完毕！
[2020-06-12 22:26:58.763] [INFO] console - 技能效果模块加载完毕！
[2020-06-12 22:26:58.799] [INFO] console - SQL: SELECT MAX(EquipID) AS equipid FROM qy_equip_1000;
[2020-06-12 22:26:58.800] [INFO] console - SQL: SELECT * FROM qy_bang WHERE state = 1 and serverid = 1000;
[2020-06-12 22:26:58.801] [INFO] console - SQL: SELECT MAX(bangid) AS bangId FROM qy_bang WHERE serverid = 1000;
[2020-06-12 22:26:58.807] [INFO] console - 怪物模块加载完毕！
[2020-06-12 22:26:58.809] [INFO] console - 商城模块加载完毕!
[2020-06-12 22:26:58.810] [INFO] console - 甄不亏模块加载完毕!
[2020-06-12 22:26:58.811] [INFO] console - SQL: select * from shop_goods
[2020-06-12 22:26:58.811] [INFO] console - 摆摊模块加载完毕!
[2020-06-12 22:26:58.811] [INFO] console - SQL: select roleid, name, relive, level, money, shuilu from qy_role where serverid =  1000
[2020-06-12 22:26:58.812] [INFO] console - 排行榜模块加载完毕!
[2020-06-12 22:26:58.814] [INFO] console - SQL: SELECT MAX(petid) AS petid FROM qy_pet_1000;
[2020-06-12 22:26:58.814] [INFO] console - SQL: SELECT roleid, sum(realmoney) AS rmb FROM charge_record WHERE status = 1 GROUP BY roleid;
[2020-06-12 22:26:58.918] [INFO] console - 伙伴管理模块加载完毕！
[2020-06-12 22:26:58.919] [INFO] console - SQL: SELECT * FROM qy_role
[2020-06-12 22:26:58.919] [INFO] console - 活动模块加载完毕!
[2020-06-12 22:26:58.921] [INFO] console - 彩票模块加载完毕!
[2020-06-12 22:26:58.921] [INFO] console - SQL: select * from qy_relation where status = 0
[2020-06-12 22:26:58.921] [INFO] console - SQL: select max(relationId) as relationId from qy_relation;
[2020-06-12 22:26:58.922] [INFO] console - 关系模块加载完毕
[2020-06-12 22:26:59.128] [INFO] console - 装备模块加载完毕！
[2020-06-12 22:26:59.130] [INFO] console - 帮派模块加载完毕!
[2020-06-12 22:26:59.132] [INFO] console - 帮派id种子为110612000
[2020-06-12 22:26:59.134] [INFO] console - 排行榜模块加载完毕！
[2020-06-12 22:26:59.144] [INFO] console - 宠物管理模块加载完毕！
[2020-06-12 22:26:59.149] [INFO] console - 充值模块加载完毕！
[2020-06-12 22:26:59.150] [INFO] console - 8810 8810
[2020-06-12 22:26:59.155] [INFO] console - 网关代理模块启动完毕，正在监听127.0.0.1:8810
[2020-06-12 22:26:59.155] [INFO] console - 向网关服务器发起HTTP请求: /S_Register {
  id: 1000,
  name: '测试区',
  ip: '127.0.0.1',
  fake: '127.0.0.1',
  port: 8810,
  http_port: 8811
} [Function (anonymous)]
[2020-06-12 22:26:59.158] [INFO] console - 游戏服务器启动完毕，等待命令
[2020-06-12 22:26:59.167] [INFO] console - 游戏服[测试区(1000)], 已经连接
[2020-06-12 22:28:49.000] [INFO] console - do login....
[2020-06-12 22:28:52.013] [INFO] console - SQL: SELECT qy_account.safecode, qy_role.* FROM qy_account, qy_role WHERE qy_role.roleid = 157846 and qy_account.accountid = qy_role.accountid;
[2020-06-12 22:28:52.043] [INFO] console - SQL: SELECT * FROM qy_equip_1000 WHERE RoleID = 157846 AND state != 0;
[2020-06-12 22:28:52.066] [INFO] console - SQL: SELECT * FROM dhxy_mount WHERE roleid=157846;
[2020-06-12 22:28:52.089] [INFO] console - 玩家[露烨痴天157846]等级改变，当前1级
[2020-06-12 22:28:52.092] [INFO] console - SQL: SELECT * FROM qy_pet_1000 WHERE roleid = 157846 and state = 1 limit 20
[2020-06-12 22:34:56.998] [INFO] console - agent[1000] socket, close
[2020-06-12 22:37:31.317] [INFO] console - 命令行模块启动完毕
[2020-06-12 22:37:31.683] [INFO] console - HTTP模块启动完毕，开始监听127.0.0.1:8811
[2020-06-12 22:37:31.684] [INFO] console - 监控系统启动完毕，监听8812端口
[2020-06-12 22:37:31.685] [INFO] console - 启动游戏模块...
[2020-06-12 22:37:31.685] [INFO] console - SQL: select text, type from qy_notice where serverid = 1000 or serverid = 0 order by time desc limit 30;
[2020-06-12 22:37:31.686] [INFO] console - 通知模块初始化完毕!
[2020-06-12 22:37:31.722] [INFO] console - 地图模块加载完毕!
[2020-06-12 22:37:31.726] [INFO] console - 任务配置模块加载完毕!
[2020-06-12 22:37:31.730] [INFO] console - 世界模块加载完毕！
[2020-06-12 22:37:31.733] [INFO] console - Npc配置模块加载完毕！
[2020-06-12 22:37:31.741] [INFO] console - Npc模块加载完毕！
[2020-06-12 22:37:31.747] [INFO] console - 角色属性模块加载完毕！
[2020-06-12 22:37:31.750] [INFO] console - 物品模块加载完毕！
[2020-06-12 22:37:31.752] [INFO] console - 经验模块加载完毕！
[2020-06-12 22:37:31.753] [INFO] console - 技能模块加载完毕！
[2020-06-12 22:37:31.760] [INFO] console - 技能效果模块加载完毕！
[2020-06-12 22:37:31.811] [INFO] console - SQL: SELECT MAX(EquipID) AS equipid FROM qy_equip_1000;
[2020-06-12 22:37:31.812] [INFO] console - SQL: SELECT * FROM qy_bang WHERE state = 1 and serverid = 1000;
[2020-06-12 22:37:31.813] [INFO] console - SQL: SELECT MAX(bangid) AS bangId FROM qy_bang WHERE serverid = 1000;
[2020-06-12 22:37:31.819] [INFO] console - 怪物模块加载完毕！
[2020-06-12 22:37:31.821] [INFO] console - 商城模块加载完毕!
[2020-06-12 22:37:31.824] [INFO] console - 甄不亏模块加载完毕!
[2020-06-12 22:37:31.825] [INFO] console - SQL: select * from shop_goods
[2020-06-12 22:37:31.826] [INFO] console - 摆摊模块加载完毕!
[2020-06-12 22:37:31.826] [INFO] console - SQL: select roleid, name, relive, level, money, shuilu from qy_role where serverid =  1000
[2020-06-12 22:37:31.827] [INFO] console - 排行榜模块加载完毕!
[2020-06-12 22:37:31.829] [INFO] console - SQL: SELECT MAX(petid) AS petid FROM qy_pet_1000;
[2020-06-12 22:37:31.829] [INFO] console - SQL: SELECT roleid, sum(realmoney) AS rmb FROM charge_record WHERE status = 1 GROUP BY roleid;
[2020-06-12 22:37:31.926] [INFO] console - 伙伴管理模块加载完毕！
[2020-06-12 22:37:31.926] [INFO] console - SQL: SELECT * FROM qy_role
[2020-06-12 22:37:31.927] [INFO] console - 活动模块加载完毕!
[2020-06-12 22:37:31.928] [INFO] console - 彩票模块加载完毕!
[2020-06-12 22:37:31.928] [INFO] console - SQL: select * from qy_relation where status = 0
[2020-06-12 22:37:31.929] [INFO] console - SQL: select max(relationId) as relationId from qy_relation;
[2020-06-12 22:37:31.929] [INFO] console - 关系模块加载完毕
[2020-06-12 22:37:32.084] [INFO] console - 装备模块加载完毕！
[2020-06-12 22:37:32.087] [INFO] console - 帮派id种子为110612000
[2020-06-12 22:37:32.090] [INFO] console - 帮派模块加载完毕!
[2020-06-12 22:37:32.092] [INFO] console - 排行榜模块加载完毕！
[2020-06-12 22:37:32.108] [INFO] console - 宠物管理模块加载完毕！
[2020-06-12 22:37:32.113] [INFO] console - 充值模块加载完毕！
[2020-06-12 22:37:32.115] [INFO] console - 8810 8810
[2020-06-12 22:37:32.119] [INFO] console - 网关代理模块启动完毕，正在监听127.0.0.1:8810
[2020-06-12 22:37:32.120] [INFO] console - 向网关服务器发起HTTP请求: /S_Register {
  id: 1000,
  name: '测试区',
  ip: '127.0.0.1',
  fake: '127.0.0.1',
  port: 8810,
  http_port: 8811
} [Function (anonymous)]
[2020-06-12 22:37:32.123] [INFO] console - 游戏服务器启动完毕，等待命令
[2020-06-12 22:37:32.137] [INFO] console - 游戏服[测试区(1000)], 已经连接
[2020-06-12 22:38:55.971] [INFO] console - do login....
[2020-06-12 22:38:58.976] [INFO] console - SQL: SELECT qy_account.safecode, qy_role.* FROM qy_account, qy_role WHERE qy_role.roleid = 157846 and qy_account.accountid = qy_role.accountid;
[2020-06-12 22:38:59.030] [INFO] console - SQL: SELECT * FROM qy_equip_1000 WHERE RoleID = 157846 AND state != 0;
[2020-06-12 22:38:59.055] [INFO] console - SQL: SELECT * FROM dhxy_mount WHERE roleid=157846;
[2020-06-12 22:38:59.081] [INFO] console - 玩家[露烨痴天157846]等级改变，当前1级
[2020-06-12 22:41:12.694] [INFO] console - 命令行模块启动完毕
[2020-06-12 22:41:13.042] [INFO] console - HTTP模块启动完毕，开始监听127.0.0.1:8811
[2020-06-12 22:41:13.043] [INFO] console - 监控系统启动完毕，监听8812端口
[2020-06-12 22:41:13.043] [INFO] console - 启动游戏模块...
[2020-06-12 22:41:13.044] [INFO] console - SQL: select text, type from qy_notice where serverid = 1000 or serverid = 0 order by time desc limit 30;
[2020-06-12 22:41:13.044] [INFO] console - 通知模块初始化完毕!
[2020-06-12 22:41:13.073] [INFO] console - 地图模块加载完毕!
[2020-06-12 22:41:13.080] [INFO] console - 任务配置模块加载完毕!
[2020-06-12 22:41:13.084] [INFO] console - 世界模块加载完毕！
[2020-06-12 22:41:13.087] [INFO] console - Npc配置模块加载完毕！
[2020-06-12 22:41:13.095] [INFO] console - Npc模块加载完毕！
[2020-06-12 22:41:13.097] [INFO] console - 角色属性模块加载完毕！
[2020-06-12 22:41:13.100] [INFO] console - 物品模块加载完毕！
[2020-06-12 22:41:13.101] [INFO] console - 经验模块加载完毕！
[2020-06-12 22:41:13.103] [INFO] console - 技能模块加载完毕！
[2020-06-12 22:41:13.104] [INFO] console - 技能效果模块加载完毕！
[2020-06-12 22:41:13.142] [INFO] console - SQL: SELECT MAX(EquipID) AS equipid FROM qy_equip_1000;
[2020-06-12 22:41:13.143] [INFO] console - SQL: SELECT * FROM qy_bang WHERE state = 1 and serverid = 1000;
[2020-06-12 22:41:13.144] [INFO] console - SQL: SELECT MAX(bangid) AS bangId FROM qy_bang WHERE serverid = 1000;
[2020-06-12 22:41:13.153] [INFO] console - 怪物模块加载完毕！
[2020-06-12 22:41:13.154] [INFO] console - 商城模块加载完毕!
[2020-06-12 22:41:13.156] [INFO] console - 甄不亏模块加载完毕!
[2020-06-12 22:41:13.156] [INFO] console - SQL: select * from shop_goods
[2020-06-12 22:41:13.156] [INFO] console - 摆摊模块加载完毕!
[2020-06-12 22:41:13.157] [INFO] console - SQL: select roleid, name, relive, level, money, shuilu from qy_role where serverid =  1000
[2020-06-12 22:41:13.157] [INFO] console - 排行榜模块加载完毕!
[2020-06-12 22:41:13.159] [INFO] console - SQL: SELECT MAX(petid) AS petid FROM qy_pet_1000;
[2020-06-12 22:41:13.160] [INFO] console - SQL: SELECT roleid, sum(realmoney) AS rmb FROM charge_record WHERE status = 1 GROUP BY roleid;
[2020-06-12 22:41:13.237] [INFO] console - 伙伴管理模块加载完毕！
[2020-06-12 22:41:13.237] [INFO] console - SQL: SELECT * FROM qy_role
[2020-06-12 22:41:13.238] [INFO] console - 活动模块加载完毕!
[2020-06-12 22:41:13.239] [INFO] console - 彩票模块加载完毕!
[2020-06-12 22:41:13.239] [INFO] console - SQL: select * from qy_relation where status = 0
[2020-06-12 22:41:13.240] [INFO] console - SQL: select max(relationId) as relationId from qy_relation;
[2020-06-12 22:41:13.240] [INFO] console - 关系模块加载完毕
[2020-06-12 22:41:13.396] [INFO] console - 装备模块加载完毕！
[2020-06-12 22:41:13.398] [INFO] console - 帮派模块加载完毕!
[2020-06-12 22:41:13.401] [INFO] console - 帮派id种子为110612000
[2020-06-12 22:41:13.405] [INFO] console - 排行榜模块加载完毕！
[2020-06-12 22:41:13.415] [INFO] console - 充值模块加载完毕！
[2020-06-12 22:41:13.416] [INFO] console - 宠物管理模块加载完毕！
[2020-06-12 22:41:13.418] [INFO] console - 8810 8810
[2020-06-12 22:41:13.422] [INFO] console - 网关代理模块启动完毕，正在监听127.0.0.1:8810
[2020-06-12 22:41:13.423] [INFO] console - 向网关服务器发起HTTP请求: /S_Register {
  id: 1000,
  name: '测试区',
  ip: '127.0.0.1',
  fake: '127.0.0.1',
  port: 8810,
  http_port: 8811
} [Function (anonymous)]
[2020-06-12 22:41:13.426] [INFO] console - 游戏服务器启动完毕，等待命令
[2020-06-12 22:41:13.440] [INFO] console - 游戏服[测试区(1000)], 已经连接
[2020-06-12 22:43:10.295] [INFO] console - do login....
[2020-06-12 22:43:13.303] [INFO] console - SQL: SELECT qy_account.safecode, qy_role.* FROM qy_account, qy_role WHERE qy_role.roleid = 157846 and qy_account.accountid = qy_role.accountid;
[2020-06-12 22:43:13.334] [INFO] console - SQL: SELECT * FROM qy_equip_1000 WHERE RoleID = 157846 AND state != 0;
[2020-06-12 22:43:13.355] [INFO] console - SQL: SELECT * FROM dhxy_mount WHERE roleid=157846;
[2020-06-12 22:43:13.380] [INFO] console - 玩家[露烨痴天157846]等级改变，当前1级
[2020-06-12 22:47:25.079] [INFO] console - 命令行模块启动完毕
[2020-06-12 22:47:25.426] [INFO] console - HTTP模块启动完毕，开始监听127.0.0.1:8811
[2020-06-12 22:47:25.428] [INFO] console - 监控系统启动完毕，监听8812端口
[2020-06-12 22:47:25.428] [INFO] console - 启动游戏模块...
[2020-06-12 22:47:25.428] [INFO] console - SQL: select text, type from qy_notice where serverid = 1000 or serverid = 0 order by time desc limit 30;
[2020-06-12 22:47:25.429] [INFO] console - 通知模块初始化完毕!
[2020-06-12 22:47:25.457] [INFO] console - 地图模块加载完毕!
[2020-06-12 22:47:25.462] [INFO] console - 任务配置模块加载完毕!
[2020-06-12 22:47:25.468] [INFO] console - 世界模块加载完毕！
[2020-06-12 22:47:25.471] [INFO] console - Npc配置模块加载完毕！
[2020-06-12 22:47:25.477] [INFO] console - Npc模块加载完毕！
[2020-06-12 22:47:25.479] [INFO] console - 角色属性模块加载完毕！
[2020-06-12 22:47:25.483] [INFO] console - 物品模块加载完毕！
[2020-06-12 22:47:25.485] [INFO] console - 经验模块加载完毕！
[2020-06-12 22:47:25.493] [INFO] console - 技能模块加载完毕！
[2020-06-12 22:47:25.494] [INFO] console - 技能效果模块加载完毕！
[2020-06-12 22:47:25.539] [INFO] console - SQL: SELECT MAX(EquipID) AS equipid FROM qy_equip_1000;
[2020-06-12 22:47:25.539] [INFO] console - SQL: SELECT * FROM qy_bang WHERE state = 1 and serverid = 1000;
[2020-06-12 22:47:25.540] [INFO] console - SQL: SELECT MAX(bangid) AS bangId FROM qy_bang WHERE serverid = 1000;
[2020-06-12 22:47:25.549] [INFO] console - 怪物模块加载完毕！
[2020-06-12 22:47:25.551] [INFO] console - 商城模块加载完毕!
[2020-06-12 22:47:25.552] [INFO] console - 甄不亏模块加载完毕!
[2020-06-12 22:47:25.553] [INFO] console - SQL: select * from shop_goods
[2020-06-12 22:47:25.553] [INFO] console - 摆摊模块加载完毕!
[2020-06-12 22:47:25.553] [INFO] console - SQL: select roleid, name, relive, level, money, shuilu from qy_role where serverid =  1000
[2020-06-12 22:47:25.554] [INFO] console - 排行榜模块加载完毕!
[2020-06-12 22:47:25.557] [INFO] console - SQL: SELECT MAX(petid) AS petid FROM qy_pet_1000;
[2020-06-12 22:47:25.557] [INFO] console - SQL: SELECT roleid, sum(realmoney) AS rmb FROM charge_record WHERE status = 1 GROUP BY roleid;
[2020-06-12 22:47:25.642] [INFO] console - 伙伴管理模块加载完毕！
[2020-06-12 22:47:25.642] [INFO] console - SQL: SELECT * FROM qy_role
[2020-06-12 22:47:25.643] [INFO] console - 活动模块加载完毕!
[2020-06-12 22:47:25.644] [INFO] console - 彩票模块加载完毕!
[2020-06-12 22:47:25.644] [INFO] console - SQL: select * from qy_relation where status = 0
[2020-06-12 22:47:25.645] [INFO] console - SQL: select max(relationId) as relationId from qy_relation;
[2020-06-12 22:47:25.645] [INFO] console - 关系模块加载完毕
[2020-06-12 22:47:25.858] [INFO] console - 装备模块加载完毕！
[2020-06-12 22:47:25.861] [INFO] console - 帮派模块加载完毕!
[2020-06-12 22:47:25.863] [INFO] console - 帮派id种子为110612000
[2020-06-12 22:47:25.865] [INFO] console - 排行榜模块加载完毕！
[2020-06-12 22:47:25.876] [INFO] console - 宠物管理模块加载完毕！
[2020-06-12 22:47:25.884] [INFO] console - 充值模块加载完毕！
[2020-06-12 22:47:25.885] [INFO] console - 8810 8810
[2020-06-12 22:47:25.891] [INFO] console - 网关代理模块启动完毕，正在监听127.0.0.1:8810
[2020-06-12 22:47:25.892] [INFO] console - 向网关服务器发起HTTP请求: /S_Register {
  id: 1000,
  name: '测试区',
  ip: '127.0.0.1',
  fake: '127.0.0.1',
  port: 8810,
  http_port: 8811
} [Function (anonymous)]
[2020-06-12 22:47:25.896] [INFO] console - 游戏服务器启动完毕，等待命令
[2020-06-12 22:47:25.905] [INFO] console - 游戏服[测试区(1000)], 已经连接
[2020-06-12 22:48:43.369] [INFO] console - do login....
[2020-06-12 22:48:46.375] [INFO] console - SQL: SELECT qy_account.safecode, qy_role.* FROM qy_account, qy_role WHERE qy_role.roleid = 157846 and qy_account.accountid = qy_role.accountid;
[2020-06-12 22:48:46.406] [INFO] console - SQL: SELECT * FROM qy_equip_1000 WHERE RoleID = 157846 AND state != 0;
[2020-06-12 22:48:46.440] [INFO] console - SQL: SELECT * FROM dhxy_mount WHERE roleid=157846;
[2020-06-12 22:48:52.028] [INFO] console - 玩家[露烨痴天157846]等级改变，当前1级
[2020-06-12 22:48:52.032] [INFO] console - SQL: SELECT * FROM qy_pet_1000 WHERE roleid = 157846 and state = 1 limit 20
[2020-06-12 22:49:40.187] [INFO] console - agent[1001] socket, close
[2020-06-12 22:49:40.189] [INFO] console - agent[1000] socket, close
