[2020-06-14 23:51:27.231] [INFO] console - 命令行模块启动完毕
[2020-06-14 23:51:27.587] [INFO] console - HTTP模块启动完毕，开始监听127.0.0.1:8811
[2020-06-14 23:51:27.588] [INFO] console - 监控系统启动完毕，监听8812端口
[2020-06-14 23:51:27.589] [INFO] console - 启动游戏模块...
[2020-06-14 23:51:27.589] [INFO] console - SQL: select text, type from qy_notice where serverid = 1000 or serverid = 0 order by time desc limit 30;
[2020-06-14 23:51:27.590] [INFO] console - 通知模块初始化完毕!
[2020-06-14 23:51:27.620] [INFO] console - 地图模块加载完毕!
[2020-06-14 23:51:27.625] [INFO] console - 任务配置模块加载完毕!
[2020-06-14 23:51:27.631] [INFO] console - 世界模块加载完毕！
[2020-06-14 23:51:27.634] [INFO] console - Npc配置模块加载完毕！
[2020-06-14 23:51:27.642] [INFO] console - Npc模块加载完毕！
[2020-06-14 23:51:27.644] [INFO] console - 角色属性模块加载完毕！
[2020-06-14 23:51:27.649] [INFO] console - 物品模块加载完毕！
[2020-06-14 23:51:27.650] [INFO] console - 经验模块加载完毕！
[2020-06-14 23:51:27.654] [INFO] console - 技能模块加载完毕！
[2020-06-14 23:51:27.655] [INFO] console - 技能效果模块加载完毕！
[2020-06-14 23:51:27.708] [INFO] console - SQL: SELECT MAX(EquipID) AS equipid FROM qy_equip_1000;
[2020-06-14 23:51:27.708] [INFO] console - SQL: SELECT * FROM qy_bang WHERE state = 1 and serverid = 1000;
[2020-06-14 23:51:27.709] [INFO] console - SQL: SELECT MAX(bangid) AS bangId FROM qy_bang WHERE serverid = 1000;
[2020-06-14 23:51:27.717] [INFO] console - 怪物模块加载完毕！
[2020-06-14 23:51:27.720] [INFO] console - 商城模块加载完毕!
[2020-06-14 23:51:27.722] [INFO] console - 甄不亏模块加载完毕!
[2020-06-14 23:51:27.723] [INFO] console - SQL: select * from shop_goods
[2020-06-14 23:51:27.723] [INFO] console - 摆摊模块加载完毕!
[2020-06-14 23:51:27.724] [INFO] console - SQL: select roleid, name, relive, level, money, shuilu from qy_role where serverid =  1000
[2020-06-14 23:51:27.724] [INFO] console - 排行榜模块加载完毕!
[2020-06-14 23:51:27.726] [INFO] console - SQL: SELECT MAX(petid) AS petid FROM qy_pet_1000;
[2020-06-14 23:51:27.727] [INFO] console - SQL: SELECT roleid, sum(realmoney) AS rmb FROM charge_record WHERE status = 1 GROUP BY roleid;
[2020-06-14 23:51:27.828] [INFO] console - 伙伴管理模块加载完毕！
[2020-06-14 23:51:27.829] [INFO] console - SQL: SELECT * FROM qy_role
[2020-06-14 23:51:27.829] [INFO] console - 活动模块加载完毕!
[2020-06-14 23:51:27.831] [INFO] console - 彩票模块加载完毕!
[2020-06-14 23:51:27.831] [INFO] console - SQL: select * from qy_relation where status = 0
[2020-06-14 23:51:27.832] [INFO] console - SQL: select max(relationId) as relationId from qy_relation;
[2020-06-14 23:51:27.833] [INFO] console - 关系模块加载完毕
[2020-06-14 23:51:28.214] [INFO] console - 装备模块加载完毕！
[2020-06-14 23:51:28.217] [INFO] console - 帮派模块加载完毕!
[2020-06-14 23:51:28.218] [INFO] console - 帮派id种子为110614000
[2020-06-14 23:51:28.220] [INFO] console - 排行榜模块加载完毕！
[2020-06-14 23:51:28.232] [INFO] console - 宠物管理模块加载完毕！
[2020-06-14 23:51:28.234] [INFO] console - 充值模块加载完毕！
[2020-06-14 23:51:28.235] [INFO] console - 8810 8810
[2020-06-14 23:51:28.242] [INFO] console - 网关代理模块启动完毕，正在监听127.0.0.1:8810
[2020-06-14 23:51:28.244] [INFO] console - 向网关服务器发起HTTP请求: /S_Register {
  id: 1000,
  name: '测试区',
  ip: '127.0.0.1',
  fake: '127.0.0.1',
  port: 8810,
  http_port: 8811
} [Function (anonymous)]
[2020-06-14 23:51:40.822] [INFO] console - 游戏服务器启动完毕，等待命令
[2020-06-14 23:51:40.839] [INFO] console - 游戏服[测试区(1000)], 已经连接
[2020-06-14 23:52:17.043] [INFO] console - 玩家登录...
[2020-06-14 23:52:20.049] [INFO] console - SQL: SELECT qy_account.safecode, qy_role.* FROM qy_account, qy_role WHERE qy_role.roleid = 157859 and qy_account.accountid = qy_role.accountid;
[2020-06-14 23:52:20.077] [INFO] console - SQL: SELECT * FROM qy_equip_1000 WHERE RoleID = 157859 AND state != 0;
[2020-06-14 23:52:20.102] [INFO] console - SQL: SELECT * FROM dhxy_mount WHERE roleid=157859;
[2020-06-14 23:52:20.131] [INFO] console - 玩家[曼轩鸿痴157859]等级改变，当前1级
[2020-06-14 23:52:20.135] [INFO] console - SQL: SELECT * FROM qy_pet_1000 WHERE roleid = 157859 and state = 1 limit 20
[2020-06-14 23:52:22.428] [INFO] console - 玩家[曼轩鸿痴(157859)], 任务刷新 于2020-06-14 23:52:22 
[2020-06-14 23:52:22.429] [INFO] console - SQL: UPDATE qy_role SET lastonline = FROM_UNIXTIME(1592149930) WHERE roleid =157859;
[2020-06-14 23:52:22.489] [INFO] console - SQL: INSERT INTO qy_equip_1000(EquipID, EquipType, BaseAttr, Grade, EIndex, Shuxingxuqiu, Type, GemCnt, LianhuaAttr, RoleID, create_time, pos) VALUES(86, 0, '{"27":"10","34":"1000"}', 1, 1, '{}', 13111112, 0, '{}', 157859, NOW(), 3);
[2020-06-14 23:52:22.492] [INFO] console - SQL: INSERT INTO qy_equip_1000(EquipID, EquipType, BaseAttr, Grade, EIndex, Shuxingxuqiu, Type, GemCnt, LianhuaAttr, RoleID, create_time, pos) VALUES(87, 0, '{"13":"10","31":"1400","33":"1400"}', 1, 2, '{}', 13120101, 0, '{}', 157859, NOW(), 3);
[2020-06-14 23:52:22.494] [INFO] console - SQL: INSERT INTO qy_equip_1000(EquipID, EquipType, BaseAttr, Grade, EIndex, Shuxingxuqiu, Type, GemCnt, LianhuaAttr, RoleID, create_time, pos) VALUES(88, 0, '{"13":"100","21":"9"}', 1, 3, '{}', 13134101, 0, '{}', 157859, NOW(), 3);
[2020-06-14 23:52:22.496] [INFO] console - SQL: INSERT INTO qy_equip_1000(EquipID, EquipType, BaseAttr, Grade, EIndex, Shuxingxuqiu, Type, GemCnt, LianhuaAttr, RoleID, create_time, pos) VALUES(89, 0, '{"13":"100","21":"9"}', 1, 4, '{}', 13144101, 0, '{}', 157859, NOW(), 3);
[2020-06-14 23:52:22.498] [INFO] console - SQL: INSERT INTO qy_equip_1000(EquipID, EquipType, BaseAttr, Grade, EIndex, Shuxingxuqiu, Type, GemCnt, LianhuaAttr, RoleID, create_time, pos) VALUES(90, 0, '{"13":"100","35":"10"}', 1, 5, '{}', 13150101, 0, '{}', 157859, NOW(), 3);
[2020-06-14 23:52:27.732] [INFO] console - SQL: INSERT INTO qy_pet_1000(petid, name, resid, dataid, grade, roleid, rate, hp, mp, atk, spd, wuxing, create_time) VALUES(9, '小熊', 5011, 1005, 0, 157859, 9607, 67, 0, 99, 0, '{}', NOW());
[2020-06-14 23:52:27.746] [INFO] console - SQL: UPDATE qy_role SET getpet = 1 WHERE roleid =157859
[2020-06-14 23:52:27.746] [INFO] console - 玩家[曼轩鸿痴157859]获得宠物[小熊(9)] 
[2020-06-14 23:52:54.343] [INFO] console - SQL: SELECT mountid from dhxy_mount WHERE roleid = 157859 AND mountid=60;
[2020-06-14 23:52:54.376] [INFO] console - SQL: UPDATE qy_role SET mountid=60 WHERE roleid=157859;
[2020-06-14 23:53:02.174] [INFO] console - agent[1000] socket, close
[2020-06-14 23:57:21.266] [INFO] console - SQL: UPDATE qy_role SET lastonline = FROM_UNIXTIME(1592150224) WHERE roleid =157859;
