[2020-06-18 16:15:29.987] [INFO] console - 命令行模块启动完毕
[2020-06-18 16:15:30.401] [INFO] console - HTTP模块启动完毕，开始监听127.0.0.1:8711
[2020-06-18 16:15:30.402] [INFO] console - 监控系统启动完毕，监听8813端口
[2020-06-18 16:15:30.402] [INFO] console - 启动游戏模块...
[2020-06-18 16:15:30.402] [INFO] console - SQL: select text, type from qy_notice where serverid = 1000 or serverid = 0 order by time desc limit 30;
[2020-06-18 16:15:30.403] [INFO] console - 通知模块初始化完毕!
[2020-06-18 16:15:30.438] [INFO] console - 地图模块加载完毕!
[2020-06-18 16:15:30.443] [INFO] console - 任务配置模块加载完毕!
[2020-06-18 16:15:30.447] [INFO] console - 世界模块加载完毕！
[2020-06-18 16:15:30.450] [INFO] console - Npc配置模块加载完毕！
[2020-06-18 16:15:30.456] [INFO] console - Npc模块加载完毕！
[2020-06-18 16:15:30.458] [INFO] console - 角色属性模块加载完毕！
[2020-06-18 16:15:30.461] [INFO] console - 物品模块加载完毕！
[2020-06-18 16:15:30.463] [INFO] console - 经验模块加载完毕！
[2020-06-18 16:15:30.465] [INFO] console - 技能模块加载完毕！
[2020-06-18 16:15:30.468] [INFO] console - 技能效果模块加载完毕！
[2020-06-18 16:15:30.510] [INFO] console - SQL: SELECT MAX(EquipID) AS equipid FROM qy_equip_1000;
[2020-06-18 16:15:30.510] [INFO] console - SQL: SELECT * FROM qy_bang WHERE state = 1 and serverid = 1000;
[2020-06-18 16:15:30.511] [INFO] console - SQL: SELECT MAX(bangid) AS bangId FROM qy_bang WHERE serverid = 1000;
[2020-06-18 16:15:30.518] [INFO] console - 怪物模块加载完毕！
[2020-06-18 16:15:30.520] [INFO] console - 商城模块加载完毕!
[2020-06-18 16:15:30.521] [INFO] console - 甄不亏模块加载完毕!
[2020-06-18 16:15:30.522] [INFO] console - SQL: select * from shop_goods
[2020-06-18 16:15:30.522] [INFO] console - 摆摊模块加载完毕!
[2020-06-18 16:15:30.522] [INFO] console - SQL: select roleid, name, relive, level, money, shuilu from qy_role where serverid =  1000
[2020-06-18 16:15:30.523] [INFO] console - 排行榜模块加载完毕!
[2020-06-18 16:15:30.527] [INFO] console - SQL: SELECT MAX(petid) AS petid FROM qy_pet_1000;
[2020-06-18 16:15:30.528] [INFO] console - SQL: SELECT roleid, sum(realmoney) AS rmb FROM charge_record WHERE status = 1 GROUP BY roleid;
[2020-06-18 16:15:30.604] [INFO] console - 伙伴管理模块加载完毕！
[2020-06-18 16:15:30.605] [INFO] console - SQL: SELECT * FROM qy_role
[2020-06-18 16:15:30.605] [INFO] console - 活动模块加载完毕!
[2020-06-18 16:15:30.606] [INFO] console - 彩票模块加载完毕!
[2020-06-18 16:15:30.607] [INFO] console - SQL: select * from qy_relation where status = 0
[2020-06-18 16:15:30.607] [INFO] console - SQL: select max(relationId) as relationId from qy_relation;
[2020-06-18 16:15:30.608] [INFO] console - 关系模块加载完毕
[2020-06-18 16:15:30.762] [INFO] console - 装备模块加载完毕！
[2020-06-18 16:15:30.764] [INFO] console - 帮派模块加载完毕!
[2020-06-18 16:15:30.765] [INFO] console - 帮派id种子为110618000
[2020-06-18 16:15:30.769] [INFO] console - 排行榜模块加载完毕！
[2020-06-18 16:15:30.788] [INFO] console - 充值模块加载完毕！
[2020-06-18 16:15:30.790] [INFO] console - 宠物管理模块加载完毕！
[2020-06-18 16:15:30.792] [INFO] console - 8810 8710
[2020-06-18 16:15:30.793] [INFO] console - 网关代理模块启动完毕，正在监听127.0.0.1:8710
[2020-06-18 16:15:30.795] [INFO] console - 向网关服务器发起HTTP请求: /S_Register {
  id: 1000,
  name: '测试区',
  ip: '127.0.0.1',
  fake: '127.0.0.1',
  port: 8710,
  http_port: 8711
} [Function (anonymous)]
[2020-06-18 16:15:30.798] [INFO] console - 游戏服务器启动完毕，等待命令
[2020-06-18 16:15:30.805] [INFO] console - 游戏服[测试区(1000)], 已经连接
[2020-06-18 16:32:40.484] [INFO] console - 命令行模块启动完毕
[2020-06-18 16:32:40.872] [INFO] console - HTTP模块启动完毕，开始监听127.0.0.1:8711
[2020-06-18 16:32:40.873] [INFO] console - 监控系统启动完毕，监听8813端口
[2020-06-18 16:32:40.873] [INFO] console - 启动游戏模块...
[2020-06-18 16:32:40.874] [INFO] console - SQL: select text, type from qy_notice where serverid = 1000 or serverid = 0 order by time desc limit 30;
[2020-06-18 16:32:40.874] [INFO] console - 通知模块初始化完毕!
[2020-06-18 16:32:40.906] [INFO] console - 地图模块加载完毕!
[2020-06-18 16:32:40.910] [INFO] console - 任务配置模块加载完毕!
[2020-06-18 16:32:40.915] [INFO] console - 世界模块加载完毕！
[2020-06-18 16:32:40.919] [INFO] console - Npc配置模块加载完毕！
[2020-06-18 16:32:40.925] [INFO] console - Npc模块加载完毕！
[2020-06-18 16:32:40.929] [INFO] console - 角色属性模块加载完毕！
[2020-06-18 16:32:40.933] [INFO] console - 物品模块加载完毕！
[2020-06-18 16:32:40.934] [INFO] console - 经验模块加载完毕！
[2020-06-18 16:32:40.945] [INFO] console - 技能模块加载完毕！
[2020-06-18 16:32:40.947] [INFO] console - 技能效果模块加载完毕！
[2020-06-18 16:32:40.987] [INFO] console - SQL: SELECT MAX(EquipID) AS equipid FROM qy_equip_1000;
[2020-06-18 16:32:40.988] [INFO] console - SQL: SELECT * FROM qy_bang WHERE state = 1 and serverid = 1000;
[2020-06-18 16:32:40.988] [INFO] console - SQL: SELECT MAX(bangid) AS bangId FROM qy_bang WHERE serverid = 1000;
[2020-06-18 16:32:40.997] [INFO] console - 怪物模块加载完毕！
[2020-06-18 16:32:40.999] [INFO] console - 商城模块加载完毕!
[2020-06-18 16:32:41.001] [INFO] console - 甄不亏模块加载完毕!
[2020-06-18 16:32:41.001] [INFO] console - SQL: select * from shop_goods
[2020-06-18 16:32:41.001] [INFO] console - 摆摊模块加载完毕!
[2020-06-18 16:32:41.002] [INFO] console - SQL: select roleid, name, relive, level, money, shuilu from qy_role where serverid =  1000
[2020-06-18 16:32:41.002] [INFO] console - 排行榜模块加载完毕!
[2020-06-18 16:32:41.005] [INFO] console - SQL: SELECT MAX(petid) AS petid FROM qy_pet_1000;
[2020-06-18 16:32:41.005] [INFO] console - SQL: SELECT roleid, sum(realmoney) AS rmb FROM charge_record WHERE status = 1 GROUP BY roleid;
[2020-06-18 16:32:41.122] [INFO] console - 伙伴管理模块加载完毕！
[2020-06-18 16:32:41.122] [INFO] console - SQL: SELECT * FROM qy_role
[2020-06-18 16:32:41.123] [INFO] console - 活动模块加载完毕!
[2020-06-18 16:32:41.124] [INFO] console - 彩票模块加载完毕!
[2020-06-18 16:32:41.125] [INFO] console - SQL: select * from qy_relation where status = 0
[2020-06-18 16:32:41.125] [INFO] console - SQL: select max(relationId) as relationId from qy_relation;
[2020-06-18 16:32:41.126] [INFO] console - 关系模块加载完毕
[2020-06-18 16:32:41.183] [INFO] console - 装备模块加载完毕！
[2020-06-18 16:32:41.185] [INFO] console - 帮派模块加载完毕!
[2020-06-18 16:32:41.188] [INFO] console - 帮派id种子为110618000
[2020-06-18 16:32:41.192] [INFO] console - 排行榜模块加载完毕！
[2020-06-18 16:32:41.221] [INFO] console - 充值模块加载完毕！
[2020-06-18 16:32:41.224] [INFO] console - 宠物管理模块加载完毕！
[2020-06-18 16:32:41.226] [INFO] console - 8810 8710
[2020-06-18 16:32:41.228] [INFO] console - 网关代理模块启动完毕，正在监听127.0.0.1:8710
[2020-06-18 16:32:41.230] [INFO] console - 向网关服务器发起HTTP请求: /S_Register {
  id: 1000,
  name: '测试区',
  ip: '127.0.0.1',
  fake: '127.0.0.1',
  port: 8710,
  http_port: 8711
} [Function (anonymous)]
[2020-06-18 16:32:41.235] [INFO] console - 游戏服务器启动完毕，等待命令
[2020-06-18 16:32:41.244] [INFO] console - 游戏服[测试区(1000)], 已经连接
[2020-06-18 16:35:01.840] [INFO] console - 玩家登录...
[2020-06-18 16:35:04.843] [INFO] console - SQL: SELECT qy_account.safecode, qy_role.* FROM qy_account, qy_role WHERE qy_role.roleid = 157861 and qy_account.accountid = qy_role.accountid;
[2020-06-18 16:35:04.907] [INFO] console - SQL: SELECT * FROM qy_equip_1000 WHERE RoleID = 157861 AND state != 0;
[2020-06-18 16:35:04.928] [INFO] console - SQL: SELECT * FROM dhxy_mount WHERE roleid=157861; AND race=1
[2020-06-18 16:37:00.277] [INFO] console - 命令行模块启动完毕
[2020-06-18 16:37:00.663] [INFO] console - HTTP模块启动完毕，开始监听127.0.0.1:8711
[2020-06-18 16:37:00.664] [INFO] console - 监控系统启动完毕，监听8813端口
[2020-06-18 16:37:00.664] [INFO] console - 启动游戏模块...
[2020-06-18 16:37:00.665] [INFO] console - SQL: select text, type from qy_notice where serverid = 1000 or serverid = 0 order by time desc limit 30;
[2020-06-18 16:37:00.665] [INFO] console - 通知模块初始化完毕!
[2020-06-18 16:37:00.701] [INFO] console - 地图模块加载完毕!
[2020-06-18 16:37:00.707] [INFO] console - 任务配置模块加载完毕!
[2020-06-18 16:37:00.711] [INFO] console - 世界模块加载完毕！
[2020-06-18 16:37:00.714] [INFO] console - Npc配置模块加载完毕！
[2020-06-18 16:37:00.728] [INFO] console - Npc模块加载完毕！
[2020-06-18 16:37:00.732] [INFO] console - 角色属性模块加载完毕！
[2020-06-18 16:37:00.735] [INFO] console - 物品模块加载完毕！
[2020-06-18 16:37:00.737] [INFO] console - 经验模块加载完毕！
[2020-06-18 16:37:00.743] [INFO] console - 技能模块加载完毕！
[2020-06-18 16:37:00.744] [INFO] console - 技能效果模块加载完毕！
[2020-06-18 16:37:00.777] [INFO] console - SQL: SELECT MAX(EquipID) AS equipid FROM qy_equip_1000;
[2020-06-18 16:37:00.778] [INFO] console - SQL: SELECT * FROM qy_bang WHERE state = 1 and serverid = 1000;
[2020-06-18 16:37:00.779] [INFO] console - SQL: SELECT MAX(bangid) AS bangId FROM qy_bang WHERE serverid = 1000;
[2020-06-18 16:37:00.786] [INFO] console - 怪物模块加载完毕！
[2020-06-18 16:37:00.789] [INFO] console - 商城模块加载完毕!
[2020-06-18 16:37:00.790] [INFO] console - 甄不亏模块加载完毕!
[2020-06-18 16:37:00.791] [INFO] console - SQL: select * from shop_goods
[2020-06-18 16:37:00.791] [INFO] console - 摆摊模块加载完毕!
[2020-06-18 16:37:00.792] [INFO] console - SQL: select roleid, name, relive, level, money, shuilu from qy_role where serverid =  1000
[2020-06-18 16:37:00.793] [INFO] console - 排行榜模块加载完毕!
[2020-06-18 16:37:00.795] [INFO] console - SQL: SELECT MAX(petid) AS petid FROM qy_pet_1000;
[2020-06-18 16:37:00.796] [INFO] console - SQL: SELECT roleid, sum(realmoney) AS rmb FROM charge_record WHERE status = 1 GROUP BY roleid;
[2020-06-18 16:37:00.866] [INFO] console - 伙伴管理模块加载完毕！
[2020-06-18 16:37:00.867] [INFO] console - SQL: SELECT * FROM qy_role
[2020-06-18 16:37:00.868] [INFO] console - 活动模块加载完毕!
[2020-06-18 16:37:00.870] [INFO] console - 彩票模块加载完毕!
[2020-06-18 16:37:00.870] [INFO] console - SQL: select * from qy_relation where status = 0
[2020-06-18 16:37:00.871] [INFO] console - SQL: select max(relationId) as relationId from qy_relation;
[2020-06-18 16:37:00.871] [INFO] console - 关系模块加载完毕
[2020-06-18 16:37:01.023] [INFO] console - 装备模块加载完毕！
[2020-06-18 16:37:01.025] [INFO] console - 帮派模块加载完毕!
[2020-06-18 16:37:01.028] [INFO] console - 帮派id种子为110618000
[2020-06-18 16:37:01.030] [INFO] console - 宠物管理模块加载完毕！
[2020-06-18 16:37:01.032] [INFO] console - 充值模块加载完毕！
[2020-06-18 16:37:01.033] [INFO] console - 排行榜模块加载完毕！
[2020-06-18 16:37:01.040] [INFO] console - 8810 8710
[2020-06-18 16:37:01.043] [INFO] console - 网关代理模块启动完毕，正在监听127.0.0.1:8710
[2020-06-18 16:37:01.046] [INFO] console - 向网关服务器发起HTTP请求: /S_Register {
  id: 1000,
  name: '测试区',
  ip: '127.0.0.1',
  fake: '127.0.0.1',
  port: 8710,
  http_port: 8711
} [Function (anonymous)]
[2020-06-18 16:37:01.049] [INFO] console - 游戏服务器启动完毕，等待命令
[2020-06-18 16:37:01.074] [INFO] console - 游戏服[测试区(1000)], 已经连接
[2020-06-18 16:47:07.717] [INFO] console - 命令行模块启动完毕
[2020-06-18 16:47:08.149] [INFO] console - HTTP模块启动完毕，开始监听127.0.0.1:8711
[2020-06-18 16:47:08.150] [INFO] console - 监控系统启动完毕，监听8813端口
[2020-06-18 16:47:08.150] [INFO] console - 启动游戏模块...
[2020-06-18 16:47:08.151] [INFO] console - SQL: select text, type from qy_notice where serverid = 1000 or serverid = 0 order by time desc limit 30;
[2020-06-18 16:47:08.151] [INFO] console - 通知模块初始化完毕!
[2020-06-18 16:47:08.187] [INFO] console - 地图模块加载完毕!
[2020-06-18 16:47:08.191] [INFO] console - 任务配置模块加载完毕!
[2020-06-18 16:47:08.196] [INFO] console - 世界模块加载完毕！
[2020-06-18 16:47:08.203] [INFO] console - Npc配置模块加载完毕！
[2020-06-18 16:47:08.216] [INFO] console - Npc模块加载完毕！
[2020-06-18 16:47:08.219] [INFO] console - 角色属性模块加载完毕！
[2020-06-18 16:47:08.222] [INFO] console - 物品模块加载完毕！
[2020-06-18 16:47:08.224] [INFO] console - 经验模块加载完毕！
[2020-06-18 16:47:08.230] [INFO] console - 技能模块加载完毕！
[2020-06-18 16:47:08.232] [INFO] console - 技能效果模块加载完毕！
[2020-06-18 16:47:08.267] [INFO] console - SQL: SELECT MAX(EquipID) AS equipid FROM qy_equip_1000;
[2020-06-18 16:47:08.269] [INFO] console - SQL: SELECT * FROM qy_bang WHERE state = 1 and serverid = 1000;
[2020-06-18 16:47:08.270] [INFO] console - SQL: SELECT MAX(bangid) AS bangId FROM qy_bang WHERE serverid = 1000;
[2020-06-18 16:47:08.277] [INFO] console - 怪物模块加载完毕！
[2020-06-18 16:47:08.279] [INFO] console - 商城模块加载完毕!
[2020-06-18 16:47:08.280] [INFO] console - 甄不亏模块加载完毕!
[2020-06-18 16:47:08.281] [INFO] console - SQL: select * from shop_goods
[2020-06-18 16:47:08.282] [INFO] console - 摆摊模块加载完毕!
[2020-06-18 16:47:08.282] [INFO] console - SQL: select roleid, name, relive, level, money, shuilu from qy_role where serverid =  1000
[2020-06-18 16:47:08.282] [INFO] console - 排行榜模块加载完毕!
[2020-06-18 16:47:08.289] [INFO] console - SQL: SELECT MAX(petid) AS petid FROM qy_pet_1000;
[2020-06-18 16:47:08.291] [INFO] console - SQL: SELECT roleid, sum(realmoney) AS rmb FROM charge_record WHERE status = 1 GROUP BY roleid;
[2020-06-18 16:47:08.402] [INFO] console - 伙伴管理模块加载完毕！
[2020-06-18 16:47:08.403] [INFO] console - SQL: SELECT * FROM qy_role
[2020-06-18 16:47:08.404] [INFO] console - 活动模块加载完毕!
[2020-06-18 16:47:08.406] [INFO] console - 彩票模块加载完毕!
[2020-06-18 16:47:08.407] [INFO] console - SQL: select * from qy_relation where status = 0
[2020-06-18 16:47:08.409] [INFO] console - SQL: select max(relationId) as relationId from qy_relation;
[2020-06-18 16:47:08.409] [INFO] console - 关系模块加载完毕
[2020-06-18 16:47:08.571] [INFO] console - 帮派id种子为110618000
[2020-06-18 16:47:08.574] [INFO] console - 帮派模块加载完毕!
[2020-06-18 16:47:08.587] [INFO] console - 装备模块加载完毕！
[2020-06-18 16:47:08.601] [INFO] console - 排行榜模块加载完毕！
[2020-06-18 16:47:08.617] [INFO] console - 充值模块加载完毕！
[2020-06-18 16:47:08.621] [INFO] console - 宠物管理模块加载完毕！
[2020-06-18 16:47:08.623] [INFO] console - 8810 8710
[2020-06-18 16:47:08.625] [INFO] console - 网关代理模块启动完毕，正在监听127.0.0.1:8710
[2020-06-18 16:47:08.626] [INFO] console - 向网关服务器发起HTTP请求: /S_Register {
  id: 1000,
  name: '测试区',
  ip: '127.0.0.1',
  fake: '127.0.0.1',
  port: 8710,
  http_port: 8711
} [Function (anonymous)]
[2020-06-18 16:47:08.631] [INFO] console - 游戏服务器启动完毕，等待命令
[2020-06-18 16:47:08.642] [INFO] console - 游戏服[测试区(1000)], 已经连接
[2020-06-18 16:47:59.174] [INFO] console - 玩家登录...
[2020-06-18 16:48:02.180] [INFO] console - SQL: SELECT qy_account.safecode, qy_role.* FROM qy_account, qy_role WHERE qy_role.roleid = 157861 and qy_account.accountid = qy_role.accountid;
[2020-06-18 16:48:02.206] [INFO] console - SQL: SELECT * FROM qy_equip_1000 WHERE RoleID = 157861 AND state != 0;
[2020-06-18 16:48:02.227] [INFO] console - SQL: SELECT * FROM dhxy_mount WHERE roleid=157861;
[2020-06-18 16:48:02.249] [INFO] console - 玩家[灵哈鸿鸿157861]等级改变，当前1级
[2020-06-18 16:48:02.252] [INFO] console - SQL: SELECT * FROM qy_pet_1000 WHERE roleid = 157861 and state = 1 limit 20
[2020-06-18 16:48:02.261] [ERROR] console - DB Error Catch!
[2020-06-18 16:48:02.262] [ERROR] console - SELECT * FROM dhxy_mount WHERE roleid=157861;
[2020-06-18 16:48:02.276] [ERROR] console - An uncaught error occurred!
[2020-06-18 16:48:02.276] [ERROR] console - TypeError: Cannot read property 'stack' of null
    at Socket.<anonymous> (/Users/brightli/Documents/work/server/dhxy_1.1.0/utils/DBForm.ts:48:26)
    at Socket.<anonymous> (/Users/brightli/Documents/work/server/dhxy_1.1.0/node_modules/socket.io-client/node_modules/component-emitter/index.js:133:20)
    at Socket.onevent (/Users/brightli/Documents/work/server/dhxy_1.1.0/node_modules/socket.io-client/lib/socket.js:270:10)
    at Socket.onpacket (/Users/brightli/Documents/work/server/dhxy_1.1.0/node_modules/socket.io-client/lib/socket.js:228:12)
    at Manager.<anonymous> (/Users/brightli/Documents/work/server/dhxy_1.1.0/node_modules/component-bind/index.js:21:15)
    at Manager.emit (/Users/brightli/Documents/work/server/dhxy_1.1.0/node_modules/socket.io-client/node_modules/component-emitter/index.js:133:20)
    at Manager.ondecoded (/Users/brightli/Documents/work/server/dhxy_1.1.0/node_modules/socket.io-client/lib/manager.js:332:8)
    at Decoder.<anonymous> (/Users/brightli/Documents/work/server/dhxy_1.1.0/node_modules/component-bind/index.js:21:15)
    at Decoder.emit (/Users/brightli/Documents/work/server/dhxy_1.1.0/node_modules/component-emitter/index.js:134:20)
    at Decoder.add (/Users/brightli/Documents/work/server/dhxy_1.1.0/node_modules/socket.io-parser/index.js:246:12)
[2020-06-18 16:48:06.143] [INFO] console - 玩家[灵哈鸿鸿(157861)], 任务刷新 于2020-06-18 16:48:06 
[2020-06-18 16:48:06.144] [INFO] console - SQL: UPDATE qy_role SET lastonline = FROM_UNIXTIME(1592470085) WHERE roleid =157861;
[2020-06-18 16:48:06.241] [INFO] console - SQL: INSERT INTO qy_equip_1000(EquipID, EquipType, BaseAttr, Grade, EIndex, Shuxingxuqiu, Type, GemCnt, LianhuaAttr, RoleID, create_time, pos) VALUES(96, 0, '{"16":"25","34":"1000"}', 1, 1, '{}', 13111101, 0, '{}', 157861, NOW(), 3);
[2020-06-18 16:48:06.245] [INFO] console - SQL: INSERT INTO qy_equip_1000(EquipID, EquipType, BaseAttr, Grade, EIndex, Shuxingxuqiu, Type, GemCnt, LianhuaAttr, RoleID, create_time, pos) VALUES(97, 0, '{"13":"10","31":"1400","33":"1400"}', 1, 2, '{}', 13120101, 0, '{}', 157861, NOW(), 3);
[2020-06-18 16:48:06.277] [INFO] console - SQL: INSERT INTO qy_equip_1000(EquipID, EquipType, BaseAttr, Grade, EIndex, Shuxingxuqiu, Type, GemCnt, LianhuaAttr, RoleID, create_time, pos) VALUES(98, 0, '{"13":"100","16":"5"}', 1, 3, '{}', 13131101, 0, '{}', 157861, NOW(), 3);
[2020-06-18 16:48:06.280] [INFO] console - SQL: INSERT INTO qy_equip_1000(EquipID, EquipType, BaseAttr, Grade, EIndex, Shuxingxuqiu, Type, GemCnt, LianhuaAttr, RoleID, create_time, pos) VALUES(99, 0, '{"13":"100","16":"5"}', 1, 4, '{}', 13141101, 0, '{}', 157861, NOW(), 3);
[2020-06-18 16:48:06.286] [INFO] console - SQL: INSERT INTO qy_equip_1000(EquipID, EquipType, BaseAttr, Grade, EIndex, Shuxingxuqiu, Type, GemCnt, LianhuaAttr, RoleID, create_time, pos) VALUES(100, 0, '{"13":"100","35":"10"}', 1, 5, '{}', 13150101, 0, '{}', 157861, NOW(), 3);
[2020-06-18 16:50:32.061] [INFO] console - agent[1000] socket, close
[2020-06-18 16:51:01.433] [ERROR] console - DB Error Catch!
[2020-06-18 16:51:01.434] [ERROR] console - SELECT * FROM dhxy_mount WHERE roleid=157861;
[2020-06-18 16:51:01.779] [ERROR] console - An uncaught error occurred!
[2020-06-18 16:51:01.779] [ERROR] console - TypeError: Cannot read property 'stack' of null
    at Socket.<anonymous> (/Users/brightli/Documents/work/server/dhxy_1.1.0/utils/DBForm.ts:48:26)
    at Socket.<anonymous> (/Users/brightli/Documents/work/server/dhxy_1.1.0/node_modules/socket.io-client/node_modules/component-emitter/index.js:133:20)
    at Socket.onevent (/Users/brightli/Documents/work/server/dhxy_1.1.0/node_modules/socket.io-client/lib/socket.js:270:10)
    at Socket.onpacket (/Users/brightli/Documents/work/server/dhxy_1.1.0/node_modules/socket.io-client/lib/socket.js:228:12)
    at Manager.<anonymous> (/Users/brightli/Documents/work/server/dhxy_1.1.0/node_modules/component-bind/index.js:21:15)
    at Manager.emit (/Users/brightli/Documents/work/server/dhxy_1.1.0/node_modules/socket.io-client/node_modules/component-emitter/index.js:133:20)
    at Manager.ondecoded (/Users/brightli/Documents/work/server/dhxy_1.1.0/node_modules/socket.io-client/lib/manager.js:332:8)
    at Decoder.<anonymous> (/Users/brightli/Documents/work/server/dhxy_1.1.0/node_modules/component-bind/index.js:21:15)
    at Decoder.emit (/Users/brightli/Documents/work/server/dhxy_1.1.0/node_modules/component-emitter/index.js:134:20)
    at Decoder.add (/Users/brightli/Documents/work/server/dhxy_1.1.0/node_modules/socket.io-parser/index.js:246:12)
[2020-06-18 16:52:11.334] [INFO] console - 命令行模块启动完毕
[2020-06-18 16:52:11.738] [INFO] console - HTTP模块启动完毕，开始监听127.0.0.1:8711
[2020-06-18 16:52:11.739] [INFO] console - 监控系统启动完毕，监听8813端口
[2020-06-18 16:52:11.739] [INFO] console - 启动游戏模块...
[2020-06-18 16:52:11.740] [INFO] console - SQL: select text, type from qy_notice where serverid = 1000 or serverid = 0 order by time desc limit 30;
[2020-06-18 16:52:11.740] [INFO] console - 通知模块初始化完毕!
[2020-06-18 16:52:11.774] [INFO] console - 地图模块加载完毕!
[2020-06-18 16:52:11.779] [INFO] console - 任务配置模块加载完毕!
[2020-06-18 16:52:11.784] [INFO] console - 世界模块加载完毕！
[2020-06-18 16:52:11.787] [INFO] console - Npc配置模块加载完毕！
[2020-06-18 16:52:11.794] [INFO] console - Npc模块加载完毕！
[2020-06-18 16:52:11.796] [INFO] console - 角色属性模块加载完毕！
[2020-06-18 16:52:11.799] [INFO] console - 物品模块加载完毕！
[2020-06-18 16:52:11.800] [INFO] console - 经验模块加载完毕！
[2020-06-18 16:52:11.803] [INFO] console - 技能模块加载完毕！
[2020-06-18 16:52:11.805] [INFO] console - 技能效果模块加载完毕！
[2020-06-18 16:52:11.848] [INFO] console - SQL: SELECT MAX(EquipID) AS equipid FROM qy_equip_1000;
[2020-06-18 16:52:11.849] [INFO] console - SQL: SELECT * FROM qy_bang WHERE state = 1 and serverid = 1000;
[2020-06-18 16:52:11.849] [INFO] console - SQL: SELECT MAX(bangid) AS bangId FROM qy_bang WHERE serverid = 1000;
[2020-06-18 16:52:11.858] [INFO] console - 怪物模块加载完毕！
[2020-06-18 16:52:11.860] [INFO] console - 商城模块加载完毕!
[2020-06-18 16:52:11.861] [INFO] console - 甄不亏模块加载完毕!
[2020-06-18 16:52:11.862] [INFO] console - SQL: select * from shop_goods
[2020-06-18 16:52:11.862] [INFO] console - 摆摊模块加载完毕!
[2020-06-18 16:52:11.862] [INFO] console - SQL: select roleid, name, relive, level, money, shuilu from qy_role where serverid =  1000
[2020-06-18 16:52:11.863] [INFO] console - 排行榜模块加载完毕!
[2020-06-18 16:52:11.866] [INFO] console - SQL: SELECT MAX(petid) AS petid FROM qy_pet_1000;
[2020-06-18 16:52:11.866] [INFO] console - SQL: SELECT roleid, sum(realmoney) AS rmb FROM charge_record WHERE status = 1 GROUP BY roleid;
[2020-06-18 16:52:11.961] [INFO] console - 伙伴管理模块加载完毕！
[2020-06-18 16:52:11.962] [INFO] console - SQL: SELECT * FROM qy_role
[2020-06-18 16:52:11.963] [INFO] console - 活动模块加载完毕!
[2020-06-18 16:52:11.964] [INFO] console - 彩票模块加载完毕!
[2020-06-18 16:52:11.964] [INFO] console - SQL: select * from qy_relation where status = 0
[2020-06-18 16:52:11.965] [INFO] console - SQL: select max(relationId) as relationId from qy_relation;
[2020-06-18 16:52:11.965] [INFO] console - 关系模块加载完毕
[2020-06-18 16:52:12.125] [INFO] console - 装备模块加载完毕！
[2020-06-18 16:52:12.127] [INFO] console - 帮派id种子为110618000
[2020-06-18 16:52:12.129] [INFO] console - 帮派模块加载完毕!
[2020-06-18 16:52:12.131] [INFO] console - 排行榜模块加载完毕！
[2020-06-18 16:52:12.146] [INFO] console - 充值模块加载完毕！
[2020-06-18 16:52:12.161] [INFO] console - 宠物管理模块加载完毕！
[2020-06-18 16:52:12.164] [INFO] console - 8810 8710
[2020-06-18 16:52:12.165] [INFO] console - 网关代理模块启动完毕，正在监听127.0.0.1:8710
[2020-06-18 16:52:12.166] [INFO] console - 向网关服务器发起HTTP请求: /S_Register {
  id: 1000,
  name: '测试区',
  ip: '127.0.0.1',
  fake: '127.0.0.1',
  port: 8710,
  http_port: 8711
} [Function (anonymous)]
[2020-06-18 16:52:12.172] [INFO] console - 游戏服务器启动完毕，等待命令
[2020-06-18 16:52:12.184] [INFO] console - 游戏服[测试区(1000)], 已经连接
[2020-06-18 16:53:44.677] [INFO] console - 命令行模块启动完毕
[2020-06-18 16:53:45.103] [INFO] console - HTTP模块启动完毕，开始监听127.0.0.1:8711
[2020-06-18 16:53:45.104] [INFO] console - 监控系统启动完毕，监听8813端口
[2020-06-18 16:53:45.105] [INFO] console - 启动游戏模块...
[2020-06-18 16:53:45.106] [INFO] console - SQL: select text, type from qy_notice where serverid = 1000 or serverid = 0 order by time desc limit 30;
[2020-06-18 16:53:45.106] [INFO] console - 通知模块初始化完毕!
[2020-06-18 16:53:45.141] [INFO] console - 地图模块加载完毕!
[2020-06-18 16:53:45.146] [INFO] console - 任务配置模块加载完毕!
[2020-06-18 16:53:45.151] [INFO] console - 世界模块加载完毕！
[2020-06-18 16:53:45.157] [INFO] console - Npc配置模块加载完毕！
[2020-06-18 16:53:45.170] [INFO] console - Npc模块加载完毕！
[2020-06-18 16:53:45.172] [INFO] console - 角色属性模块加载完毕！
[2020-06-18 16:53:45.175] [INFO] console - 物品模块加载完毕！
[2020-06-18 16:53:45.176] [INFO] console - 经验模块加载完毕！
[2020-06-18 16:53:45.184] [INFO] console - 技能模块加载完毕！
[2020-06-18 16:53:45.186] [INFO] console - 技能效果模块加载完毕！
[2020-06-18 16:53:45.221] [INFO] console - SQL: SELECT MAX(EquipID) AS equipid FROM qy_equip_1000;
[2020-06-18 16:53:45.221] [INFO] console - SQL: SELECT * FROM qy_bang WHERE state = 1 and serverid = 1000;
[2020-06-18 16:53:45.222] [INFO] console - SQL: SELECT MAX(bangid) AS bangId FROM qy_bang WHERE serverid = 1000;
[2020-06-18 16:53:45.228] [INFO] console - 怪物模块加载完毕！
[2020-06-18 16:53:45.230] [INFO] console - 商城模块加载完毕!
[2020-06-18 16:53:45.232] [INFO] console - 甄不亏模块加载完毕!
[2020-06-18 16:53:45.232] [INFO] console - SQL: select * from shop_goods
[2020-06-18 16:53:45.233] [INFO] console - 摆摊模块加载完毕!
[2020-06-18 16:53:45.234] [INFO] console - SQL: select roleid, name, relive, level, money, shuilu from qy_role where serverid =  1000
[2020-06-18 16:53:45.234] [INFO] console - 排行榜模块加载完毕!
[2020-06-18 16:53:45.237] [INFO] console - SQL: SELECT MAX(petid) AS petid FROM qy_pet_1000;
[2020-06-18 16:53:45.239] [INFO] console - SQL: SELECT roleid, sum(realmoney) AS rmb FROM charge_record WHERE status = 1 GROUP BY roleid;
[2020-06-18 16:53:45.327] [INFO] console - 伙伴管理模块加载完毕！
[2020-06-18 16:53:45.328] [INFO] console - SQL: SELECT * FROM qy_role
[2020-06-18 16:53:45.328] [INFO] console - 活动模块加载完毕!
[2020-06-18 16:53:45.329] [INFO] console - 彩票模块加载完毕!
[2020-06-18 16:53:45.330] [INFO] console - SQL: select * from qy_relation where status = 0
[2020-06-18 16:53:45.331] [INFO] console - SQL: select max(relationId) as relationId from qy_relation;
[2020-06-18 16:53:45.332] [INFO] console - 关系模块加载完毕
[2020-06-18 16:53:45.502] [INFO] console - 装备模块加载完毕！
[2020-06-18 16:53:45.504] [INFO] console - 帮派模块加载完毕!
[2020-06-18 16:53:45.506] [INFO] console - 帮派id种子为110618000
[2020-06-18 16:53:45.508] [INFO] console - 排行榜模块加载完毕！
[2020-06-18 16:53:45.521] [INFO] console - 宠物管理模块加载完毕！
[2020-06-18 16:53:45.523] [INFO] console - 充值模块加载完毕！
[2020-06-18 16:53:45.524] [INFO] console - 8810 8710
[2020-06-18 16:53:45.525] [INFO] console - 网关代理模块启动完毕，正在监听127.0.0.1:8710
[2020-06-18 16:53:45.526] [INFO] console - 向网关服务器发起HTTP请求: /S_Register {
  id: 1000,
  name: '测试区',
  ip: '127.0.0.1',
  fake: '127.0.0.1',
  port: 8710,
  http_port: 8711
} [Function (anonymous)]
[2020-06-18 16:53:45.529] [INFO] console - 游戏服务器启动完毕，等待命令
[2020-06-18 16:53:45.537] [INFO] console - 游戏服[测试区(1000)], 已经连接
[2020-06-18 16:53:50.373] [INFO] console - 玩家登录...
[2020-06-18 16:53:53.379] [INFO] console - SQL: SELECT qy_account.safecode, qy_role.* FROM qy_account, qy_role WHERE qy_role.roleid = 157861 and qy_account.accountid = qy_role.accountid;
[2020-06-18 16:53:53.437] [INFO] console - SQL: SELECT * FROM qy_equip_1000 WHERE RoleID = 157861 AND state != 0;
[2020-06-18 16:53:53.460] [INFO] console - SQL: SELECT * FROM dhxy_mount WHERE roleid=157861;
[2020-06-18 16:53:53.483] [INFO] console - 玩家[灵哈鸿鸿157861]等级改变，当前1级
