[2020-06-15 00:00:42.756] [INFO] console - 玩家[曼轩鸿痴(157859)], 任务刷新 于2020-06-15 00:00:42 
[2020-06-15 00:15:06.951] [INFO] console - agent[1001] socket, close
[2020-06-15 00:15:33.555] [INFO] console - 玩家[曼轩鸿痴(157859)], 任务刷新 于2020-06-15 00:15:33 
[2020-06-15 00:15:33.556] [INFO] console - SQL: UPDATE qy_role SET lastonline = FROM_UNIXTIME(1592151300) WHERE roleid =157859;
[2020-06-15 00:36:25.338] [INFO] console - agent[1002] socket, close
[2020-06-15 00:37:16.615] [INFO] console - SQL: UPDATE qy_role SET lastonline = FROM_UNIXTIME(1592152584) WHERE roleid =157859;
[2020-06-15 00:39:36.294] [INFO] console - agent[1003] socket, close
[2020-06-15 00:40:07.804] [INFO] console - SQL: UPDATE qy_role SET lastonline = FROM_UNIXTIME(1592152753) WHERE roleid =157859;
[2020-06-15 00:40:21.840] [INFO] console - SQL: SELECT mountid from dhxy_mount WHERE roleid = 157859 AND mountid=59;
[2020-06-15 00:40:21.866] [INFO] console - SQL: UPDATE qy_role SET mountid=59 WHERE roleid=157859;
[2020-06-15 00:42:03.824] [INFO] console - agent[1004] socket, close
[2020-06-15 00:42:16.494] [INFO] console - SQL: UPDATE qy_role SET lastonline = FROM_UNIXTIME(1592152880) WHERE roleid =157859;
[2020-06-15 00:44:55.155] [INFO] console - agent[1005] socket, close
[2020-06-15 00:45:05.391] [INFO] console - SQL: UPDATE qy_role SET lastonline = FROM_UNIXTIME(1592153046) WHERE roleid =157859;
[2020-06-15 00:51:12.117] [INFO] console - agent[1006] socket, close
[2020-06-15 00:52:20.666] [INFO] console - 玩家登录...
[2020-06-15 00:52:23.676] [INFO] console - SQL: SELECT qy_account.safecode, qy_role.* FROM qy_account, qy_role WHERE qy_role.roleid = 157860 and qy_account.accountid = qy_role.accountid;
[2020-06-15 00:52:23.709] [INFO] console - SQL: SELECT * FROM qy_equip_1000 WHERE RoleID = 157860 AND state != 0;
[2020-06-15 00:52:23.733] [INFO] console - SQL: SELECT * FROM dhxy_mount WHERE roleid=157860;
[2020-06-15 00:52:23.774] [INFO] console - 玩家[巧曼伟157860]等级改变，当前1级
[2020-06-15 00:52:23.784] [INFO] console - SQL: SELECT * FROM qy_pet_1000 WHERE roleid = 157860 and state = 1 limit 20
[2020-06-15 00:52:25.796] [INFO] console - 玩家[巧曼伟(157860)], 任务刷新 于2020-06-15 00:52:25 
[2020-06-15 00:52:25.799] [INFO] console - SQL: UPDATE qy_role SET lastonline = FROM_UNIXTIME(1592153480) WHERE roleid =157860;
[2020-06-15 00:52:25.848] [INFO] console - SQL: INSERT INTO qy_equip_1000(EquipID, EquipType, BaseAttr, Grade, EIndex, Shuxingxuqiu, Type, GemCnt, LianhuaAttr, RoleID, create_time, pos) VALUES(91, 0, '{"20":"42","34":"1000"}', 1, 1, '{}', 13111106, 0, '{}', 157860, NOW(), 3);
[2020-06-15 00:52:25.851] [INFO] console - SQL: INSERT INTO qy_equip_1000(EquipID, EquipType, BaseAttr, Grade, EIndex, Shuxingxuqiu, Type, GemCnt, LianhuaAttr, RoleID, create_time, pos) VALUES(92, 0, '{"13":"10","31":"1400","33":"1400"}', 1, 2, '{}', 13120101, 0, '{}', 157860, NOW(), 3);
[2020-06-15 00:52:25.855] [INFO] console - SQL: INSERT INTO qy_equip_1000(EquipID, EquipType, BaseAttr, Grade, EIndex, Shuxingxuqiu, Type, GemCnt, LianhuaAttr, RoleID, create_time, pos) VALUES(93, 0, '{"13":"100","27":"2"}', 1, 3, '{}', 13135101, 0, '{}', 157860, NOW(), 3);
[2020-06-15 00:52:25.858] [INFO] console - SQL: INSERT INTO qy_equip_1000(EquipID, EquipType, BaseAttr, Grade, EIndex, Shuxingxuqiu, Type, GemCnt, LianhuaAttr, RoleID, create_time, pos) VALUES(94, 0, '{"13":"100","27":"2"}', 1, 4, '{}', 13145101, 0, '{}', 157860, NOW(), 3);
[2020-06-15 00:52:25.860] [INFO] console - SQL: INSERT INTO qy_equip_1000(EquipID, EquipType, BaseAttr, Grade, EIndex, Shuxingxuqiu, Type, GemCnt, LianhuaAttr, RoleID, create_time, pos) VALUES(95, 0, '{"13":"100","35":"10"}', 1, 5, '{}', 13150101, 0, '{}', 157860, NOW(), 3);
[2020-06-15 00:52:30.991] [INFO] console - SQL: INSERT INTO qy_pet_1000(petid, name, resid, dataid, grade, roleid, rate, hp, mp, atk, spd, wuxing, create_time) VALUES(10, '小黄金兽', 5021, 1004, 0, 157860, 10693, 38, 0, 46, 0, '{}', NOW());
[2020-06-15 00:52:30.996] [INFO] console - SQL: UPDATE qy_role SET getpet = 1 WHERE roleid =157860
[2020-06-15 00:52:30.997] [INFO] console - 玩家[巧曼伟157860]获得宠物[小黄金兽(10)] 
[2020-06-15 00:54:51.669] [INFO] console - SQL: SELECT mountid from dhxy_mount WHERE roleid = 157860 AND mountid=64;
[2020-06-15 00:54:51.702] [INFO] console - SQL: UPDATE qy_role SET mountid=64 WHERE roleid=157860;
[2020-06-15 00:59:55.547] [INFO] console - agent[1007] socket, close
