[2020-06-11 22:02:10.827] [INFO] console - SQL: select max(schemeId) as schemeId from qy_scheme;
[2020-06-11 22:02:10.837] [INFO] console - agent[1005] socket, close
[2020-06-11 22:02:15.505] [INFO] console - agent[1004] socket, close
[2020-06-11 22:03:10.832] [INFO] console - SQL: select max(schemeId) as schemeId from qy_scheme;
[2020-06-11 22:05:35.980] [INFO] console - SQL: select max(schemeId) as schemeId from qy_scheme;
[2020-06-11 22:05:41.120] [INFO] console - agent[1006] socket, close
[2020-06-11 22:05:41.122] [INFO] console - agent[1007] socket, close
[2020-06-11 22:06:35.985] [INFO] console - SQL: select max(schemeId) as schemeId from qy_scheme;
[2020-06-11 22:07:35.989] [INFO] console - SQL: select max(schemeId) as schemeId from qy_scheme;
[2020-06-11 22:08:35.993] [INFO] console - SQL: select max(schemeId) as schemeId from qy_scheme;
[2020-06-11 22:09:35.999] [INFO] console - SQL: select max(schemeId) as schemeId from qy_scheme;
[2020-06-11 22:10:36.004] [INFO] console - SQL: select max(schemeId) as schemeId from qy_scheme;
[2020-06-11 22:11:36.005] [INFO] console - SQL: select max(schemeId) as schemeId from qy_scheme;
[2020-06-11 22:12:58.438] [INFO] console - SQL: select max(schemeId) as schemeId from qy_scheme;
[2020-06-11 22:13:08.826] [INFO] console - agent[1008] socket, close
[2020-06-11 22:13:08.828] [INFO] console - agent[1009] socket, close
[2020-06-11 22:17:42.936] [INFO] console - SQL: select max(schemeId) as schemeId from qy_scheme;
[2020-06-11 22:17:42.939] [INFO] console - agent[1010] socket, close
[2020-06-11 22:17:42.940] [INFO] console - agent[1011] socket, close
[2020-06-11 22:19:45.598] [INFO] console - 命令行模块启动完毕
[2020-06-11 22:19:46.062] [INFO] console - HTTP模块启动完毕，开始监听127.0.0.1:8811
[2020-06-11 22:19:46.063] [INFO] console - 监控系统启动完毕，监听8812端口
[2020-06-11 22:19:46.064] [INFO] console - 启动游戏模块...
[2020-06-11 22:19:46.064] [INFO] console - SQL: select text, type from qy_notice where serverid = 1000 or serverid = 0 order by time desc limit 30;
[2020-06-11 22:19:46.065] [INFO] console - 通知模块初始化完毕!
[2020-06-11 22:19:46.096] [INFO] console - 地图模块加载完毕!
[2020-06-11 22:19:46.106] [INFO] console - 任务配置模块加载完毕!
[2020-06-11 22:19:46.110] [INFO] console - 世界模块加载完毕！
[2020-06-11 22:19:46.114] [INFO] console - Npc配置模块加载完毕！
[2020-06-11 22:19:46.129] [INFO] console - Npc模块加载完毕！
[2020-06-11 22:19:46.134] [INFO] console - 角色属性模块加载完毕！
[2020-06-11 22:19:46.137] [INFO] console - 物品模块加载完毕！
[2020-06-11 22:19:46.138] [INFO] console - 经验模块加载完毕！
[2020-06-11 22:19:46.141] [INFO] console - 技能模块加载完毕！
[2020-06-11 22:19:46.142] [INFO] console - 技能效果模块加载完毕！
[2020-06-11 22:19:46.181] [INFO] console - SQL: SELECT MAX(EquipID) AS equipid FROM qy_equip_1000;
[2020-06-11 22:19:46.182] [INFO] console - SQL: SELECT * FROM qy_bang WHERE state = 1 and serverid = 1000;
[2020-06-11 22:19:46.185] [INFO] console - SQL: SELECT MAX(bangid) AS bangId FROM qy_bang WHERE serverid = 1000;
[2020-06-11 22:19:46.191] [INFO] console - 怪物模块加载完毕！
[2020-06-11 22:19:46.193] [INFO] console - 商城模块加载完毕!
[2020-06-11 22:19:46.195] [INFO] console - 甄不亏模块加载完毕!
[2020-06-11 22:19:46.196] [INFO] console - SQL: select * from shop_goods
[2020-06-11 22:19:46.196] [INFO] console - 摆摊模块加载完毕!
[2020-06-11 22:19:46.196] [INFO] console - SQL: select roleid, name, relive, level, money, shuilu from qy_role where serverid =  1000
[2020-06-11 22:19:46.197] [INFO] console - 排行榜模块加载完毕!
[2020-06-11 22:19:46.200] [INFO] console - SQL: SELECT MAX(petid) AS petid FROM qy_pet_1000;
[2020-06-11 22:19:46.201] [INFO] console - SQL: SELECT roleid, sum(realmoney) AS rmb FROM charge_record WHERE status = 1 GROUP BY roleid;
[2020-06-11 22:19:46.270] [INFO] console - 伙伴管理模块加载完毕！
[2020-06-11 22:19:46.271] [INFO] console - SQL: SELECT * FROM qy_role
[2020-06-11 22:19:46.272] [INFO] console - 活动模块加载完毕!
[2020-06-11 22:19:46.273] [INFO] console - 彩票模块加载完毕!
[2020-06-11 22:19:46.273] [INFO] console - SQL: select * from qy_relation where status = 0
[2020-06-11 22:19:46.274] [INFO] console - SQL: select max(relationId) as relationId from qy_relation;
[2020-06-11 22:19:46.274] [INFO] console - 关系模块加载完毕
[2020-06-11 22:19:46.328] [INFO] console - 装备模块加载完毕！
[2020-06-11 22:19:46.330] [INFO] console - 帮派模块加载完毕!
[2020-06-11 22:19:46.332] [INFO] console - 帮派id种子为110611000
[2020-06-11 22:19:46.338] [INFO] console - 宠物管理模块加载完毕！
[2020-06-11 22:19:46.342] [INFO] console - 排行榜模块加载完毕！
[2020-06-11 22:19:46.354] [INFO] console - 充值模块加载完毕！
[2020-06-11 22:19:46.357] [INFO] console - 8810 8810
[2020-06-11 22:19:46.364] [INFO] console - 网关代理模块启动完毕，正在监听127.0.0.1:8810
[2020-06-11 22:19:46.369] [INFO] console - 向网关服务器发起HTTP请求: /S_Register {
  id: 1000,
  name: '测试区',
  ip: '127.0.0.1',
  fake: '127.0.0.1',
  port: 8810,
  http_port: 8811
} [Function (anonymous)]
[2020-06-11 22:19:46.373] [INFO] console - 游戏服务器启动完毕，等待命令
[2020-06-11 22:19:46.386] [INFO] console - 游戏服[测试区(1000)], 已经连接
[2020-06-11 22:21:47.589] [INFO] console - do login....
[2020-06-11 22:21:50.593] [INFO] console - SQL: SELECT qy_account.safecode, qy_role.* FROM qy_account, qy_role WHERE qy_role.roleid = 157842 and qy_account.accountid = qy_role.accountid;
[2020-06-11 22:21:50.622] [INFO] console - SQL: SELECT * FROM qy_equip_1000 WHERE RoleID = 157842 AND state != 0;
[2020-06-11 22:30:27.944] [INFO] console - 玩家[智容绿寄157842]等级改变，当前1级
[2020-06-11 22:30:27.947] [INFO] console - SQL: SELECT * FROM qy_pet_1000 WHERE roleid = 157842 and state = 1 limit 20
[2020-06-11 22:30:27.949] [INFO] console - SQL: select * from qy_scheme where roleId = 157842
[2020-06-11 22:30:27.950] [INFO] console - SQL: select max(schemeId) as schemeId from qy_scheme;
[2020-06-11 22:30:38.000] [INFO] console - agent[1000] socket, close
[2020-06-11 22:30:38.005] [INFO] console - agent[1001] socket, close
[2020-06-11 22:31:27.957] [INFO] console - SQL: select max(schemeId) as schemeId from qy_scheme;
[2020-06-11 22:31:41.227] [INFO] console - 命令行模块启动完毕
[2020-06-11 22:31:41.685] [INFO] console - HTTP模块启动完毕，开始监听127.0.0.1:8811
[2020-06-11 22:31:41.686] [INFO] console - 监控系统启动完毕，监听8812端口
[2020-06-11 22:31:41.687] [INFO] console - 启动游戏模块...
[2020-06-11 22:31:41.688] [INFO] console - SQL: select text, type from qy_notice where serverid = 1000 or serverid = 0 order by time desc limit 30;
[2020-06-11 22:31:41.688] [INFO] console - 通知模块初始化完毕!
[2020-06-11 22:31:41.719] [INFO] console - 地图模块加载完毕!
[2020-06-11 22:31:41.724] [INFO] console - 任务配置模块加载完毕!
[2020-06-11 22:31:41.730] [INFO] console - 世界模块加载完毕！
[2020-06-11 22:31:41.734] [INFO] console - Npc配置模块加载完毕！
[2020-06-11 22:31:41.749] [INFO] console - Npc模块加载完毕！
[2020-06-11 22:31:41.753] [INFO] console - 角色属性模块加载完毕！
[2020-06-11 22:31:41.757] [INFO] console - 物品模块加载完毕！
[2020-06-11 22:31:41.760] [INFO] console - 经验模块加载完毕！
[2020-06-11 22:31:41.765] [INFO] console - 技能模块加载完毕！
[2020-06-11 22:31:41.767] [INFO] console - 技能效果模块加载完毕！
[2020-06-11 22:31:41.806] [INFO] console - SQL: SELECT MAX(EquipID) AS equipid FROM qy_equip_1000;
[2020-06-11 22:31:41.808] [INFO] console - SQL: SELECT * FROM qy_bang WHERE state = 1 and serverid = 1000;
[2020-06-11 22:31:41.809] [INFO] console - SQL: SELECT MAX(bangid) AS bangId FROM qy_bang WHERE serverid = 1000;
[2020-06-11 22:31:41.815] [INFO] console - 怪物模块加载完毕！
[2020-06-11 22:31:41.817] [INFO] console - 商城模块加载完毕!
[2020-06-11 22:31:41.818] [INFO] console - 甄不亏模块加载完毕!
[2020-06-11 22:31:41.819] [INFO] console - SQL: select * from shop_goods
[2020-06-11 22:31:41.819] [INFO] console - 摆摊模块加载完毕!
[2020-06-11 22:31:41.820] [INFO] console - SQL: select roleid, name, relive, level, money, shuilu from qy_role where serverid =  1000
[2020-06-11 22:31:41.820] [INFO] console - 排行榜模块加载完毕!
[2020-06-11 22:31:41.822] [INFO] console - SQL: SELECT MAX(petid) AS petid FROM qy_pet_1000;
[2020-06-11 22:31:41.823] [INFO] console - SQL: SELECT roleid, sum(realmoney) AS rmb FROM charge_record WHERE status = 1 GROUP BY roleid;
[2020-06-11 22:31:41.894] [INFO] console - 伙伴管理模块加载完毕！
[2020-06-11 22:31:41.894] [INFO] console - SQL: SELECT * FROM qy_role
[2020-06-11 22:31:41.895] [INFO] console - 活动模块加载完毕!
[2020-06-11 22:31:41.896] [INFO] console - 彩票模块加载完毕!
[2020-06-11 22:31:41.897] [INFO] console - SQL: select * from qy_relation where status = 0
[2020-06-11 22:31:41.897] [INFO] console - SQL: select max(relationId) as relationId from qy_relation;
[2020-06-11 22:31:41.897] [INFO] console - 关系模块加载完毕
[2020-06-11 22:31:41.942] [INFO] console - 装备模块加载完毕！
[2020-06-11 22:31:41.953] [INFO] console - 帮派模块加载完毕!
[2020-06-11 22:31:41.956] [INFO] console - 帮派id种子为110611000
[2020-06-11 22:31:41.961] [INFO] console - 排行榜模块加载完毕！
[2020-06-11 22:31:41.969] [INFO] console - 宠物管理模块加载完毕！
[2020-06-11 22:31:41.973] [INFO] console - 充值模块加载完毕！
[2020-06-11 22:31:41.976] [INFO] console - 8810 8810
[2020-06-11 22:31:41.991] [INFO] console - 网关代理模块启动完毕，正在监听127.0.0.1:8810
[2020-06-11 22:31:41.992] [INFO] console - 向网关服务器发起HTTP请求: /S_Register {
  id: 1000,
  name: '测试区',
  ip: '127.0.0.1',
  fake: '127.0.0.1',
  port: 8810,
  http_port: 8811
} [Function (anonymous)]
[2020-06-11 22:31:41.998] [INFO] console - 游戏服务器启动完毕，等待命令
[2020-06-11 22:31:42.008] [INFO] console - 游戏服[测试区(1000)], 已经连接
[2020-06-11 22:32:16.259] [INFO] console - do login....
[2020-06-11 22:32:19.263] [INFO] console - SQL: SELECT qy_account.safecode, qy_role.* FROM qy_account, qy_role WHERE qy_role.roleid = 157842 and qy_account.accountid = qy_role.accountid;
[2020-06-11 22:32:19.294] [INFO] console - SQL: SELECT * FROM qy_equip_1000 WHERE RoleID = 157842 AND state != 0;
[2020-06-11 22:39:31.789] [INFO] console - 命令行模块启动完毕
[2020-06-11 22:39:32.166] [INFO] console - HTTP模块启动完毕，开始监听127.0.0.1:8811
[2020-06-11 22:39:32.167] [INFO] console - 监控系统启动完毕，监听8812端口
[2020-06-11 22:39:32.167] [INFO] console - 启动游戏模块...
[2020-06-11 22:39:32.168] [INFO] console - SQL: select text, type from qy_notice where serverid = 1000 or serverid = 0 order by time desc limit 30;
[2020-06-11 22:39:32.168] [INFO] console - 通知模块初始化完毕!
[2020-06-11 22:39:32.196] [INFO] console - 地图模块加载完毕!
[2020-06-11 22:39:32.200] [INFO] console - 任务配置模块加载完毕!
[2020-06-11 22:39:32.204] [INFO] console - 世界模块加载完毕！
[2020-06-11 22:39:32.209] [INFO] console - Npc配置模块加载完毕！
[2020-06-11 22:39:32.219] [INFO] console - Npc模块加载完毕！
[2020-06-11 22:39:32.222] [INFO] console - 角色属性模块加载完毕！
[2020-06-11 22:39:32.225] [INFO] console - 物品模块加载完毕！
[2020-06-11 22:39:32.226] [INFO] console - 经验模块加载完毕！
[2020-06-11 22:39:32.228] [INFO] console - 技能模块加载完毕！
[2020-06-11 22:39:32.229] [INFO] console - 技能效果模块加载完毕！
[2020-06-11 22:39:32.264] [INFO] console - SQL: SELECT MAX(EquipID) AS equipid FROM qy_equip_1000;
[2020-06-11 22:39:32.265] [INFO] console - SQL: SELECT * FROM qy_bang WHERE state = 1 and serverid = 1000;
[2020-06-11 22:39:32.266] [INFO] console - SQL: SELECT MAX(bangid) AS bangId FROM qy_bang WHERE serverid = 1000;
[2020-06-11 22:39:32.272] [INFO] console - 怪物模块加载完毕！
[2020-06-11 22:39:32.274] [INFO] console - 商城模块加载完毕!
[2020-06-11 22:39:32.275] [INFO] console - 甄不亏模块加载完毕!
[2020-06-11 22:39:32.276] [INFO] console - SQL: select * from shop_goods
[2020-06-11 22:39:32.276] [INFO] console - 摆摊模块加载完毕!
[2020-06-11 22:39:32.276] [INFO] console - SQL: select roleid, name, relive, level, money, shuilu from qy_role where serverid =  1000
[2020-06-11 22:39:32.277] [INFO] console - 排行榜模块加载完毕!
[2020-06-11 22:39:32.279] [INFO] console - SQL: SELECT MAX(petid) AS petid FROM qy_pet_1000;
[2020-06-11 22:39:32.279] [INFO] console - SQL: SELECT roleid, sum(realmoney) AS rmb FROM charge_record WHERE status = 1 GROUP BY roleid;
[2020-06-11 22:39:32.341] [INFO] console - 伙伴管理模块加载完毕！
[2020-06-11 22:39:32.342] [INFO] console - SQL: SELECT * FROM qy_role
[2020-06-11 22:39:32.342] [INFO] console - 活动模块加载完毕!
[2020-06-11 22:39:32.344] [INFO] console - 彩票模块加载完毕!
[2020-06-11 22:39:32.344] [INFO] console - SQL: select * from qy_relation where status = 0
[2020-06-11 22:39:32.344] [INFO] console - SQL: select max(relationId) as relationId from qy_relation;
[2020-06-11 22:39:32.345] [INFO] console - 关系模块加载完毕
[2020-06-11 22:39:32.386] [INFO] console - 装备模块加载完毕！
[2020-06-11 22:39:32.389] [INFO] console - 排行榜模块加载完毕！
[2020-06-11 22:39:32.391] [INFO] console - 帮派模块加载完毕!
[2020-06-11 22:39:32.392] [INFO] console - 帮派id种子为110611000
[2020-06-11 22:39:32.395] [INFO] console - 宠物管理模块加载完毕！
[2020-06-11 22:39:32.397] [INFO] console - 充值模块加载完毕！
[2020-06-11 22:39:32.398] [INFO] console - 8810 8810
[2020-06-11 22:39:32.402] [INFO] console - 网关代理模块启动完毕，正在监听127.0.0.1:8810
[2020-06-11 22:39:32.403] [INFO] console - 向网关服务器发起HTTP请求: /S_Register {
  id: 1000,
  name: '测试区',
  ip: '127.0.0.1',
  fake: '127.0.0.1',
  port: 8810,
  http_port: 8811
} [Function (anonymous)]
[2020-06-11 22:39:32.405] [INFO] console - 游戏服务器启动完毕，等待命令
[2020-06-11 22:39:32.415] [INFO] console - 游戏服[测试区(1000)], 已经连接
[2020-06-11 22:43:44.867] [INFO] console - do login....
[2020-06-11 22:43:47.870] [INFO] console - SQL: SELECT qy_account.safecode, qy_role.* FROM qy_account, qy_role WHERE qy_role.roleid = 157842 and qy_account.accountid = qy_role.accountid;
[2020-06-11 22:43:57.763] [INFO] console - SQL: SELECT * FROM qy_equip_1000 WHERE RoleID = 157842 AND state != 0;
