[2020-06-10 20:06:45.504] [INFO] console - 命令行模块启动完毕
[2020-06-10 20:06:45.655] [INFO] console - 数据库初始化完毕
[2020-06-10 20:06:46.045] [INFO] console - HTTP模块启动完毕，开始监听192.168.31.129:8560
[2020-06-10 20:06:46.045] [INFO] console - 服务器管理模块启动完毕
[2020-06-10 20:06:46.046] [INFO] console - 封禁IP管理模块启动完毕
[2020-06-10 20:06:46.047] [INFO] console - 封禁设备管理模块启动完毕
[2020-06-10 20:06:46.048] [INFO] console - 系统配置表加载完毕
[2020-06-10 20:08:16.714] [INFO] console - 命令行模块启动完毕
[2020-06-10 20:08:16.871] [INFO] console - 数据库初始化完毕
[2020-06-10 20:08:17.283] [INFO] console - HTTP模块启动完毕，开始监听192.168.31.129:8560
[2020-06-10 20:08:17.284] [INFO] console - 服务器管理模块启动完毕
[2020-06-10 20:08:17.285] [INFO] console - 封禁IP管理模块启动完毕
[2020-06-10 20:08:17.287] [INFO] console - 封禁设备管理模块启动完毕
[2020-06-10 20:08:17.287] [INFO] console - 系统配置表加载完毕
[2020-06-10 20:13:35.815] [INFO] console - 命令行模块启动完毕
[2020-06-10 20:13:35.971] [INFO] console - 数据库初始化完毕
[2020-06-10 20:13:36.366] [INFO] console - HTTP模块启动完毕，开始监听192.168.31.129:8560
[2020-06-10 20:13:36.367] [INFO] console - 服务器管理模块启动完毕
[2020-06-10 20:13:36.368] [INFO] console - 封禁IP管理模块启动完毕
[2020-06-10 20:13:36.369] [INFO] console - 封禁设备管理模块启动完毕
[2020-06-10 20:13:36.369] [INFO] console - 系统配置表加载完毕
[2020-06-10 20:31:58.543] [INFO] console - 命令行模块启动完毕
[2020-06-10 20:31:58.702] [INFO] console - 数据库初始化完毕
[2020-06-10 20:32:02.062] [INFO] console - HTTP模块启动完毕，开始监听192.168.31.129:8560
[2020-06-10 20:32:02.063] [INFO] console - 服务器管理模块启动完毕
[2020-06-10 20:32:02.065] [INFO] console - 封禁IP管理模块启动完毕
[2020-06-10 20:32:02.067] [INFO] console - 封禁设备管理模块启动完毕
[2020-06-10 20:32:02.067] [INFO] console - 系统配置表加载完毕
[2020-06-10 20:36:05.521] [INFO] console - 命令行模块启动完毕
[2020-06-10 20:36:05.670] [INFO] console - 数据库初始化完毕
[2020-06-10 20:36:09.091] [INFO] console - HTTP模块启动完毕，开始监听192.168.31.129:8560
[2020-06-10 20:36:09.092] [INFO] console - 服务器管理模块启动完毕
[2020-06-10 20:36:09.094] [INFO] console - 封禁IP管理模块启动完毕
[2020-06-10 20:36:09.095] [INFO] console - 封禁设备管理模块启动完毕
[2020-06-10 20:36:09.096] [INFO] console - 系统配置表加载完毕
[2020-06-10 20:56:13.429] [INFO] console - 命令行模块启动完毕
[2020-06-10 20:56:13.573] [INFO] console - 数据库初始化完毕
[2020-06-10 20:56:19.448] [INFO] console - HTTP模块启动完毕，开始监听192.168.31.129:8560
[2020-06-10 20:56:19.449] [INFO] console - 服务器管理模块启动完毕
[2020-06-10 20:56:19.450] [INFO] console - 封禁IP管理模块启动完毕
[2020-06-10 20:56:19.452] [INFO] console - 封禁设备管理模块启动完毕
[2020-06-10 20:56:19.453] [INFO] console - 系统配置表加载完毕
[2020-06-10 20:58:12.454] [INFO] console - 命令行模块启动完毕
[2020-06-10 20:58:12.606] [INFO] console - 数据库初始化完毕
[2020-06-10 20:58:19.462] [INFO] console - HTTP模块启动完毕，开始监听192.168.31.129:8560
[2020-06-10 20:58:19.463] [INFO] console - 服务器管理模块启动完毕
[2020-06-10 20:58:19.464] [INFO] console - 封禁IP管理模块启动完毕
[2020-06-10 20:58:19.465] [INFO] console - 封禁设备管理模块启动完毕
