[2020-06-14 23:06:05.307] [INFO] console - SQL: SELECT * FROM dhxy_comment WHERE serverId=0
[2020-06-14 23:06:33.191] [INFO] console - SQL: INSERT INTO dhxy_comment(serverId,text) VALUES(0,'<size=30>     天下风云出我辈，一入江湖岁月催。<br/>     皇图霸业谈笑中，不胜人生一场醉。<br/>     提剑跨骑挥鬼雨，白骨如山鸟惊飞。<br/>     ') ON DUPLICATE KEY UPDATE text='<size=30>     天下风云出我辈，一入江湖岁月催。<br/>     皇图霸业谈笑中，不胜人生一场醉。<br/>     提剑跨骑挥鬼雨，白骨如山鸟惊飞。<br/>     ';
[2020-06-14 23:06:33.280] [INFO] console - SQL: UPDATE qy_info SET comment = '<size=30>     天下风云出我辈，一入江湖岁月催。<br/>     皇图霸业谈笑中，不胜人生一场醉。<br/>     提剑跨骑挥鬼雨，白骨如山鸟惊飞。<br/>     ';
[2020-06-14 23:15:32.755] [INFO] console - SQL: SELECT * FROM dhxy_comment WHERE serverId=0
[2020-06-14 23:22:23.382] [INFO] console - SQL: INSERT INTO dhxy_comment(serverId,text) VALUES(0,'<size=30>     天下风云出我辈，一入江湖岁月催。<br/>     皇图霸业谈笑中，不胜人生一场醉。<br/>     提剑跨骑挥鬼雨，白骨如山鸟惊飞。<br/>     ') ON DUPLICATE KEY UPDATE text='<size=30>     天下风云出我辈，一入江湖岁月催。<br/>     皇图霸业谈笑中，不胜人生一场醉。<br/>     提剑跨骑挥鬼雨，白骨如山鸟惊飞。<br/>     ';
[2020-06-14 23:22:23.428] [INFO] console - SQL: UPDATE qy_info SET comment = '<size=30>     天下风云出我辈，一入江湖岁月催。<br/>     皇图霸业谈笑中，不胜人生一场醉。<br/>     提剑跨骑挥鬼雨，白骨如山鸟惊飞。<br/>     ';
[2020-06-14 23:49:37.697] [INFO] console - SQL: SELECT * FROM dhxy_comment WHERE serverId=0
[2020-06-14 23:49:57.363] [INFO] console - SQL: SELECT * FROM qy_account WHERE account = 'race10';
[2020-06-14 23:49:57.419] [INFO] console - SQL: INSERT INTO qy_account(account, password,invite, register_time) VALUES('race10', '010421','', NOW() );
[2020-06-14 23:49:59.456] [INFO] console - {
  account: 'race10',
  password: '010421',
  ip: '127.0.0.1',
  mac: 'LbWPymmJZjHph7244931591345675596'
} logininfo
[2020-06-14 23:49:59.477] [INFO] console - race10 account
[2020-06-14 23:49:59.479] [INFO] console - 010421 password
[2020-06-14 23:49:59.480] [INFO] console - SQL: SELECT * FROM qy_account WHERE account = 'race10';
[2020-06-14 23:49:59.530] [INFO] console - SQL: UPDATE qy_account SET last_login_time = now(), login_ip = '127.0.0.1', mac = 'LbWPymmJZjHph7244931591345675596' WHERE accountid =39397;
[2020-06-14 23:49:59.550] [INFO] console - SQL: SELECT * FROM qy_role WHERE accountid = 39397;
[2020-06-14 23:50:08.170] [INFO] console - SQL: SELECT * FROM qy_role WHERE (accountid = '39397' OR name = '曼轩鸿痴') AND serverid = '1000';
[2020-06-14 23:50:08.201] [INFO] console - SQL: INSERT INTO qy_role(name, race, sex, level, resid, mapid, x, y, create_time, accountid, serverid,money,taskstate) VALUES('曼轩鸿痴', '3','2',1,'3006',1010,-1,-1, NOW(),'39397','1000',0,'[]' );
[2020-06-14 23:50:08.236] [INFO] console - SQL: INSERT INTO dhxy_mount (roleid,resid,name,level) VALUES(157859,9311,'黑熊',0);
[2020-06-14 23:50:08.239] [INFO] console - SQL: INSERT INTO dhxy_mount (roleid,resid,name,level) VALUES(157859,9321,'巨魔狮',0);
[2020-06-14 23:50:08.241] [INFO] console - SQL: INSERT INTO dhxy_mount (roleid,resid,name,level) VALUES(157859,9331,'奔雷',0);
[2020-06-14 23:50:08.245] [INFO] console - SQL: INSERT INTO dhxy_mount (roleid,resid,name,level) VALUES(157859,9341,'大风鸟',0);
[2020-06-14 23:50:08.311] [INFO] console - 注册角色: 0 157859
[2020-06-14 23:50:08.329] [INFO] console - 返回游戏服务器: 1000
[2020-06-14 23:50:08.332] [INFO] console - 返回游戏服务器: 0 0
[2020-06-14 23:50:08.443] [ERROR] console - TypeError [ERR_INVALID_ARG_TYPE]: The "options.hostname" property must be of type string or one of undefined or null. Received type number (0)
    at validateHost (_http_client.js:73:11)
    at new ClientRequest (_http_client.js:162:31)
    at Object.request (http.js:46:10)
    at Function.sendget (/Users/brightli/Documents/work/server/dhxy_1.1.0/utils/Http.ts:103:19)
    at toServer (/Users/brightli/Documents/work/server/dhxy_1.1.0/gate/http_gate.ts:386:18)
    at Layer.handle [as handle_request] (/Users/brightli/Documents/work/server/dhxy_1.1.0/node_modules/express/lib/router/layer.js:95:5)
    at next (/Users/brightli/Documents/work/server/dhxy_1.1.0/node_modules/express/lib/router/route.js:137:13)
    at Route.dispatch (/Users/brightli/Documents/work/server/dhxy_1.1.0/node_modules/express/lib/router/route.js:112:3)
    at Layer.handle [as handle_request] (/Users/brightli/Documents/work/server/dhxy_1.1.0/node_modules/express/lib/router/layer.js:95:5)
    at /Users/brightli/Documents/work/server/dhxy_1.1.0/node_modules/express/lib/router/index.js:281:22
[2020-06-14 23:50:51.066] [INFO] console - SQL: SELECT * FROM qy_role WHERE (accountid = '39397' OR name = '曼轩鸿痴') AND serverid = '1000';
[2020-06-14 23:50:51.107] [INFO] console - 注册角色: 200010 undefined
[2020-06-14 23:51:21.156] [INFO] console - 命令行模块启动完毕
[2020-06-14 23:51:21.820] [INFO] console - SQL: select * from qy_agent
[2020-06-14 23:51:21.825] [INFO] console - HTTP模块启动完毕，开始监听127.0.0.1:8560
[2020-06-14 23:51:21.825] [INFO] console - 服务器管理模块启动完毕
[2020-06-14 23:51:21.826] [INFO] console - SQL: SELECT frozenip FROM ip_frozen;
[2020-06-14 23:51:21.826] [INFO] console - 封禁IP管理模块启动完毕
[2020-06-14 23:51:21.827] [INFO] console - SQL: SELECT mac FROM mac_frozen;
[2020-06-14 23:51:21.827] [INFO] console - 封禁设备管理模块启动完毕
[2020-06-14 23:51:40.829] [INFO] console - 游戏服[测试区](1000), 已经注册！
[2020-06-14 23:51:40.830] [INFO] console - 游戏服务器注册: 1000 127.0.0.1 127.0.0.1 8810 8811 测试区
[2020-06-14 23:52:11.855] [INFO] console - 网关服：游戏服[测试区(1000)], 断开连接！
[2020-06-14 23:52:12.550] [INFO] console - SQL: SELECT * FROM dhxy_comment WHERE serverId=0
[2020-06-14 23:52:15.387] [INFO] console - {
  account: 'race10',
  password: '010421',
  ip: '127.0.0.1',
  mac: 'LbWPymmJZjHph7244931591345675596'
} logininfo
[2020-06-14 23:52:15.391] [INFO] console - race10 account
[2020-06-14 23:52:15.392] [INFO] console - 010421 password
[2020-06-14 23:52:15.393] [INFO] console - SQL: SELECT * FROM qy_account WHERE account = 'race10';
[2020-06-14 23:52:15.430] [INFO] console - SQL: UPDATE qy_account SET last_login_time = now(), login_ip = '127.0.0.1', mac = 'LbWPymmJZjHph7244931591345675596' WHERE accountid =39397;
[2020-06-14 23:52:15.442] [INFO] console - SQL: SELECT * FROM qy_role WHERE accountid = 39397;
[2020-06-14 23:52:16.744] [INFO] console - 返回游戏服务器: 1000
[2020-06-14 23:52:16.746] [INFO] console - 返回游戏服务器: 127.0.0.1 8810
[2020-06-14 23:56:44.071] [INFO] console - SQL: SELECT * FROM dhxy_comment WHERE serverId=0
[2020-06-14 23:57:18.085] [INFO] console - {
  account: 'race10',
  password: '010421',
  ip: '127.0.0.1',
  mac: 'LbWPymmJZjHph7244931591345675596'
} logininfo
[2020-06-14 23:57:18.088] [INFO] console - race10 account
[2020-06-14 23:57:18.089] [INFO] console - 010421 password
[2020-06-14 23:57:18.091] [INFO] console - SQL: SELECT * FROM qy_account WHERE account = 'race10';
[2020-06-14 23:57:18.120] [INFO] console - SQL: UPDATE qy_account SET last_login_time = now(), login_ip = '127.0.0.1', mac = 'LbWPymmJZjHph7244931591345675596' WHERE accountid =39397;
[2020-06-14 23:57:18.141] [INFO] console - SQL: SELECT * FROM qy_role WHERE accountid = 39397;
[2020-06-14 23:57:19.334] [INFO] console - 返回游戏服务器: 1000
[2020-06-14 23:57:19.337] [INFO] console - 返回游戏服务器: 127.0.0.1 8810
