[2020-06-14 14:02:59.560] [INFO] console - SQL: SELECT * FROM qy_account WHERE account = 'race04';
[2020-06-14 14:02:59.586] [INFO] console - SQL: INSERT INTO qy_account(account, password,invite, register_time) VALUES('race04', '010421','', NOW() );
[2020-06-14 14:03:03.911] [INFO] console - {
  account: 'race04',
  password: '010421',
  ip: '127.0.0.1',
  mac: 'KuCnnqnYoVZRQ3661501592031474248'
} logininfo
[2020-06-14 14:03:03.913] [INFO] console - race04 account
[2020-06-14 14:03:03.916] [INFO] console - 010421 password
[2020-06-14 14:03:03.919] [INFO] console - SQL: SELECT * FROM qy_account WHERE account = 'race04';
[2020-06-14 14:03:03.950] [INFO] console - SQL: UPDATE qy_account SET last_login_time = now(), login_ip = '127.0.0.1', mac = 'KuCnnqnYoVZRQ3661501592031474248' WHERE accountid =39387;
[2020-06-14 14:03:03.957] [INFO] console - SQL: SELECT * FROM qy_role WHERE accountid = 39387;
[2020-06-14 14:03:10.510] [INFO] console - SQL: SELECT * FROM qy_role WHERE (accountid = '39387' OR name = '疾天鹏') AND serverid = '1000';
[2020-06-14 14:03:10.555] [INFO] console - SQL: INSERT INTO qy_role(name, race, sex, level, resid, mapid, x, y, create_time, accountid, serverid,money,taskstate) VALUES('疾天鹏', '4','1',1,'4007',1010,-1,-1, NOW(),'39387','1000',0,'[]' );
[2020-06-14 14:03:10.594] [INFO] console - SQL: INSERT INTO dhxy_mount (roleid,resid,name,level) VALUES(157849,9411,'婴鲤',0);
[2020-06-14 14:03:10.598] [INFO] console - SQL: INSERT INTO dhxy_mount (roleid,resid,name,level) VALUES(157849,9421,'鬼猫',0);
[2020-06-14 14:03:10.599] [INFO] console - SQL: INSERT INTO dhxy_mount (roleid,resid,name,level) VALUES(157849,9431,'幽灵马',0);
[2020-06-14 14:03:10.603] [INFO] console - SQL: INSERT INTO dhxy_mount (roleid,resid,name,level) VALUES(157849,9441,'梦魇',0);
[2020-06-14 14:03:10.676] [INFO] console - 返回游戏服务器: 1000
[2020-06-14 14:03:10.678] [INFO] console - 返回游戏服务器: 127.0.0.1 8810
[2020-06-14 14:07:57.812] [INFO] console - SQL: SELECT * FROM qy_account WHERE account = 'race05';
[2020-06-14 14:07:57.845] [INFO] console - SQL: INSERT INTO qy_account(account, password,invite, register_time) VALUES('race05', '010421','', NOW() );
[2020-06-14 14:08:00.406] [INFO] console - {
  account: 'race05',
  password: '010421',
  ip: '127.0.0.1',
  mac: 'KuCnnqnYoVZRQ3661501592031474248'
} logininfo
[2020-06-14 14:08:00.408] [INFO] console - race05 account
[2020-06-14 14:08:00.410] [INFO] console - 010421 password
[2020-06-14 14:08:00.411] [INFO] console - SQL: SELECT * FROM qy_account WHERE account = 'race05';
[2020-06-14 14:08:00.457] [INFO] console - SQL: UPDATE qy_account SET last_login_time = now(), login_ip = '127.0.0.1', mac = 'KuCnnqnYoVZRQ3661501592031474248' WHERE accountid =39388;
[2020-06-14 14:08:00.467] [INFO] console - SQL: SELECT * FROM qy_role WHERE accountid = 39388;
[2020-06-14 14:08:36.449] [INFO] console - SQL: SELECT * FROM qy_role WHERE (accountid = '39388' OR name = '丝鹰曼') AND serverid = '1000';
[2020-06-14 14:08:36.492] [INFO] console - SQL: INSERT INTO qy_role(name, race, sex, level, resid, mapid, x, y, create_time, accountid, serverid,money,taskstate) VALUES('丝鹰曼', '4','1',1,'4007',1010,-1,-1, NOW(),'39388','1000',0,'[]' );
[2020-06-14 14:08:36.528] [INFO] console - SQL: INSERT INTO dhxy_mount (roleid,resid,name,level) VALUES(157850,9411,'婴鲤',0);
[2020-06-14 14:08:36.531] [INFO] console - SQL: INSERT INTO dhxy_mount (roleid,resid,name,level) VALUES(157850,9421,'鬼猫',0);
[2020-06-14 14:08:36.533] [INFO] console - SQL: INSERT INTO dhxy_mount (roleid,resid,name,level) VALUES(157850,9431,'幽灵马',0);
[2020-06-14 14:08:36.534] [INFO] console - SQL: INSERT INTO dhxy_mount (roleid,resid,name,level) VALUES(157850,9441,'梦魇',0);
[2020-06-14 14:11:08.708] [INFO] console - SQL: SELECT * FROM qy_account WHERE account = 'race06';
[2020-06-14 14:11:08.781] [INFO] console - SQL: INSERT INTO qy_account(account, password,invite, register_time) VALUES('race06', '010421','', NOW() );
[2020-06-14 14:11:11.344] [INFO] console - {
  account: 'race06',
  password: '010421',
  ip: '127.0.0.1',
  mac: 'KuCnnqnYoVZRQ3661501592031474248'
} logininfo
[2020-06-14 14:11:11.346] [INFO] console - race06 account
[2020-06-14 14:11:11.348] [INFO] console - 010421 password
[2020-06-14 14:11:11.350] [INFO] console - SQL: SELECT * FROM qy_account WHERE account = 'race06';
[2020-06-14 14:11:11.376] [INFO] console - SQL: UPDATE qy_account SET last_login_time = now(), login_ip = '127.0.0.1', mac = 'KuCnnqnYoVZRQ3661501592031474248' WHERE accountid =39389;
[2020-06-14 14:11:11.384] [INFO] console - SQL: SELECT * FROM qy_role WHERE accountid = 39389;
[2020-06-14 14:11:21.738] [INFO] console - SQL: SELECT * FROM qy_role WHERE (accountid = '39389' OR name = '露彬') AND serverid = '1000';
[2020-06-14 14:11:23.187] [INFO] console - SQL: INSERT INTO qy_role(name, race, sex, level, resid, mapid, x, y, create_time, accountid, serverid,money,taskstate) VALUES('露彬', '4','1',1,'4007',1010,-1,-1, NOW(),'39389','1000',0,'[]' );
[2020-06-14 14:11:23.222] [INFO] console - SQL: INSERT INTO dhxy_mount (roleid,resid,name,level) VALUES(157851,9411,'婴鲤',0);
[2020-06-14 14:11:23.224] [INFO] console - SQL: INSERT INTO dhxy_mount (roleid,resid,name,level) VALUES(157851,9421,'鬼猫',0);
[2020-06-14 14:11:23.229] [INFO] console - SQL: INSERT INTO dhxy_mount (roleid,resid,name,level) VALUES(157851,9431,'幽灵马',0);
[2020-06-14 14:11:23.230] [INFO] console - SQL: INSERT INTO dhxy_mount (roleid,resid,name,level) VALUES(157851,9441,'梦魇',0);
[2020-06-14 14:11:29.890] [ERROR] console - (node:65671) [DEP0066] DeprecationWarning: OutgoingMessage.prototype._headers is deprecated
(Use `node --trace-deprecation ...` to show where the warning was created)
[2020-06-14 14:11:29.893] [INFO] console - 返回游戏服务器: 1000
[2020-06-14 14:11:29.896] [INFO] console - 返回游戏服务器: 127.0.0.1 8810
[2020-06-14 14:13:12.300] [INFO] console - 命令行模块启动完毕
[2020-06-14 14:13:12.783] [INFO] console - SQL: select * from qy_agent
[2020-06-14 14:13:12.788] [INFO] console - HTTP模块启动完毕，开始监听127.0.0.1:8560
[2020-06-14 14:13:12.789] [INFO] console - 服务器管理模块启动完毕
[2020-06-14 14:13:12.789] [INFO] console - SQL: SELECT frozenip FROM ip_frozen;
[2020-06-14 14:13:12.790] [INFO] console - 封禁IP管理模块启动完毕
[2020-06-14 14:13:12.790] [INFO] console - SQL: SELECT mac FROM mac_frozen;
[2020-06-14 14:13:12.791] [INFO] console - 封禁设备管理模块启动完毕
[2020-06-14 14:13:25.675] [INFO] console - 游戏服[测试区](1000), 已经注册！
[2020-06-14 14:13:25.677] [INFO] console - 游戏服务器注册: 1000 127.0.0.1 127.0.0.1 8810 8811 测试区
[2020-06-14 14:13:57.817] [INFO] console - 网关服：游戏服[测试区(1000)], 断开连接！
[2020-06-14 14:15:40.065] [INFO] console - SQL: SELECT * FROM qy_account WHERE account = 'race07';
[2020-06-14 14:15:40.138] [INFO] console - SQL: INSERT INTO qy_account(account, password,invite, register_time) VALUES('race07', '010421','', NOW() );
[2020-06-14 14:15:43.414] [INFO] console - {
  account: 'race07',
  password: '010421',
  ip: '127.0.0.1',
  mac: 'KuCnnqnYoVZRQ3661501592031474248'
} logininfo
[2020-06-14 14:15:43.420] [INFO] console - race07 account
[2020-06-14 14:15:43.421] [INFO] console - 010421 password
[2020-06-14 14:15:43.422] [INFO] console - SQL: SELECT * FROM qy_account WHERE account = 'race07';
[2020-06-14 14:15:43.453] [INFO] console - SQL: UPDATE qy_account SET last_login_time = now(), login_ip = '127.0.0.1', mac = 'KuCnnqnYoVZRQ3661501592031474248' WHERE accountid =39390;
[2020-06-14 14:15:43.460] [INFO] console - SQL: SELECT * FROM qy_role WHERE accountid = 39390;
[2020-06-14 14:16:25.566] [INFO] console - SQL: SELECT * FROM qy_role WHERE (accountid = '39390' OR name = '健安丝琴') AND serverid = '1000';
[2020-06-14 14:16:25.598] [INFO] console - SQL: INSERT INTO qy_role(name, race, sex, level, resid, mapid, x, y, create_time, accountid, serverid,money,taskstate) VALUES('健安丝琴', '4','2',1,'4008',1010,-1,-1, NOW(),'39390','1000',0,'[]' );
[2020-06-14 14:16:25.632] [INFO] console - SQL: INSERT INTO dhxy_mount (roleid,resid,name,level) VALUES(157852,9411,'婴鲤',0);
[2020-06-14 14:16:25.636] [INFO] console - SQL: INSERT INTO dhxy_mount (roleid,resid,name,level) VALUES(157852,9421,'鬼猫',0);
[2020-06-14 14:16:25.637] [INFO] console - SQL: INSERT INTO dhxy_mount (roleid,resid,name,level) VALUES(157852,9431,'幽灵马',0);
[2020-06-14 14:16:25.638] [INFO] console - SQL: INSERT INTO dhxy_mount (roleid,resid,name,level) VALUES(157852,9441,'梦魇',0);
[2020-06-14 14:16:25.715] [INFO] console - 注册角色: 0 33
[2020-06-14 14:18:11.802] [INFO] console - 返回游戏服务器: 1000
[2020-06-14 14:18:11.804] [INFO] console - 返回游戏服务器: 127.0.0.1 8810
[2020-06-14 14:27:25.204] [INFO] console - 命令行模块启动完毕
[2020-06-14 14:27:25.660] [INFO] console - SQL: select * from qy_agent
[2020-06-14 14:27:25.665] [INFO] console - HTTP模块启动完毕，开始监听127.0.0.1:8560
[2020-06-14 14:27:25.665] [INFO] console - 服务器管理模块启动完毕
[2020-06-14 14:27:25.666] [INFO] console - SQL: SELECT frozenip FROM ip_frozen;
[2020-06-14 14:27:25.667] [INFO] console - 封禁IP管理模块启动完毕
[2020-06-14 14:27:25.667] [INFO] console - SQL: SELECT mac FROM mac_frozen;
[2020-06-14 14:27:25.667] [INFO] console - 封禁设备管理模块启动完毕
[2020-06-14 14:27:44.775] [INFO] console - 游戏服[测试区](1000), 已经注册！
[2020-06-14 14:27:44.777] [INFO] console - 游戏服务器注册: 1000 127.0.0.1 127.0.0.1 8810 8811 测试区
[2020-06-14 14:28:15.682] [INFO] console - 网关服：游戏服[测试区(1000)], 断开连接！
[2020-06-14 14:29:48.539] [INFO] console - SQL: SELECT * FROM qy_account WHERE account = 'race01';
[2020-06-14 14:29:48.647] [INFO] console - SQL: INSERT INTO qy_account(account, password,invite, register_time) VALUES('race01', '010421','', NOW() );
[2020-06-14 14:29:50.774] [INFO] console - {
  account: 'race01',
  password: '010421',
  ip: '127.0.0.1',
  mac: 'KuCnnqnYoVZRQ3661501592031474248'
} logininfo
[2020-06-14 14:29:50.783] [INFO] console - race01 account
[2020-06-14 14:29:50.785] [INFO] console - 010421 password
[2020-06-14 14:29:50.786] [INFO] console - SQL: SELECT * FROM qy_account WHERE account = 'race01';
[2020-06-14 14:29:50.818] [INFO] console - SQL: UPDATE qy_account SET last_login_time = now(), login_ip = '127.0.0.1', mac = 'KuCnnqnYoVZRQ3661501592031474248' WHERE accountid =39391;
[2020-06-14 14:29:50.827] [INFO] console - SQL: SELECT * FROM qy_role WHERE accountid = 39391;
[2020-06-14 14:29:57.627] [INFO] console - SQL: SELECT * FROM qy_role WHERE (accountid = '39391' OR name = '依远飞') AND serverid = '1000';
[2020-06-14 14:29:57.654] [INFO] console - SQL: INSERT INTO qy_role(name, race, sex, level, resid, mapid, x, y, create_time, accountid, serverid,money,taskstate) VALUES('依远飞', '1','1',1,'1001',1010,-1,-1, NOW(),'39391','1000',0,'[]' );
[2020-06-14 14:29:57.685] [INFO] console - SQL: INSERT INTO dhxy_mount (roleid,resid,name,level) VALUES(157853,9111,'白马',0);
[2020-06-14 14:29:57.689] [INFO] console - SQL: INSERT INTO dhxy_mount (roleid,resid,name,level) VALUES(157853,9121,'大象',0);
[2020-06-14 14:29:57.691] [INFO] console - SQL: INSERT INTO dhxy_mount (roleid,resid,name,level) VALUES(157853,9131,'熊猫',0);
[2020-06-14 14:29:57.693] [INFO] console - SQL: INSERT INTO dhxy_mount (roleid,resid,name,level) VALUES(157853,9141,'黄金猊',0);
[2020-06-14 14:29:57.731] [INFO] console - 注册角色: 0 37
[2020-06-14 14:30:12.575] [INFO] console - 返回游戏服务器: 1000
[2020-06-14 14:30:12.577] [INFO] console - 返回游戏服务器: 127.0.0.1 8810
[2020-06-14 14:31:49.028] [INFO] console - SQL: SELECT * FROM qy_role WHERE (accountid = '39391' OR name = '依远飞') AND serverid = '1000';
[2020-06-14 14:31:49.061] [INFO] console - 注册角色: 200010 undefined
[2020-06-14 14:31:58.090] [INFO] console - SQL: SELECT * FROM qy_role WHERE (accountid = '39391' OR name = '依远飞') AND serverid = '1000';
[2020-06-14 14:31:58.154] [INFO] console - 注册角色: 200010 undefined
[2020-06-14 14:31:59.542] [INFO] console - SQL: SELECT * FROM qy_role WHERE (accountid = '39391' OR name = '依远飞') AND serverid = '1000';
[2020-06-14 14:31:59.567] [INFO] console - 注册角色: 200010 undefined
[2020-06-14 14:58:29.054] [INFO] console - {
  account: 'race01',
  password: '010421',
  ip: '127.0.0.1',
  mac: 'KuCnnqnYoVZRQ3661501592031474248'
} logininfo
[2020-06-14 14:58:29.073] [INFO] console - race01 account
[2020-06-14 14:58:29.076] [INFO] console - 010421 password
[2020-06-14 14:58:29.079] [INFO] console - SQL: SELECT * FROM qy_account WHERE account = 'race01';
[2020-06-14 14:58:29.323] [INFO] console - SQL: UPDATE qy_account SET last_login_time = now(), login_ip = '127.0.0.1', mac = 'KuCnnqnYoVZRQ3661501592031474248' WHERE accountid =39391;
[2020-06-14 14:58:29.334] [INFO] console - SQL: SELECT * FROM qy_role WHERE accountid = 39391;
[2020-06-14 14:58:30.580] [INFO] console - 返回游戏服务器: 1000
[2020-06-14 14:58:30.587] [INFO] console - 返回游戏服务器: 127.0.0.1 8810
