[2020-06-11 01:00:52.616] [INFO] console - 命令行模块启动完毕
[2020-06-11 01:00:53.075] [INFO] console - SQL: select * from qy_agent
[2020-06-11 01:00:53.078] [INFO] console - HTTP模块启动完毕，开始监听127.0.0.1:8560
[2020-06-11 01:01:29.858] [INFO] console - 服务器管理模块启动完毕
[2020-06-11 01:01:29.859] [INFO] console - SQL: SELECT frozenip FROM ip_frozen;
[2020-06-11 01:01:29.859] [INFO] console - 封禁IP管理模块启动完毕
[2020-06-11 01:01:29.860] [INFO] console - SQL: SELECT mac FROM mac_frozen;
[2020-06-11 01:01:29.860] [INFO] console - 封禁设备管理模块启动完毕
[2020-06-11 01:01:29.867] [INFO] console - {
  account: 'flashpf',
  password: '010421',
  ip: '127.0.0.1',
  mac: 'LbWPymmJZjHph7244931591345675596'
} logininfo
[2020-06-11 01:01:29.869] [INFO] console - flashpf account
[2020-06-11 01:01:29.871] [INFO] console - 010421 password
[2020-06-11 01:01:29.872] [INFO] console - SQL: SELECT * FROM qy_account WHERE account = 'flashpf';
[2020-06-11 01:01:31.369] [INFO] console - SQL: UPDATE qy_account SET last_login_time = now(), login_ip = '127.0.0.1', mac = 'LbWPymmJZjHph7244931591345675596' WHERE accountid =39381;
[2020-06-11 01:01:31.390] [INFO] console - SQL: SELECT * FROM qy_role WHERE accountid = 39381;
[2020-06-11 01:01:34.714] [INFO] console - 1000 =serverid
[2020-06-11 01:01:34.715] [INFO] console - 0 net_ip
[2020-06-11 01:01:34.717] [INFO] console - 127.0.0.1 =host
[2020-06-11 01:02:21.567] [INFO] console - {
  account: 'flashpf',
  password: '010421',
  ip: '127.0.0.1',
  mac: 'LbWPymmJZjHph7244931591345675596'
} logininfo
[2020-06-11 01:02:21.569] [INFO] console - flashpf account
[2020-06-11 01:02:21.571] [INFO] console - 010421 password
[2020-06-11 01:02:21.572] [INFO] console - SQL: SELECT * FROM qy_account WHERE account = 'flashpf';
[2020-06-11 01:02:21.601] [INFO] console - SQL: UPDATE qy_account SET last_login_time = now(), login_ip = '127.0.0.1', mac = 'LbWPymmJZjHph7244931591345675596' WHERE accountid =39381;
[2020-06-11 01:02:21.623] [INFO] console - SQL: SELECT * FROM qy_role WHERE accountid = 39381;
[2020-06-11 01:02:23.778] [INFO] console - 1000 =serverid
[2020-06-11 01:02:23.779] [INFO] console - 0 net_ip
[2020-06-11 01:02:23.780] [INFO] console - 127.0.0.1 =host
[2020-06-11 01:03:28.373] [INFO] console - SQL: SELECT * FROM qy_account WHERE account = 'test09';
[2020-06-11 01:03:28.400] [INFO] console - SQL: INSERT INTO qy_account(account, password,invite, register_time) VALUES('test09', '010421','', NOW() );
[2020-06-11 01:03:30.535] [INFO] console - {
  account: 'test09',
  password: '010421',
  ip: '127.0.0.1',
  mac: 'LbWPymmJZjHph7244931591345675596'
} logininfo
[2020-06-11 01:03:30.537] [INFO] console - test09 account
[2020-06-11 01:03:30.538] [INFO] console - 010421 password
[2020-06-11 01:03:30.539] [INFO] console - SQL: SELECT * FROM qy_account WHERE account = 'test09';
[2020-06-11 01:03:30.661] [INFO] console - SQL: UPDATE qy_account SET last_login_time = now(), login_ip = '127.0.0.1', mac = 'LbWPymmJZjHph7244931591345675596' WHERE accountid =39382;
[2020-06-11 01:03:30.679] [INFO] console - SQL: SELECT * FROM qy_role WHERE accountid = 39382;
[2020-06-11 01:03:33.276] [INFO] console - SQL: SELECT * FROM qy_role WHERE (accountid = '39382' OR name = '尔映契') AND serverid = '1000';
[2020-06-11 01:03:33.322] [INFO] console - SQL: INSERT INTO qy_role(name, race, sex, level, resid, mapid, x, y, create_time, accountid, serverid,money,taskstate) VALUES('尔映契', '1','1',1,'1001',1010,-1,-1, NOW(),'39382','1000',0,'[]' );
[2020-06-11 01:03:33.460] [INFO] console - 1000 =serverid
[2020-06-11 01:03:33.462] [INFO] console - 0 net_ip
[2020-06-11 01:03:33.463] [INFO] console - 127.0.0.1 =host
[2020-06-11 01:03:37.935] [INFO] console - SQL: SELECT * FROM qy_role WHERE (accountid = '39382' OR name = '尔映契') AND serverid = '1000';
[2020-06-11 01:03:39.521] [INFO] console - SQL: SELECT * FROM qy_role WHERE (accountid = '39382' OR name = '尔映契') AND serverid = '1000';
[2020-06-11 01:03:45.319] [INFO] console - SQL: SELECT * FROM qy_role WHERE (accountid = '39382' OR name = '尔映契') AND serverid = '1000';
[2020-06-11 01:04:08.168] [INFO] console - SQL: SELECT * FROM qy_role WHERE (accountid = '39382' OR name = '尔映契') AND serverid = '1000';
[2020-06-11 01:04:12.066] [INFO] console - SQL: SELECT * FROM qy_role WHERE (accountid = '39382' OR name = '蓝绮如') AND serverid = '1000';
[2020-06-11 01:06:18.941] [INFO] console - 命令行模块启动完毕
[2020-06-11 01:06:19.396] [INFO] console - SQL: select * from qy_agent
[2020-06-11 01:06:19.401] [INFO] console - HTTP模块启动完毕，开始监听127.0.0.1:8560
[2020-06-11 01:06:19.402] [INFO] console - 服务器管理模块启动完毕
[2020-06-11 01:06:19.402] [INFO] console - SQL: SELECT frozenip FROM ip_frozen;
[2020-06-11 01:06:19.403] [INFO] console - 封禁IP管理模块启动完毕
[2020-06-11 01:06:19.403] [INFO] console - SQL: SELECT mac FROM mac_frozen;
[2020-06-11 01:06:19.404] [INFO] console - 封禁设备管理模块启动完毕
[2020-06-11 01:07:06.226] [INFO] console - {
  account: 'test09',
  password: '010421',
  ip: '127.0.0.1',
  mac: 'LbWPymmJZjHph7244931591345675596'
} logininfo
[2020-06-11 01:07:06.230] [INFO] console - test09 account
[2020-06-11 01:07:06.231] [INFO] console - 010421 password
[2020-06-11 01:07:06.233] [INFO] console - SQL: SELECT * FROM qy_account WHERE account = 'test09';
[2020-06-11 01:07:06.263] [INFO] console - SQL: UPDATE qy_account SET last_login_time = now(), login_ip = '127.0.0.1', mac = 'LbWPymmJZjHph7244931591345675596' WHERE accountid =39382;
[2020-06-11 01:07:06.282] [INFO] console - SQL: SELECT * FROM qy_role WHERE accountid = 39382;
[2020-06-11 01:07:07.167] [INFO] console - 1000 =serverid
[2020-06-11 01:07:07.169] [INFO] console - 0 net_ip
[2020-06-11 01:07:07.171] [INFO] console - 127.0.0.1 =host
[2020-06-11 01:09:06.682] [INFO] console - 命令行模块启动完毕
[2020-06-11 01:09:07.141] [INFO] console - SQL: select * from qy_agent
[2020-06-11 01:09:07.146] [INFO] console - HTTP模块启动完毕，开始监听127.0.0.1:8560
[2020-06-11 01:09:07.147] [INFO] console - 服务器管理模块启动完毕
[2020-06-11 01:09:07.147] [INFO] console - SQL: SELECT frozenip FROM ip_frozen;
[2020-06-11 01:09:07.148] [INFO] console - 封禁IP管理模块启动完毕
[2020-06-11 01:09:07.148] [INFO] console - SQL: SELECT mac FROM mac_frozen;
[2020-06-11 01:09:07.149] [INFO] console - 封禁设备管理模块启动完毕
[2020-06-11 01:09:08.927] [INFO] console - {
  account: 'test09',
  password: '010421',
  ip: '127.0.0.1',
  mac: 'LbWPymmJZjHph7244931591345675596'
} logininfo
[2020-06-11 01:09:08.929] [INFO] console - test09 account
[2020-06-11 01:09:08.930] [INFO] console - 010421 password
[2020-06-11 01:09:08.931] [INFO] console - SQL: SELECT * FROM qy_account WHERE account = 'test09';
[2020-06-11 01:09:08.987] [INFO] console - SQL: UPDATE qy_account SET last_login_time = now(), login_ip = '127.0.0.1', mac = 'LbWPymmJZjHph7244931591345675596' WHERE accountid =39382;
[2020-06-11 01:09:08.999] [INFO] console - SQL: SELECT * FROM qy_role WHERE accountid = 39382;
[2020-06-11 01:09:09.868] [INFO] console - 1000 =serverid
[2020-06-11 01:09:09.870] [INFO] console - 0 net_ip
[2020-06-11 01:09:09.871] [INFO] console - 127.0.0.1 =host
[2020-06-11 01:12:58.913] [INFO] console - 命令行模块启动完毕
[2020-06-11 01:12:59.338] [INFO] console - SQL: select * from qy_agent
[2020-06-11 01:12:59.342] [INFO] console - HTTP模块启动完毕，开始监听127.0.0.1:8560
[2020-06-11 01:12:59.343] [INFO] console - 服务器管理模块启动完毕
[2020-06-11 01:12:59.343] [INFO] console - SQL: SELECT frozenip FROM ip_frozen;
[2020-06-11 01:12:59.344] [INFO] console - 封禁IP管理模块启动完毕
[2020-06-11 01:12:59.344] [INFO] console - SQL: SELECT mac FROM mac_frozen;
[2020-06-11 01:12:59.345] [INFO] console - 封禁设备管理模块启动完毕
[2020-06-11 01:13:00.223] [INFO] console - {
  account: 'test09',
  password: '010421',
  ip: '127.0.0.1',
  mac: 'LbWPymmJZjHph7244931591345675596'
} logininfo
[2020-06-11 01:13:00.225] [INFO] console - test09 account
[2020-06-11 01:13:00.226] [INFO] console - 010421 password
[2020-06-11 01:13:00.227] [INFO] console - SQL: SELECT * FROM qy_account WHERE account = 'test09';
[2020-06-11 01:13:00.255] [INFO] console - SQL: UPDATE qy_account SET last_login_time = now(), login_ip = '127.0.0.1', mac = 'LbWPymmJZjHph7244931591345675596' WHERE accountid =39382;
[2020-06-11 01:13:00.278] [INFO] console - SQL: SELECT * FROM qy_role WHERE accountid = 39382;
[2020-06-11 01:13:01.330] [INFO] console - 1000 =serverid
[2020-06-11 01:13:01.332] [INFO] console - 0 net_ip
[2020-06-11 01:13:01.334] [INFO] console - 127.0.0.1 =host
[2020-06-11 01:13:59.775] [INFO] console - {
  account: 'test09',
  password: '010421',
  ip: '127.0.0.1',
  mac: 'LbWPymmJZjHph7244931591345675596'
} logininfo
[2020-06-11 01:13:59.777] [INFO] console - test09 account
[2020-06-11 01:13:59.778] [INFO] console - 010421 password
[2020-06-11 01:13:59.779] [INFO] console - SQL: SELECT * FROM qy_account WHERE account = 'test09';
[2020-06-11 01:13:59.809] [INFO] console - SQL: UPDATE qy_account SET last_login_time = now(), login_ip = '127.0.0.1', mac = 'LbWPymmJZjHph7244931591345675596' WHERE accountid =39382;
[2020-06-11 01:13:59.829] [INFO] console - SQL: SELECT * FROM qy_role WHERE accountid = 39382;
[2020-06-11 01:14:00.829] [INFO] console - 1000 =serverid
[2020-06-11 01:14:00.831] [INFO] console - 0 net_ip
[2020-06-11 01:14:00.833] [INFO] console - 127.0.0.1 =host
[2020-06-11 01:15:22.769] [INFO] console - 命令行模块启动完毕
[2020-06-11 01:15:23.226] [INFO] console - SQL: select * from qy_agent
[2020-06-11 01:15:23.229] [INFO] console - HTTP模块启动完毕，开始监听127.0.0.1:8560
[2020-06-11 01:15:23.230] [INFO] console - 服务器管理模块启动完毕
[2020-06-11 01:15:23.231] [INFO] console - SQL: SELECT frozenip FROM ip_frozen;
[2020-06-11 01:15:23.231] [INFO] console - 封禁IP管理模块启动完毕
[2020-06-11 01:15:23.232] [INFO] console - SQL: SELECT mac FROM mac_frozen;
[2020-06-11 01:15:23.232] [INFO] console - 封禁设备管理模块启动完毕
[2020-06-11 01:15:56.397] [INFO] console - {
  account: 'test09',
  password: '010421',
  ip: '127.0.0.1',
  mac: 'LbWPymmJZjHph7244931591345675596'
} logininfo
[2020-06-11 01:15:56.401] [INFO] console - test09 account
[2020-06-11 01:15:56.402] [INFO] console - 010421 password
[2020-06-11 01:15:56.403] [INFO] console - SQL: SELECT * FROM qy_account WHERE account = 'test09';
[2020-06-11 01:15:56.437] [INFO] console - SQL: UPDATE qy_account SET last_login_time = now(), login_ip = '127.0.0.1', mac = 'LbWPymmJZjHph7244931591345675596' WHERE accountid =39382;
[2020-06-11 01:15:56.453] [INFO] console - SQL: SELECT * FROM qy_role WHERE accountid = 39382;
[2020-06-11 01:15:57.387] [INFO] console - 1000 =serverid
[2020-06-11 01:15:57.389] [INFO] console - 0 net_ip
[2020-06-11 01:15:57.391] [INFO] console - 127.0.0.1 =host
[2020-06-11 01:18:20.022] [INFO] console - 命令行模块启动完毕
[2020-06-11 01:18:20.596] [INFO] console - SQL: select * from qy_agent
[2020-06-11 01:18:20.600] [INFO] console - HTTP模块启动完毕，开始监听127.0.0.1:8560
[2020-06-11 01:18:20.601] [INFO] console - 服务器管理模块启动完毕
[2020-06-11 01:18:20.601] [INFO] console - SQL: SELECT frozenip FROM ip_frozen;
[2020-06-11 01:18:20.601] [INFO] console - 封禁IP管理模块启动完毕
[2020-06-11 01:18:20.602] [INFO] console - SQL: SELECT mac FROM mac_frozen;
[2020-06-11 01:18:20.602] [INFO] console - 封禁设备管理模块启动完毕
[2020-06-11 01:18:46.383] [INFO] console - {
  account: 'test09',
  password: '010421',
  ip: '127.0.0.1',
  mac: 'LbWPymmJZjHph7244931591345675596'
} logininfo
[2020-06-11 01:18:46.387] [INFO] console - test09 account
[2020-06-11 01:18:46.388] [INFO] console - 010421 password
[2020-06-11 01:18:46.389] [INFO] console - SQL: SELECT * FROM qy_account WHERE account = 'test09';
[2020-06-11 01:18:46.419] [INFO] console - SQL: UPDATE qy_account SET last_login_time = now(), login_ip = '127.0.0.1', mac = 'LbWPymmJZjHph7244931591345675596' WHERE accountid =39382;
[2020-06-11 01:18:46.442] [INFO] console - SQL: SELECT * FROM qy_role WHERE accountid = 39382;
[2020-06-11 01:18:47.483] [INFO] console - 1000 =serverid
[2020-06-11 01:18:47.485] [INFO] console - 0 net_ip
[2020-06-11 01:18:47.487] [INFO] console - 127.0.0.1 =host
[2020-06-11 01:19:51.232] [INFO] console - {
  account: 'test09',
  password: '010421',
  ip: '127.0.0.1',
  mac: 'LbWPymmJZjHph7244931591345675596'
} logininfo
[2020-06-11 01:19:51.234] [INFO] console - test09 account
[2020-06-11 01:19:51.236] [INFO] console - 010421 password
[2020-06-11 01:19:51.237] [INFO] console - SQL: SELECT * FROM qy_account WHERE account = 'test09';
[2020-06-11 01:19:51.261] [INFO] console - SQL: UPDATE qy_account SET last_login_time = now(), login_ip = '127.0.0.1', mac = 'LbWPymmJZjHph7244931591345675596' WHERE accountid =39382;
[2020-06-11 01:19:51.284] [INFO] console - SQL: SELECT * FROM qy_role WHERE accountid = 39382;
[2020-06-11 01:19:52.190] [INFO] console - 1000 =serverid
[2020-06-11 01:19:52.192] [INFO] console - 0 net_ip
[2020-06-11 01:19:52.193] [INFO] console - 127.0.0.1 =host
