[2020-06-15 01:02:25.313] [INFO] console - SQL: SELECT * FROM dhxy_comment WHERE serverId=0
[2020-06-15 01:03:33.613] [INFO] console - {
  account: 'race11',
  password: '010421',
  ip: '127.0.0.1',
  mac: 'LbWPymmJZjHph7244931591345675596'
} logininfo
[2020-06-15 01:03:33.615] [INFO] console - race11 account
[2020-06-15 01:03:33.616] [INFO] console - 010421 password
[2020-06-15 01:03:33.618] [INFO] console - SQL: SELECT * FROM qy_account WHERE account = 'race11';
[2020-06-15 01:03:33.705] [INFO] console - SQL: UPDATE qy_account SET last_login_time = now(), login_ip = '127.0.0.1', mac = 'LbWPymmJZjHph7244931591345675596' WHERE accountid =39398;
[2020-06-15 01:03:33.717] [INFO] console - SQL: SELECT * FROM qy_role WHERE accountid = 39398;
[2020-06-15 01:13:46.255] [INFO] console - SQL: SELECT * FROM dhxy_comment WHERE serverId=0
[2020-06-15 01:13:48.775] [INFO] console - {
  account: 'race04',
  password: '010421',
  ip: '127.0.0.1',
  mac: 'KuCnnqnYoVZRQ3661501592031474248'
} logininfo
[2020-06-15 01:13:48.777] [INFO] console - race04 account
[2020-06-15 01:13:48.779] [INFO] console - 010421 password
[2020-06-15 01:13:48.780] [INFO] console - SQL: SELECT * FROM qy_account WHERE account = 'race04';
[2020-06-15 01:13:48.807] [INFO] console - SQL: UPDATE qy_account SET last_login_time = now(), login_ip = '127.0.0.1', mac = 'KuCnnqnYoVZRQ3661501592031474248' WHERE accountid =39394;
[2020-06-15 01:13:48.821] [INFO] console - SQL: SELECT * FROM qy_role WHERE accountid = 39394;
[2020-06-15 01:13:49.668] [INFO] console - 返回游戏服务器: 1000
[2020-06-15 01:13:49.670] [INFO] console - 返回游戏服务器: 127.0.0.1 8810
[2020-06-15 01:15:03.641] [INFO] console - SQL: SELECT * FROM dhxy_comment WHERE serverId=0
[2020-06-15 01:16:46.793] [INFO] console - SQL: SELECT * FROM dhxy_comment WHERE serverId=0
[2020-06-15 01:16:57.240] [INFO] console - {
  account: 'race04',
  password: '010421',
  ip: '127.0.0.1',
  mac: 'KuCnnqnYoVZRQ3661501592031474248'
} logininfo
[2020-06-15 01:16:57.242] [INFO] console - race04 account
[2020-06-15 01:16:57.243] [INFO] console - 010421 password
[2020-06-15 01:16:57.245] [INFO] console - SQL: SELECT * FROM qy_account WHERE account = 'race04';
[2020-06-15 01:16:57.274] [INFO] console - SQL: UPDATE qy_account SET last_login_time = now(), login_ip = '127.0.0.1', mac = 'KuCnnqnYoVZRQ3661501592031474248' WHERE accountid =39394;
[2020-06-15 01:16:57.282] [INFO] console - SQL: SELECT * FROM qy_role WHERE accountid = 39394;
[2020-06-15 01:16:58.338] [INFO] console - 返回游戏服务器: 1000
[2020-06-15 01:16:58.342] [INFO] console - 返回游戏服务器: 127.0.0.1 8810
[2020-06-15 01:29:45.796] [INFO] console - SQL: SELECT * FROM dhxy_comment WHERE serverId=0
[2020-06-15 01:29:54.411] [INFO] console - {
  account: 'race11',
  password: '010421',
  ip: '127.0.0.1',
  mac: 'LbWPymmJZjHph7244931591345675596'
} logininfo
[2020-06-15 01:29:54.416] [INFO] console - race11 account
[2020-06-15 01:29:54.417] [INFO] console - 010421 password
[2020-06-15 01:29:54.419] [INFO] console - SQL: SELECT * FROM qy_account WHERE account = 'race11';
[2020-06-15 01:29:54.450] [INFO] console - SQL: UPDATE qy_account SET last_login_time = now(), login_ip = '127.0.0.1', mac = 'LbWPymmJZjHph7244931591345675596' WHERE accountid =39398;
[2020-06-15 01:29:54.467] [INFO] console - SQL: SELECT * FROM qy_role WHERE accountid = 39398;
[2020-06-15 01:31:18.134] [INFO] console - SQL: SELECT * FROM dhxy_comment WHERE serverId=0
[2020-06-15 01:31:21.724] [INFO] console - {
  account: 'race04',
  password: '010421',
  ip: '127.0.0.1',
  mac: 'KuCnnqnYoVZRQ3661501592031474248'
} logininfo
[2020-06-15 01:31:21.729] [INFO] console - race04 account
[2020-06-15 01:31:21.730] [INFO] console - 010421 password
[2020-06-15 01:31:21.731] [INFO] console - SQL: SELECT * FROM qy_account WHERE account = 'race04';
[2020-06-15 01:31:21.759] [INFO] console - SQL: UPDATE qy_account SET last_login_time = now(), login_ip = '127.0.0.1', mac = 'KuCnnqnYoVZRQ3661501592031474248' WHERE accountid =39394;
[2020-06-15 01:31:21.767] [INFO] console - SQL: SELECT * FROM qy_role WHERE accountid = 39394;
[2020-06-15 01:31:23.217] [INFO] console - 返回游戏服务器: 1000
[2020-06-15 01:31:23.219] [INFO] console - 返回游戏服务器: 127.0.0.1 8810
[2020-06-15 01:33:07.576] [INFO] console - SQL: SELECT * FROM dhxy_comment WHERE serverId=0
[2020-06-15 01:33:10.226] [INFO] console - {
  account: 'race11',
  password: '010421',
  ip: '127.0.0.1',
  mac: 'LbWPymmJZjHph7244931591345675596'
} logininfo
[2020-06-15 01:33:10.228] [INFO] console - race11 account
[2020-06-15 01:33:10.230] [INFO] console - 010421 password
[2020-06-15 01:33:10.231] [INFO] console - SQL: SELECT * FROM qy_account WHERE account = 'race11';
[2020-06-15 01:33:10.274] [INFO] console - SQL: UPDATE qy_account SET last_login_time = now(), login_ip = '127.0.0.1', mac = 'LbWPymmJZjHph7244931591345675596' WHERE accountid =39398;
[2020-06-15 01:33:10.283] [INFO] console - SQL: SELECT * FROM qy_role WHERE accountid = 39398;
[2020-06-15 01:34:28.791] [INFO] console - SQL: SELECT * FROM dhxy_comment WHERE serverId=0
[2020-06-15 01:34:31.763] [INFO] console - {
  account: 'race04',
  password: '010421',
  ip: '127.0.0.1',
  mac: 'KuCnnqnYoVZRQ3661501592031474248'
} logininfo
[2020-06-15 01:34:31.766] [INFO] console - race04 account
[2020-06-15 01:34:31.772] [INFO] console - 010421 password
[2020-06-15 01:34:31.773] [INFO] console - SQL: SELECT * FROM qy_account WHERE account = 'race04';
[2020-06-15 01:34:31.807] [INFO] console - SQL: UPDATE qy_account SET last_login_time = now(), login_ip = '127.0.0.1', mac = 'KuCnnqnYoVZRQ3661501592031474248' WHERE accountid =39394;
[2020-06-15 01:34:31.816] [INFO] console - SQL: SELECT * FROM qy_role WHERE accountid = 39394;
[2020-06-15 01:34:33.762] [INFO] console - 返回游戏服务器: 1000
[2020-06-15 01:34:33.765] [INFO] console - 返回游戏服务器: 127.0.0.1 8810
