[2020-06-10 19:50:36.304] [INFO] console - 命令行模块启动完毕
[2020-06-10 19:50:36.304] [INFO] console - 全局变量加载完毕
[2020-06-10 19:50:36.305] [INFO] console - 全局消息加载完毕
[2020-06-10 19:50:36.473] [INFO] console - HTTP模块启动完毕，开始监听192.168.31.129:8811
[2020-06-10 19:50:36.474] [INFO] console - 监控系统启动完毕，监听8812端口
[2020-06-10 19:50:36.474] [INFO] console - 启动游戏服务器
[2020-06-10 19:50:36.475] [INFO] console - 通知模块初始化完毕!
[2020-06-10 19:50:36.501] [INFO] console - 地图模块加载完毕!
[2020-06-10 19:50:36.507] [INFO] console - 任务配置模块加载完毕!
[2020-06-10 19:50:36.511] [INFO] console - 世界模块加载完毕！
[2020-06-10 19:50:36.514] [INFO] console - Npc配置模块加载完毕！
[2020-06-10 19:50:36.525] [INFO] console - Npc模块加载完毕！
[2020-06-10 19:50:36.527] [INFO] console - 角色属性模块加载完毕！
[2020-06-10 19:50:36.530] [INFO] console - 物品模块加载完毕！
[2020-06-10 19:50:36.531] [INFO] console - 经验模块加载完毕！
[2020-06-10 19:50:36.533] [INFO] console - 技能模块加载完毕！
[2020-06-10 19:50:36.534] [INFO] console - 技能效果模块加载完毕！
[2020-06-10 19:50:36.574] [INFO] console - 怪物模块加载完毕！
[2020-06-10 19:50:36.576] [INFO] console - 商城模块加载完毕!
[2020-06-10 19:50:36.577] [INFO] console - 甄不亏模块加载完毕!
[2020-06-10 19:50:36.578] [INFO] console - 摆摊模块加载完毕!
[2020-06-10 19:50:36.578] [INFO] console - 排行榜模块加载完毕!
[2020-06-10 19:50:36.639] [INFO] console - 伙伴管理模块加载完毕！
[2020-06-10 19:50:36.640] [INFO] console - 活动模块加载完毕!
[2020-06-10 19:50:36.641] [INFO] console - 彩票模块加载完毕!
[2020-06-10 19:50:36.642] [INFO] console - 关系模块加载完毕
[2020-06-10 19:50:36.675] [INFO] console - 帮派id种子为110610000
[2020-06-10 19:50:36.678] [INFO] console - 充值模块加载完毕！
[2020-06-10 19:50:36.680] [INFO] console - 帮派模块加载完毕!
[2020-06-10 19:50:36.681] [INFO] console - 装备模块加载完毕！
[2020-06-10 19:50:36.682] [INFO] console - 宠物管理模块加载完毕！
[2020-06-10 19:53:56.337] [ERROR] console - (node:37049) [DEP0066] DeprecationWarning: OutgoingMessage.prototype._headers is deprecated
(Use `node --trace-deprecation ...` to show where the warning was created)
