[2020-06-12 18:30:20.061] [INFO] console - <receive data> disconnect transport close
[2020-06-12 18:30:30.365] [INFO] console - [测试区]完成注册
[2020-06-12 18:30:30.468] [INFO] console - SQL: select text, type from qy_notice where serverid = 1000 or serverid = 0 order by time desc limit 30;
[2020-06-12 18:30:30.480] [INFO] console - SQL: SELECT MAX(EquipID) AS equipid FROM qy_equip_1000;
[2020-06-12 18:30:30.482] [INFO] console - SQL: SELECT * FROM qy_bang WHERE state = 1 and serverid = 1000;
[2020-06-12 18:30:30.484] [INFO] console - SQL: SELECT MAX(bangid) AS bangId FROM qy_bang WHERE serverid = 1000;
[2020-06-12 18:30:30.485] [INFO] console - SQL: select * from shop_goods
[2020-06-12 18:30:30.487] [INFO] console - SQL: select roleid, name, relive, level, money, shuilu from qy_role where serverid =  1000
[2020-06-12 18:30:30.488] [INFO] console - SQL: SELECT MAX(petid) AS petid FROM qy_pet_1000;
[2020-06-12 18:30:30.489] [INFO] console - SQL: SELECT roleid, sum(realmoney) AS rmb FROM charge_record WHERE status = 1 GROUP BY roleid;
[2020-06-12 18:30:30.493] [INFO] console - SQL: SELECT * FROM qy_role
[2020-06-12 18:30:30.495] [INFO] console - SQL: select * from qy_relation where status = 0
[2020-06-12 18:30:30.497] [INFO] console - SQL: select max(relationId) as relationId from qy_relation;
[2020-06-12 18:30:30.497] [INFO] console - SQL: select text, type from qy_notice where serverid = 1000 or serverid = 0 order by time desc limit 30;
[2020-06-12 18:30:30.498] [INFO] console - SQL: SELECT MAX(EquipID) AS equipid FROM qy_equip_1000;
[2020-06-12 18:30:30.499] [INFO] console - SQL: SELECT * FROM qy_bang WHERE state = 1 and serverid = 1000;
[2020-06-12 18:30:30.502] [INFO] console - SQL: SELECT MAX(bangid) AS bangId FROM qy_bang WHERE serverid = 1000;
[2020-06-12 18:30:30.502] [INFO] console - SQL: select * from shop_goods
[2020-06-12 18:30:30.503] [INFO] console - SQL: select roleid, name, relive, level, money, shuilu from qy_role where serverid =  1000
[2020-06-12 18:30:30.504] [INFO] console - SQL: SELECT MAX(petid) AS petid FROM qy_pet_1000;
[2020-06-12 18:30:30.505] [INFO] console - SQL: SELECT roleid, sum(realmoney) AS rmb FROM charge_record WHERE status = 1 GROUP BY roleid;
[2020-06-12 18:30:30.505] [INFO] console - SQL: SELECT * FROM qy_role
[2020-06-12 18:30:30.505] [INFO] console - SQL: select * from qy_relation where status = 0
[2020-06-12 18:30:30.506] [INFO] console - SQL: select max(relationId) as relationId from qy_relation;
[2020-06-12 18:30:30.545] [INFO] console - SELECT MAX(bangid) AS bangId FROM qy_bang WHERE serverid = 1000;
[2020-06-12 18:30:30.547] [INFO] console - SELECT MAX(EquipID) AS equipid FROM qy_equip_1000;
[2020-06-12 18:30:30.548] [INFO] console - SELECT * FROM qy_bang WHERE state = 1 and serverid = 1000;
[2020-06-12 18:30:30.552] [INFO] console - select * from shop_goods
[2020-06-12 18:30:30.555] [INFO] console - select roleid, name, relive, level, money, shuilu from qy_role where serverid =  1000
[2020-06-12 18:30:30.557] [INFO] console - SELECT MAX(petid) AS petid FROM qy_pet_1000;
[2020-06-12 18:30:30.560] [INFO] console - SELECT roleid, sum(realmoney) AS rmb FROM charge_record WHERE status = 1 GROUP BY roleid;
[2020-06-12 18:30:30.565] [INFO] console - select * from qy_relation where status = 0
[2020-06-12 18:30:30.567] [INFO] console - SELECT * FROM qy_role
[2020-06-12 18:30:30.572] [INFO] console - select max(relationId) as relationId from qy_relation;
[2020-06-12 18:30:30.573] [INFO] console - select text, type from qy_notice where serverid = 1000 or serverid = 0 order by time desc limit 30;
[2020-06-12 18:30:30.576] [INFO] console - SELECT MAX(EquipID) AS equipid FROM qy_equip_1000;
[2020-06-12 18:30:30.578] [INFO] console - SELECT * FROM qy_bang WHERE state = 1 and serverid = 1000;
[2020-06-12 18:30:30.583] [INFO] console - SELECT MAX(bangid) AS bangId FROM qy_bang WHERE serverid = 1000;
[2020-06-12 18:30:30.586] [INFO] console - select * from shop_goods
[2020-06-12 18:30:30.589] [INFO] console - select roleid, name, relive, level, money, shuilu from qy_role where serverid =  1000
[2020-06-12 18:30:30.591] [INFO] console - SELECT MAX(petid) AS petid FROM qy_pet_1000;
[2020-06-12 18:30:30.594] [INFO] console - SELECT roleid, sum(realmoney) AS rmb FROM charge_record WHERE status = 1 GROUP BY roleid;
[2020-06-12 18:30:30.599] [INFO] console - SELECT * FROM qy_role
[2020-06-12 18:30:30.601] [INFO] console - select * from qy_relation where status = 0
[2020-06-12 18:30:30.603] [INFO] console - select text, type from qy_notice where serverid = 1000 or serverid = 0 order by time desc limit 30;
[2020-06-12 18:30:30.606] [INFO] console - select max(relationId) as relationId from qy_relation;
[2020-06-12 18:32:06.812] [INFO] console - SQL: SELECT * FROM qy_account WHERE account = 'flashpf';
[2020-06-12 18:32:06.864] [INFO] console - SELECT * FROM qy_account WHERE account = 'flashpf';
[2020-06-12 18:32:06.886] [INFO] console - SQL: UPDATE qy_account SET last_login_time = now(), login_ip = '127.0.0.1', mac = 'GwRObINOQxyTD8397311591454499347' WHERE accountid =39381;
[2020-06-12 18:32:06.893] [INFO] console - SQL: SELECT * FROM qy_role WHERE accountid = 39381;
[2020-06-12 18:32:06.897] [INFO] console - UPDATE qy_account SET last_login_time = now(), login_ip = '127.0.0.1', mac = 'GwRObINOQxyTD8397311591454499347' WHERE accountid =39381;
[2020-06-12 18:32:06.951] [INFO] console - SELECT * FROM qy_role WHERE accountid = 39381;
[2020-06-12 18:32:11.491] [INFO] console - SQL: SELECT qy_account.safecode, qy_role.* FROM qy_account, qy_role WHERE qy_role.roleid = 157842 and qy_account.accountid = qy_role.accountid;
[2020-06-12 18:32:11.505] [INFO] console - SELECT qy_account.safecode, qy_role.* FROM qy_account, qy_role WHERE qy_role.roleid = 157842 and qy_account.accountid = qy_role.accountid;
[2020-06-12 18:32:11.521] [INFO] console - SQL: SELECT * FROM qy_equip_1000 WHERE RoleID = 157842 AND state != 0;
[2020-06-12 18:32:11.531] [INFO] console - SELECT * FROM qy_equip_1000 WHERE RoleID = 157842 AND state != 0;
[2020-06-12 18:32:39.185] [INFO] console - <receive data> disconnect transport close
[2020-06-12 18:33:55.652] [INFO] console - [测试区]完成注册
[2020-06-12 18:33:55.756] [INFO] console - SQL: select text, type from qy_notice where serverid = 1000 or serverid = 0 order by time desc limit 30;
[2020-06-12 18:33:55.760] [INFO] console - SQL: SELECT MAX(EquipID) AS equipid FROM qy_equip_1000;
[2020-06-12 18:33:55.761] [INFO] console - SQL: SELECT * FROM qy_bang WHERE state = 1 and serverid = 1000;
[2020-06-12 18:33:55.762] [INFO] console - SQL: SELECT MAX(bangid) AS bangId FROM qy_bang WHERE serverid = 1000;
[2020-06-12 18:33:55.763] [INFO] console - SQL: select * from shop_goods
[2020-06-12 18:33:55.765] [INFO] console - SQL: select roleid, name, relive, level, money, shuilu from qy_role where serverid =  1000
[2020-06-12 18:33:55.766] [INFO] console - SQL: SELECT MAX(petid) AS petid FROM qy_pet_1000;
[2020-06-12 18:33:55.766] [INFO] console - SQL: SELECT roleid, sum(realmoney) AS rmb FROM charge_record WHERE status = 1 GROUP BY roleid;
[2020-06-12 18:33:55.768] [INFO] console - SQL: SELECT * FROM qy_role
[2020-06-12 18:33:55.776] [INFO] console - SQL: select * from qy_relation where status = 0
[2020-06-12 18:33:55.778] [INFO] console - SQL: select max(relationId) as relationId from qy_relation;
[2020-06-12 18:33:55.778] [INFO] console - SQL: select text, type from qy_notice where serverid = 1000 or serverid = 0 order by time desc limit 30;
[2020-06-12 18:33:55.779] [INFO] console - SQL: SELECT MAX(EquipID) AS equipid FROM qy_equip_1000;
[2020-06-12 18:33:55.780] [INFO] console - SQL: SELECT * FROM qy_bang WHERE state = 1 and serverid = 1000;
[2020-06-12 18:33:55.780] [INFO] console - SQL: SELECT MAX(bangid) AS bangId FROM qy_bang WHERE serverid = 1000;
[2020-06-12 18:33:55.780] [INFO] console - SQL: select * from shop_goods
[2020-06-12 18:33:55.781] [INFO] console - SQL: select roleid, name, relive, level, money, shuilu from qy_role where serverid =  1000
[2020-06-12 18:33:55.781] [INFO] console - SQL: SELECT MAX(petid) AS petid FROM qy_pet_1000;
[2020-06-12 18:33:55.782] [INFO] console - SQL: SELECT roleid, sum(realmoney) AS rmb FROM charge_record WHERE status = 1 GROUP BY roleid;
[2020-06-12 18:33:55.783] [INFO] console - SQL: SELECT * FROM qy_role
[2020-06-12 18:33:55.783] [INFO] console - SQL: select * from qy_relation where status = 0
[2020-06-12 18:33:55.784] [INFO] console - SQL: select max(relationId) as relationId from qy_relation;
[2020-06-12 18:33:55.785] [INFO] console - SELECT * FROM qy_bang WHERE state = 1 and serverid = 1000;
[2020-06-12 18:33:55.786] [INFO] console - SELECT MAX(EquipID) AS equipid FROM qy_equip_1000;
[2020-06-12 18:33:55.787] [INFO] console - SELECT MAX(bangid) AS bangId FROM qy_bang WHERE serverid = 1000;
[2020-06-12 18:33:55.789] [INFO] console - select text, type from qy_notice where serverid = 1000 or serverid = 0 order by time desc limit 30;
[2020-06-12 18:33:55.791] [INFO] console - select * from shop_goods
[2020-06-12 18:33:55.792] [INFO] console - select roleid, name, relive, level, money, shuilu from qy_role where serverid =  1000
[2020-06-12 18:33:55.793] [INFO] console - SELECT MAX(petid) AS petid FROM qy_pet_1000;
[2020-06-12 18:33:55.796] [INFO] console - SELECT roleid, sum(realmoney) AS rmb FROM charge_record WHERE status = 1 GROUP BY roleid;
[2020-06-12 18:33:55.797] [INFO] console - SELECT * FROM qy_role
[2020-06-12 18:33:55.798] [INFO] console - select * from qy_relation where status = 0
[2020-06-12 18:33:55.812] [INFO] console - select max(relationId) as relationId from qy_relation;
[2020-06-12 18:33:55.814] [INFO] console - SELECT MAX(EquipID) AS equipid FROM qy_equip_1000;
[2020-06-12 18:33:55.815] [INFO] console - select text, type from qy_notice where serverid = 1000 or serverid = 0 order by time desc limit 30;
[2020-06-12 18:33:55.816] [INFO] console - SELECT * FROM qy_bang WHERE state = 1 and serverid = 1000;
[2020-06-12 18:33:55.818] [INFO] console - SELECT MAX(bangid) AS bangId FROM qy_bang WHERE serverid = 1000;
[2020-06-12 18:33:55.819] [INFO] console - select roleid, name, relive, level, money, shuilu from qy_role where serverid =  1000
[2020-06-12 18:33:55.821] [INFO] console - select * from shop_goods
[2020-06-12 18:33:55.822] [INFO] console - SELECT MAX(petid) AS petid FROM qy_pet_1000;
[2020-06-12 18:33:55.823] [INFO] console - SELECT roleid, sum(realmoney) AS rmb FROM charge_record WHERE status = 1 GROUP BY roleid;
[2020-06-12 18:33:55.825] [INFO] console - SELECT * FROM qy_role
[2020-06-12 18:33:55.836] [INFO] console - select max(relationId) as relationId from qy_relation;
[2020-06-12 18:33:55.838] [INFO] console - select * from qy_relation where status = 0
[2020-06-12 18:35:17.022] [INFO] console - SQL: SELECT * FROM qy_account WHERE account = 'flashpf';
[2020-06-12 18:35:17.042] [INFO] console - SELECT * FROM qy_account WHERE account = 'flashpf';
[2020-06-12 18:35:17.063] [INFO] console - SQL: UPDATE qy_account SET last_login_time = now(), login_ip = '127.0.0.1', mac = 'GwRObINOQxyTD8397311591454499347' WHERE accountid =39381;
[2020-06-12 18:35:17.073] [INFO] console - SQL: SELECT * FROM qy_role WHERE accountid = 39381;
[2020-06-12 18:35:17.076] [INFO] console - UPDATE qy_account SET last_login_time = now(), login_ip = '127.0.0.1', mac = 'GwRObINOQxyTD8397311591454499347' WHERE accountid =39381;
[2020-06-12 18:35:17.084] [INFO] console - SELECT * FROM qy_role WHERE accountid = 39381;
[2020-06-12 18:35:29.434] [INFO] console - SQL: SELECT qy_account.safecode, qy_role.* FROM qy_account, qy_role WHERE qy_role.roleid = 157842 and qy_account.accountid = qy_role.accountid;
[2020-06-12 18:35:29.452] [INFO] console - SELECT qy_account.safecode, qy_role.* FROM qy_account, qy_role WHERE qy_role.roleid = 157842 and qy_account.accountid = qy_role.accountid;
[2020-06-12 18:35:29.474] [INFO] console - SQL: SELECT * FROM qy_equip_1000 WHERE RoleID = 157842 AND state != 0;
[2020-06-12 18:35:29.484] [INFO] console - SELECT * FROM qy_equip_1000 WHERE RoleID = 157842 AND state != 0;
[2020-06-12 18:36:54.468] [INFO] console - <receive data> disconnect ping timeout
[2020-06-12 18:39:58.506] [INFO] console - [测试区]完成注册
[2020-06-12 18:39:58.607] [INFO] console - SQL: select text, type from qy_notice where serverid = 1000 or serverid = 0 order by time desc limit 30;
[2020-06-12 18:39:58.618] [INFO] console - SQL: SELECT MAX(EquipID) AS equipid FROM qy_equip_1000;
[2020-06-12 18:39:58.619] [INFO] console - SQL: SELECT * FROM qy_bang WHERE state = 1 and serverid = 1000;
[2020-06-12 18:39:58.619] [INFO] console - SQL: SELECT MAX(bangid) AS bangId FROM qy_bang WHERE serverid = 1000;
[2020-06-12 18:39:58.620] [INFO] console - SQL: select * from shop_goods
[2020-06-12 18:39:58.622] [INFO] console - SQL: select roleid, name, relive, level, money, shuilu from qy_role where serverid =  1000
[2020-06-12 18:39:58.623] [INFO] console - SQL: SELECT MAX(petid) AS petid FROM qy_pet_1000;
[2020-06-12 18:39:58.624] [INFO] console - SQL: SELECT roleid, sum(realmoney) AS rmb FROM charge_record WHERE status = 1 GROUP BY roleid;
[2020-06-12 18:39:58.625] [INFO] console - SQL: SELECT * FROM qy_role
[2020-06-12 18:39:58.628] [INFO] console - SQL: select * from qy_relation where status = 0
[2020-06-12 18:39:58.632] [INFO] console - SQL: select max(relationId) as relationId from qy_relation;
[2020-06-12 18:39:58.635] [INFO] console - SQL: select text, type from qy_notice where serverid = 1000 or serverid = 0 order by time desc limit 30;
[2020-06-12 18:39:58.636] [INFO] console - SQL: SELECT MAX(EquipID) AS equipid FROM qy_equip_1000;
[2020-06-12 18:39:58.637] [INFO] console - SQL: SELECT * FROM qy_bang WHERE state = 1 and serverid = 1000;
[2020-06-12 18:39:58.639] [INFO] console - SQL: SELECT MAX(bangid) AS bangId FROM qy_bang WHERE serverid = 1000;
[2020-06-12 18:39:58.644] [INFO] console - SQL: select * from shop_goods
[2020-06-12 18:39:58.645] [INFO] console - SQL: select roleid, name, relive, level, money, shuilu from qy_role where serverid =  1000
[2020-06-12 18:39:58.650] [INFO] console - SQL: SELECT MAX(petid) AS petid FROM qy_pet_1000;
[2020-06-12 18:39:58.653] [INFO] console - SQL: SELECT roleid, sum(realmoney) AS rmb FROM charge_record WHERE status = 1 GROUP BY roleid;
[2020-06-12 18:39:58.656] [INFO] console - SQL: SELECT * FROM qy_role
[2020-06-12 18:39:58.659] [INFO] console - SQL: select * from qy_relation where status = 0
[2020-06-12 18:39:58.661] [INFO] console - SQL: select max(relationId) as relationId from qy_relation;
[2020-06-12 18:39:58.663] [INFO] console - select text, type from qy_notice where serverid = 1000 or serverid = 0 order by time desc limit 30;
[2020-06-12 18:39:58.668] [INFO] console - SELECT MAX(EquipID) AS equipid FROM qy_equip_1000;
[2020-06-12 18:39:58.670] [INFO] console - SELECT * FROM qy_bang WHERE state = 1 and serverid = 1000;
[2020-06-12 18:39:58.673] [INFO] console - SELECT MAX(bangid) AS bangId FROM qy_bang WHERE serverid = 1000;
[2020-06-12 18:39:58.675] [INFO] console - select * from shop_goods
[2020-06-12 18:39:58.678] [INFO] console - SELECT MAX(petid) AS petid FROM qy_pet_1000;
[2020-06-12 18:39:58.682] [INFO] console - select roleid, name, relive, level, money, shuilu from qy_role where serverid =  1000
[2020-06-12 18:39:58.685] [INFO] console - SELECT roleid, sum(realmoney) AS rmb FROM charge_record WHERE status = 1 GROUP BY roleid;
[2020-06-12 18:39:58.689] [INFO] console - SELECT * FROM qy_role
[2020-06-12 18:39:58.701] [INFO] console - select * from qy_relation where status = 0
[2020-06-12 18:39:58.724] [INFO] console - select max(relationId) as relationId from qy_relation;
[2020-06-12 18:39:58.753] [INFO] console - SELECT MAX(petid) AS petid FROM qy_pet_1000;
[2020-06-12 18:39:58.756] [INFO] console - select text, type from qy_notice where serverid = 1000 or serverid = 0 order by time desc limit 30;
[2020-06-12 18:39:58.758] [INFO] console - SELECT MAX(EquipID) AS equipid FROM qy_equip_1000;
[2020-06-12 18:39:58.763] [INFO] console - SELECT * FROM qy_bang WHERE state = 1 and serverid = 1000;
[2020-06-12 18:39:58.764] [INFO] console - select * from shop_goods
[2020-06-12 18:39:58.766] [INFO] console - SELECT MAX(bangid) AS bangId FROM qy_bang WHERE serverid = 1000;
[2020-06-12 18:39:58.767] [INFO] console - select roleid, name, relive, level, money, shuilu from qy_role where serverid =  1000
[2020-06-12 18:39:58.770] [INFO] console - SELECT roleid, sum(realmoney) AS rmb FROM charge_record WHERE status = 1 GROUP BY roleid;
[2020-06-12 18:39:58.780] [INFO] console - select max(relationId) as relationId from qy_relation;
[2020-06-12 18:39:58.812] [INFO] console - SELECT * FROM qy_role
[2020-06-12 18:39:58.816] [INFO] console - select * from qy_relation where status = 0
[2020-06-12 18:40:25.558] [INFO] console - SQL: SELECT * FROM qy_account WHERE account = 'flashpf';
[2020-06-12 18:40:25.577] [INFO] console - SELECT * FROM qy_account WHERE account = 'flashpf';
[2020-06-12 18:40:25.594] [INFO] console - SQL: UPDATE qy_account SET last_login_time = now(), login_ip = '127.0.0.1', mac = 'GwRObINOQxyTD8397311591454499347' WHERE accountid =39381;
[2020-06-12 18:40:25.602] [INFO] console - SQL: SELECT * FROM qy_role WHERE accountid = 39381;
[2020-06-12 18:40:25.606] [INFO] console - UPDATE qy_account SET last_login_time = now(), login_ip = '127.0.0.1', mac = 'GwRObINOQxyTD8397311591454499347' WHERE accountid =39381;
[2020-06-12 18:40:25.611] [INFO] console - SELECT * FROM qy_role WHERE accountid = 39381;
[2020-06-12 18:40:29.750] [INFO] console - SQL: SELECT qy_account.safecode, qy_role.* FROM qy_account, qy_role WHERE qy_role.roleid = 157842 and qy_account.accountid = qy_role.accountid;
[2020-06-12 18:40:29.765] [INFO] console - SELECT qy_account.safecode, qy_role.* FROM qy_account, qy_role WHERE qy_role.roleid = 157842 and qy_account.accountid = qy_role.accountid;
[2020-06-12 18:40:29.781] [INFO] console - SQL: SELECT * FROM qy_equip_1000 WHERE RoleID = 157842 AND state != 0;
[2020-06-12 18:40:29.792] [INFO] console - SELECT * FROM qy_equip_1000 WHERE RoleID = 157842 AND state != 0;
[2020-06-12 18:40:32.560] [INFO] console - SQL: SELECT * FROM qy_mount WHERE mountid=5;
[2020-06-12 18:40:32.576] [INFO] console - SELECT * FROM qy_mount WHERE mountid=5;
[2020-06-12 18:40:32.587] [ERROR] console - An uncaught error occurred!
[2020-06-12 18:40:32.587] [ERROR] console - Error: ER_NO_SUCH_TABLE: Table 'xy_game.qy_mount' doesn't exist
    at Query._packetToError (/Users/brightli/Documents/work/server/dhxy_1.1.0/node_modules/mysql/lib/protocol/sequences/Sequence.js:47:14)
    at Query.ErrorPacket (/Users/brightli/Documents/work/server/dhxy_1.1.0/node_modules/mysql/lib/protocol/sequences/Query.js:77:18)
    at Protocol._parsePacket (/Users/brightli/Documents/work/server/dhxy_1.1.0/node_modules/mysql/lib/protocol/Protocol.js:278:23)
    at Parser.write (/Users/brightli/Documents/work/server/dhxy_1.1.0/node_modules/mysql/lib/protocol/Parser.js:76:12)
    at Protocol.write (/Users/brightli/Documents/work/server/dhxy_1.1.0/node_modules/mysql/lib/protocol/Protocol.js:38:16)
    at Socket.<anonymous> (/Users/brightli/Documents/work/server/dhxy_1.1.0/node_modules/mysql/lib/Connection.js:91:28)
    at Socket.<anonymous> (/Users/brightli/Documents/work/server/dhxy_1.1.0/node_modules/mysql/lib/Connection.js:502:10)
    at Socket.emit (events.js:315:20)
    at addChunk (_stream_readable.js:300:12)
    at readableAddChunk (_stream_readable.js:276:9)
    --------------------
    at Protocol._enqueue (/Users/brightli/Documents/work/server/dhxy_1.1.0/node_modules/mysql/lib/protocol/Protocol.js:144:48)
    at PoolConnection.query (/Users/brightli/Documents/work/server/dhxy_1.1.0/node_modules/mysql/lib/Connection.js:200:25)
    at /Users/brightli/Documents/work/server/dhxy_1.1.0/DBServ.ts:33:9
    at Ping.onOperationComplete (/Users/brightli/Documents/work/server/dhxy_1.1.0/node_modules/mysql/lib/Pool.js:110:5)
    at Ping.<anonymous> (/Users/brightli/Documents/work/server/dhxy_1.1.0/node_modules/mysql/lib/Connection.js:502:10)
    at Ping._callback (/Users/brightli/Documents/work/server/dhxy_1.1.0/node_modules/mysql/lib/Connection.js:468:16)
    at Ping.end (/Users/brightli/Documents/work/server/dhxy_1.1.0/node_modules/mysql/lib/protocol/sequences/Sequence.js:83:24)
    at Ping.OkPacket (/Users/brightli/Documents/work/server/dhxy_1.1.0/node_modules/mysql/lib/protocol/sequences/Sequence.js:92:8)
    at Protocol._parsePacket (/Users/brightli/Documents/work/server/dhxy_1.1.0/node_modules/mysql/lib/protocol/Protocol.js:278:23)
    at Parser.write (/Users/brightli/Documents/work/server/dhxy_1.1.0/node_modules/mysql/lib/protocol/Parser.js:76:12)
[2020-06-12 18:40:54.782] [INFO] console - <receive data> disconnect transport close
[2020-06-12 18:41:02.282] [INFO] console - [测试区]完成注册
[2020-06-12 18:41:02.288] [INFO] console - SQL: select text, type from qy_notice where serverid = 1000 or serverid = 0 order by time desc limit 30;
[2020-06-12 18:41:02.291] [INFO] console - SQL: SELECT MAX(EquipID) AS equipid FROM qy_equip_1000;
[2020-06-12 18:41:02.293] [INFO] console - SQL: SELECT * FROM qy_bang WHERE state = 1 and serverid = 1000;
[2020-06-12 18:41:02.294] [INFO] console - SQL: SELECT MAX(bangid) AS bangId FROM qy_bang WHERE serverid = 1000;
[2020-06-12 18:41:02.296] [INFO] console - SQL: select * from shop_goods
[2020-06-12 18:41:02.298] [INFO] console - SQL: select roleid, name, relive, level, money, shuilu from qy_role where serverid =  1000
[2020-06-12 18:41:02.299] [INFO] console - SQL: SELECT MAX(petid) AS petid FROM qy_pet_1000;
[2020-06-12 18:41:02.301] [INFO] console - SQL: SELECT roleid, sum(realmoney) AS rmb FROM charge_record WHERE status = 1 GROUP BY roleid;
[2020-06-12 18:41:02.303] [INFO] console - SQL: SELECT * FROM qy_role
[2020-06-12 18:41:02.303] [INFO] console - SQL: select * from qy_relation where status = 0
[2020-06-12 18:41:02.304] [INFO] console - SQL: select max(relationId) as relationId from qy_relation;
[2020-06-12 18:41:02.305] [INFO] console - SQL: select text, type from qy_notice where serverid = 1000 or serverid = 0 order by time desc limit 30;
[2020-06-12 18:41:02.307] [INFO] console - SQL: SELECT MAX(EquipID) AS equipid FROM qy_equip_1000;
[2020-06-12 18:41:02.307] [INFO] console - SQL: SELECT * FROM qy_bang WHERE state = 1 and serverid = 1000;
[2020-06-12 18:41:02.311] [INFO] console - SQL: SELECT MAX(bangid) AS bangId FROM qy_bang WHERE serverid = 1000;
[2020-06-12 18:41:02.311] [INFO] console - SQL: select * from shop_goods
[2020-06-12 18:41:02.312] [INFO] console - SQL: select roleid, name, relive, level, money, shuilu from qy_role where serverid =  1000
[2020-06-12 18:41:02.312] [INFO] console - SQL: SELECT MAX(petid) AS petid FROM qy_pet_1000;
[2020-06-12 18:41:02.313] [INFO] console - SQL: SELECT roleid, sum(realmoney) AS rmb FROM charge_record WHERE status = 1 GROUP BY roleid;
[2020-06-12 18:41:02.313] [INFO] console - SQL: SELECT * FROM qy_role
[2020-06-12 18:41:02.314] [INFO] console - SQL: select * from qy_relation where status = 0
[2020-06-12 18:41:02.315] [INFO] console - SQL: select max(relationId) as relationId from qy_relation;
[2020-06-12 18:41:02.315] [INFO] console - SELECT MAX(EquipID) AS equipid FROM qy_equip_1000;
[2020-06-12 18:41:02.318] [INFO] console - SELECT MAX(bangid) AS bangId FROM qy_bang WHERE serverid = 1000;
[2020-06-12 18:41:02.319] [INFO] console - select roleid, name, relive, level, money, shuilu from qy_role where serverid =  1000
[2020-06-12 18:41:02.321] [INFO] console - select text, type from qy_notice where serverid = 1000 or serverid = 0 order by time desc limit 30;
[2020-06-12 18:41:02.323] [INFO] console - select * from shop_goods
[2020-06-12 18:41:02.324] [INFO] console - SELECT * FROM qy_bang WHERE state = 1 and serverid = 1000;
[2020-06-12 18:41:02.328] [INFO] console - SELECT MAX(petid) AS petid FROM qy_pet_1000;
[2020-06-12 18:41:02.329] [INFO] console - SELECT roleid, sum(realmoney) AS rmb FROM charge_record WHERE status = 1 GROUP BY roleid;
[2020-06-12 18:41:02.330] [INFO] console - SELECT * FROM qy_role
[2020-06-12 18:41:02.331] [INFO] console - select * from qy_relation where status = 0
[2020-06-12 18:41:02.337] [INFO] console - select max(relationId) as relationId from qy_relation;
[2020-06-12 18:41:02.339] [INFO] console - select text, type from qy_notice where serverid = 1000 or serverid = 0 order by time desc limit 30;
[2020-06-12 18:41:02.345] [INFO] console - SELECT MAX(EquipID) AS equipid FROM qy_equip_1000;
[2020-06-12 18:41:02.346] [INFO] console - SELECT * FROM qy_bang WHERE state = 1 and serverid = 1000;
[2020-06-12 18:41:02.347] [INFO] console - SELECT MAX(bangid) AS bangId FROM qy_bang WHERE serverid = 1000;
[2020-06-12 18:41:02.354] [INFO] console - select * from shop_goods
[2020-06-12 18:41:02.355] [INFO] console - select roleid, name, relive, level, money, shuilu from qy_role where serverid =  1000
[2020-06-12 18:41:02.357] [INFO] console - SELECT MAX(petid) AS petid FROM qy_pet_1000;
[2020-06-12 18:41:02.360] [INFO] console - select * from qy_relation where status = 0
[2020-06-12 18:41:02.363] [INFO] console - select max(relationId) as relationId from qy_relation;
[2020-06-12 18:41:02.404] [INFO] console - SELECT * FROM qy_role
[2020-06-12 18:41:02.405] [INFO] console - SELECT roleid, sum(realmoney) AS rmb FROM charge_record WHERE status = 1 GROUP BY roleid;
[2020-06-12 18:41:13.480] [INFO] console - SQL: SELECT * FROM qy_account WHERE account = 'flashpf';
[2020-06-12 18:41:13.498] [INFO] console - SELECT * FROM qy_account WHERE account = 'flashpf';
[2020-06-12 18:41:13.516] [INFO] console - SQL: UPDATE qy_account SET last_login_time = now(), login_ip = '127.0.0.1', mac = 'GwRObINOQxyTD8397311591454499347' WHERE accountid =39381;
[2020-06-12 18:41:13.538] [INFO] console - SQL: SELECT * FROM qy_role WHERE accountid = 39381;
[2020-06-12 18:41:13.553] [INFO] console - UPDATE qy_account SET last_login_time = now(), login_ip = '127.0.0.1', mac = 'GwRObINOQxyTD8397311591454499347' WHERE accountid =39381;
[2020-06-12 18:41:13.555] [INFO] console - SELECT * FROM qy_role WHERE accountid = 39381;
[2020-06-12 18:41:17.582] [INFO] console - SQL: SELECT qy_account.safecode, qy_role.* FROM qy_account, qy_role WHERE qy_role.roleid = 157842 and qy_account.accountid = qy_role.accountid;
[2020-06-12 18:41:17.617] [INFO] console - SELECT qy_account.safecode, qy_role.* FROM qy_account, qy_role WHERE qy_role.roleid = 157842 and qy_account.accountid = qy_role.accountid;
[2020-06-12 18:41:17.632] [INFO] console - SQL: SELECT * FROM qy_equip_1000 WHERE RoleID = 157842 AND state != 0;
[2020-06-12 18:41:17.643] [INFO] console - SELECT * FROM qy_equip_1000 WHERE RoleID = 157842 AND state != 0;
[2020-06-12 18:41:27.457] [INFO] console - SQL: SELECT * FROM dhxy_mount WHERE mountid=5;
[2020-06-12 18:41:27.473] [INFO] console - SELECT * FROM dhxy_mount WHERE mountid=5;
[2020-06-12 18:42:16.108] [INFO] console - SQL: SELECT * FROM qy_account WHERE account = 'flashpf';
[2020-06-12 18:42:16.123] [INFO] console - SELECT * FROM qy_account WHERE account = 'flashpf';
[2020-06-12 18:42:16.137] [INFO] console - SQL: UPDATE qy_account SET last_login_time = now(), login_ip = '127.0.0.1', mac = 'GwRObINOQxyTD8397311591454499347' WHERE accountid =39381;
[2020-06-12 18:42:16.146] [INFO] console - SQL: SELECT * FROM qy_role WHERE accountid = 39381;
[2020-06-12 18:42:16.194] [INFO] console - UPDATE qy_account SET last_login_time = now(), login_ip = '127.0.0.1', mac = 'GwRObINOQxyTD8397311591454499347' WHERE accountid =39381;
[2020-06-12 18:42:16.202] [INFO] console - SELECT * FROM qy_role WHERE accountid = 39381;
[2020-06-12 18:42:19.876] [INFO] console - SQL: SELECT qy_account.safecode, qy_role.* FROM qy_account, qy_role WHERE qy_role.roleid = 157842 and qy_account.accountid = qy_role.accountid;
[2020-06-12 18:42:19.885] [INFO] console - SELECT qy_account.safecode, qy_role.* FROM qy_account, qy_role WHERE qy_role.roleid = 157842 and qy_account.accountid = qy_role.accountid;
[2020-06-12 18:42:19.899] [INFO] console - SQL: SELECT * FROM qy_equip_1000 WHERE RoleID = 157842 AND state != 0;
[2020-06-12 18:42:19.906] [INFO] console - SELECT * FROM qy_equip_1000 WHERE RoleID = 157842 AND state != 0;
[2020-06-12 18:42:22.650] [INFO] console - SQL: SELECT * FROM dhxy_mount WHERE mountid=5;
[2020-06-12 18:42:22.670] [INFO] console - SELECT * FROM dhxy_mount WHERE mountid=5;
[2020-06-12 18:43:11.720] [INFO] console - SQL: SELECT * FROM qy_account WHERE account = 'flashpf';
[2020-06-12 18:43:11.743] [INFO] console - SELECT * FROM qy_account WHERE account = 'flashpf';
[2020-06-12 18:43:11.767] [INFO] console - SQL: UPDATE qy_account SET last_login_time = now(), login_ip = '127.0.0.1', mac = 'GwRObINOQxyTD8397311591454499347' WHERE accountid =39381;
[2020-06-12 18:43:11.775] [INFO] console - SQL: SELECT * FROM qy_role WHERE accountid = 39381;
[2020-06-12 18:43:11.777] [INFO] console - UPDATE qy_account SET last_login_time = now(), login_ip = '127.0.0.1', mac = 'GwRObINOQxyTD8397311591454499347' WHERE accountid =39381;
[2020-06-12 18:43:11.785] [INFO] console - SELECT * FROM qy_role WHERE accountid = 39381;
[2020-06-12 18:43:15.959] [INFO] console - SQL: SELECT qy_account.safecode, qy_role.* FROM qy_account, qy_role WHERE qy_role.roleid = 157842 and qy_account.accountid = qy_role.accountid;
[2020-06-12 18:43:15.975] [INFO] console - SELECT qy_account.safecode, qy_role.* FROM qy_account, qy_role WHERE qy_role.roleid = 157842 and qy_account.accountid = qy_role.accountid;
[2020-06-12 18:43:15.997] [INFO] console - SQL: SELECT * FROM qy_equip_1000 WHERE RoleID = 157842 AND state != 0;
[2020-06-12 18:43:16.008] [INFO] console - SELECT * FROM qy_equip_1000 WHERE RoleID = 157842 AND state != 0;
[2020-06-12 18:43:16.024] [INFO] console - SQL: SELECT * FROM dhxy_mount WHERE mountid=5;
[2020-06-12 18:43:16.040] [INFO] console - SELECT * FROM dhxy_mount WHERE mountid=5;
[2020-06-12 18:43:34.087] [INFO] console - <receive data> disconnect transport close
[2020-06-12 18:43:41.285] [INFO] console - [测试区]完成注册
[2020-06-12 18:43:41.389] [INFO] console - SQL: select text, type from qy_notice where serverid = 1000 or serverid = 0 order by time desc limit 30;
[2020-06-12 18:43:41.398] [INFO] console - SQL: SELECT MAX(EquipID) AS equipid FROM qy_equip_1000;
[2020-06-12 18:43:41.399] [INFO] console - SQL: SELECT * FROM qy_bang WHERE state = 1 and serverid = 1000;
[2020-06-12 18:43:41.400] [INFO] console - SQL: SELECT MAX(bangid) AS bangId FROM qy_bang WHERE serverid = 1000;
[2020-06-12 18:43:41.402] [INFO] console - SQL: select * from shop_goods
[2020-06-12 18:43:41.402] [INFO] console - SQL: select roleid, name, relive, level, money, shuilu from qy_role where serverid =  1000
[2020-06-12 18:43:41.403] [INFO] console - SQL: SELECT MAX(petid) AS petid FROM qy_pet_1000;
[2020-06-12 18:43:41.404] [INFO] console - SQL: SELECT roleid, sum(realmoney) AS rmb FROM charge_record WHERE status = 1 GROUP BY roleid;
[2020-06-12 18:43:41.405] [INFO] console - SQL: SELECT * FROM qy_role
[2020-06-12 18:43:41.406] [INFO] console - SQL: select * from qy_relation where status = 0
[2020-06-12 18:43:41.407] [INFO] console - SQL: select max(relationId) as relationId from qy_relation;
[2020-06-12 18:43:41.408] [INFO] console - SQL: select text, type from qy_notice where serverid = 1000 or serverid = 0 order by time desc limit 30;
[2020-06-12 18:43:41.409] [INFO] console - SQL: SELECT MAX(EquipID) AS equipid FROM qy_equip_1000;
[2020-06-12 18:43:41.411] [INFO] console - SQL: SELECT * FROM qy_bang WHERE state = 1 and serverid = 1000;
[2020-06-12 18:43:41.412] [INFO] console - SQL: SELECT MAX(bangid) AS bangId FROM qy_bang WHERE serverid = 1000;
[2020-06-12 18:43:41.413] [INFO] console - SQL: select * from shop_goods
[2020-06-12 18:43:41.416] [INFO] console - SQL: select roleid, name, relive, level, money, shuilu from qy_role where serverid =  1000
[2020-06-12 18:43:41.418] [INFO] console - SQL: SELECT MAX(petid) AS petid FROM qy_pet_1000;
[2020-06-12 18:43:41.419] [INFO] console - SQL: SELECT roleid, sum(realmoney) AS rmb FROM charge_record WHERE status = 1 GROUP BY roleid;
[2020-06-12 18:43:41.420] [INFO] console - SQL: SELECT * FROM qy_role
[2020-06-12 18:43:41.421] [INFO] console - SQL: select * from qy_relation where status = 0
[2020-06-12 18:43:41.423] [INFO] console - SQL: select max(relationId) as relationId from qy_relation;
[2020-06-12 18:43:41.430] [INFO] console - select text, type from qy_notice where serverid = 1000 or serverid = 0 order by time desc limit 30;
[2020-06-12 18:43:41.433] [INFO] console - SELECT * FROM qy_bang WHERE state = 1 and serverid = 1000;
[2020-06-12 18:43:41.435] [INFO] console - SELECT MAX(EquipID) AS equipid FROM qy_equip_1000;
[2020-06-12 18:43:41.437] [INFO] console - SELECT MAX(bangid) AS bangId FROM qy_bang WHERE serverid = 1000;
[2020-06-12 18:43:41.438] [INFO] console - select * from shop_goods
[2020-06-12 18:43:41.440] [INFO] console - select roleid, name, relive, level, money, shuilu from qy_role where serverid =  1000
[2020-06-12 18:43:41.441] [INFO] console - SELECT roleid, sum(realmoney) AS rmb FROM charge_record WHERE status = 1 GROUP BY roleid;
[2020-06-12 18:43:41.443] [INFO] console - SELECT MAX(petid) AS petid FROM qy_pet_1000;
[2020-06-12 18:43:41.445] [INFO] console - SELECT * FROM qy_role
[2020-06-12 18:43:41.446] [INFO] console - select * from qy_relation where status = 0
[2020-06-12 18:43:41.458] [INFO] console - select max(relationId) as relationId from qy_relation;
[2020-06-12 18:43:41.459] [INFO] console - select text, type from qy_notice where serverid = 1000 or serverid = 0 order by time desc limit 30;
[2020-06-12 18:43:41.460] [INFO] console - SELECT * FROM qy_bang WHERE state = 1 and serverid = 1000;
[2020-06-12 18:43:41.461] [INFO] console - SELECT MAX(EquipID) AS equipid FROM qy_equip_1000;
[2020-06-12 18:43:41.463] [INFO] console - SELECT MAX(bangid) AS bangId FROM qy_bang WHERE serverid = 1000;
[2020-06-12 18:43:41.464] [INFO] console - select * from shop_goods
[2020-06-12 18:43:41.465] [INFO] console - select roleid, name, relive, level, money, shuilu from qy_role where serverid =  1000
[2020-06-12 18:43:41.466] [INFO] console - SELECT MAX(petid) AS petid FROM qy_pet_1000;
[2020-06-12 18:43:41.468] [INFO] console - SELECT roleid, sum(realmoney) AS rmb FROM charge_record WHERE status = 1 GROUP BY roleid;
[2020-06-12 18:43:41.471] [INFO] console - SELECT * FROM qy_role
[2020-06-12 18:43:41.480] [INFO] console - select * from qy_relation where status = 0
[2020-06-12 18:43:41.482] [INFO] console - select max(relationId) as relationId from qy_relation;
[2020-06-12 18:45:36.931] [INFO] console - SQL: SELECT * FROM qy_account WHERE account = 'flashpf';
[2020-06-12 18:45:36.941] [INFO] console - SELECT * FROM qy_account WHERE account = 'flashpf';
[2020-06-12 18:45:36.957] [INFO] console - SQL: UPDATE qy_account SET last_login_time = now(), login_ip = '127.0.0.1', mac = 'GwRObINOQxyTD8397311591454499347' WHERE accountid =39381;
[2020-06-12 18:45:36.970] [INFO] console - SQL: SELECT * FROM qy_role WHERE accountid = 39381;
[2020-06-12 18:45:36.972] [INFO] console - UPDATE qy_account SET last_login_time = now(), login_ip = '127.0.0.1', mac = 'GwRObINOQxyTD8397311591454499347' WHERE accountid =39381;
[2020-06-12 18:45:36.980] [INFO] console - SELECT * FROM qy_role WHERE accountid = 39381;
[2020-06-12 18:45:41.447] [INFO] console - SQL: SELECT qy_account.safecode, qy_role.* FROM qy_account, qy_role WHERE qy_role.roleid = 157842 and qy_account.accountid = qy_role.accountid;
[2020-06-12 18:45:41.466] [INFO] console - SELECT qy_account.safecode, qy_role.* FROM qy_account, qy_role WHERE qy_role.roleid = 157842 and qy_account.accountid = qy_role.accountid;
[2020-06-12 18:45:41.480] [INFO] console - SQL: SELECT * FROM qy_equip_1000 WHERE RoleID = 157842 AND state != 0;
[2020-06-12 18:45:41.493] [INFO] console - SELECT * FROM qy_equip_1000 WHERE RoleID = 157842 AND state != 0;
[2020-06-12 18:45:41.515] [INFO] console - SQL: SELECT * FROM dhxy_mount WHERE mountid=5;
[2020-06-12 18:45:41.535] [INFO] console - SELECT * FROM dhxy_mount WHERE mountid=5;
[2020-06-12 18:46:14.136] [INFO] console - SQL: SELECT qy_account.safecode, qy_role.* FROM qy_account, qy_role WHERE qy_role.roleid = 157842 and qy_account.accountid = qy_role.accountid;
[2020-06-12 18:46:14.152] [INFO] console - SELECT qy_account.safecode, qy_role.* FROM qy_account, qy_role WHERE qy_role.roleid = 157842 and qy_account.accountid = qy_role.accountid;
[2020-06-12 18:46:14.170] [INFO] console - SQL: SELECT * FROM qy_equip_1000 WHERE RoleID = 157842 AND state != 0;
[2020-06-12 18:46:14.179] [INFO] console - SELECT * FROM qy_equip_1000 WHERE RoleID = 157842 AND state != 0;
[2020-06-12 18:46:14.196] [INFO] console - SQL: SELECT * FROM dhxy_mount WHERE mountid=5;
[2020-06-12 18:46:14.207] [INFO] console - SELECT * FROM dhxy_mount WHERE mountid=5;
[2020-06-12 18:46:25.010] [INFO] console - <receive data> disconnect transport close
[2020-06-12 18:46:32.219] [INFO] console - [测试区]完成注册
[2020-06-12 18:46:32.226] [INFO] console - SQL: select text, type from qy_notice where serverid = 1000 or serverid = 0 order by time desc limit 30;
[2020-06-12 18:46:32.228] [INFO] console - SQL: SELECT MAX(EquipID) AS equipid FROM qy_equip_1000;
[2020-06-12 18:46:32.229] [INFO] console - SQL: SELECT * FROM qy_bang WHERE state = 1 and serverid = 1000;
[2020-06-12 18:46:32.230] [INFO] console - SQL: SELECT MAX(bangid) AS bangId FROM qy_bang WHERE serverid = 1000;
[2020-06-12 18:46:32.231] [INFO] console - SQL: select * from shop_goods
[2020-06-12 18:46:32.233] [INFO] console - SQL: select roleid, name, relive, level, money, shuilu from qy_role where serverid =  1000
[2020-06-12 18:46:32.234] [INFO] console - SQL: SELECT MAX(petid) AS petid FROM qy_pet_1000;
[2020-06-12 18:46:32.234] [INFO] console - SQL: SELECT roleid, sum(realmoney) AS rmb FROM charge_record WHERE status = 1 GROUP BY roleid;
[2020-06-12 18:46:32.235] [INFO] console - SQL: SELECT * FROM qy_role
[2020-06-12 18:46:32.235] [INFO] console - SQL: select * from qy_relation where status = 0
[2020-06-12 18:46:32.236] [INFO] console - SQL: select max(relationId) as relationId from qy_relation;
[2020-06-12 18:46:32.236] [INFO] console - SQL: select text, type from qy_notice where serverid = 1000 or serverid = 0 order by time desc limit 30;
[2020-06-12 18:46:32.236] [INFO] console - SQL: SELECT MAX(EquipID) AS equipid FROM qy_equip_1000;
[2020-06-12 18:46:32.237] [INFO] console - SQL: SELECT * FROM qy_bang WHERE state = 1 and serverid = 1000;
[2020-06-12 18:46:32.240] [INFO] console - SQL: SELECT MAX(bangid) AS bangId FROM qy_bang WHERE serverid = 1000;
[2020-06-12 18:46:32.241] [INFO] console - SQL: select * from shop_goods
[2020-06-12 18:46:32.241] [INFO] console - SQL: select roleid, name, relive, level, money, shuilu from qy_role where serverid =  1000
[2020-06-12 18:46:32.242] [INFO] console - SQL: SELECT MAX(petid) AS petid FROM qy_pet_1000;
[2020-06-12 18:46:32.242] [INFO] console - SQL: SELECT roleid, sum(realmoney) AS rmb FROM charge_record WHERE status = 1 GROUP BY roleid;
[2020-06-12 18:46:32.243] [INFO] console - SQL: SELECT * FROM qy_role
[2020-06-12 18:46:32.243] [INFO] console - SQL: select * from qy_relation where status = 0
[2020-06-12 18:46:32.244] [INFO] console - SQL: select max(relationId) as relationId from qy_relation;
[2020-06-12 18:46:32.244] [INFO] console - SELECT MAX(EquipID) AS equipid FROM qy_equip_1000;
[2020-06-12 18:46:32.246] [INFO] console - select text, type from qy_notice where serverid = 1000 or serverid = 0 order by time desc limit 30;
[2020-06-12 18:46:32.247] [INFO] console - select * from qy_relation where status = 0
[2020-06-12 18:46:32.265] [INFO] console - select max(relationId) as relationId from qy_relation;
[2020-06-12 18:46:32.291] [INFO] console - select text, type from qy_notice where serverid = 1000 or serverid = 0 order by time desc limit 30;
[2020-06-12 18:46:32.316] [INFO] console - SELECT * FROM qy_bang WHERE state = 1 and serverid = 1000;
[2020-06-12 18:46:32.380] [INFO] console - SELECT MAX(bangid) AS bangId FROM qy_bang WHERE serverid = 1000;
[2020-06-12 18:46:32.445] [INFO] console - select * from shop_goods
[2020-06-12 18:46:32.464] [INFO] console - select roleid, name, relive, level, money, shuilu from qy_role where serverid =  1000
[2020-06-12 18:46:32.481] [INFO] console - SELECT MAX(petid) AS petid FROM qy_pet_1000;
[2020-06-12 18:46:32.500] [INFO] console - SELECT roleid, sum(realmoney) AS rmb FROM charge_record WHERE status = 1 GROUP BY roleid;
[2020-06-12 18:46:32.518] [INFO] console - SELECT * FROM qy_role
[2020-06-12 18:46:32.539] [INFO] console - select * from qy_relation where status = 0
[2020-06-12 18:46:32.540] [INFO] console - SELECT * FROM qy_bang WHERE state = 1 and serverid = 1000;
[2020-06-12 18:46:32.541] [INFO] console - SELECT MAX(bangid) AS bangId FROM qy_bang WHERE serverid = 1000;
[2020-06-12 18:46:32.542] [INFO] console - select * from shop_goods
[2020-06-12 18:46:32.545] [INFO] console - SELECT roleid, sum(realmoney) AS rmb FROM charge_record WHERE status = 1 GROUP BY roleid;
[2020-06-12 18:46:32.546] [INFO] console - select roleid, name, relive, level, money, shuilu from qy_role where serverid =  1000
[2020-06-12 18:46:32.548] [INFO] console - SELECT MAX(petid) AS petid FROM qy_pet_1000;
[2020-06-12 18:46:32.549] [INFO] console - SELECT * FROM qy_role
[2020-06-12 18:46:32.561] [INFO] console - select max(relationId) as relationId from qy_relation;
[2020-06-12 18:46:32.613] [INFO] console - SELECT MAX(EquipID) AS equipid FROM qy_equip_1000;
[2020-06-12 18:46:38.277] [INFO] console - SQL: SELECT * FROM qy_account WHERE account = 'flashpf';
[2020-06-12 18:46:38.296] [INFO] console - SELECT * FROM qy_account WHERE account = 'flashpf';
[2020-06-12 18:46:38.319] [INFO] console - SQL: UPDATE qy_account SET last_login_time = now(), login_ip = '127.0.0.1', mac = 'GwRObINOQxyTD8397311591454499347' WHERE accountid =39381;
[2020-06-12 18:46:38.328] [INFO] console - SQL: SELECT * FROM qy_role WHERE accountid = 39381;
[2020-06-12 18:46:38.332] [INFO] console - UPDATE qy_account SET last_login_time = now(), login_ip = '127.0.0.1', mac = 'GwRObINOQxyTD8397311591454499347' WHERE accountid =39381;
[2020-06-12 18:46:38.339] [INFO] console - SELECT * FROM qy_role WHERE accountid = 39381;
[2020-06-12 18:46:42.406] [INFO] console - SQL: SELECT qy_account.safecode, qy_role.* FROM qy_account, qy_role WHERE qy_role.roleid = 157842 and qy_account.accountid = qy_role.accountid;
[2020-06-12 18:46:42.434] [INFO] console - SELECT qy_account.safecode, qy_role.* FROM qy_account, qy_role WHERE qy_role.roleid = 157842 and qy_account.accountid = qy_role.accountid;
[2020-06-12 18:46:42.454] [INFO] console - SQL: SELECT * FROM qy_equip_1000 WHERE RoleID = 157842 AND state != 0;
[2020-06-12 18:46:42.464] [INFO] console - SELECT * FROM qy_equip_1000 WHERE RoleID = 157842 AND state != 0;
[2020-06-12 18:46:42.485] [INFO] console - SQL: SELECT * FROM dhxy_mount WHERE mountid=5;
[2020-06-12 18:46:42.495] [INFO] console - SELECT * FROM dhxy_mount WHERE mountid=5;
[2020-06-12 18:47:42.971] [INFO] console - <receive data> disconnect transport close
[2020-06-12 18:47:50.358] [INFO] console - [测试区]完成注册
[2020-06-12 18:47:50.362] [INFO] console - SQL: select text, type from qy_notice where serverid = 1000 or serverid = 0 order by time desc limit 30;
[2020-06-12 18:47:50.363] [INFO] console - SQL: SELECT MAX(EquipID) AS equipid FROM qy_equip_1000;
[2020-06-12 18:47:50.363] [INFO] console - SQL: SELECT * FROM qy_bang WHERE state = 1 and serverid = 1000;
[2020-06-12 18:47:50.364] [INFO] console - SQL: SELECT MAX(bangid) AS bangId FROM qy_bang WHERE serverid = 1000;
[2020-06-12 18:47:50.365] [INFO] console - SQL: select * from shop_goods
[2020-06-12 18:47:50.366] [INFO] console - SQL: select roleid, name, relive, level, money, shuilu from qy_role where serverid =  1000
[2020-06-12 18:47:50.367] [INFO] console - SQL: SELECT MAX(petid) AS petid FROM qy_pet_1000;
[2020-06-12 18:47:50.368] [INFO] console - SQL: SELECT roleid, sum(realmoney) AS rmb FROM charge_record WHERE status = 1 GROUP BY roleid;
[2020-06-12 18:47:50.369] [INFO] console - SQL: SELECT * FROM qy_role
[2020-06-12 18:47:50.369] [INFO] console - SQL: select * from qy_relation where status = 0
[2020-06-12 18:47:50.376] [INFO] console - SQL: select max(relationId) as relationId from qy_relation;
[2020-06-12 18:47:50.377] [INFO] console - SQL: select text, type from qy_notice where serverid = 1000 or serverid = 0 order by time desc limit 30;
[2020-06-12 18:47:50.378] [INFO] console - SQL: SELECT MAX(EquipID) AS equipid FROM qy_equip_1000;
[2020-06-12 18:47:50.378] [INFO] console - SQL: SELECT * FROM qy_bang WHERE state = 1 and serverid = 1000;
[2020-06-12 18:47:50.378] [INFO] console - SQL: SELECT MAX(bangid) AS bangId FROM qy_bang WHERE serverid = 1000;
[2020-06-12 18:47:50.379] [INFO] console - SQL: select * from shop_goods
[2020-06-12 18:47:50.380] [INFO] console - SQL: select roleid, name, relive, level, money, shuilu from qy_role where serverid =  1000
[2020-06-12 18:47:50.380] [INFO] console - SQL: SELECT MAX(petid) AS petid FROM qy_pet_1000;
[2020-06-12 18:47:50.380] [INFO] console - SQL: SELECT roleid, sum(realmoney) AS rmb FROM charge_record WHERE status = 1 GROUP BY roleid;
[2020-06-12 18:47:50.380] [INFO] console - SQL: SELECT * FROM qy_role
[2020-06-12 18:47:50.381] [INFO] console - SQL: select * from qy_relation where status = 0
[2020-06-12 18:47:50.381] [INFO] console - SQL: select max(relationId) as relationId from qy_relation;
[2020-06-12 18:47:50.382] [INFO] console - SELECT MAX(EquipID) AS equipid FROM qy_equip_1000;
[2020-06-12 18:47:50.383] [INFO] console - select text, type from qy_notice where serverid = 1000 or serverid = 0 order by time desc limit 30;
[2020-06-12 18:47:50.384] [INFO] console - SELECT * FROM qy_bang WHERE state = 1 and serverid = 1000;
[2020-06-12 18:47:50.386] [INFO] console - SELECT MAX(bangid) AS bangId FROM qy_bang WHERE serverid = 1000;
[2020-06-12 18:47:50.387] [INFO] console - select * from shop_goods
[2020-06-12 18:47:50.388] [INFO] console - SELECT MAX(petid) AS petid FROM qy_pet_1000;
[2020-06-12 18:47:50.389] [INFO] console - select roleid, name, relive, level, money, shuilu from qy_role where serverid =  1000
[2020-06-12 18:47:50.390] [INFO] console - SELECT roleid, sum(realmoney) AS rmb FROM charge_record WHERE status = 1 GROUP BY roleid;
[2020-06-12 18:47:50.391] [INFO] console - SELECT * FROM qy_role
[2020-06-12 18:47:50.392] [INFO] console - select * from qy_relation where status = 0
[2020-06-12 18:47:50.406] [INFO] console - select max(relationId) as relationId from qy_relation;
[2020-06-12 18:47:50.408] [INFO] console - select text, type from qy_notice where serverid = 1000 or serverid = 0 order by time desc limit 30;
[2020-06-12 18:47:50.410] [INFO] console - SELECT MAX(EquipID) AS equipid FROM qy_equip_1000;
[2020-06-12 18:47:50.411] [INFO] console - SELECT * FROM qy_bang WHERE state = 1 and serverid = 1000;
[2020-06-12 18:47:50.413] [INFO] console - SELECT MAX(bangid) AS bangId FROM qy_bang WHERE serverid = 1000;
[2020-06-12 18:47:50.416] [INFO] console - select * from shop_goods
[2020-06-12 18:47:50.417] [INFO] console - select roleid, name, relive, level, money, shuilu from qy_role where serverid =  1000
[2020-06-12 18:47:50.419] [INFO] console - SELECT MAX(petid) AS petid FROM qy_pet_1000;
[2020-06-12 18:47:50.421] [INFO] console - SELECT roleid, sum(realmoney) AS rmb FROM charge_record WHERE status = 1 GROUP BY roleid;
[2020-06-12 18:47:50.423] [INFO] console - SELECT * FROM qy_role
[2020-06-12 18:47:50.429] [INFO] console - select * from qy_relation where status = 0
[2020-06-12 18:47:50.434] [INFO] console - select max(relationId) as relationId from qy_relation;
[2020-06-12 18:48:50.896] [INFO] console - SQL: SELECT * FROM qy_account WHERE account = 'flashpf';
[2020-06-12 18:48:50.905] [INFO] console - SELECT * FROM qy_account WHERE account = 'flashpf';
[2020-06-12 18:48:50.926] [INFO] console - SQL: UPDATE qy_account SET last_login_time = now(), login_ip = '127.0.0.1', mac = 'GwRObINOQxyTD8397311591454499347' WHERE accountid =39381;
[2020-06-12 18:48:50.934] [INFO] console - SQL: SELECT * FROM qy_role WHERE accountid = 39381;
[2020-06-12 18:48:50.938] [INFO] console - UPDATE qy_account SET last_login_time = now(), login_ip = '127.0.0.1', mac = 'GwRObINOQxyTD8397311591454499347' WHERE accountid =39381;
[2020-06-12 18:48:50.944] [INFO] console - SELECT * FROM qy_role WHERE accountid = 39381;
[2020-06-12 18:48:55.431] [INFO] console - SQL: SELECT qy_account.safecode, qy_role.* FROM qy_account, qy_role WHERE qy_role.roleid = 157842 and qy_account.accountid = qy_role.accountid;
[2020-06-12 18:48:55.494] [INFO] console - SELECT qy_account.safecode, qy_role.* FROM qy_account, qy_role WHERE qy_role.roleid = 157842 and qy_account.accountid = qy_role.accountid;
[2020-06-12 18:48:55.511] [INFO] console - SQL: SELECT * FROM qy_equip_1000 WHERE RoleID = 157842 AND state != 0;
[2020-06-12 18:48:55.524] [INFO] console - SELECT * FROM qy_equip_1000 WHERE RoleID = 157842 AND state != 0;
[2020-06-12 18:48:55.542] [INFO] console - SQL: SELECT * FROM dhxy_mount WHERE mountid=5;
[2020-06-12 18:48:55.558] [INFO] console - SELECT * FROM dhxy_mount WHERE mountid=5;
[2020-06-12 18:48:59.338] [INFO] console - SQL: SELECT * FROM qy_pet_1000 WHERE roleid = 157842 and state = 1 limit 20
[2020-06-12 18:48:59.349] [INFO] console - SQL: select * from qy_scheme where roleId = 157842
[2020-06-12 18:48:59.352] [INFO] console - SQL: select max(schemeId) as schemeId from qy_scheme;
[2020-06-12 18:48:59.362] [INFO] console - SELECT * FROM qy_pet_1000 WHERE roleid = 157842 and state = 1 limit 20
[2020-06-12 18:48:59.364] [INFO] console - select * from qy_scheme where roleId = 157842
[2020-06-12 18:48:59.365] [INFO] console - select max(schemeId) as schemeId from qy_scheme;
[2020-06-12 18:48:59.373] [ERROR] console - An uncaught error occurred!
[2020-06-12 18:48:59.375] [ERROR] console - Error: ER_NO_SUCH_TABLE: Table 'xy_game.qy_scheme' doesn't exist
    at Query._packetToError (/Users/brightli/Documents/work/server/dhxy_1.1.0/node_modules/mysql/lib/protocol/sequences/Sequence.js:47:14)
    at Query.ErrorPacket (/Users/brightli/Documents/work/server/dhxy_1.1.0/node_modules/mysql/lib/protocol/sequences/Query.js:77:18)
    at Protocol._parsePacket (/Users/brightli/Documents/work/server/dhxy_1.1.0/node_modules/mysql/lib/protocol/Protocol.js:278:23)
    at Parser.write (/Users/brightli/Documents/work/server/dhxy_1.1.0/node_modules/mysql/lib/protocol/Parser.js:76:12)
    at Protocol.write (/Users/brightli/Documents/work/server/dhxy_1.1.0/node_modules/mysql/lib/protocol/Protocol.js:38:16)
    at Socket.<anonymous> (/Users/brightli/Documents/work/server/dhxy_1.1.0/node_modules/mysql/lib/Connection.js:91:28)
    at Socket.<anonymous> (/Users/brightli/Documents/work/server/dhxy_1.1.0/node_modules/mysql/lib/Connection.js:502:10)
    at Socket.emit (events.js:315:20)
    at addChunk (_stream_readable.js:300:12)
    at readableAddChunk (_stream_readable.js:276:9)
    --------------------
    at Protocol._enqueue (/Users/brightli/Documents/work/server/dhxy_1.1.0/node_modules/mysql/lib/protocol/Protocol.js:144:48)
    at PoolConnection.query (/Users/brightli/Documents/work/server/dhxy_1.1.0/node_modules/mysql/lib/Connection.js:200:25)
    at /Users/brightli/Documents/work/server/dhxy_1.1.0/DBServ.ts:33:9
    at Ping.onOperationComplete (/Users/brightli/Documents/work/server/dhxy_1.1.0/node_modules/mysql/lib/Pool.js:110:5)
    at Ping.<anonymous> (/Users/brightli/Documents/work/server/dhxy_1.1.0/node_modules/mysql/lib/Connection.js:502:10)
    at Ping._callback (/Users/brightli/Documents/work/server/dhxy_1.1.0/node_modules/mysql/lib/Connection.js:468:16)
    at Ping.end (/Users/brightli/Documents/work/server/dhxy_1.1.0/node_modules/mysql/lib/protocol/sequences/Sequence.js:83:24)
    at Ping.OkPacket (/Users/brightli/Documents/work/server/dhxy_1.1.0/node_modules/mysql/lib/protocol/sequences/Sequence.js:92:8)
    at Protocol._parsePacket (/Users/brightli/Documents/work/server/dhxy_1.1.0/node_modules/mysql/lib/protocol/Protocol.js:278:23)
    at Parser.write (/Users/brightli/Documents/work/server/dhxy_1.1.0/node_modules/mysql/lib/protocol/Parser.js:76:12)
[2020-06-12 18:48:59.380] [ERROR] console - An uncaught error occurred!
[2020-06-12 18:48:59.380] [ERROR] console - Error: ER_NO_SUCH_TABLE: Table 'xy_game.qy_scheme' doesn't exist
    at Query._packetToError (/Users/brightli/Documents/work/server/dhxy_1.1.0/node_modules/mysql/lib/protocol/sequences/Sequence.js:47:14)
    at Query.ErrorPacket (/Users/brightli/Documents/work/server/dhxy_1.1.0/node_modules/mysql/lib/protocol/sequences/Query.js:77:18)
    at Protocol._parsePacket (/Users/brightli/Documents/work/server/dhxy_1.1.0/node_modules/mysql/lib/protocol/Protocol.js:278:23)
    at Parser.write (/Users/brightli/Documents/work/server/dhxy_1.1.0/node_modules/mysql/lib/protocol/Parser.js:76:12)
    at Protocol.write (/Users/brightli/Documents/work/server/dhxy_1.1.0/node_modules/mysql/lib/protocol/Protocol.js:38:16)
    at Socket.<anonymous> (/Users/brightli/Documents/work/server/dhxy_1.1.0/node_modules/mysql/lib/Connection.js:91:28)
    at Socket.<anonymous> (/Users/brightli/Documents/work/server/dhxy_1.1.0/node_modules/mysql/lib/Connection.js:502:10)
    at Socket.emit (events.js:315:20)
    at addChunk (_stream_readable.js:300:12)
    at readableAddChunk (_stream_readable.js:276:9)
    --------------------
    at Protocol._enqueue (/Users/brightli/Documents/work/server/dhxy_1.1.0/node_modules/mysql/lib/protocol/Protocol.js:144:48)
    at PoolConnection.query (/Users/brightli/Documents/work/server/dhxy_1.1.0/node_modules/mysql/lib/Connection.js:200:25)
    at /Users/brightli/Documents/work/server/dhxy_1.1.0/DBServ.ts:33:9
    at Ping.onOperationComplete (/Users/brightli/Documents/work/server/dhxy_1.1.0/node_modules/mysql/lib/Pool.js:110:5)
    at Ping.<anonymous> (/Users/brightli/Documents/work/server/dhxy_1.1.0/node_modules/mysql/lib/Connection.js:502:10)
    at Ping._callback (/Users/brightli/Documents/work/server/dhxy_1.1.0/node_modules/mysql/lib/Connection.js:468:16)
    at Ping.end (/Users/brightli/Documents/work/server/dhxy_1.1.0/node_modules/mysql/lib/protocol/sequences/Sequence.js:83:24)
    at Ping.OkPacket (/Users/brightli/Documents/work/server/dhxy_1.1.0/node_modules/mysql/lib/protocol/sequences/Sequence.js:92:8)
    at Protocol._parsePacket (/Users/brightli/Documents/work/server/dhxy_1.1.0/node_modules/mysql/lib/protocol/Protocol.js:278:23)
    at Parser.write (/Users/brightli/Documents/work/server/dhxy_1.1.0/node_modules/mysql/lib/protocol/Parser.js:76:12)
[2020-06-12 18:49:10.008] [INFO] console - SQL: UPDATE qy_role SET lastonline = FROM_UNIXTIME(1591958945) WHERE roleid =157842;
[2020-06-12 18:49:10.017] [INFO] console - UPDATE qy_role SET lastonline = FROM_UNIXTIME(1591958945) WHERE roleid =157842;
[2020-06-12 18:49:50.364] [INFO] console - SQL: SELECT * FROM qy_account WHERE account = 'flashpf';
[2020-06-12 18:49:50.379] [INFO] console - SELECT * FROM qy_account WHERE account = 'flashpf';
[2020-06-12 18:49:50.399] [INFO] console - SQL: UPDATE qy_account SET last_login_time = now(), login_ip = '127.0.0.1', mac = 'GwRObINOQxyTD8397311591454499347' WHERE accountid =39381;
[2020-06-12 18:49:50.408] [INFO] console - UPDATE qy_account SET last_login_time = now(), login_ip = '127.0.0.1', mac = 'GwRObINOQxyTD8397311591454499347' WHERE accountid =39381;
[2020-06-12 18:49:50.411] [INFO] console - SQL: SELECT * FROM qy_role WHERE accountid = 39381;
[2020-06-12 18:49:50.420] [INFO] console - SELECT * FROM qy_role WHERE accountid = 39381;
[2020-06-12 18:49:55.751] [INFO] console - SQL: UPDATE qy_role SET lastonline = FROM_UNIXTIME(1591958991) WHERE roleid =157842;
[2020-06-12 18:49:55.762] [INFO] console - UPDATE qy_role SET lastonline = FROM_UNIXTIME(1591958991) WHERE roleid =157842;
[2020-06-12 18:49:59.350] [INFO] console - SQL: select max(schemeId) as schemeId from qy_scheme;
[2020-06-12 18:49:59.365] [INFO] console - select max(schemeId) as schemeId from qy_scheme;
[2020-06-12 18:49:59.377] [ERROR] console - An uncaught error occurred!
[2020-06-12 18:49:59.378] [ERROR] console - Error: ER_NO_SUCH_TABLE: Table 'xy_game.qy_scheme' doesn't exist
    at Query._packetToError (/Users/brightli/Documents/work/server/dhxy_1.1.0/node_modules/mysql/lib/protocol/sequences/Sequence.js:47:14)
    at Query.ErrorPacket (/Users/brightli/Documents/work/server/dhxy_1.1.0/node_modules/mysql/lib/protocol/sequences/Query.js:77:18)
    at Protocol._parsePacket (/Users/brightli/Documents/work/server/dhxy_1.1.0/node_modules/mysql/lib/protocol/Protocol.js:278:23)
    at Parser.write (/Users/brightli/Documents/work/server/dhxy_1.1.0/node_modules/mysql/lib/protocol/Parser.js:76:12)
    at Protocol.write (/Users/brightli/Documents/work/server/dhxy_1.1.0/node_modules/mysql/lib/protocol/Protocol.js:38:16)
    at Socket.<anonymous> (/Users/brightli/Documents/work/server/dhxy_1.1.0/node_modules/mysql/lib/Connection.js:91:28)
    at Socket.<anonymous> (/Users/brightli/Documents/work/server/dhxy_1.1.0/node_modules/mysql/lib/Connection.js:502:10)
    at Socket.emit (events.js:315:20)
    at addChunk (_stream_readable.js:300:12)
    at readableAddChunk (_stream_readable.js:276:9)
    --------------------
    at Protocol._enqueue (/Users/brightli/Documents/work/server/dhxy_1.1.0/node_modules/mysql/lib/protocol/Protocol.js:144:48)
    at PoolConnection.query (/Users/brightli/Documents/work/server/dhxy_1.1.0/node_modules/mysql/lib/Connection.js:200:25)
    at /Users/brightli/Documents/work/server/dhxy_1.1.0/DBServ.ts:33:9
    at Ping.onOperationComplete (/Users/brightli/Documents/work/server/dhxy_1.1.0/node_modules/mysql/lib/Pool.js:110:5)
    at Ping.<anonymous> (/Users/brightli/Documents/work/server/dhxy_1.1.0/node_modules/mysql/lib/Connection.js:502:10)
    at Ping._callback (/Users/brightli/Documents/work/server/dhxy_1.1.0/node_modules/mysql/lib/Connection.js:468:16)
    at Ping.end (/Users/brightli/Documents/work/server/dhxy_1.1.0/node_modules/mysql/lib/protocol/sequences/Sequence.js:83:24)
    at Ping.OkPacket (/Users/brightli/Documents/work/server/dhxy_1.1.0/node_modules/mysql/lib/protocol/sequences/Sequence.js:92:8)
    at Protocol._parsePacket (/Users/brightli/Documents/work/server/dhxy_1.1.0/node_modules/mysql/lib/protocol/Protocol.js:278:23)
    at Parser.write (/Users/brightli/Documents/work/server/dhxy_1.1.0/node_modules/mysql/lib/protocol/Parser.js:76:12)
[2020-06-12 18:50:59.354] [INFO] console - SQL: select max(schemeId) as schemeId from qy_scheme;
[2020-06-12 18:50:59.362] [INFO] console - select max(schemeId) as schemeId from qy_scheme;
[2020-06-12 18:50:59.372] [ERROR] console - An uncaught error occurred!
[2020-06-12 18:50:59.372] [ERROR] console - Error: ER_NO_SUCH_TABLE: Table 'xy_game.qy_scheme' doesn't exist
    at Query._packetToError (/Users/brightli/Documents/work/server/dhxy_1.1.0/node_modules/mysql/lib/protocol/sequences/Sequence.js:47:14)
    at Query.ErrorPacket (/Users/brightli/Documents/work/server/dhxy_1.1.0/node_modules/mysql/lib/protocol/sequences/Query.js:77:18)
    at Protocol._parsePacket (/Users/brightli/Documents/work/server/dhxy_1.1.0/node_modules/mysql/lib/protocol/Protocol.js:278:23)
    at Parser.write (/Users/brightli/Documents/work/server/dhxy_1.1.0/node_modules/mysql/lib/protocol/Parser.js:76:12)
    at Protocol.write (/Users/brightli/Documents/work/server/dhxy_1.1.0/node_modules/mysql/lib/protocol/Protocol.js:38:16)
    at Socket.<anonymous> (/Users/brightli/Documents/work/server/dhxy_1.1.0/node_modules/mysql/lib/Connection.js:91:28)
    at Socket.<anonymous> (/Users/brightli/Documents/work/server/dhxy_1.1.0/node_modules/mysql/lib/Connection.js:502:10)
    at Socket.emit (events.js:315:20)
    at addChunk (_stream_readable.js:300:12)
    at readableAddChunk (_stream_readable.js:276:9)
    --------------------
    at Protocol._enqueue (/Users/brightli/Documents/work/server/dhxy_1.1.0/node_modules/mysql/lib/protocol/Protocol.js:144:48)
    at PoolConnection.query (/Users/brightli/Documents/work/server/dhxy_1.1.0/node_modules/mysql/lib/Connection.js:200:25)
    at /Users/brightli/Documents/work/server/dhxy_1.1.0/DBServ.ts:33:9
    at Ping.onOperationComplete (/Users/brightli/Documents/work/server/dhxy_1.1.0/node_modules/mysql/lib/Pool.js:110:5)
    at Ping.<anonymous> (/Users/brightli/Documents/work/server/dhxy_1.1.0/node_modules/mysql/lib/Connection.js:502:10)
    at Ping._callback (/Users/brightli/Documents/work/server/dhxy_1.1.0/node_modules/mysql/lib/Connection.js:468:16)
    at Ping.end (/Users/brightli/Documents/work/server/dhxy_1.1.0/node_modules/mysql/lib/protocol/sequences/Sequence.js:83:24)
    at Ping.OkPacket (/Users/brightli/Documents/work/server/dhxy_1.1.0/node_modules/mysql/lib/protocol/sequences/Sequence.js:92:8)
    at Protocol._parsePacket (/Users/brightli/Documents/work/server/dhxy_1.1.0/node_modules/mysql/lib/protocol/Protocol.js:278:23)
    at Parser.write (/Users/brightli/Documents/work/server/dhxy_1.1.0/node_modules/mysql/lib/protocol/Parser.js:76:12)
[2020-06-12 18:51:28.455] [INFO] console - SQL: SELECT * FROM qy_account WHERE account = 'flashpf';
[2020-06-12 18:51:28.468] [INFO] console - SELECT * FROM qy_account WHERE account = 'flashpf';
[2020-06-12 18:51:28.491] [INFO] console - SQL: UPDATE qy_account SET last_login_time = now(), login_ip = '127.0.0.1', mac = 'GwRObINOQxyTD8397311591454499347' WHERE accountid =39381;
[2020-06-12 18:51:28.500] [INFO] console - SQL: SELECT * FROM qy_role WHERE accountid = 39381;
[2020-06-12 18:51:28.504] [INFO] console - UPDATE qy_account SET last_login_time = now(), login_ip = '127.0.0.1', mac = 'GwRObINOQxyTD8397311591454499347' WHERE accountid =39381;
[2020-06-12 18:51:28.510] [INFO] console - SELECT * FROM qy_role WHERE accountid = 39381;
[2020-06-12 18:51:33.787] [INFO] console - SQL: UPDATE qy_role SET lastonline = FROM_UNIXTIME(1591959087) WHERE roleid =157842;
[2020-06-12 18:51:33.802] [INFO] console - UPDATE qy_role SET lastonline = FROM_UNIXTIME(1591959087) WHERE roleid =157842;
[2020-06-12 18:51:59.362] [INFO] console - SQL: select max(schemeId) as schemeId from qy_scheme;
[2020-06-12 18:51:59.453] [INFO] console - select max(schemeId) as schemeId from qy_scheme;
[2020-06-12 18:51:59.634] [ERROR] console - An uncaught error occurred!
[2020-06-12 18:51:59.637] [ERROR] console - Error: ER_NO_SUCH_TABLE: Table 'xy_game.qy_scheme' doesn't exist
    at Query._packetToError (/Users/brightli/Documents/work/server/dhxy_1.1.0/node_modules/mysql/lib/protocol/sequences/Sequence.js:47:14)
    at Query.ErrorPacket (/Users/brightli/Documents/work/server/dhxy_1.1.0/node_modules/mysql/lib/protocol/sequences/Query.js:77:18)
    at Protocol._parsePacket (/Users/brightli/Documents/work/server/dhxy_1.1.0/node_modules/mysql/lib/protocol/Protocol.js:278:23)
    at Parser.write (/Users/brightli/Documents/work/server/dhxy_1.1.0/node_modules/mysql/lib/protocol/Parser.js:76:12)
    at Protocol.write (/Users/brightli/Documents/work/server/dhxy_1.1.0/node_modules/mysql/lib/protocol/Protocol.js:38:16)
    at Socket.<anonymous> (/Users/brightli/Documents/work/server/dhxy_1.1.0/node_modules/mysql/lib/Connection.js:91:28)
    at Socket.<anonymous> (/Users/brightli/Documents/work/server/dhxy_1.1.0/node_modules/mysql/lib/Connection.js:502:10)
    at Socket.emit (events.js:315:20)
    at addChunk (_stream_readable.js:300:12)
    at readableAddChunk (_stream_readable.js:276:9)
    --------------------
    at Protocol._enqueue (/Users/brightli/Documents/work/server/dhxy_1.1.0/node_modules/mysql/lib/protocol/Protocol.js:144:48)
    at PoolConnection.query (/Users/brightli/Documents/work/server/dhxy_1.1.0/node_modules/mysql/lib/Connection.js:200:25)
    at /Users/brightli/Documents/work/server/dhxy_1.1.0/DBServ.ts:33:9
    at Ping.onOperationComplete (/Users/brightli/Documents/work/server/dhxy_1.1.0/node_modules/mysql/lib/Pool.js:110:5)
    at Ping.<anonymous> (/Users/brightli/Documents/work/server/dhxy_1.1.0/node_modules/mysql/lib/Connection.js:502:10)
    at Ping._callback (/Users/brightli/Documents/work/server/dhxy_1.1.0/node_modules/mysql/lib/Connection.js:468:16)
    at Ping.end (/Users/brightli/Documents/work/server/dhxy_1.1.0/node_modules/mysql/lib/protocol/sequences/Sequence.js:83:24)
    at Ping.OkPacket (/Users/brightli/Documents/work/server/dhxy_1.1.0/node_modules/mysql/lib/protocol/sequences/Sequence.js:92:8)
    at Protocol._parsePacket (/Users/brightli/Documents/work/server/dhxy_1.1.0/node_modules/mysql/lib/protocol/Protocol.js:278:23)
    at Parser.write (/Users/brightli/Documents/work/server/dhxy_1.1.0/node_modules/mysql/lib/protocol/Parser.js:76:12)
[2020-06-12 18:52:59.367] [INFO] console - SQL: select max(schemeId) as schemeId from qy_scheme;
[2020-06-12 18:52:59.384] [INFO] console - select max(schemeId) as schemeId from qy_scheme;
[2020-06-12 18:52:59.396] [ERROR] console - An uncaught error occurred!
[2020-06-12 18:52:59.397] [ERROR] console - Error: ER_NO_SUCH_TABLE: Table 'xy_game.qy_scheme' doesn't exist
    at Query._packetToError (/Users/brightli/Documents/work/server/dhxy_1.1.0/node_modules/mysql/lib/protocol/sequences/Sequence.js:47:14)
    at Query.ErrorPacket (/Users/brightli/Documents/work/server/dhxy_1.1.0/node_modules/mysql/lib/protocol/sequences/Query.js:77:18)
    at Protocol._parsePacket (/Users/brightli/Documents/work/server/dhxy_1.1.0/node_modules/mysql/lib/protocol/Protocol.js:278:23)
    at Parser.write (/Users/brightli/Documents/work/server/dhxy_1.1.0/node_modules/mysql/lib/protocol/Parser.js:76:12)
    at Protocol.write (/Users/brightli/Documents/work/server/dhxy_1.1.0/node_modules/mysql/lib/protocol/Protocol.js:38:16)
    at Socket.<anonymous> (/Users/brightli/Documents/work/server/dhxy_1.1.0/node_modules/mysql/lib/Connection.js:91:28)
    at Socket.<anonymous> (/Users/brightli/Documents/work/server/dhxy_1.1.0/node_modules/mysql/lib/Connection.js:502:10)
    at Socket.emit (events.js:315:20)
    at addChunk (_stream_readable.js:300:12)
    at readableAddChunk (_stream_readable.js:276:9)
    --------------------
    at Protocol._enqueue (/Users/brightli/Documents/work/server/dhxy_1.1.0/node_modules/mysql/lib/protocol/Protocol.js:144:48)
    at PoolConnection.query (/Users/brightli/Documents/work/server/dhxy_1.1.0/node_modules/mysql/lib/Connection.js:200:25)
    at /Users/brightli/Documents/work/server/dhxy_1.1.0/DBServ.ts:33:9
    at Ping.onOperationComplete (/Users/brightli/Documents/work/server/dhxy_1.1.0/node_modules/mysql/lib/Pool.js:110:5)
    at Ping.<anonymous> (/Users/brightli/Documents/work/server/dhxy_1.1.0/node_modules/mysql/lib/Connection.js:502:10)
    at Ping._callback (/Users/brightli/Documents/work/server/dhxy_1.1.0/node_modules/mysql/lib/Connection.js:468:16)
    at Ping.end (/Users/brightli/Documents/work/server/dhxy_1.1.0/node_modules/mysql/lib/protocol/sequences/Sequence.js:83:24)
    at Ping.OkPacket (/Users/brightli/Documents/work/server/dhxy_1.1.0/node_modules/mysql/lib/protocol/sequences/Sequence.js:92:8)
    at Protocol._parsePacket (/Users/brightli/Documents/work/server/dhxy_1.1.0/node_modules/mysql/lib/protocol/Protocol.js:278:23)
    at Parser.write (/Users/brightli/Documents/work/server/dhxy_1.1.0/node_modules/mysql/lib/protocol/Parser.js:76:12)
[2020-06-12 18:53:59.370] [INFO] console - SQL: select max(schemeId) as schemeId from qy_scheme;
[2020-06-12 18:53:59.381] [INFO] console - select max(schemeId) as schemeId from qy_scheme;
[2020-06-12 18:53:59.392] [ERROR] console - An uncaught error occurred!
[2020-06-12 18:53:59.393] [ERROR] console - Error: ER_NO_SUCH_TABLE: Table 'xy_game.qy_scheme' doesn't exist
    at Query._packetToError (/Users/brightli/Documents/work/server/dhxy_1.1.0/node_modules/mysql/lib/protocol/sequences/Sequence.js:47:14)
    at Query.ErrorPacket (/Users/brightli/Documents/work/server/dhxy_1.1.0/node_modules/mysql/lib/protocol/sequences/Query.js:77:18)
    at Protocol._parsePacket (/Users/brightli/Documents/work/server/dhxy_1.1.0/node_modules/mysql/lib/protocol/Protocol.js:278:23)
    at Parser.write (/Users/brightli/Documents/work/server/dhxy_1.1.0/node_modules/mysql/lib/protocol/Parser.js:76:12)
    at Protocol.write (/Users/brightli/Documents/work/server/dhxy_1.1.0/node_modules/mysql/lib/protocol/Protocol.js:38:16)
    at Socket.<anonymous> (/Users/brightli/Documents/work/server/dhxy_1.1.0/node_modules/mysql/lib/Connection.js:91:28)
    at Socket.<anonymous> (/Users/brightli/Documents/work/server/dhxy_1.1.0/node_modules/mysql/lib/Connection.js:502:10)
    at Socket.emit (events.js:315:20)
    at addChunk (_stream_readable.js:300:12)
    at readableAddChunk (_stream_readable.js:276:9)
    --------------------
    at Protocol._enqueue (/Users/brightli/Documents/work/server/dhxy_1.1.0/node_modules/mysql/lib/protocol/Protocol.js:144:48)
    at PoolConnection.query (/Users/brightli/Documents/work/server/dhxy_1.1.0/node_modules/mysql/lib/Connection.js:200:25)
    at /Users/brightli/Documents/work/server/dhxy_1.1.0/DBServ.ts:33:9
    at Ping.onOperationComplete (/Users/brightli/Documents/work/server/dhxy_1.1.0/node_modules/mysql/lib/Pool.js:110:5)
    at Ping.<anonymous> (/Users/brightli/Documents/work/server/dhxy_1.1.0/node_modules/mysql/lib/Connection.js:502:10)
    at Ping._callback (/Users/brightli/Documents/work/server/dhxy_1.1.0/node_modules/mysql/lib/Connection.js:468:16)
    at Ping.end (/Users/brightli/Documents/work/server/dhxy_1.1.0/node_modules/mysql/lib/protocol/sequences/Sequence.js:83:24)
    at Ping.OkPacket (/Users/brightli/Documents/work/server/dhxy_1.1.0/node_modules/mysql/lib/protocol/sequences/Sequence.js:92:8)
    at Protocol._parsePacket (/Users/brightli/Documents/work/server/dhxy_1.1.0/node_modules/mysql/lib/protocol/Protocol.js:278:23)
    at Parser.write (/Users/brightli/Documents/work/server/dhxy_1.1.0/node_modules/mysql/lib/protocol/Parser.js:76:12)
[2020-06-12 18:54:00.353] [INFO] console - SQL: SELECT * FROM qy_account WHERE account = 'flashpf';
[2020-06-12 18:54:00.364] [INFO] console - SELECT * FROM qy_account WHERE account = 'flashpf';
[2020-06-12 18:54:00.380] [INFO] console - SQL: UPDATE qy_account SET last_login_time = now(), login_ip = '127.0.0.1', mac = 'GwRObINOQxyTD8397311591454499347' WHERE accountid =39381;
[2020-06-12 18:54:00.385] [INFO] console - SQL: SELECT * FROM qy_role WHERE accountid = 39381;
[2020-06-12 18:54:00.389] [INFO] console - UPDATE qy_account SET last_login_time = now(), login_ip = '127.0.0.1', mac = 'GwRObINOQxyTD8397311591454499347' WHERE accountid =39381;
[2020-06-12 18:54:00.393] [INFO] console - SELECT * FROM qy_role WHERE accountid = 39381;
[2020-06-12 18:54:05.107] [INFO] console - SQL: UPDATE qy_role SET lastonline = FROM_UNIXTIME(1591959236) WHERE roleid =157842;
[2020-06-12 18:54:05.121] [INFO] console - UPDATE qy_role SET lastonline = FROM_UNIXTIME(1591959236) WHERE roleid =157842;
[2020-06-12 18:54:59.376] [INFO] console - SQL: select max(schemeId) as schemeId from qy_scheme;
[2020-06-12 18:54:59.391] [INFO] console - select max(schemeId) as schemeId from qy_scheme;
[2020-06-12 18:54:59.402] [ERROR] console - An uncaught error occurred!
[2020-06-12 18:54:59.403] [ERROR] console - Error: ER_NO_SUCH_TABLE: Table 'xy_game.qy_scheme' doesn't exist
    at Query._packetToError (/Users/brightli/Documents/work/server/dhxy_1.1.0/node_modules/mysql/lib/protocol/sequences/Sequence.js:47:14)
    at Query.ErrorPacket (/Users/brightli/Documents/work/server/dhxy_1.1.0/node_modules/mysql/lib/protocol/sequences/Query.js:77:18)
    at Protocol._parsePacket (/Users/brightli/Documents/work/server/dhxy_1.1.0/node_modules/mysql/lib/protocol/Protocol.js:278:23)
    at Parser.write (/Users/brightli/Documents/work/server/dhxy_1.1.0/node_modules/mysql/lib/protocol/Parser.js:76:12)
    at Protocol.write (/Users/brightli/Documents/work/server/dhxy_1.1.0/node_modules/mysql/lib/protocol/Protocol.js:38:16)
    at Socket.<anonymous> (/Users/brightli/Documents/work/server/dhxy_1.1.0/node_modules/mysql/lib/Connection.js:91:28)
    at Socket.<anonymous> (/Users/brightli/Documents/work/server/dhxy_1.1.0/node_modules/mysql/lib/Connection.js:502:10)
    at Socket.emit (events.js:315:20)
    at addChunk (_stream_readable.js:300:12)
    at readableAddChunk (_stream_readable.js:276:9)
    --------------------
    at Protocol._enqueue (/Users/brightli/Documents/work/server/dhxy_1.1.0/node_modules/mysql/lib/protocol/Protocol.js:144:48)
    at PoolConnection.query (/Users/brightli/Documents/work/server/dhxy_1.1.0/node_modules/mysql/lib/Connection.js:200:25)
    at /Users/brightli/Documents/work/server/dhxy_1.1.0/DBServ.ts:33:9
    at Ping.onOperationComplete (/Users/brightli/Documents/work/server/dhxy_1.1.0/node_modules/mysql/lib/Pool.js:110:5)
    at Ping.<anonymous> (/Users/brightli/Documents/work/server/dhxy_1.1.0/node_modules/mysql/lib/Connection.js:502:10)
    at Ping._callback (/Users/brightli/Documents/work/server/dhxy_1.1.0/node_modules/mysql/lib/Connection.js:468:16)
    at Ping.end (/Users/brightli/Documents/work/server/dhxy_1.1.0/node_modules/mysql/lib/protocol/sequences/Sequence.js:83:24)
    at Ping.OkPacket (/Users/brightli/Documents/work/server/dhxy_1.1.0/node_modules/mysql/lib/protocol/sequences/Sequence.js:92:8)
    at Protocol._parsePacket (/Users/brightli/Documents/work/server/dhxy_1.1.0/node_modules/mysql/lib/protocol/Protocol.js:278:23)
    at Parser.write (/Users/brightli/Documents/work/server/dhxy_1.1.0/node_modules/mysql/lib/protocol/Parser.js:76:12)
[2020-06-12 18:55:31.115] [INFO] console - SQL: SELECT * FROM qy_account WHERE account = 'flashpf';
[2020-06-12 18:55:31.132] [INFO] console - SELECT * FROM qy_account WHERE account = 'flashpf';
[2020-06-12 18:55:31.150] [INFO] console - SQL: UPDATE qy_account SET last_login_time = now(), login_ip = '127.0.0.1', mac = 'GwRObINOQxyTD8397311591454499347' WHERE accountid =39381;
[2020-06-12 18:55:31.156] [INFO] console - SQL: SELECT * FROM qy_role WHERE accountid = 39381;
[2020-06-12 18:55:31.158] [INFO] console - UPDATE qy_account SET last_login_time = now(), login_ip = '127.0.0.1', mac = 'GwRObINOQxyTD8397311591454499347' WHERE accountid =39381;
[2020-06-12 18:55:31.167] [INFO] console - SELECT * FROM qy_role WHERE accountid = 39381;
[2020-06-12 18:55:59.381] [INFO] console - SQL: select max(schemeId) as schemeId from qy_scheme;
[2020-06-12 18:55:59.435] [INFO] console - select max(schemeId) as schemeId from qy_scheme;
[2020-06-12 18:55:59.447] [ERROR] console - An uncaught error occurred!
[2020-06-12 18:55:59.448] [ERROR] console - Error: ER_NO_SUCH_TABLE: Table 'xy_game.qy_scheme' doesn't exist
    at Query._packetToError (/Users/brightli/Documents/work/server/dhxy_1.1.0/node_modules/mysql/lib/protocol/sequences/Sequence.js:47:14)
    at Query.ErrorPacket (/Users/brightli/Documents/work/server/dhxy_1.1.0/node_modules/mysql/lib/protocol/sequences/Query.js:77:18)
    at Protocol._parsePacket (/Users/brightli/Documents/work/server/dhxy_1.1.0/node_modules/mysql/lib/protocol/Protocol.js:278:23)
    at Parser.write (/Users/brightli/Documents/work/server/dhxy_1.1.0/node_modules/mysql/lib/protocol/Parser.js:76:12)
    at Protocol.write (/Users/brightli/Documents/work/server/dhxy_1.1.0/node_modules/mysql/lib/protocol/Protocol.js:38:16)
    at Socket.<anonymous> (/Users/brightli/Documents/work/server/dhxy_1.1.0/node_modules/mysql/lib/Connection.js:91:28)
    at Socket.<anonymous> (/Users/brightli/Documents/work/server/dhxy_1.1.0/node_modules/mysql/lib/Connection.js:502:10)
    at Socket.emit (events.js:315:20)
    at addChunk (_stream_readable.js:300:12)
    at readableAddChunk (_stream_readable.js:276:9)
    --------------------
    at Protocol._enqueue (/Users/brightli/Documents/work/server/dhxy_1.1.0/node_modules/mysql/lib/protocol/Protocol.js:144:48)
    at PoolConnection.query (/Users/brightli/Documents/work/server/dhxy_1.1.0/node_modules/mysql/lib/Connection.js:200:25)
    at /Users/brightli/Documents/work/server/dhxy_1.1.0/DBServ.ts:33:9
    at Ping.onOperationComplete (/Users/brightli/Documents/work/server/dhxy_1.1.0/node_modules/mysql/lib/Pool.js:110:5)
    at Ping.<anonymous> (/Users/brightli/Documents/work/server/dhxy_1.1.0/node_modules/mysql/lib/Connection.js:502:10)
    at Ping._callback (/Users/brightli/Documents/work/server/dhxy_1.1.0/node_modules/mysql/lib/Connection.js:468:16)
    at Ping.end (/Users/brightli/Documents/work/server/dhxy_1.1.0/node_modules/mysql/lib/protocol/sequences/Sequence.js:83:24)
    at Ping.OkPacket (/Users/brightli/Documents/work/server/dhxy_1.1.0/node_modules/mysql/lib/protocol/sequences/Sequence.js:92:8)
    at Protocol._parsePacket (/Users/brightli/Documents/work/server/dhxy_1.1.0/node_modules/mysql/lib/protocol/Protocol.js:278:23)
    at Parser.write (/Users/brightli/Documents/work/server/dhxy_1.1.0/node_modules/mysql/lib/protocol/Parser.js:76:12)
[2020-06-12 18:56:52.498] [INFO] console - <receive data> disconnect transport close
[2020-06-12 18:56:59.294] [INFO] console - [测试区]完成注册
[2020-06-12 18:56:59.298] [INFO] console - SQL: select text, type from qy_notice where serverid = 1000 or serverid = 0 order by time desc limit 30;
[2020-06-12 18:56:59.300] [INFO] console - SQL: SELECT MAX(EquipID) AS equipid FROM qy_equip_1000;
[2020-06-12 18:56:59.300] [INFO] console - SQL: SELECT * FROM qy_bang WHERE state = 1 and serverid = 1000;
[2020-06-12 18:56:59.301] [INFO] console - SQL: SELECT MAX(bangid) AS bangId FROM qy_bang WHERE serverid = 1000;
[2020-06-12 18:56:59.303] [INFO] console - SQL: select * from shop_goods
[2020-06-12 18:56:59.303] [INFO] console - SQL: select roleid, name, relive, level, money, shuilu from qy_role where serverid =  1000
[2020-06-12 18:56:59.304] [INFO] console - SQL: SELECT MAX(petid) AS petid FROM qy_pet_1000;
[2020-06-12 18:56:59.305] [INFO] console - SQL: SELECT roleid, sum(realmoney) AS rmb FROM charge_record WHERE status = 1 GROUP BY roleid;
[2020-06-12 18:56:59.305] [INFO] console - SQL: SELECT * FROM qy_role
[2020-06-12 18:56:59.306] [INFO] console - SQL: select * from qy_relation where status = 0
[2020-06-12 18:56:59.311] [INFO] console - SQL: select max(relationId) as relationId from qy_relation;
[2020-06-12 18:56:59.312] [INFO] console - SQL: select text, type from qy_notice where serverid = 1000 or serverid = 0 order by time desc limit 30;
[2020-06-12 18:56:59.312] [INFO] console - SQL: SELECT MAX(EquipID) AS equipid FROM qy_equip_1000;
[2020-06-12 18:56:59.312] [INFO] console - SQL: SELECT * FROM qy_bang WHERE state = 1 and serverid = 1000;
[2020-06-12 18:56:59.313] [INFO] console - SQL: SELECT MAX(bangid) AS bangId FROM qy_bang WHERE serverid = 1000;
[2020-06-12 18:56:59.313] [INFO] console - SQL: select * from shop_goods
[2020-06-12 18:56:59.313] [INFO] console - SQL: select roleid, name, relive, level, money, shuilu from qy_role where serverid =  1000
[2020-06-12 18:56:59.313] [INFO] console - SQL: SELECT MAX(petid) AS petid FROM qy_pet_1000;
[2020-06-12 18:56:59.314] [INFO] console - SQL: SELECT roleid, sum(realmoney) AS rmb FROM charge_record WHERE status = 1 GROUP BY roleid;
[2020-06-12 18:56:59.315] [INFO] console - SQL: SELECT * FROM qy_role
[2020-06-12 18:56:59.315] [INFO] console - SQL: select * from qy_relation where status = 0
[2020-06-12 18:56:59.315] [INFO] console - SQL: select max(relationId) as relationId from qy_relation;
[2020-06-12 18:56:59.317] [INFO] console - SELECT * FROM qy_bang WHERE state = 1 and serverid = 1000;
[2020-06-12 18:56:59.318] [INFO] console - SELECT MAX(EquipID) AS equipid FROM qy_equip_1000;
[2020-06-12 18:56:59.318] [INFO] console - select text, type from qy_notice where serverid = 1000 or serverid = 0 order by time desc limit 30;
[2020-06-12 18:56:59.319] [INFO] console - SELECT MAX(bangid) AS bangId FROM qy_bang WHERE serverid = 1000;
[2020-06-12 18:56:59.321] [INFO] console - select * from shop_goods
[2020-06-12 18:56:59.322] [INFO] console - select roleid, name, relive, level, money, shuilu from qy_role where serverid =  1000
[2020-06-12 18:56:59.323] [INFO] console - SELECT * FROM qy_role
[2020-06-12 18:56:59.327] [INFO] console - SELECT roleid, sum(realmoney) AS rmb FROM charge_record WHERE status = 1 GROUP BY roleid;
[2020-06-12 18:56:59.328] [INFO] console - SELECT MAX(petid) AS petid FROM qy_pet_1000;
[2020-06-12 18:56:59.330] [INFO] console - select * from qy_relation where status = 0
[2020-06-12 18:56:59.342] [INFO] console - select max(relationId) as relationId from qy_relation;
[2020-06-12 18:56:59.346] [INFO] console - select text, type from qy_notice where serverid = 1000 or serverid = 0 order by time desc limit 30;
[2020-06-12 18:56:59.347] [INFO] console - SELECT * FROM qy_bang WHERE state = 1 and serverid = 1000;
[2020-06-12 18:56:59.348] [INFO] console - SELECT MAX(EquipID) AS equipid FROM qy_equip_1000;
[2020-06-12 18:56:59.349] [INFO] console - SELECT MAX(bangid) AS bangId FROM qy_bang WHERE serverid = 1000;
[2020-06-12 18:56:59.483] [INFO] console - select * from shop_goods
[2020-06-12 18:56:59.485] [INFO] console - select roleid, name, relive, level, money, shuilu from qy_role where serverid =  1000
[2020-06-12 18:56:59.486] [INFO] console - SELECT MAX(petid) AS petid FROM qy_pet_1000;
[2020-06-12 18:56:59.487] [INFO] console - SELECT roleid, sum(realmoney) AS rmb FROM charge_record WHERE status = 1 GROUP BY roleid;
[2020-06-12 18:56:59.490] [INFO] console - SELECT * FROM qy_role
[2020-06-12 18:56:59.499] [INFO] console - select * from qy_relation where status = 0
[2020-06-12 18:56:59.828] [INFO] console - select max(relationId) as relationId from qy_relation;
[2020-06-12 18:58:25.302] [INFO] console - SQL: SELECT * FROM qy_account WHERE account = 'flashpf';
[2020-06-12 18:58:25.310] [INFO] console - SELECT * FROM qy_account WHERE account = 'flashpf';
[2020-06-12 18:58:25.323] [INFO] console - SQL: UPDATE qy_account SET last_login_time = now(), login_ip = '127.0.0.1', mac = 'GwRObINOQxyTD8397311591454499347' WHERE accountid =39381;
[2020-06-12 18:58:25.329] [INFO] console - SQL: SELECT * FROM qy_role WHERE accountid = 39381;
[2020-06-12 18:58:25.331] [INFO] console - UPDATE qy_account SET last_login_time = now(), login_ip = '127.0.0.1', mac = 'GwRObINOQxyTD8397311591454499347' WHERE accountid =39381;
[2020-06-12 18:58:25.338] [INFO] console - SELECT * FROM qy_role WHERE accountid = 39381;
[2020-06-12 18:58:29.588] [INFO] console - SQL: SELECT qy_account.safecode, qy_role.* FROM qy_account, qy_role WHERE qy_role.roleid = 157842 and qy_account.accountid = qy_role.accountid;
[2020-06-12 18:58:29.606] [INFO] console - SELECT qy_account.safecode, qy_role.* FROM qy_account, qy_role WHERE qy_role.roleid = 157842 and qy_account.accountid = qy_role.accountid;
[2020-06-12 18:58:29.623] [INFO] console - SQL: SELECT * FROM qy_equip_1000 WHERE RoleID = 157842 AND state != 0;
[2020-06-12 18:58:29.632] [INFO] console - SELECT * FROM qy_equip_1000 WHERE RoleID = 157842 AND state != 0;
[2020-06-12 18:58:29.647] [INFO] console - SQL: SELECT * FROM dhxy_mount WHERE mountid=5;
[2020-06-12 18:58:29.656] [INFO] console - SELECT * FROM dhxy_mount WHERE mountid=5;
[2020-06-12 18:58:29.681] [INFO] console - SQL: SELECT * FROM qy_pet_1000 WHERE roleid = 157842 and state = 1 limit 20
[2020-06-12 18:58:29.696] [INFO] console - SELECT * FROM qy_pet_1000 WHERE roleid = 157842 and state = 1 limit 20
[2020-06-12 18:58:29.702] [INFO] console - SQL: select * from qy_scheme where roleId = 157842
[2020-06-12 18:58:29.706] [INFO] console - SQL: select max(schemeId) as schemeId from qy_scheme;
[2020-06-12 18:58:29.712] [INFO] console - select * from qy_scheme where roleId = 157842
[2020-06-12 18:58:29.725] [ERROR] console - An uncaught error occurred!
[2020-06-12 18:58:29.726] [ERROR] console - Error: ER_NO_SUCH_TABLE: Table 'xy_game.qy_scheme' doesn't exist
    at Query._packetToError (/Users/brightli/Documents/work/server/dhxy_1.1.0/node_modules/mysql/lib/protocol/sequences/Sequence.js:47:14)
    at Query.ErrorPacket (/Users/brightli/Documents/work/server/dhxy_1.1.0/node_modules/mysql/lib/protocol/sequences/Query.js:77:18)
    at Protocol._parsePacket (/Users/brightli/Documents/work/server/dhxy_1.1.0/node_modules/mysql/lib/protocol/Protocol.js:278:23)
    at Parser.write (/Users/brightli/Documents/work/server/dhxy_1.1.0/node_modules/mysql/lib/protocol/Parser.js:76:12)
    at Protocol.write (/Users/brightli/Documents/work/server/dhxy_1.1.0/node_modules/mysql/lib/protocol/Protocol.js:38:16)
    at Socket.<anonymous> (/Users/brightli/Documents/work/server/dhxy_1.1.0/node_modules/mysql/lib/Connection.js:91:28)
    at Socket.<anonymous> (/Users/brightli/Documents/work/server/dhxy_1.1.0/node_modules/mysql/lib/Connection.js:502:10)
    at Socket.emit (events.js:315:20)
    at addChunk (_stream_readable.js:300:12)
    at readableAddChunk (_stream_readable.js:276:9)
    --------------------
    at Protocol._enqueue (/Users/brightli/Documents/work/server/dhxy_1.1.0/node_modules/mysql/lib/protocol/Protocol.js:144:48)
    at PoolConnection.query (/Users/brightli/Documents/work/server/dhxy_1.1.0/node_modules/mysql/lib/Connection.js:200:25)
    at /Users/brightli/Documents/work/server/dhxy_1.1.0/DBServ.ts:33:9
    at Ping.onOperationComplete (/Users/brightli/Documents/work/server/dhxy_1.1.0/node_modules/mysql/lib/Pool.js:110:5)
    at Ping.<anonymous> (/Users/brightli/Documents/work/server/dhxy_1.1.0/node_modules/mysql/lib/Connection.js:502:10)
    at Ping._callback (/Users/brightli/Documents/work/server/dhxy_1.1.0/node_modules/mysql/lib/Connection.js:468:16)
    at Ping.end (/Users/brightli/Documents/work/server/dhxy_1.1.0/node_modules/mysql/lib/protocol/sequences/Sequence.js:83:24)
    at Ping.OkPacket (/Users/brightli/Documents/work/server/dhxy_1.1.0/node_modules/mysql/lib/protocol/sequences/Sequence.js:92:8)
    at Protocol._parsePacket (/Users/brightli/Documents/work/server/dhxy_1.1.0/node_modules/mysql/lib/protocol/Protocol.js:278:23)
    at Parser.write (/Users/brightli/Documents/work/server/dhxy_1.1.0/node_modules/mysql/lib/protocol/Parser.js:76:12)
[2020-06-12 18:58:30.255] [INFO] console - select max(schemeId) as schemeId from qy_scheme;
[2020-06-12 18:58:30.266] [ERROR] console - An uncaught error occurred!
[2020-06-12 18:58:30.266] [ERROR] console - Error: ER_NO_SUCH_TABLE: Table 'xy_game.qy_scheme' doesn't exist
    at Query._packetToError (/Users/brightli/Documents/work/server/dhxy_1.1.0/node_modules/mysql/lib/protocol/sequences/Sequence.js:47:14)
    at Query.ErrorPacket (/Users/brightli/Documents/work/server/dhxy_1.1.0/node_modules/mysql/lib/protocol/sequences/Query.js:77:18)
    at Protocol._parsePacket (/Users/brightli/Documents/work/server/dhxy_1.1.0/node_modules/mysql/lib/protocol/Protocol.js:278:23)
    at Parser.write (/Users/brightli/Documents/work/server/dhxy_1.1.0/node_modules/mysql/lib/protocol/Parser.js:76:12)
    at Protocol.write (/Users/brightli/Documents/work/server/dhxy_1.1.0/node_modules/mysql/lib/protocol/Protocol.js:38:16)
    at Socket.<anonymous> (/Users/brightli/Documents/work/server/dhxy_1.1.0/node_modules/mysql/lib/Connection.js:91:28)
    at Socket.<anonymous> (/Users/brightli/Documents/work/server/dhxy_1.1.0/node_modules/mysql/lib/Connection.js:502:10)
    at Socket.emit (events.js:315:20)
    at addChunk (_stream_readable.js:300:12)
    at readableAddChunk (_stream_readable.js:276:9)
    --------------------
    at Protocol._enqueue (/Users/brightli/Documents/work/server/dhxy_1.1.0/node_modules/mysql/lib/protocol/Protocol.js:144:48)
    at PoolConnection.query (/Users/brightli/Documents/work/server/dhxy_1.1.0/node_modules/mysql/lib/Connection.js:200:25)
    at /Users/brightli/Documents/work/server/dhxy_1.1.0/DBServ.ts:33:9
    at Ping.onOperationComplete (/Users/brightli/Documents/work/server/dhxy_1.1.0/node_modules/mysql/lib/Pool.js:110:5)
    at Ping.<anonymous> (/Users/brightli/Documents/work/server/dhxy_1.1.0/node_modules/mysql/lib/Connection.js:502:10)
    at Ping._callback (/Users/brightli/Documents/work/server/dhxy_1.1.0/node_modules/mysql/lib/Connection.js:468:16)
    at Ping.end (/Users/brightli/Documents/work/server/dhxy_1.1.0/node_modules/mysql/lib/protocol/sequences/Sequence.js:83:24)
    at Ping.OkPacket (/Users/brightli/Documents/work/server/dhxy_1.1.0/node_modules/mysql/lib/protocol/sequences/Sequence.js:92:8)
    at Protocol._parsePacket (/Users/brightli/Documents/work/server/dhxy_1.1.0/node_modules/mysql/lib/protocol/Protocol.js:278:23)
    at Parser.write (/Users/brightli/Documents/work/server/dhxy_1.1.0/node_modules/mysql/lib/protocol/Parser.js:76:12)
[2020-06-12 18:58:33.768] [INFO] console - SQL: UPDATE qy_role SET lastonline = FROM_UNIXTIME(1591959513) WHERE roleid =157842;
[2020-06-12 18:58:33.783] [INFO] console - UPDATE qy_role SET lastonline = FROM_UNIXTIME(1591959513) WHERE roleid =157842;
[2020-06-12 18:59:05.960] [INFO] console - SQL: SELECT * FROM qy_account WHERE account = 'flashpf';
[2020-06-12 18:59:05.975] [INFO] console - SELECT * FROM qy_account WHERE account = 'flashpf';
[2020-06-12 18:59:05.991] [INFO] console - SQL: UPDATE qy_account SET last_login_time = now(), login_ip = '127.0.0.1', mac = 'GwRObINOQxyTD8397311591454499347' WHERE accountid =39381;
[2020-06-12 18:59:05.997] [INFO] console - SQL: SELECT * FROM qy_role WHERE accountid = 39381;
[2020-06-12 18:59:06.000] [INFO] console - UPDATE qy_account SET last_login_time = now(), login_ip = '127.0.0.1', mac = 'GwRObINOQxyTD8397311591454499347' WHERE accountid =39381;
[2020-06-12 18:59:06.005] [INFO] console - SELECT * FROM qy_role WHERE accountid = 39381;
[2020-06-12 18:59:11.537] [INFO] console - SQL: UPDATE qy_role SET lastonline = FROM_UNIXTIME(1591959550) WHERE roleid =157842;
[2020-06-12 18:59:11.553] [INFO] console - UPDATE qy_role SET lastonline = FROM_UNIXTIME(1591959550) WHERE roleid =157842;
[2020-06-12 18:59:29.693] [INFO] console - SQL: select max(schemeId) as schemeId from qy_scheme;
[2020-06-12 18:59:29.709] [INFO] console - select max(schemeId) as schemeId from qy_scheme;
[2020-06-12 18:59:29.718] [ERROR] console - An uncaught error occurred!
[2020-06-12 18:59:29.719] [ERROR] console - Error: ER_NO_SUCH_TABLE: Table 'xy_game.qy_scheme' doesn't exist
    at Query._packetToError (/Users/brightli/Documents/work/server/dhxy_1.1.0/node_modules/mysql/lib/protocol/sequences/Sequence.js:47:14)
    at Query.ErrorPacket (/Users/brightli/Documents/work/server/dhxy_1.1.0/node_modules/mysql/lib/protocol/sequences/Query.js:77:18)
    at Protocol._parsePacket (/Users/brightli/Documents/work/server/dhxy_1.1.0/node_modules/mysql/lib/protocol/Protocol.js:278:23)
    at Parser.write (/Users/brightli/Documents/work/server/dhxy_1.1.0/node_modules/mysql/lib/protocol/Parser.js:76:12)
    at Protocol.write (/Users/brightli/Documents/work/server/dhxy_1.1.0/node_modules/mysql/lib/protocol/Protocol.js:38:16)
    at Socket.<anonymous> (/Users/brightli/Documents/work/server/dhxy_1.1.0/node_modules/mysql/lib/Connection.js:91:28)
    at Socket.<anonymous> (/Users/brightli/Documents/work/server/dhxy_1.1.0/node_modules/mysql/lib/Connection.js:502:10)
    at Socket.emit (events.js:315:20)
    at addChunk (_stream_readable.js:300:12)
    at readableAddChunk (_stream_readable.js:276:9)
    --------------------
    at Protocol._enqueue (/Users/brightli/Documents/work/server/dhxy_1.1.0/node_modules/mysql/lib/protocol/Protocol.js:144:48)
    at PoolConnection.query (/Users/brightli/Documents/work/server/dhxy_1.1.0/node_modules/mysql/lib/Connection.js:200:25)
    at /Users/brightli/Documents/work/server/dhxy_1.1.0/DBServ.ts:33:9
    at Ping.onOperationComplete (/Users/brightli/Documents/work/server/dhxy_1.1.0/node_modules/mysql/lib/Pool.js:110:5)
    at Ping.<anonymous> (/Users/brightli/Documents/work/server/dhxy_1.1.0/node_modules/mysql/lib/Connection.js:502:10)
    at Ping._callback (/Users/brightli/Documents/work/server/dhxy_1.1.0/node_modules/mysql/lib/Connection.js:468:16)
    at Ping.end (/Users/brightli/Documents/work/server/dhxy_1.1.0/node_modules/mysql/lib/protocol/sequences/Sequence.js:83:24)
    at Ping.OkPacket (/Users/brightli/Documents/work/server/dhxy_1.1.0/node_modules/mysql/lib/protocol/sequences/Sequence.js:92:8)
    at Protocol._parsePacket (/Users/brightli/Documents/work/server/dhxy_1.1.0/node_modules/mysql/lib/protocol/Protocol.js:278:23)
    at Parser.write (/Users/brightli/Documents/work/server/dhxy_1.1.0/node_modules/mysql/lib/protocol/Parser.js:76:12)
