[2020-06-11 12:00:09.715] [INFO] console - SQL: select max(schemeId) as schemeId from qy_scheme;
[2020-06-11 12:00:09.731] [INFO] console - select max(schemeId) as schemeId from qy_scheme;
[2020-06-11 12:00:09.741] [ERROR] console - An uncaught error occurred!
[2020-06-11 12:00:09.742] [ERROR] console - Error: ER_NO_SUCH_TABLE: Table 'xy_game.qy_scheme' doesn't exist
    at Query._packetToError (/Users/brightli/Documents/work/server/dhxy_1.1.0/node_modules/mysql/lib/protocol/sequences/Sequence.js:47:14)
    at Query.ErrorPacket (/Users/brightli/Documents/work/server/dhxy_1.1.0/node_modules/mysql/lib/protocol/sequences/Query.js:77:18)
    at Protocol._parsePacket (/Users/brightli/Documents/work/server/dhxy_1.1.0/node_modules/mysql/lib/protocol/Protocol.js:278:23)
    at Parser.write (/Users/brightli/Documents/work/server/dhxy_1.1.0/node_modules/mysql/lib/protocol/Parser.js:76:12)
    at Protocol.write (/Users/brightli/Documents/work/server/dhxy_1.1.0/node_modules/mysql/lib/protocol/Protocol.js:38:16)
    at Socket.<anonymous> (/Users/brightli/Documents/work/server/dhxy_1.1.0/node_modules/mysql/lib/Connection.js:91:28)
    at Socket.<anonymous> (/Users/brightli/Documents/work/server/dhxy_1.1.0/node_modules/mysql/lib/Connection.js:502:10)
    at Socket.emit (events.js:315:20)
    at addChunk (_stream_readable.js:300:12)
    at readableAddChunk (_stream_readable.js:276:9)
    --------------------
    at Protocol._enqueue (/Users/brightli/Documents/work/server/dhxy_1.1.0/node_modules/mysql/lib/protocol/Protocol.js:144:48)
    at PoolConnection.query (/Users/brightli/Documents/work/server/dhxy_1.1.0/node_modules/mysql/lib/Connection.js:200:25)
    at /Users/brightli/Documents/work/server/dhxy_1.1.0/DBServ.ts:33:9
    at Ping.onOperationComplete (/Users/brightli/Documents/work/server/dhxy_1.1.0/node_modules/mysql/lib/Pool.js:110:5)
    at Ping.<anonymous> (/Users/brightli/Documents/work/server/dhxy_1.1.0/node_modules/mysql/lib/Connection.js:502:10)
    at Ping._callback (/Users/brightli/Documents/work/server/dhxy_1.1.0/node_modules/mysql/lib/Connection.js:468:16)
    at Ping.end (/Users/brightli/Documents/work/server/dhxy_1.1.0/node_modules/mysql/lib/protocol/sequences/Sequence.js:83:24)
    at Ping.OkPacket (/Users/brightli/Documents/work/server/dhxy_1.1.0/node_modules/mysql/lib/protocol/sequences/Sequence.js:92:8)
    at Protocol._parsePacket (/Users/brightli/Documents/work/server/dhxy_1.1.0/node_modules/mysql/lib/protocol/Protocol.js:278:23)
    at Parser.write (/Users/brightli/Documents/work/server/dhxy_1.1.0/node_modules/mysql/lib/protocol/Parser.js:76:12)
[2020-06-11 12:01:09.728] [INFO] console - SQL: select max(schemeId) as schemeId from qy_scheme;
[2020-06-11 12:01:09.738] [INFO] console - select max(schemeId) as schemeId from qy_scheme;
[2020-06-11 12:01:09.749] [ERROR] console - An uncaught error occurred!
[2020-06-11 12:01:09.750] [ERROR] console - Error: ER_NO_SUCH_TABLE: Table 'xy_game.qy_scheme' doesn't exist
    at Query._packetToError (/Users/brightli/Documents/work/server/dhxy_1.1.0/node_modules/mysql/lib/protocol/sequences/Sequence.js:47:14)
    at Query.ErrorPacket (/Users/brightli/Documents/work/server/dhxy_1.1.0/node_modules/mysql/lib/protocol/sequences/Query.js:77:18)
    at Protocol._parsePacket (/Users/brightli/Documents/work/server/dhxy_1.1.0/node_modules/mysql/lib/protocol/Protocol.js:278:23)
    at Parser.write (/Users/brightli/Documents/work/server/dhxy_1.1.0/node_modules/mysql/lib/protocol/Parser.js:76:12)
    at Protocol.write (/Users/brightli/Documents/work/server/dhxy_1.1.0/node_modules/mysql/lib/protocol/Protocol.js:38:16)
    at Socket.<anonymous> (/Users/brightli/Documents/work/server/dhxy_1.1.0/node_modules/mysql/lib/Connection.js:91:28)
    at Socket.<anonymous> (/Users/brightli/Documents/work/server/dhxy_1.1.0/node_modules/mysql/lib/Connection.js:502:10)
    at Socket.emit (events.js:315:20)
    at addChunk (_stream_readable.js:300:12)
    at readableAddChunk (_stream_readable.js:276:9)
    --------------------
    at Protocol._enqueue (/Users/brightli/Documents/work/server/dhxy_1.1.0/node_modules/mysql/lib/protocol/Protocol.js:144:48)
    at PoolConnection.query (/Users/brightli/Documents/work/server/dhxy_1.1.0/node_modules/mysql/lib/Connection.js:200:25)
    at /Users/brightli/Documents/work/server/dhxy_1.1.0/DBServ.ts:33:9
    at Ping.onOperationComplete (/Users/brightli/Documents/work/server/dhxy_1.1.0/node_modules/mysql/lib/Pool.js:110:5)
    at Ping.<anonymous> (/Users/brightli/Documents/work/server/dhxy_1.1.0/node_modules/mysql/lib/Connection.js:502:10)
    at Ping._callback (/Users/brightli/Documents/work/server/dhxy_1.1.0/node_modules/mysql/lib/Connection.js:468:16)
    at Ping.end (/Users/brightli/Documents/work/server/dhxy_1.1.0/node_modules/mysql/lib/protocol/sequences/Sequence.js:83:24)
    at Ping.OkPacket (/Users/brightli/Documents/work/server/dhxy_1.1.0/node_modules/mysql/lib/protocol/sequences/Sequence.js:92:8)
    at Protocol._parsePacket (/Users/brightli/Documents/work/server/dhxy_1.1.0/node_modules/mysql/lib/protocol/Protocol.js:278:23)
    at Parser.write (/Users/brightli/Documents/work/server/dhxy_1.1.0/node_modules/mysql/lib/protocol/Parser.js:76:12)
[2020-06-11 12:02:09.722] [INFO] console - SQL: select max(schemeId) as schemeId from qy_scheme;
[2020-06-11 12:02:09.746] [INFO] console - select max(schemeId) as schemeId from qy_scheme;
[2020-06-11 12:02:09.762] [ERROR] console - An uncaught error occurred!
[2020-06-11 12:02:09.763] [ERROR] console - Error: ER_NO_SUCH_TABLE: Table 'xy_game.qy_scheme' doesn't exist
    at Query._packetToError (/Users/brightli/Documents/work/server/dhxy_1.1.0/node_modules/mysql/lib/protocol/sequences/Sequence.js:47:14)
    at Query.ErrorPacket (/Users/brightli/Documents/work/server/dhxy_1.1.0/node_modules/mysql/lib/protocol/sequences/Query.js:77:18)
    at Protocol._parsePacket (/Users/brightli/Documents/work/server/dhxy_1.1.0/node_modules/mysql/lib/protocol/Protocol.js:278:23)
    at Parser.write (/Users/brightli/Documents/work/server/dhxy_1.1.0/node_modules/mysql/lib/protocol/Parser.js:76:12)
    at Protocol.write (/Users/brightli/Documents/work/server/dhxy_1.1.0/node_modules/mysql/lib/protocol/Protocol.js:38:16)
    at Socket.<anonymous> (/Users/brightli/Documents/work/server/dhxy_1.1.0/node_modules/mysql/lib/Connection.js:91:28)
    at Socket.<anonymous> (/Users/brightli/Documents/work/server/dhxy_1.1.0/node_modules/mysql/lib/Connection.js:502:10)
    at Socket.emit (events.js:315:20)
    at addChunk (_stream_readable.js:300:12)
    at readableAddChunk (_stream_readable.js:276:9)
    --------------------
    at Protocol._enqueue (/Users/brightli/Documents/work/server/dhxy_1.1.0/node_modules/mysql/lib/protocol/Protocol.js:144:48)
    at PoolConnection.query (/Users/brightli/Documents/work/server/dhxy_1.1.0/node_modules/mysql/lib/Connection.js:200:25)
    at /Users/brightli/Documents/work/server/dhxy_1.1.0/DBServ.ts:33:9
    at Ping.onOperationComplete (/Users/brightli/Documents/work/server/dhxy_1.1.0/node_modules/mysql/lib/Pool.js:110:5)
    at Ping.<anonymous> (/Users/brightli/Documents/work/server/dhxy_1.1.0/node_modules/mysql/lib/Connection.js:502:10)
    at Ping._callback (/Users/brightli/Documents/work/server/dhxy_1.1.0/node_modules/mysql/lib/Connection.js:468:16)
    at Ping.end (/Users/brightli/Documents/work/server/dhxy_1.1.0/node_modules/mysql/lib/protocol/sequences/Sequence.js:83:24)
    at Ping.OkPacket (/Users/brightli/Documents/work/server/dhxy_1.1.0/node_modules/mysql/lib/protocol/sequences/Sequence.js:92:8)
    at Protocol._parsePacket (/Users/brightli/Documents/work/server/dhxy_1.1.0/node_modules/mysql/lib/protocol/Protocol.js:278:23)
    at Parser.write (/Users/brightli/Documents/work/server/dhxy_1.1.0/node_modules/mysql/lib/protocol/Parser.js:76:12)
[2020-06-11 12:03:09.730] [INFO] console - SQL: select max(schemeId) as schemeId from qy_scheme;
[2020-06-11 12:03:09.742] [INFO] console - select max(schemeId) as schemeId from qy_scheme;
[2020-06-11 12:03:09.754] [ERROR] console - An uncaught error occurred!
[2020-06-11 12:03:09.755] [ERROR] console - Error: ER_NO_SUCH_TABLE: Table 'xy_game.qy_scheme' doesn't exist
    at Query._packetToError (/Users/brightli/Documents/work/server/dhxy_1.1.0/node_modules/mysql/lib/protocol/sequences/Sequence.js:47:14)
    at Query.ErrorPacket (/Users/brightli/Documents/work/server/dhxy_1.1.0/node_modules/mysql/lib/protocol/sequences/Query.js:77:18)
    at Protocol._parsePacket (/Users/brightli/Documents/work/server/dhxy_1.1.0/node_modules/mysql/lib/protocol/Protocol.js:278:23)
    at Parser.write (/Users/brightli/Documents/work/server/dhxy_1.1.0/node_modules/mysql/lib/protocol/Parser.js:76:12)
    at Protocol.write (/Users/brightli/Documents/work/server/dhxy_1.1.0/node_modules/mysql/lib/protocol/Protocol.js:38:16)
    at Socket.<anonymous> (/Users/brightli/Documents/work/server/dhxy_1.1.0/node_modules/mysql/lib/Connection.js:91:28)
    at Socket.<anonymous> (/Users/brightli/Documents/work/server/dhxy_1.1.0/node_modules/mysql/lib/Connection.js:502:10)
    at Socket.emit (events.js:315:20)
    at addChunk (_stream_readable.js:300:12)
    at readableAddChunk (_stream_readable.js:276:9)
    --------------------
    at Protocol._enqueue (/Users/brightli/Documents/work/server/dhxy_1.1.0/node_modules/mysql/lib/protocol/Protocol.js:144:48)
    at PoolConnection.query (/Users/brightli/Documents/work/server/dhxy_1.1.0/node_modules/mysql/lib/Connection.js:200:25)
    at /Users/brightli/Documents/work/server/dhxy_1.1.0/DBServ.ts:33:9
    at Ping.onOperationComplete (/Users/brightli/Documents/work/server/dhxy_1.1.0/node_modules/mysql/lib/Pool.js:110:5)
    at Ping.<anonymous> (/Users/brightli/Documents/work/server/dhxy_1.1.0/node_modules/mysql/lib/Connection.js:502:10)
    at Ping._callback (/Users/brightli/Documents/work/server/dhxy_1.1.0/node_modules/mysql/lib/Connection.js:468:16)
    at Ping.end (/Users/brightli/Documents/work/server/dhxy_1.1.0/node_modules/mysql/lib/protocol/sequences/Sequence.js:83:24)
    at Ping.OkPacket (/Users/brightli/Documents/work/server/dhxy_1.1.0/node_modules/mysql/lib/protocol/sequences/Sequence.js:92:8)
    at Protocol._parsePacket (/Users/brightli/Documents/work/server/dhxy_1.1.0/node_modules/mysql/lib/protocol/Protocol.js:278:23)
    at Parser.write (/Users/brightli/Documents/work/server/dhxy_1.1.0/node_modules/mysql/lib/protocol/Parser.js:76:12)
[2020-06-11 12:04:09.735] [INFO] console - SQL: select max(schemeId) as schemeId from qy_scheme;
[2020-06-11 12:04:09.744] [INFO] console - select max(schemeId) as schemeId from qy_scheme;
[2020-06-11 12:04:09.754] [ERROR] console - An uncaught error occurred!
[2020-06-11 12:04:09.755] [ERROR] console - Error: ER_NO_SUCH_TABLE: Table 'xy_game.qy_scheme' doesn't exist
    at Query._packetToError (/Users/brightli/Documents/work/server/dhxy_1.1.0/node_modules/mysql/lib/protocol/sequences/Sequence.js:47:14)
    at Query.ErrorPacket (/Users/brightli/Documents/work/server/dhxy_1.1.0/node_modules/mysql/lib/protocol/sequences/Query.js:77:18)
    at Protocol._parsePacket (/Users/brightli/Documents/work/server/dhxy_1.1.0/node_modules/mysql/lib/protocol/Protocol.js:278:23)
    at Parser.write (/Users/brightli/Documents/work/server/dhxy_1.1.0/node_modules/mysql/lib/protocol/Parser.js:76:12)
    at Protocol.write (/Users/brightli/Documents/work/server/dhxy_1.1.0/node_modules/mysql/lib/protocol/Protocol.js:38:16)
    at Socket.<anonymous> (/Users/brightli/Documents/work/server/dhxy_1.1.0/node_modules/mysql/lib/Connection.js:91:28)
    at Socket.<anonymous> (/Users/brightli/Documents/work/server/dhxy_1.1.0/node_modules/mysql/lib/Connection.js:502:10)
    at Socket.emit (events.js:315:20)
    at addChunk (_stream_readable.js:300:12)
    at readableAddChunk (_stream_readable.js:276:9)
    --------------------
    at Protocol._enqueue (/Users/brightli/Documents/work/server/dhxy_1.1.0/node_modules/mysql/lib/protocol/Protocol.js:144:48)
    at PoolConnection.query (/Users/brightli/Documents/work/server/dhxy_1.1.0/node_modules/mysql/lib/Connection.js:200:25)
    at /Users/brightli/Documents/work/server/dhxy_1.1.0/DBServ.ts:33:9
    at Ping.onOperationComplete (/Users/brightli/Documents/work/server/dhxy_1.1.0/node_modules/mysql/lib/Pool.js:110:5)
    at Ping.<anonymous> (/Users/brightli/Documents/work/server/dhxy_1.1.0/node_modules/mysql/lib/Connection.js:502:10)
    at Ping._callback (/Users/brightli/Documents/work/server/dhxy_1.1.0/node_modules/mysql/lib/Connection.js:468:16)
    at Ping.end (/Users/brightli/Documents/work/server/dhxy_1.1.0/node_modules/mysql/lib/protocol/sequences/Sequence.js:83:24)
    at Ping.OkPacket (/Users/brightli/Documents/work/server/dhxy_1.1.0/node_modules/mysql/lib/protocol/sequences/Sequence.js:92:8)
    at Protocol._parsePacket (/Users/brightli/Documents/work/server/dhxy_1.1.0/node_modules/mysql/lib/protocol/Protocol.js:278:23)
    at Parser.write (/Users/brightli/Documents/work/server/dhxy_1.1.0/node_modules/mysql/lib/protocol/Parser.js:76:12)
[2020-06-11 12:05:09.742] [INFO] console - SQL: select max(schemeId) as schemeId from qy_scheme;
[2020-06-11 12:05:09.758] [INFO] console - select max(schemeId) as schemeId from qy_scheme;
[2020-06-11 12:05:09.773] [ERROR] console - An uncaught error occurred!
[2020-06-11 12:05:09.774] [ERROR] console - Error: ER_NO_SUCH_TABLE: Table 'xy_game.qy_scheme' doesn't exist
    at Query._packetToError (/Users/brightli/Documents/work/server/dhxy_1.1.0/node_modules/mysql/lib/protocol/sequences/Sequence.js:47:14)
    at Query.ErrorPacket (/Users/brightli/Documents/work/server/dhxy_1.1.0/node_modules/mysql/lib/protocol/sequences/Query.js:77:18)
    at Protocol._parsePacket (/Users/brightli/Documents/work/server/dhxy_1.1.0/node_modules/mysql/lib/protocol/Protocol.js:278:23)
    at Parser.write (/Users/brightli/Documents/work/server/dhxy_1.1.0/node_modules/mysql/lib/protocol/Parser.js:76:12)
    at Protocol.write (/Users/brightli/Documents/work/server/dhxy_1.1.0/node_modules/mysql/lib/protocol/Protocol.js:38:16)
    at Socket.<anonymous> (/Users/brightli/Documents/work/server/dhxy_1.1.0/node_modules/mysql/lib/Connection.js:91:28)
    at Socket.<anonymous> (/Users/brightli/Documents/work/server/dhxy_1.1.0/node_modules/mysql/lib/Connection.js:502:10)
    at Socket.emit (events.js:315:20)
    at addChunk (_stream_readable.js:300:12)
    at readableAddChunk (_stream_readable.js:276:9)
    --------------------
    at Protocol._enqueue (/Users/brightli/Documents/work/server/dhxy_1.1.0/node_modules/mysql/lib/protocol/Protocol.js:144:48)
    at PoolConnection.query (/Users/brightli/Documents/work/server/dhxy_1.1.0/node_modules/mysql/lib/Connection.js:200:25)
    at /Users/brightli/Documents/work/server/dhxy_1.1.0/DBServ.ts:33:9
    at Ping.onOperationComplete (/Users/brightli/Documents/work/server/dhxy_1.1.0/node_modules/mysql/lib/Pool.js:110:5)
    at Ping.<anonymous> (/Users/brightli/Documents/work/server/dhxy_1.1.0/node_modules/mysql/lib/Connection.js:502:10)
    at Ping._callback (/Users/brightli/Documents/work/server/dhxy_1.1.0/node_modules/mysql/lib/Connection.js:468:16)
    at Ping.end (/Users/brightli/Documents/work/server/dhxy_1.1.0/node_modules/mysql/lib/protocol/sequences/Sequence.js:83:24)
    at Ping.OkPacket (/Users/brightli/Documents/work/server/dhxy_1.1.0/node_modules/mysql/lib/protocol/sequences/Sequence.js:92:8)
    at Protocol._parsePacket (/Users/brightli/Documents/work/server/dhxy_1.1.0/node_modules/mysql/lib/protocol/Protocol.js:278:23)
    at Parser.write (/Users/brightli/Documents/work/server/dhxy_1.1.0/node_modules/mysql/lib/protocol/Parser.js:76:12)
[2020-06-11 12:06:09.751] [INFO] console - SQL: select max(schemeId) as schemeId from qy_scheme;
[2020-06-11 12:06:09.788] [INFO] console - select max(schemeId) as schemeId from qy_scheme;
[2020-06-11 12:06:09.805] [ERROR] console - An uncaught error occurred!
[2020-06-11 12:06:09.806] [ERROR] console - Error: ER_NO_SUCH_TABLE: Table 'xy_game.qy_scheme' doesn't exist
    at Query._packetToError (/Users/brightli/Documents/work/server/dhxy_1.1.0/node_modules/mysql/lib/protocol/sequences/Sequence.js:47:14)
    at Query.ErrorPacket (/Users/brightli/Documents/work/server/dhxy_1.1.0/node_modules/mysql/lib/protocol/sequences/Query.js:77:18)
    at Protocol._parsePacket (/Users/brightli/Documents/work/server/dhxy_1.1.0/node_modules/mysql/lib/protocol/Protocol.js:278:23)
    at Parser.write (/Users/brightli/Documents/work/server/dhxy_1.1.0/node_modules/mysql/lib/protocol/Parser.js:76:12)
    at Protocol.write (/Users/brightli/Documents/work/server/dhxy_1.1.0/node_modules/mysql/lib/protocol/Protocol.js:38:16)
    at Socket.<anonymous> (/Users/brightli/Documents/work/server/dhxy_1.1.0/node_modules/mysql/lib/Connection.js:91:28)
    at Socket.<anonymous> (/Users/brightli/Documents/work/server/dhxy_1.1.0/node_modules/mysql/lib/Connection.js:502:10)
    at Socket.emit (events.js:315:20)
    at addChunk (_stream_readable.js:300:12)
    at readableAddChunk (_stream_readable.js:276:9)
    --------------------
    at Protocol._enqueue (/Users/brightli/Documents/work/server/dhxy_1.1.0/node_modules/mysql/lib/protocol/Protocol.js:144:48)
    at PoolConnection.query (/Users/brightli/Documents/work/server/dhxy_1.1.0/node_modules/mysql/lib/Connection.js:200:25)
    at /Users/brightli/Documents/work/server/dhxy_1.1.0/DBServ.ts:33:9
    at Ping.onOperationComplete (/Users/brightli/Documents/work/server/dhxy_1.1.0/node_modules/mysql/lib/Pool.js:110:5)
    at Ping.<anonymous> (/Users/brightli/Documents/work/server/dhxy_1.1.0/node_modules/mysql/lib/Connection.js:502:10)
    at Ping._callback (/Users/brightli/Documents/work/server/dhxy_1.1.0/node_modules/mysql/lib/Connection.js:468:16)
    at Ping.end (/Users/brightli/Documents/work/server/dhxy_1.1.0/node_modules/mysql/lib/protocol/sequences/Sequence.js:83:24)
    at Ping.OkPacket (/Users/brightli/Documents/work/server/dhxy_1.1.0/node_modules/mysql/lib/protocol/sequences/Sequence.js:92:8)
    at Protocol._parsePacket (/Users/brightli/Documents/work/server/dhxy_1.1.0/node_modules/mysql/lib/protocol/Protocol.js:278:23)
    at Parser.write (/Users/brightli/Documents/work/server/dhxy_1.1.0/node_modules/mysql/lib/protocol/Parser.js:76:12)
[2020-06-11 12:07:09.764] [INFO] console - SQL: select max(schemeId) as schemeId from qy_scheme;
[2020-06-11 12:07:09.773] [INFO] console - select max(schemeId) as schemeId from qy_scheme;
[2020-06-11 12:07:09.786] [ERROR] console - An uncaught error occurred!
[2020-06-11 12:07:09.787] [ERROR] console - Error: ER_NO_SUCH_TABLE: Table 'xy_game.qy_scheme' doesn't exist
    at Query._packetToError (/Users/brightli/Documents/work/server/dhxy_1.1.0/node_modules/mysql/lib/protocol/sequences/Sequence.js:47:14)
    at Query.ErrorPacket (/Users/brightli/Documents/work/server/dhxy_1.1.0/node_modules/mysql/lib/protocol/sequences/Query.js:77:18)
    at Protocol._parsePacket (/Users/brightli/Documents/work/server/dhxy_1.1.0/node_modules/mysql/lib/protocol/Protocol.js:278:23)
    at Parser.write (/Users/brightli/Documents/work/server/dhxy_1.1.0/node_modules/mysql/lib/protocol/Parser.js:76:12)
    at Protocol.write (/Users/brightli/Documents/work/server/dhxy_1.1.0/node_modules/mysql/lib/protocol/Protocol.js:38:16)
    at Socket.<anonymous> (/Users/brightli/Documents/work/server/dhxy_1.1.0/node_modules/mysql/lib/Connection.js:91:28)
    at Socket.<anonymous> (/Users/brightli/Documents/work/server/dhxy_1.1.0/node_modules/mysql/lib/Connection.js:502:10)
    at Socket.emit (events.js:315:20)
    at addChunk (_stream_readable.js:300:12)
    at readableAddChunk (_stream_readable.js:276:9)
    --------------------
    at Protocol._enqueue (/Users/brightli/Documents/work/server/dhxy_1.1.0/node_modules/mysql/lib/protocol/Protocol.js:144:48)
    at PoolConnection.query (/Users/brightli/Documents/work/server/dhxy_1.1.0/node_modules/mysql/lib/Connection.js:200:25)
    at /Users/brightli/Documents/work/server/dhxy_1.1.0/DBServ.ts:33:9
    at Ping.onOperationComplete (/Users/brightli/Documents/work/server/dhxy_1.1.0/node_modules/mysql/lib/Pool.js:110:5)
    at Ping.<anonymous> (/Users/brightli/Documents/work/server/dhxy_1.1.0/node_modules/mysql/lib/Connection.js:502:10)
    at Ping._callback (/Users/brightli/Documents/work/server/dhxy_1.1.0/node_modules/mysql/lib/Connection.js:468:16)
    at Ping.end (/Users/brightli/Documents/work/server/dhxy_1.1.0/node_modules/mysql/lib/protocol/sequences/Sequence.js:83:24)
    at Ping.OkPacket (/Users/brightli/Documents/work/server/dhxy_1.1.0/node_modules/mysql/lib/protocol/sequences/Sequence.js:92:8)
    at Protocol._parsePacket (/Users/brightli/Documents/work/server/dhxy_1.1.0/node_modules/mysql/lib/protocol/Protocol.js:278:23)
    at Parser.write (/Users/brightli/Documents/work/server/dhxy_1.1.0/node_modules/mysql/lib/protocol/Parser.js:76:12)
[2020-06-11 12:08:09.764] [INFO] console - SQL: select max(schemeId) as schemeId from qy_scheme;
[2020-06-11 12:08:09.780] [INFO] console - select max(schemeId) as schemeId from qy_scheme;
[2020-06-11 12:08:09.793] [ERROR] console - An uncaught error occurred!
[2020-06-11 12:08:09.794] [ERROR] console - Error: ER_NO_SUCH_TABLE: Table 'xy_game.qy_scheme' doesn't exist
    at Query._packetToError (/Users/brightli/Documents/work/server/dhxy_1.1.0/node_modules/mysql/lib/protocol/sequences/Sequence.js:47:14)
    at Query.ErrorPacket (/Users/brightli/Documents/work/server/dhxy_1.1.0/node_modules/mysql/lib/protocol/sequences/Query.js:77:18)
    at Protocol._parsePacket (/Users/brightli/Documents/work/server/dhxy_1.1.0/node_modules/mysql/lib/protocol/Protocol.js:278:23)
    at Parser.write (/Users/brightli/Documents/work/server/dhxy_1.1.0/node_modules/mysql/lib/protocol/Parser.js:76:12)
    at Protocol.write (/Users/brightli/Documents/work/server/dhxy_1.1.0/node_modules/mysql/lib/protocol/Protocol.js:38:16)
    at Socket.<anonymous> (/Users/brightli/Documents/work/server/dhxy_1.1.0/node_modules/mysql/lib/Connection.js:91:28)
    at Socket.<anonymous> (/Users/brightli/Documents/work/server/dhxy_1.1.0/node_modules/mysql/lib/Connection.js:502:10)
    at Socket.emit (events.js:315:20)
    at addChunk (_stream_readable.js:300:12)
    at readableAddChunk (_stream_readable.js:276:9)
    --------------------
    at Protocol._enqueue (/Users/brightli/Documents/work/server/dhxy_1.1.0/node_modules/mysql/lib/protocol/Protocol.js:144:48)
    at PoolConnection.query (/Users/brightli/Documents/work/server/dhxy_1.1.0/node_modules/mysql/lib/Connection.js:200:25)
    at /Users/brightli/Documents/work/server/dhxy_1.1.0/DBServ.ts:33:9
    at Ping.onOperationComplete (/Users/brightli/Documents/work/server/dhxy_1.1.0/node_modules/mysql/lib/Pool.js:110:5)
    at Ping.<anonymous> (/Users/brightli/Documents/work/server/dhxy_1.1.0/node_modules/mysql/lib/Connection.js:502:10)
    at Ping._callback (/Users/brightli/Documents/work/server/dhxy_1.1.0/node_modules/mysql/lib/Connection.js:468:16)
    at Ping.end (/Users/brightli/Documents/work/server/dhxy_1.1.0/node_modules/mysql/lib/protocol/sequences/Sequence.js:83:24)
    at Ping.OkPacket (/Users/brightli/Documents/work/server/dhxy_1.1.0/node_modules/mysql/lib/protocol/sequences/Sequence.js:92:8)
    at Protocol._parsePacket (/Users/brightli/Documents/work/server/dhxy_1.1.0/node_modules/mysql/lib/protocol/Protocol.js:278:23)
    at Parser.write (/Users/brightli/Documents/work/server/dhxy_1.1.0/node_modules/mysql/lib/protocol/Parser.js:76:12)
[2020-06-11 12:09:09.776] [INFO] console - SQL: select max(schemeId) as schemeId from qy_scheme;
[2020-06-11 12:09:09.790] [INFO] console - select max(schemeId) as schemeId from qy_scheme;
[2020-06-11 12:09:09.803] [ERROR] console - An uncaught error occurred!
[2020-06-11 12:09:09.805] [ERROR] console - Error: ER_NO_SUCH_TABLE: Table 'xy_game.qy_scheme' doesn't exist
    at Query._packetToError (/Users/brightli/Documents/work/server/dhxy_1.1.0/node_modules/mysql/lib/protocol/sequences/Sequence.js:47:14)
    at Query.ErrorPacket (/Users/brightli/Documents/work/server/dhxy_1.1.0/node_modules/mysql/lib/protocol/sequences/Query.js:77:18)
    at Protocol._parsePacket (/Users/brightli/Documents/work/server/dhxy_1.1.0/node_modules/mysql/lib/protocol/Protocol.js:278:23)
    at Parser.write (/Users/brightli/Documents/work/server/dhxy_1.1.0/node_modules/mysql/lib/protocol/Parser.js:76:12)
    at Protocol.write (/Users/brightli/Documents/work/server/dhxy_1.1.0/node_modules/mysql/lib/protocol/Protocol.js:38:16)
    at Socket.<anonymous> (/Users/brightli/Documents/work/server/dhxy_1.1.0/node_modules/mysql/lib/Connection.js:91:28)
    at Socket.<anonymous> (/Users/brightli/Documents/work/server/dhxy_1.1.0/node_modules/mysql/lib/Connection.js:502:10)
    at Socket.emit (events.js:315:20)
    at addChunk (_stream_readable.js:300:12)
    at readableAddChunk (_stream_readable.js:276:9)
    --------------------
    at Protocol._enqueue (/Users/brightli/Documents/work/server/dhxy_1.1.0/node_modules/mysql/lib/protocol/Protocol.js:144:48)
    at PoolConnection.query (/Users/brightli/Documents/work/server/dhxy_1.1.0/node_modules/mysql/lib/Connection.js:200:25)
    at /Users/brightli/Documents/work/server/dhxy_1.1.0/DBServ.ts:33:9
    at Ping.onOperationComplete (/Users/brightli/Documents/work/server/dhxy_1.1.0/node_modules/mysql/lib/Pool.js:110:5)
    at Ping.<anonymous> (/Users/brightli/Documents/work/server/dhxy_1.1.0/node_modules/mysql/lib/Connection.js:502:10)
    at Ping._callback (/Users/brightli/Documents/work/server/dhxy_1.1.0/node_modules/mysql/lib/Connection.js:468:16)
    at Ping.end (/Users/brightli/Documents/work/server/dhxy_1.1.0/node_modules/mysql/lib/protocol/sequences/Sequence.js:83:24)
    at Ping.OkPacket (/Users/brightli/Documents/work/server/dhxy_1.1.0/node_modules/mysql/lib/protocol/sequences/Sequence.js:92:8)
    at Protocol._parsePacket (/Users/brightli/Documents/work/server/dhxy_1.1.0/node_modules/mysql/lib/protocol/Protocol.js:278:23)
    at Parser.write (/Users/brightli/Documents/work/server/dhxy_1.1.0/node_modules/mysql/lib/protocol/Parser.js:76:12)
[2020-06-11 12:10:09.782] [INFO] console - SQL: select max(schemeId) as schemeId from qy_scheme;
[2020-06-11 12:10:09.797] [INFO] console - select max(schemeId) as schemeId from qy_scheme;
[2020-06-11 12:10:09.841] [ERROR] console - An uncaught error occurred!
[2020-06-11 12:10:09.842] [ERROR] console - Error: ER_NO_SUCH_TABLE: Table 'xy_game.qy_scheme' doesn't exist
    at Query._packetToError (/Users/brightli/Documents/work/server/dhxy_1.1.0/node_modules/mysql/lib/protocol/sequences/Sequence.js:47:14)
    at Query.ErrorPacket (/Users/brightli/Documents/work/server/dhxy_1.1.0/node_modules/mysql/lib/protocol/sequences/Query.js:77:18)
    at Protocol._parsePacket (/Users/brightli/Documents/work/server/dhxy_1.1.0/node_modules/mysql/lib/protocol/Protocol.js:278:23)
    at Parser.write (/Users/brightli/Documents/work/server/dhxy_1.1.0/node_modules/mysql/lib/protocol/Parser.js:76:12)
    at Protocol.write (/Users/brightli/Documents/work/server/dhxy_1.1.0/node_modules/mysql/lib/protocol/Protocol.js:38:16)
    at Socket.<anonymous> (/Users/brightli/Documents/work/server/dhxy_1.1.0/node_modules/mysql/lib/Connection.js:91:28)
    at Socket.<anonymous> (/Users/brightli/Documents/work/server/dhxy_1.1.0/node_modules/mysql/lib/Connection.js:502:10)
    at Socket.emit (events.js:315:20)
    at addChunk (_stream_readable.js:300:12)
    at readableAddChunk (_stream_readable.js:276:9)
    --------------------
    at Protocol._enqueue (/Users/brightli/Documents/work/server/dhxy_1.1.0/node_modules/mysql/lib/protocol/Protocol.js:144:48)
    at PoolConnection.query (/Users/brightli/Documents/work/server/dhxy_1.1.0/node_modules/mysql/lib/Connection.js:200:25)
    at /Users/brightli/Documents/work/server/dhxy_1.1.0/DBServ.ts:33:9
    at Ping.onOperationComplete (/Users/brightli/Documents/work/server/dhxy_1.1.0/node_modules/mysql/lib/Pool.js:110:5)
    at Ping.<anonymous> (/Users/brightli/Documents/work/server/dhxy_1.1.0/node_modules/mysql/lib/Connection.js:502:10)
    at Ping._callback (/Users/brightli/Documents/work/server/dhxy_1.1.0/node_modules/mysql/lib/Connection.js:468:16)
    at Ping.end (/Users/brightli/Documents/work/server/dhxy_1.1.0/node_modules/mysql/lib/protocol/sequences/Sequence.js:83:24)
    at Ping.OkPacket (/Users/brightli/Documents/work/server/dhxy_1.1.0/node_modules/mysql/lib/protocol/sequences/Sequence.js:92:8)
    at Protocol._parsePacket (/Users/brightli/Documents/work/server/dhxy_1.1.0/node_modules/mysql/lib/protocol/Protocol.js:278:23)
    at Parser.write (/Users/brightli/Documents/work/server/dhxy_1.1.0/node_modules/mysql/lib/protocol/Parser.js:76:12)
[2020-06-11 12:44:57.482] [INFO] console - SQL: select max(schemeId) as schemeId from qy_scheme;
[2020-06-11 12:44:57.726] [INFO] console - select max(schemeId) as schemeId from qy_scheme;
[2020-06-11 12:44:57.751] [ERROR] console - An uncaught error occurred!
[2020-06-11 12:44:57.757] [ERROR] console - Error: ER_NO_SUCH_TABLE: Table 'xy_game.qy_scheme' doesn't exist
    at Query._packetToError (/Users/brightli/Documents/work/server/dhxy_1.1.0/node_modules/mysql/lib/protocol/sequences/Sequence.js:47:14)
    at Query.ErrorPacket (/Users/brightli/Documents/work/server/dhxy_1.1.0/node_modules/mysql/lib/protocol/sequences/Query.js:77:18)
    at Protocol._parsePacket (/Users/brightli/Documents/work/server/dhxy_1.1.0/node_modules/mysql/lib/protocol/Protocol.js:278:23)
    at Parser.write (/Users/brightli/Documents/work/server/dhxy_1.1.0/node_modules/mysql/lib/protocol/Parser.js:76:12)
    at Protocol.write (/Users/brightli/Documents/work/server/dhxy_1.1.0/node_modules/mysql/lib/protocol/Protocol.js:38:16)
    at Socket.<anonymous> (/Users/brightli/Documents/work/server/dhxy_1.1.0/node_modules/mysql/lib/Connection.js:91:28)
    at Socket.<anonymous> (/Users/brightli/Documents/work/server/dhxy_1.1.0/node_modules/mysql/lib/Connection.js:502:10)
    at Socket.emit (events.js:315:20)
    at addChunk (_stream_readable.js:300:12)
    at readableAddChunk (_stream_readable.js:276:9)
    --------------------
    at Protocol._enqueue (/Users/brightli/Documents/work/server/dhxy_1.1.0/node_modules/mysql/lib/protocol/Protocol.js:144:48)
    at PoolConnection.query (/Users/brightli/Documents/work/server/dhxy_1.1.0/node_modules/mysql/lib/Connection.js:200:25)
    at /Users/brightli/Documents/work/server/dhxy_1.1.0/DBServ.ts:33:9
    at Handshake.onConnect (/Users/brightli/Documents/work/server/dhxy_1.1.0/node_modules/mysql/lib/Pool.js:64:7)
    at Handshake.<anonymous> (/Users/brightli/Documents/work/server/dhxy_1.1.0/node_modules/mysql/lib/Connection.js:502:10)
    at Handshake._callback (/Users/brightli/Documents/work/server/dhxy_1.1.0/node_modules/mysql/lib/Connection.js:468:16)
    at Handshake.end (/Users/brightli/Documents/work/server/dhxy_1.1.0/node_modules/mysql/lib/protocol/sequences/Sequence.js:83:24)
    at Handshake.OkPacket (/Users/brightli/Documents/work/server/dhxy_1.1.0/node_modules/mysql/lib/protocol/sequences/Sequence.js:92:8)
    at Protocol._parsePacket (/Users/brightli/Documents/work/server/dhxy_1.1.0/node_modules/mysql/lib/protocol/Protocol.js:278:23)
    at Parser.write (/Users/brightli/Documents/work/server/dhxy_1.1.0/node_modules/mysql/lib/protocol/Parser.js:76:12)
