[2020-06-12 23:06:59.934] [INFO] console - SQL: UPDATE qy_role SET lastonline = FROM_UNIXTIME(1591974382) WHERE roleid =157846;
[2020-06-12 23:07:00.051] [INFO] console - SQL: INSERT INTO qy_equip_1000(EquipID, EquipType, BaseAttr, Grade, EIndex, Shuxingxuqiu, Type, GemCnt, LianhuaAttr, RoleID, create_time, pos) VALUES(16, 0, '{"16":"25","34":"1000"}', 1, 1, '{}', 13111101, 0, '{}', 157846, NOW(), 3);
[2020-06-12 23:07:00.055] [INFO] console - SQL: INSERT INTO qy_equip_1000(EquipID, EquipType, BaseAttr, Grade, EIndex, Shuxingxuqiu, Type, GemCnt, LianhuaAttr, RoleID, create_time, pos) VALUES(17, 0, '{"13":"10","31":"1400","33":"1400"}', 1, 2, '{}', 13120101, 0, '{}', 157846, NOW(), 3);
[2020-06-12 23:07:00.059] [INFO] console - SQL: INSERT INTO qy_equip_1000(EquipID, EquipType, BaseAttr, Grade, EIndex, Shuxingxuqiu, Type, GemCnt, LianhuaAttr, RoleID, create_time, pos) VALUES(18, 0, '{"13":"100","16":"5"}', 1, 3, '{}', 13131101, 0, '{}', 157846, NOW(), 3);
[2020-06-12 23:07:00.062] [INFO] console - UPDATE qy_role SET lastonline = FROM_UNIXTIME(1591974382) WHERE roleid =157846;
[2020-06-12 23:07:00.067] [INFO] console - SQL: INSERT INTO qy_equip_1000(EquipID, EquipType, BaseAttr, Grade, EIndex, Shuxingxuqiu, Type, GemCnt, LianhuaAttr, RoleID, create_time, pos) VALUES(19, 0, '{"13":"100","16":"5"}', 1, 4, '{}', 13141101, 0, '{}', 157846, NOW(), 3);
[2020-06-12 23:07:00.073] [INFO] console - SQL: INSERT INTO qy_equip_1000(EquipID, EquipType, BaseAttr, Grade, EIndex, Shuxingxuqiu, Type, GemCnt, LianhuaAttr, RoleID, create_time, pos) VALUES(20, 0, '{"13":"100","35":"10"}', 1, 5, '{}', 13150101, 0, '{}', 157846, NOW(), 3);
[2020-06-12 23:07:00.077] [INFO] console - INSERT INTO qy_equip_1000(EquipID, EquipType, BaseAttr, Grade, EIndex, Shuxingxuqiu, Type, GemCnt, LianhuaAttr, RoleID, create_time, pos) VALUES(17, 0, '{"13":"10","31":"1400","33":"1400"}', 1, 2, '{}', 13120101, 0, '{}', 157846, NOW(), 3);
[2020-06-12 23:07:00.079] [INFO] console - INSERT INTO qy_equip_1000(EquipID, EquipType, BaseAttr, Grade, EIndex, Shuxingxuqiu, Type, GemCnt, LianhuaAttr, RoleID, create_time, pos) VALUES(16, 0, '{"16":"25","34":"1000"}', 1, 1, '{}', 13111101, 0, '{}', 157846, NOW(), 3);
[2020-06-12 23:07:00.083] [INFO] console - INSERT INTO qy_equip_1000(EquipID, EquipType, BaseAttr, Grade, EIndex, Shuxingxuqiu, Type, GemCnt, LianhuaAttr, RoleID, create_time, pos) VALUES(18, 0, '{"13":"100","16":"5"}', 1, 3, '{}', 13131101, 0, '{}', 157846, NOW(), 3);
[2020-06-12 23:07:00.092] [INFO] console - INSERT INTO qy_equip_1000(EquipID, EquipType, BaseAttr, Grade, EIndex, Shuxingxuqiu, Type, GemCnt, LianhuaAttr, RoleID, create_time, pos) VALUES(19, 0, '{"13":"100","16":"5"}', 1, 4, '{}', 13141101, 0, '{}', 157846, NOW(), 3);
[2020-06-12 23:07:00.096] [INFO] console - INSERT INTO qy_equip_1000(EquipID, EquipType, BaseAttr, Grade, EIndex, Shuxingxuqiu, Type, GemCnt, LianhuaAttr, RoleID, create_time, pos) VALUES(20, 0, '{"13":"100","35":"10"}', 1, 5, '{}', 13150101, 0, '{}', 157846, NOW(), 3);
[2020-06-12 23:15:02.127] [INFO] console - SQL: SELECT * FROM qy_account WHERE account = 'test01';
[2020-06-12 23:15:02.137] [INFO] console - SELECT * FROM qy_account WHERE account = 'test01';
[2020-06-12 23:15:02.153] [INFO] console - SQL: UPDATE qy_account SET last_login_time = now(), login_ip = '127.0.0.1', mac = 'GwRObINOQxyTD8397311591454499347' WHERE accountid =39384;
[2020-06-12 23:15:02.161] [INFO] console - UPDATE qy_account SET last_login_time = now(), login_ip = '127.0.0.1', mac = 'GwRObINOQxyTD8397311591454499347' WHERE accountid =39384;
[2020-06-12 23:15:02.163] [INFO] console - SQL: SELECT * FROM qy_role WHERE accountid = 39384;
[2020-06-12 23:15:02.171] [INFO] console - SELECT * FROM qy_role WHERE accountid = 39384;
[2020-06-12 23:20:46.593] [INFO] console - SQL: UPDATE qy_role SET lastonline = FROM_UNIXTIME(1591975197) WHERE roleid =157846;
[2020-06-12 23:20:46.641] [INFO] console - UPDATE qy_role SET lastonline = FROM_UNIXTIME(1591975197) WHERE roleid =157846;
[2020-06-12 23:22:31.208] [INFO] console - SQL: SELECT * FROM qy_account WHERE account = 'test01';
[2020-06-12 23:22:31.225] [INFO] console - SELECT * FROM qy_account WHERE account = 'test01';
[2020-06-12 23:22:31.243] [INFO] console - SQL: UPDATE qy_account SET last_login_time = now(), login_ip = '127.0.0.1', mac = 'GwRObINOQxyTD8397311591454499347' WHERE accountid =39384;
[2020-06-12 23:22:31.253] [INFO] console - SQL: SELECT * FROM qy_role WHERE accountid = 39384;
[2020-06-12 23:22:31.255] [INFO] console - UPDATE qy_account SET last_login_time = now(), login_ip = '127.0.0.1', mac = 'GwRObINOQxyTD8397311591454499347' WHERE accountid =39384;
[2020-06-12 23:22:31.263] [INFO] console - SELECT * FROM qy_role WHERE accountid = 39384;
[2020-06-12 23:23:20.077] [INFO] console - SQL: UPDATE qy_role SET lastonline = FROM_UNIXTIME(1591975348) WHERE roleid =157846;
[2020-06-12 23:23:20.092] [INFO] console - UPDATE qy_role SET lastonline = FROM_UNIXTIME(1591975348) WHERE roleid =157846;
[2020-06-12 23:24:03.295] [INFO] console - SQL: SELECT * FROM qy_account WHERE account = 'test01';
[2020-06-12 23:24:03.310] [INFO] console - SELECT * FROM qy_account WHERE account = 'test01';
[2020-06-12 23:24:03.326] [INFO] console - SQL: UPDATE qy_account SET last_login_time = now(), login_ip = '127.0.0.1', mac = 'GwRObINOQxyTD8397311591454499347' WHERE accountid =39384;
[2020-06-12 23:24:03.334] [INFO] console - SQL: SELECT * FROM qy_role WHERE accountid = 39384;
[2020-06-12 23:24:03.335] [INFO] console - UPDATE qy_account SET last_login_time = now(), login_ip = '127.0.0.1', mac = 'GwRObINOQxyTD8397311591454499347' WHERE accountid =39384;
[2020-06-12 23:24:03.341] [INFO] console - SELECT * FROM qy_role WHERE accountid = 39384;
[2020-06-12 23:24:23.213] [INFO] console - SQL: UPDATE qy_role SET lastonline = FROM_UNIXTIME(1591975411) WHERE roleid =157846;
[2020-06-12 23:24:23.221] [INFO] console - UPDATE qy_role SET lastonline = FROM_UNIXTIME(1591975411) WHERE roleid =157846;
[2020-06-12 23:24:31.769] [INFO] console - SQL: INSERT INTO qy_equip_1000(EquipID, EquipType, BaseAttr, Grade, EIndex, Shuxingxuqiu, Type, GemCnt, LianhuaAttr, RoleID, create_time, pos) VALUES(21, 0, '{"16":"25","34":"1000"}', 1, 1, '{}', 13111101, 0, '{}', 157846, NOW(), 3);
[2020-06-12 23:24:31.773] [INFO] console - SQL: INSERT INTO qy_equip_1000(EquipID, EquipType, BaseAttr, Grade, EIndex, Shuxingxuqiu, Type, GemCnt, LianhuaAttr, RoleID, create_time, pos) VALUES(22, 0, '{"13":"10","31":"1400","33":"1400"}', 1, 2, '{}', 13120101, 0, '{}', 157846, NOW(), 3);
[2020-06-12 23:24:31.779] [INFO] console - SQL: INSERT INTO qy_equip_1000(EquipID, EquipType, BaseAttr, Grade, EIndex, Shuxingxuqiu, Type, GemCnt, LianhuaAttr, RoleID, create_time, pos) VALUES(23, 0, '{"13":"100","16":"5"}', 1, 3, '{}', 13131101, 0, '{}', 157846, NOW(), 3);
[2020-06-12 23:24:31.782] [INFO] console - SQL: INSERT INTO qy_equip_1000(EquipID, EquipType, BaseAttr, Grade, EIndex, Shuxingxuqiu, Type, GemCnt, LianhuaAttr, RoleID, create_time, pos) VALUES(24, 0, '{"13":"100","16":"5"}', 1, 4, '{}', 13141101, 0, '{}', 157846, NOW(), 3);
[2020-06-12 23:24:31.784] [INFO] console - INSERT INTO qy_equip_1000(EquipID, EquipType, BaseAttr, Grade, EIndex, Shuxingxuqiu, Type, GemCnt, LianhuaAttr, RoleID, create_time, pos) VALUES(21, 0, '{"16":"25","34":"1000"}', 1, 1, '{}', 13111101, 0, '{}', 157846, NOW(), 3);
[2020-06-12 23:24:31.785] [INFO] console - INSERT INTO qy_equip_1000(EquipID, EquipType, BaseAttr, Grade, EIndex, Shuxingxuqiu, Type, GemCnt, LianhuaAttr, RoleID, create_time, pos) VALUES(22, 0, '{"13":"10","31":"1400","33":"1400"}', 1, 2, '{}', 13120101, 0, '{}', 157846, NOW(), 3);
[2020-06-12 23:24:31.787] [INFO] console - SQL: INSERT INTO qy_equip_1000(EquipID, EquipType, BaseAttr, Grade, EIndex, Shuxingxuqiu, Type, GemCnt, LianhuaAttr, RoleID, create_time, pos) VALUES(25, 0, '{"13":"100","35":"10"}', 1, 5, '{}', 13150101, 0, '{}', 157846, NOW(), 3);
[2020-06-12 23:24:31.793] [INFO] console - INSERT INTO qy_equip_1000(EquipID, EquipType, BaseAttr, Grade, EIndex, Shuxingxuqiu, Type, GemCnt, LianhuaAttr, RoleID, create_time, pos) VALUES(23, 0, '{"13":"100","16":"5"}', 1, 3, '{}', 13131101, 0, '{}', 157846, NOW(), 3);
[2020-06-12 23:24:31.813] [INFO] console - INSERT INTO qy_equip_1000(EquipID, EquipType, BaseAttr, Grade, EIndex, Shuxingxuqiu, Type, GemCnt, LianhuaAttr, RoleID, create_time, pos) VALUES(24, 0, '{"13":"100","16":"5"}', 1, 4, '{}', 13141101, 0, '{}', 157846, NOW(), 3);
[2020-06-12 23:24:31.822] [INFO] console - INSERT INTO qy_equip_1000(EquipID, EquipType, BaseAttr, Grade, EIndex, Shuxingxuqiu, Type, GemCnt, LianhuaAttr, RoleID, create_time, pos) VALUES(25, 0, '{"13":"100","35":"10"}', 1, 5, '{}', 13150101, 0, '{}', 157846, NOW(), 3);
[2020-06-12 23:26:18.409] [INFO] console - SQL: SELECT * FROM qy_account WHERE account = 'test09';
[2020-06-12 23:26:18.417] [INFO] console - SELECT * FROM qy_account WHERE account = 'test09';
[2020-06-12 23:26:24.504] [INFO] console - SQL: SELECT * FROM qy_account WHERE account = 'test01';
[2020-06-12 23:26:24.519] [INFO] console - SELECT * FROM qy_account WHERE account = 'test01';
[2020-06-12 23:26:24.536] [INFO] console - SQL: UPDATE qy_account SET last_login_time = now(), login_ip = '127.0.0.1', mac = 'LbWPymmJZjHph7244931591345675596' WHERE accountid =39384;
[2020-06-12 23:26:24.543] [INFO] console - UPDATE qy_account SET last_login_time = now(), login_ip = '127.0.0.1', mac = 'LbWPymmJZjHph7244931591345675596' WHERE accountid =39384;
[2020-06-12 23:26:24.553] [INFO] console - SQL: SELECT * FROM qy_role WHERE accountid = 39384;
[2020-06-12 23:26:24.562] [INFO] console - SELECT * FROM qy_role WHERE accountid = 39384;
[2020-06-12 23:26:27.206] [INFO] console - SQL: UPDATE qy_role SET lastonline = FROM_UNIXTIME(1591975533) WHERE roleid =157846;
[2020-06-12 23:26:27.214] [INFO] console - UPDATE qy_role SET lastonline = FROM_UNIXTIME(1591975533) WHERE roleid =157846;
[2020-06-12 23:26:27.269] [INFO] console - SQL: INSERT INTO qy_equip_1000(EquipID, EquipType, BaseAttr, Grade, EIndex, Shuxingxuqiu, Type, GemCnt, LianhuaAttr, RoleID, create_time, pos) VALUES(26, 0, '{"16":"25","34":"1000"}', 1, 1, '{}', 13111101, 0, '{}', 157846, NOW(), 3);
[2020-06-12 23:26:27.274] [INFO] console - SQL: INSERT INTO qy_equip_1000(EquipID, EquipType, BaseAttr, Grade, EIndex, Shuxingxuqiu, Type, GemCnt, LianhuaAttr, RoleID, create_time, pos) VALUES(27, 0, '{"13":"10","31":"1400","33":"1400"}', 1, 2, '{}', 13120101, 0, '{}', 157846, NOW(), 3);
[2020-06-12 23:26:27.276] [INFO] console - SQL: INSERT INTO qy_equip_1000(EquipID, EquipType, BaseAttr, Grade, EIndex, Shuxingxuqiu, Type, GemCnt, LianhuaAttr, RoleID, create_time, pos) VALUES(28, 0, '{"13":"100","16":"5"}', 1, 3, '{}', 13131101, 0, '{}', 157846, NOW(), 3);
[2020-06-12 23:26:27.278] [INFO] console - INSERT INTO qy_equip_1000(EquipID, EquipType, BaseAttr, Grade, EIndex, Shuxingxuqiu, Type, GemCnt, LianhuaAttr, RoleID, create_time, pos) VALUES(26, 0, '{"16":"25","34":"1000"}', 1, 1, '{}', 13111101, 0, '{}', 157846, NOW(), 3);
[2020-06-12 23:26:27.280] [INFO] console - SQL: INSERT INTO qy_equip_1000(EquipID, EquipType, BaseAttr, Grade, EIndex, Shuxingxuqiu, Type, GemCnt, LianhuaAttr, RoleID, create_time, pos) VALUES(29, 0, '{"13":"100","16":"5"}', 1, 4, '{}', 13141101, 0, '{}', 157846, NOW(), 3);
[2020-06-12 23:26:27.282] [INFO] console - SQL: INSERT INTO qy_equip_1000(EquipID, EquipType, BaseAttr, Grade, EIndex, Shuxingxuqiu, Type, GemCnt, LianhuaAttr, RoleID, create_time, pos) VALUES(30, 0, '{"13":"100","35":"10"}', 1, 5, '{}', 13150101, 0, '{}', 157846, NOW(), 3);
[2020-06-12 23:26:27.283] [INFO] console - INSERT INTO qy_equip_1000(EquipID, EquipType, BaseAttr, Grade, EIndex, Shuxingxuqiu, Type, GemCnt, LianhuaAttr, RoleID, create_time, pos) VALUES(27, 0, '{"13":"10","31":"1400","33":"1400"}', 1, 2, '{}', 13120101, 0, '{}', 157846, NOW(), 3);
[2020-06-12 23:26:27.285] [INFO] console - INSERT INTO qy_equip_1000(EquipID, EquipType, BaseAttr, Grade, EIndex, Shuxingxuqiu, Type, GemCnt, LianhuaAttr, RoleID, create_time, pos) VALUES(28, 0, '{"13":"100","16":"5"}', 1, 3, '{}', 13131101, 0, '{}', 157846, NOW(), 3);
[2020-06-12 23:26:27.289] [INFO] console - INSERT INTO qy_equip_1000(EquipID, EquipType, BaseAttr, Grade, EIndex, Shuxingxuqiu, Type, GemCnt, LianhuaAttr, RoleID, create_time, pos) VALUES(29, 0, '{"13":"100","16":"5"}', 1, 4, '{}', 13141101, 0, '{}', 157846, NOW(), 3);
[2020-06-12 23:26:27.291] [INFO] console - INSERT INTO qy_equip_1000(EquipID, EquipType, BaseAttr, Grade, EIndex, Shuxingxuqiu, Type, GemCnt, LianhuaAttr, RoleID, create_time, pos) VALUES(30, 0, '{"13":"100","35":"10"}', 1, 5, '{}', 13150101, 0, '{}', 157846, NOW(), 3);
[2020-06-12 23:27:51.949] [INFO] console - SQL: SELECT * FROM qy_account WHERE account = 'test01';
[2020-06-12 23:27:51.960] [INFO] console - SELECT * FROM qy_account WHERE account = 'test01';
[2020-06-12 23:27:51.975] [INFO] console - SQL: UPDATE qy_account SET last_login_time = now(), login_ip = '127.0.0.1', mac = 'GwRObINOQxyTD8397311591454499347' WHERE accountid =39384;
[2020-06-12 23:27:51.982] [INFO] console - SQL: SELECT * FROM qy_role WHERE accountid = 39384;
[2020-06-12 23:27:51.984] [INFO] console - UPDATE qy_account SET last_login_time = now(), login_ip = '127.0.0.1', mac = 'GwRObINOQxyTD8397311591454499347' WHERE accountid =39384;
[2020-06-12 23:27:51.991] [INFO] console - SELECT * FROM qy_role WHERE accountid = 39384;
[2020-06-12 23:28:13.400] [INFO] console - SQL: UPDATE qy_role SET lastonline = FROM_UNIXTIME(1591975638) WHERE roleid =157846;
[2020-06-12 23:28:13.416] [INFO] console - UPDATE qy_role SET lastonline = FROM_UNIXTIME(1591975638) WHERE roleid =157846;
[2020-06-12 23:29:44.325] [INFO] console - SQL: INSERT INTO qy_equip_1000(EquipID, EquipType, BaseAttr, Grade, EIndex, Shuxingxuqiu, Type, GemCnt, LianhuaAttr, RoleID, create_time, pos) VALUES(31, 0, '{"16":"25","34":"1000"}', 1, 1, '{}', 13111101, 0, '{}', 157846, NOW(), 3);
[2020-06-12 23:29:44.329] [INFO] console - SQL: INSERT INTO qy_equip_1000(EquipID, EquipType, BaseAttr, Grade, EIndex, Shuxingxuqiu, Type, GemCnt, LianhuaAttr, RoleID, create_time, pos) VALUES(32, 0, '{"13":"10","31":"1400","33":"1400"}', 1, 2, '{}', 13120101, 0, '{}', 157846, NOW(), 3);
[2020-06-12 23:29:44.334] [INFO] console - SQL: INSERT INTO qy_equip_1000(EquipID, EquipType, BaseAttr, Grade, EIndex, Shuxingxuqiu, Type, GemCnt, LianhuaAttr, RoleID, create_time, pos) VALUES(33, 0, '{"13":"100","16":"5"}', 1, 3, '{}', 13131101, 0, '{}', 157846, NOW(), 3);
[2020-06-12 23:29:44.338] [INFO] console - SQL: INSERT INTO qy_equip_1000(EquipID, EquipType, BaseAttr, Grade, EIndex, Shuxingxuqiu, Type, GemCnt, LianhuaAttr, RoleID, create_time, pos) VALUES(34, 0, '{"13":"100","16":"5"}', 1, 4, '{}', 13141101, 0, '{}', 157846, NOW(), 3);
[2020-06-12 23:29:44.339] [INFO] console - INSERT INTO qy_equip_1000(EquipID, EquipType, BaseAttr, Grade, EIndex, Shuxingxuqiu, Type, GemCnt, LianhuaAttr, RoleID, create_time, pos) VALUES(32, 0, '{"13":"10","31":"1400","33":"1400"}', 1, 2, '{}', 13120101, 0, '{}', 157846, NOW(), 3);
[2020-06-12 23:29:44.341] [INFO] console - INSERT INTO qy_equip_1000(EquipID, EquipType, BaseAttr, Grade, EIndex, Shuxingxuqiu, Type, GemCnt, LianhuaAttr, RoleID, create_time, pos) VALUES(31, 0, '{"16":"25","34":"1000"}', 1, 1, '{}', 13111101, 0, '{}', 157846, NOW(), 3);
[2020-06-12 23:29:44.343] [INFO] console - SQL: INSERT INTO qy_equip_1000(EquipID, EquipType, BaseAttr, Grade, EIndex, Shuxingxuqiu, Type, GemCnt, LianhuaAttr, RoleID, create_time, pos) VALUES(35, 0, '{"13":"100","35":"10"}', 1, 5, '{}', 13150101, 0, '{}', 157846, NOW(), 3);
[2020-06-12 23:29:44.344] [INFO] console - INSERT INTO qy_equip_1000(EquipID, EquipType, BaseAttr, Grade, EIndex, Shuxingxuqiu, Type, GemCnt, LianhuaAttr, RoleID, create_time, pos) VALUES(33, 0, '{"13":"100","16":"5"}', 1, 3, '{}', 13131101, 0, '{}', 157846, NOW(), 3);
[2020-06-12 23:29:44.345] [INFO] console - INSERT INTO qy_equip_1000(EquipID, EquipType, BaseAttr, Grade, EIndex, Shuxingxuqiu, Type, GemCnt, LianhuaAttr, RoleID, create_time, pos) VALUES(34, 0, '{"13":"100","16":"5"}', 1, 4, '{}', 13141101, 0, '{}', 157846, NOW(), 3);
[2020-06-12 23:29:44.351] [INFO] console - INSERT INTO qy_equip_1000(EquipID, EquipType, BaseAttr, Grade, EIndex, Shuxingxuqiu, Type, GemCnt, LianhuaAttr, RoleID, create_time, pos) VALUES(35, 0, '{"13":"100","35":"10"}', 1, 5, '{}', 13150101, 0, '{}', 157846, NOW(), 3);
[2020-06-12 23:32:20.110] [INFO] console - SQL: SELECT * FROM qy_account WHERE account = 'test01';
[2020-06-12 23:32:20.119] [INFO] console - SELECT * FROM qy_account WHERE account = 'test01';
[2020-06-12 23:32:20.134] [INFO] console - SQL: UPDATE qy_account SET last_login_time = now(), login_ip = '127.0.0.1', mac = 'GwRObINOQxyTD8397311591454499347' WHERE accountid =39384;
[2020-06-12 23:32:20.144] [INFO] console - SQL: SELECT * FROM qy_role WHERE accountid = 39384;
[2020-06-12 23:32:20.146] [INFO] console - UPDATE qy_account SET last_login_time = now(), login_ip = '127.0.0.1', mac = 'GwRObINOQxyTD8397311591454499347' WHERE accountid =39384;
[2020-06-12 23:32:20.153] [INFO] console - SELECT * FROM qy_role WHERE accountid = 39384;
[2020-06-12 23:32:24.766] [INFO] console - SQL: UPDATE qy_role SET lastonline = FROM_UNIXTIME(1591975885) WHERE roleid =157846;
[2020-06-12 23:32:24.781] [INFO] console - UPDATE qy_role SET lastonline = FROM_UNIXTIME(1591975885) WHERE roleid =157846;
[2020-06-12 23:32:24.862] [INFO] console - SQL: INSERT INTO qy_equip_1000(EquipID, EquipType, BaseAttr, Grade, EIndex, Shuxingxuqiu, Type, GemCnt, LianhuaAttr, RoleID, create_time, pos) VALUES(36, 0, '{"16":"25","34":"1000"}', 1, 1, '{}', 13111101, 0, '{}', 157846, NOW(), 3);
[2020-06-12 23:32:24.869] [INFO] console - SQL: INSERT INTO qy_equip_1000(EquipID, EquipType, BaseAttr, Grade, EIndex, Shuxingxuqiu, Type, GemCnt, LianhuaAttr, RoleID, create_time, pos) VALUES(37, 0, '{"13":"10","31":"1400","33":"1400"}', 1, 2, '{}', 13120101, 0, '{}', 157846, NOW(), 3);
[2020-06-12 23:32:24.871] [INFO] console - INSERT INTO qy_equip_1000(EquipID, EquipType, BaseAttr, Grade, EIndex, Shuxingxuqiu, Type, GemCnt, LianhuaAttr, RoleID, create_time, pos) VALUES(36, 0, '{"16":"25","34":"1000"}', 1, 1, '{}', 13111101, 0, '{}', 157846, NOW(), 3);
[2020-06-12 23:32:24.874] [INFO] console - SQL: INSERT INTO qy_equip_1000(EquipID, EquipType, BaseAttr, Grade, EIndex, Shuxingxuqiu, Type, GemCnt, LianhuaAttr, RoleID, create_time, pos) VALUES(38, 0, '{"13":"100","16":"5"}', 1, 3, '{}', 13131101, 0, '{}', 157846, NOW(), 3);
[2020-06-12 23:32:24.876] [INFO] console - INSERT INTO qy_equip_1000(EquipID, EquipType, BaseAttr, Grade, EIndex, Shuxingxuqiu, Type, GemCnt, LianhuaAttr, RoleID, create_time, pos) VALUES(37, 0, '{"13":"10","31":"1400","33":"1400"}', 1, 2, '{}', 13120101, 0, '{}', 157846, NOW(), 3);
[2020-06-12 23:32:24.884] [INFO] console - INSERT INTO qy_equip_1000(EquipID, EquipType, BaseAttr, Grade, EIndex, Shuxingxuqiu, Type, GemCnt, LianhuaAttr, RoleID, create_time, pos) VALUES(38, 0, '{"13":"100","16":"5"}', 1, 3, '{}', 13131101, 0, '{}', 157846, NOW(), 3);
[2020-06-12 23:32:24.888] [INFO] console - SQL: INSERT INTO qy_equip_1000(EquipID, EquipType, BaseAttr, Grade, EIndex, Shuxingxuqiu, Type, GemCnt, LianhuaAttr, RoleID, create_time, pos) VALUES(39, 0, '{"13":"100","16":"5"}', 1, 4, '{}', 13141101, 0, '{}', 157846, NOW(), 3);
[2020-06-12 23:32:24.898] [INFO] console - SQL: INSERT INTO qy_equip_1000(EquipID, EquipType, BaseAttr, Grade, EIndex, Shuxingxuqiu, Type, GemCnt, LianhuaAttr, RoleID, create_time, pos) VALUES(40, 0, '{"13":"100","35":"10"}', 1, 5, '{}', 13150101, 0, '{}', 157846, NOW(), 3);
[2020-06-12 23:32:24.899] [INFO] console - INSERT INTO qy_equip_1000(EquipID, EquipType, BaseAttr, Grade, EIndex, Shuxingxuqiu, Type, GemCnt, LianhuaAttr, RoleID, create_time, pos) VALUES(39, 0, '{"13":"100","16":"5"}', 1, 4, '{}', 13141101, 0, '{}', 157846, NOW(), 3);
[2020-06-12 23:32:24.908] [INFO] console - INSERT INTO qy_equip_1000(EquipID, EquipType, BaseAttr, Grade, EIndex, Shuxingxuqiu, Type, GemCnt, LianhuaAttr, RoleID, create_time, pos) VALUES(40, 0, '{"13":"100","35":"10"}', 1, 5, '{}', 13150101, 0, '{}', 157846, NOW(), 3);
[2020-06-12 23:33:23.213] [INFO] console - SQL: SELECT * FROM qy_account WHERE account = 'test01';
[2020-06-12 23:33:23.223] [INFO] console - SELECT * FROM qy_account WHERE account = 'test01';
[2020-06-12 23:33:23.240] [INFO] console - SQL: UPDATE qy_account SET last_login_time = now(), login_ip = '127.0.0.1', mac = 'GwRObINOQxyTD8397311591454499347' WHERE accountid =39384;
[2020-06-12 23:33:23.247] [INFO] console - SQL: SELECT * FROM qy_role WHERE accountid = 39384;
[2020-06-12 23:33:23.249] [INFO] console - UPDATE qy_account SET last_login_time = now(), login_ip = '127.0.0.1', mac = 'GwRObINOQxyTD8397311591454499347' WHERE accountid =39384;
[2020-06-12 23:33:23.256] [INFO] console - SELECT * FROM qy_role WHERE accountid = 39384;
[2020-06-12 23:33:28.292] [INFO] console - SQL: UPDATE qy_role SET lastonline = FROM_UNIXTIME(1591975948) WHERE roleid =157846;
[2020-06-12 23:33:28.308] [INFO] console - UPDATE qy_role SET lastonline = FROM_UNIXTIME(1591975948) WHERE roleid =157846;
[2020-06-12 23:33:28.400] [INFO] console - SQL: INSERT INTO qy_equip_1000(EquipID, EquipType, BaseAttr, Grade, EIndex, Shuxingxuqiu, Type, GemCnt, LianhuaAttr, RoleID, create_time, pos) VALUES(41, 0, '{"16":"25","34":"1000"}', 1, 1, '{}', 13111101, 0, '{}', 157846, NOW(), 3);
[2020-06-12 23:33:28.409] [INFO] console - SQL: INSERT INTO qy_equip_1000(EquipID, EquipType, BaseAttr, Grade, EIndex, Shuxingxuqiu, Type, GemCnt, LianhuaAttr, RoleID, create_time, pos) VALUES(42, 0, '{"13":"10","31":"1400","33":"1400"}', 1, 2, '{}', 13120101, 0, '{}', 157846, NOW(), 3);
[2020-06-12 23:33:28.410] [INFO] console - INSERT INTO qy_equip_1000(EquipID, EquipType, BaseAttr, Grade, EIndex, Shuxingxuqiu, Type, GemCnt, LianhuaAttr, RoleID, create_time, pos) VALUES(41, 0, '{"16":"25","34":"1000"}', 1, 1, '{}', 13111101, 0, '{}', 157846, NOW(), 3);
[2020-06-12 23:33:28.418] [INFO] console - INSERT INTO qy_equip_1000(EquipID, EquipType, BaseAttr, Grade, EIndex, Shuxingxuqiu, Type, GemCnt, LianhuaAttr, RoleID, create_time, pos) VALUES(42, 0, '{"13":"10","31":"1400","33":"1400"}', 1, 2, '{}', 13120101, 0, '{}', 157846, NOW(), 3);
[2020-06-12 23:33:28.427] [INFO] console - SQL: INSERT INTO qy_equip_1000(EquipID, EquipType, BaseAttr, Grade, EIndex, Shuxingxuqiu, Type, GemCnt, LianhuaAttr, RoleID, create_time, pos) VALUES(43, 0, '{"13":"100","16":"5"}', 1, 3, '{}', 13131101, 0, '{}', 157846, NOW(), 3);
[2020-06-12 23:33:28.437] [INFO] console - INSERT INTO qy_equip_1000(EquipID, EquipType, BaseAttr, Grade, EIndex, Shuxingxuqiu, Type, GemCnt, LianhuaAttr, RoleID, create_time, pos) VALUES(43, 0, '{"13":"100","16":"5"}', 1, 3, '{}', 13131101, 0, '{}', 157846, NOW(), 3);
[2020-06-12 23:33:28.458] [INFO] console - SQL: INSERT INTO qy_equip_1000(EquipID, EquipType, BaseAttr, Grade, EIndex, Shuxingxuqiu, Type, GemCnt, LianhuaAttr, RoleID, create_time, pos) VALUES(44, 0, '{"13":"100","16":"5"}', 1, 4, '{}', 13141101, 0, '{}', 157846, NOW(), 3);
[2020-06-12 23:33:28.470] [INFO] console - INSERT INTO qy_equip_1000(EquipID, EquipType, BaseAttr, Grade, EIndex, Shuxingxuqiu, Type, GemCnt, LianhuaAttr, RoleID, create_time, pos) VALUES(44, 0, '{"13":"100","16":"5"}', 1, 4, '{}', 13141101, 0, '{}', 157846, NOW(), 3);
[2020-06-12 23:33:28.480] [INFO] console - SQL: INSERT INTO qy_equip_1000(EquipID, EquipType, BaseAttr, Grade, EIndex, Shuxingxuqiu, Type, GemCnt, LianhuaAttr, RoleID, create_time, pos) VALUES(45, 0, '{"13":"100","35":"10"}', 1, 5, '{}', 13150101, 0, '{}', 157846, NOW(), 3);
[2020-06-12 23:33:28.490] [INFO] console - INSERT INTO qy_equip_1000(EquipID, EquipType, BaseAttr, Grade, EIndex, Shuxingxuqiu, Type, GemCnt, LianhuaAttr, RoleID, create_time, pos) VALUES(45, 0, '{"13":"100","35":"10"}', 1, 5, '{}', 13150101, 0, '{}', 157846, NOW(), 3);
[2020-06-12 23:35:07.964] [INFO] console - SQL: SELECT * FROM qy_account WHERE account = 'test01';
[2020-06-12 23:35:07.977] [INFO] console - SELECT * FROM qy_account WHERE account = 'test01';
[2020-06-12 23:35:07.996] [INFO] console - SQL: UPDATE qy_account SET last_login_time = now(), login_ip = '127.0.0.1', mac = 'GwRObINOQxyTD8397311591454499347' WHERE accountid =39384;
[2020-06-12 23:35:08.002] [INFO] console - SQL: SELECT * FROM qy_role WHERE accountid = 39384;
[2020-06-12 23:35:08.006] [INFO] console - UPDATE qy_account SET last_login_time = now(), login_ip = '127.0.0.1', mac = 'GwRObINOQxyTD8397311591454499347' WHERE accountid =39384;
[2020-06-12 23:35:08.011] [INFO] console - SELECT * FROM qy_role WHERE accountid = 39384;
[2020-06-12 23:35:12.797] [INFO] console - SQL: UPDATE qy_role SET lastonline = FROM_UNIXTIME(1591976051) WHERE roleid =157846;
[2020-06-12 23:35:12.842] [INFO] console - UPDATE qy_role SET lastonline = FROM_UNIXTIME(1591976051) WHERE roleid =157846;
[2020-06-12 23:35:12.899] [INFO] console - SQL: INSERT INTO qy_equip_1000(EquipID, EquipType, BaseAttr, Grade, EIndex, Shuxingxuqiu, Type, GemCnt, LianhuaAttr, RoleID, create_time, pos) VALUES(46, 0, '{"16":"25","34":"1000"}', 1, 1, '{}', 13111101, 0, '{}', 157846, NOW(), 3);
[2020-06-12 23:35:12.913] [INFO] console - INSERT INTO qy_equip_1000(EquipID, EquipType, BaseAttr, Grade, EIndex, Shuxingxuqiu, Type, GemCnt, LianhuaAttr, RoleID, create_time, pos) VALUES(46, 0, '{"16":"25","34":"1000"}', 1, 1, '{}', 13111101, 0, '{}', 157846, NOW(), 3);
[2020-06-12 23:35:12.918] [INFO] console - SQL: INSERT INTO qy_equip_1000(EquipID, EquipType, BaseAttr, Grade, EIndex, Shuxingxuqiu, Type, GemCnt, LianhuaAttr, RoleID, create_time, pos) VALUES(47, 0, '{"13":"10","31":"1400","33":"1400"}', 1, 2, '{}', 13120101, 0, '{}', 157846, NOW(), 3);
[2020-06-12 23:35:12.928] [INFO] console - SQL: INSERT INTO qy_equip_1000(EquipID, EquipType, BaseAttr, Grade, EIndex, Shuxingxuqiu, Type, GemCnt, LianhuaAttr, RoleID, create_time, pos) VALUES(48, 0, '{"13":"100","16":"5"}', 1, 3, '{}', 13131101, 0, '{}', 157846, NOW(), 3);
[2020-06-12 23:35:12.929] [INFO] console - INSERT INTO qy_equip_1000(EquipID, EquipType, BaseAttr, Grade, EIndex, Shuxingxuqiu, Type, GemCnt, LianhuaAttr, RoleID, create_time, pos) VALUES(47, 0, '{"13":"10","31":"1400","33":"1400"}', 1, 2, '{}', 13120101, 0, '{}', 157846, NOW(), 3);
[2020-06-12 23:35:12.937] [INFO] console - INSERT INTO qy_equip_1000(EquipID, EquipType, BaseAttr, Grade, EIndex, Shuxingxuqiu, Type, GemCnt, LianhuaAttr, RoleID, create_time, pos) VALUES(48, 0, '{"13":"100","16":"5"}', 1, 3, '{}', 13131101, 0, '{}', 157846, NOW(), 3);
[2020-06-12 23:35:12.946] [INFO] console - SQL: INSERT INTO qy_equip_1000(EquipID, EquipType, BaseAttr, Grade, EIndex, Shuxingxuqiu, Type, GemCnt, LianhuaAttr, RoleID, create_time, pos) VALUES(49, 0, '{"13":"100","16":"5"}', 1, 4, '{}', 13141101, 0, '{}', 157846, NOW(), 3);
[2020-06-12 23:35:12.953] [INFO] console - SQL: INSERT INTO qy_equip_1000(EquipID, EquipType, BaseAttr, Grade, EIndex, Shuxingxuqiu, Type, GemCnt, LianhuaAttr, RoleID, create_time, pos) VALUES(50, 0, '{"13":"100","35":"10"}', 1, 5, '{}', 13150101, 0, '{}', 157846, NOW(), 3);
[2020-06-12 23:35:12.956] [INFO] console - INSERT INTO qy_equip_1000(EquipID, EquipType, BaseAttr, Grade, EIndex, Shuxingxuqiu, Type, GemCnt, LianhuaAttr, RoleID, create_time, pos) VALUES(49, 0, '{"13":"100","16":"5"}', 1, 4, '{}', 13141101, 0, '{}', 157846, NOW(), 3);
[2020-06-12 23:35:12.961] [INFO] console - INSERT INTO qy_equip_1000(EquipID, EquipType, BaseAttr, Grade, EIndex, Shuxingxuqiu, Type, GemCnt, LianhuaAttr, RoleID, create_time, pos) VALUES(50, 0, '{"13":"100","35":"10"}', 1, 5, '{}', 13150101, 0, '{}', 157846, NOW(), 3);
[2020-06-12 23:38:51.725] [INFO] console - SQL: SELECT * FROM qy_account WHERE account = 'test01';
[2020-06-12 23:38:51.742] [INFO] console - SELECT * FROM qy_account WHERE account = 'test01';
[2020-06-12 23:38:51.759] [INFO] console - SQL: UPDATE qy_account SET last_login_time = now(), login_ip = '127.0.0.1', mac = 'GwRObINOQxyTD8397311591454499347' WHERE accountid =39384;
[2020-06-12 23:38:51.767] [INFO] console - UPDATE qy_account SET last_login_time = now(), login_ip = '127.0.0.1', mac = 'GwRObINOQxyTD8397311591454499347' WHERE accountid =39384;
[2020-06-12 23:40:36.674] [INFO] console - SQL: SELECT * FROM qy_account WHERE account = 'test01';
[2020-06-12 23:40:36.712] [INFO] console - SELECT * FROM qy_account WHERE account = 'test01';
[2020-06-12 23:40:36.729] [INFO] console - SQL: UPDATE qy_account SET last_login_time = now(), login_ip = '127.0.0.1', mac = 'GwRObINOQxyTD8397311591454499347' WHERE accountid =39384;
[2020-06-12 23:40:36.738] [INFO] console - UPDATE qy_account SET last_login_time = now(), login_ip = '127.0.0.1', mac = 'GwRObINOQxyTD8397311591454499347' WHERE accountid =39384;
[2020-06-12 23:42:07.025] [INFO] console - SQL: SELECT * FROM qy_account WHERE account = 'test01';
[2020-06-12 23:42:07.039] [INFO] console - SELECT * FROM qy_account WHERE account = 'test01';
[2020-06-12 23:42:07.053] [INFO] console - SQL: UPDATE qy_account SET last_login_time = now(), login_ip = '127.0.0.1', mac = 'LbWPymmJZjHph7244931591345675596' WHERE accountid =39384;
[2020-06-12 23:42:07.062] [INFO] console - UPDATE qy_account SET last_login_time = now(), login_ip = '127.0.0.1', mac = 'LbWPymmJZjHph7244931591345675596' WHERE accountid =39384;
