[2020-06-13 08:26:53.328] [INFO] console - SQL: SELECT * FROM qy_account WHERE account = 'test01';
[2020-06-13 08:26:55.821] [INFO] console - SELECT * FROM qy_account WHERE account = 'test01';
[2020-06-13 08:26:55.839] [INFO] console - SQL: UPDATE qy_account SET last_login_time = now(), login_ip = '127.0.0.1', mac = 'GwRObINOQxyTD8397311591454499347' WHERE accountid =39384;
[2020-06-13 08:26:55.848] [INFO] console - UPDATE qy_account SET last_login_time = now(), login_ip = '127.0.0.1', mac = 'GwRObINOQxyTD8397311591454499347' WHERE accountid =39384;
[2020-06-13 08:26:55.853] [INFO] console - SQL: SELECT * FROM qy_role WHERE accountid = 39384;
[2020-06-13 08:26:55.880] [INFO] console - SELECT * FROM qy_role WHERE accountid = 39384;
[2020-06-13 08:27:02.309] [INFO] console - SQL: UPDATE qy_role SET lastonline = FROM_UNIXTIME(1592007124) WHERE roleid =157846;
[2020-06-13 08:27:02.324] [INFO] console - UPDATE qy_role SET lastonline = FROM_UNIXTIME(1592007124) WHERE roleid =157846;
[2020-06-13 08:27:02.421] [INFO] console - SQL: INSERT INTO qy_equip_1000(EquipID, EquipType, BaseAttr, Grade, EIndex, Shuxingxuqiu, Type, GemCnt, LianhuaAttr, RoleID, create_time, pos) VALUES(51, 0, '{"16":"25","34":"1000"}', 1, 1, '{}', 13111101, 0, '{}', 157846, NOW(), 3);
[2020-06-13 08:27:02.426] [INFO] console - SQL: INSERT INTO qy_equip_1000(EquipID, EquipType, BaseAttr, Grade, EIndex, Shuxingxuqiu, Type, GemCnt, LianhuaAttr, RoleID, create_time, pos) VALUES(52, 0, '{"13":"10","31":"1400","33":"1400"}', 1, 2, '{}', 13120101, 0, '{}', 157846, NOW(), 3);
[2020-06-13 08:27:02.429] [INFO] console - SQL: INSERT INTO qy_equip_1000(EquipID, EquipType, BaseAttr, Grade, EIndex, Shuxingxuqiu, Type, GemCnt, LianhuaAttr, RoleID, create_time, pos) VALUES(53, 0, '{"13":"100","16":"5"}', 1, 3, '{}', 13131101, 0, '{}', 157846, NOW(), 3);
[2020-06-13 08:27:02.431] [INFO] console - INSERT INTO qy_equip_1000(EquipID, EquipType, BaseAttr, Grade, EIndex, Shuxingxuqiu, Type, GemCnt, LianhuaAttr, RoleID, create_time, pos) VALUES(51, 0, '{"16":"25","34":"1000"}', 1, 1, '{}', 13111101, 0, '{}', 157846, NOW(), 3);
[2020-06-13 08:27:02.433] [INFO] console - INSERT INTO qy_equip_1000(EquipID, EquipType, BaseAttr, Grade, EIndex, Shuxingxuqiu, Type, GemCnt, LianhuaAttr, RoleID, create_time, pos) VALUES(52, 0, '{"13":"10","31":"1400","33":"1400"}', 1, 2, '{}', 13120101, 0, '{}', 157846, NOW(), 3);
[2020-06-13 08:27:02.436] [INFO] console - SQL: INSERT INTO qy_equip_1000(EquipID, EquipType, BaseAttr, Grade, EIndex, Shuxingxuqiu, Type, GemCnt, LianhuaAttr, RoleID, create_time, pos) VALUES(54, 0, '{"13":"100","16":"5"}', 1, 4, '{}', 13141101, 0, '{}', 157846, NOW(), 3);
[2020-06-13 08:27:02.438] [INFO] console - SQL: INSERT INTO qy_equip_1000(EquipID, EquipType, BaseAttr, Grade, EIndex, Shuxingxuqiu, Type, GemCnt, LianhuaAttr, RoleID, create_time, pos) VALUES(55, 0, '{"13":"100","35":"10"}', 1, 5, '{}', 13150101, 0, '{}', 157846, NOW(), 3);
[2020-06-13 08:27:02.455] [INFO] console - INSERT INTO qy_equip_1000(EquipID, EquipType, BaseAttr, Grade, EIndex, Shuxingxuqiu, Type, GemCnt, LianhuaAttr, RoleID, create_time, pos) VALUES(53, 0, '{"13":"100","16":"5"}', 1, 3, '{}', 13131101, 0, '{}', 157846, NOW(), 3);
[2020-06-13 08:27:02.460] [INFO] console - INSERT INTO qy_equip_1000(EquipID, EquipType, BaseAttr, Grade, EIndex, Shuxingxuqiu, Type, GemCnt, LianhuaAttr, RoleID, create_time, pos) VALUES(54, 0, '{"13":"100","16":"5"}', 1, 4, '{}', 13141101, 0, '{}', 157846, NOW(), 3);
[2020-06-13 08:27:02.466] [INFO] console - INSERT INTO qy_equip_1000(EquipID, EquipType, BaseAttr, Grade, EIndex, Shuxingxuqiu, Type, GemCnt, LianhuaAttr, RoleID, create_time, pos) VALUES(55, 0, '{"13":"100","35":"10"}', 1, 5, '{}', 13150101, 0, '{}', 157846, NOW(), 3);
[2020-06-13 08:28:33.911] [INFO] console - SQL: SELECT * FROM qy_account WHERE account = 'test01';
[2020-06-13 08:28:33.926] [INFO] console - SELECT * FROM qy_account WHERE account = 'test01';
[2020-06-13 08:28:33.942] [INFO] console - SQL: UPDATE qy_account SET last_login_time = now(), login_ip = '127.0.0.1', mac = 'GwRObINOQxyTD8397311591454499347' WHERE accountid =39384;
[2020-06-13 08:28:33.952] [INFO] console - UPDATE qy_account SET last_login_time = now(), login_ip = '127.0.0.1', mac = 'GwRObINOQxyTD8397311591454499347' WHERE accountid =39384;
[2020-06-13 08:28:54.285] [INFO] console - SQL: SELECT * FROM qy_role WHERE accountid = 39384;
[2020-06-13 08:28:54.295] [INFO] console - SELECT * FROM qy_role WHERE accountid = 39384;
