[2020-06-13 17:08:38.985] [INFO] console - SQL: SELECT * FROM qy_account WHERE account = 'test01';
[2020-06-13 17:08:39.056] [INFO] console - SELECT * FROM qy_account WHERE account = 'test01';
[2020-06-13 17:08:39.073] [INFO] console - SQL: UPDATE qy_account SET last_login_time = now(), login_ip = '127.0.0.1', mac = 'KuCnnqnYoVZRQ3661501592031474248' WHERE accountid =39384;
[2020-06-13 17:08:39.087] [INFO] console - SQL: SELECT * FROM qy_role WHERE accountid = 39384;
[2020-06-13 17:08:39.089] [INFO] console - UPDATE qy_account SET last_login_time = now(), login_ip = '127.0.0.1', mac = 'KuCnnqnYoVZRQ3661501592031474248' WHERE accountid =39384;
[2020-06-13 17:08:39.119] [INFO] console - SELECT * FROM qy_role WHERE accountid = 39384;
[2020-06-13 17:08:56.505] [INFO] console - SQL: UPDATE qy_role SET lastonline = FROM_UNIXTIME(1592038104) WHERE roleid =157846;
[2020-06-13 17:08:56.520] [INFO] console - UPDATE qy_role SET lastonline = FROM_UNIXTIME(1592038104) WHERE roleid =157846;
[2020-06-13 17:09:38.032] [INFO] console - SQL: UPDATE qy_role SET mountid=0 WHERE roleid=157846;
[2020-06-13 17:09:38.054] [INFO] console - UPDATE qy_role SET mountid=0 WHERE roleid=157846;
[2020-06-13 17:10:06.443] [INFO] console - SQL: SELECT mountid from dhxy_mount WHERE roleid = 157846 AND resid=7;
[2020-06-13 17:10:06.460] [INFO] console - SELECT mountid from dhxy_mount WHERE roleid = 157846 AND resid=7;
[2020-06-13 17:11:31.241] [INFO] console - SQL: UPDATE qy_role SET mountid=0 WHERE roleid=157846;
[2020-06-13 17:11:31.258] [INFO] console - UPDATE qy_role SET mountid=0 WHERE roleid=157846;
[2020-06-13 17:15:23.627] [INFO] console - SQL: SELECT * FROM qy_account WHERE account = 'test01';
[2020-06-13 17:15:23.637] [INFO] console - SELECT * FROM qy_account WHERE account = 'test01';
[2020-06-13 17:15:23.654] [INFO] console - SQL: UPDATE qy_account SET last_login_time = now(), login_ip = '127.0.0.1', mac = 'KuCnnqnYoVZRQ3661501592031474248' WHERE accountid =39384;
[2020-06-13 17:15:23.662] [INFO] console - UPDATE qy_account SET last_login_time = now(), login_ip = '127.0.0.1', mac = 'KuCnnqnYoVZRQ3661501592031474248' WHERE accountid =39384;
[2020-06-13 17:15:23.666] [INFO] console - SQL: SELECT * FROM qy_role WHERE accountid = 39384;
[2020-06-13 17:15:23.674] [INFO] console - SELECT * FROM qy_role WHERE accountid = 39384;
[2020-06-13 17:15:27.225] [INFO] console - SQL: UPDATE qy_role SET lastonline = FROM_UNIXTIME(1592038490) WHERE roleid =157846;
[2020-06-13 17:15:27.239] [INFO] console - UPDATE qy_role SET lastonline = FROM_UNIXTIME(1592038490) WHERE roleid =157846;
[2020-06-13 17:15:36.004] [INFO] console - SQL: SELECT mountid from dhxy_mount WHERE roleid = 157846 AND resid=7;
[2020-06-13 17:15:36.013] [INFO] console - SELECT mountid from dhxy_mount WHERE roleid = 157846 AND resid=7;
[2020-06-13 17:16:10.410] [INFO] console - SQL: UPDATE qy_role SET mountid=0 WHERE roleid=157846;
[2020-06-13 17:16:10.428] [INFO] console - UPDATE qy_role SET mountid=0 WHERE roleid=157846;
[2020-06-13 17:16:29.956] [INFO] console - SQL: SELECT mountid from dhxy_mount WHERE roleid = 157846 AND resid=8;
[2020-06-13 17:16:30.001] [INFO] console - SELECT mountid from dhxy_mount WHERE roleid = 157846 AND resid=8;
[2020-06-13 17:18:43.164] [INFO] console - SQL: SELECT * FROM qy_account WHERE account = 'test01';
[2020-06-13 17:18:43.179] [INFO] console - SELECT * FROM qy_account WHERE account = 'test01';
[2020-06-13 17:18:43.198] [INFO] console - SQL: UPDATE qy_account SET last_login_time = now(), login_ip = '127.0.0.1', mac = 'KuCnnqnYoVZRQ3661501592031474248' WHERE accountid =39384;
[2020-06-13 17:18:43.206] [INFO] console - SQL: SELECT * FROM qy_role WHERE accountid = 39384;
[2020-06-13 17:18:43.207] [INFO] console - UPDATE qy_account SET last_login_time = now(), login_ip = '127.0.0.1', mac = 'KuCnnqnYoVZRQ3661501592031474248' WHERE accountid =39384;
[2020-06-13 17:18:43.215] [INFO] console - SELECT * FROM qy_role WHERE accountid = 39384;
[2020-06-13 17:18:46.616] [INFO] console - SQL: UPDATE qy_role SET lastonline = FROM_UNIXTIME(1592038686) WHERE roleid =157846;
[2020-06-13 17:18:46.630] [INFO] console - UPDATE qy_role SET lastonline = FROM_UNIXTIME(1592038686) WHERE roleid =157846;
[2020-06-13 17:19:37.678] [INFO] console - SQL: SELECT * FROM qy_account WHERE account = 'test01';
[2020-06-13 17:19:37.690] [INFO] console - SELECT * FROM qy_account WHERE account = 'test01';
[2020-06-13 17:19:37.710] [INFO] console - SQL: UPDATE qy_account SET last_login_time = now(), login_ip = '127.0.0.1', mac = 'KuCnnqnYoVZRQ3661501592031474248' WHERE accountid =39384;
[2020-06-13 17:19:37.721] [INFO] console - SQL: SELECT * FROM qy_role WHERE accountid = 39384;
[2020-06-13 17:19:37.724] [INFO] console - UPDATE qy_account SET last_login_time = now(), login_ip = '127.0.0.1', mac = 'KuCnnqnYoVZRQ3661501592031474248' WHERE accountid =39384;
[2020-06-13 17:19:37.735] [INFO] console - SELECT * FROM qy_role WHERE accountid = 39384;
[2020-06-13 17:19:42.910] [INFO] console - SQL: UPDATE qy_role SET lastonline = FROM_UNIXTIME(1592038742) WHERE roleid =157846;
[2020-06-13 17:19:42.928] [INFO] console - UPDATE qy_role SET lastonline = FROM_UNIXTIME(1592038742) WHERE roleid =157846;
[2020-06-13 17:23:08.872] [INFO] console - SQL: UPDATE qy_role SET mountid=0 WHERE roleid=157846;
[2020-06-13 17:23:08.887] [INFO] console - UPDATE qy_role SET mountid=0 WHERE roleid=157846;
[2020-06-13 17:26:25.775] [INFO] console - SQL: SELECT * FROM qy_account WHERE account = 'test01';
[2020-06-13 17:26:25.792] [INFO] console - SELECT * FROM qy_account WHERE account = 'test01';
[2020-06-13 17:26:25.809] [INFO] console - SQL: UPDATE qy_account SET last_login_time = now(), login_ip = '127.0.0.1', mac = 'KuCnnqnYoVZRQ3661501592031474248' WHERE accountid =39384;
[2020-06-13 17:26:25.819] [INFO] console - SQL: SELECT * FROM qy_role WHERE accountid = 39384;
[2020-06-13 17:26:25.820] [INFO] console - UPDATE qy_account SET last_login_time = now(), login_ip = '127.0.0.1', mac = 'KuCnnqnYoVZRQ3661501592031474248' WHERE accountid =39384;
[2020-06-13 17:26:25.826] [INFO] console - SELECT * FROM qy_role WHERE accountid = 39384;
[2020-06-13 17:26:29.536] [INFO] console - SQL: UPDATE qy_role SET lastonline = FROM_UNIXTIME(1592039144) WHERE roleid =157846;
[2020-06-13 17:26:29.549] [INFO] console - UPDATE qy_role SET lastonline = FROM_UNIXTIME(1592039144) WHERE roleid =157846;
[2020-06-13 17:26:40.729] [INFO] console - SQL: SELECT mountid from dhxy_mount WHERE roleid = 157846 AND resid=8;
[2020-06-13 17:26:40.738] [INFO] console - SELECT mountid from dhxy_mount WHERE roleid = 157846 AND resid=8;
[2020-06-13 17:26:46.425] [INFO] console - SQL: SELECT mountid from dhxy_mount WHERE roleid = 157846 AND resid=6;
[2020-06-13 17:26:46.434] [INFO] console - SELECT mountid from dhxy_mount WHERE roleid = 157846 AND resid=6;
[2020-06-13 17:27:10.985] [INFO] console - SQL: SELECT mountid from dhxy_mount WHERE roleid = 157846 AND resid=8;
[2020-06-13 17:27:11.000] [INFO] console - SELECT mountid from dhxy_mount WHERE roleid = 157846 AND resid=8;
[2020-06-13 17:27:54.481] [INFO] console - SQL: SELECT * FROM qy_account WHERE account = 'test01';
[2020-06-13 17:27:54.490] [INFO] console - SELECT * FROM qy_account WHERE account = 'test01';
[2020-06-13 17:27:54.510] [INFO] console - SQL: UPDATE qy_account SET last_login_time = now(), login_ip = '127.0.0.1', mac = 'KuCnnqnYoVZRQ3661501592031474248' WHERE accountid =39384;
[2020-06-13 17:27:54.519] [INFO] console - SQL: SELECT * FROM qy_role WHERE accountid = 39384;
[2020-06-13 17:27:54.520] [INFO] console - UPDATE qy_account SET last_login_time = now(), login_ip = '127.0.0.1', mac = 'KuCnnqnYoVZRQ3661501592031474248' WHERE accountid =39384;
[2020-06-13 17:27:54.526] [INFO] console - SELECT * FROM qy_role WHERE accountid = 39384;
[2020-06-13 17:27:57.464] [INFO] console - SQL: UPDATE qy_role SET lastonline = FROM_UNIXTIME(1592039230) WHERE roleid =157846;
[2020-06-13 17:27:57.471] [INFO] console - UPDATE qy_role SET lastonline = FROM_UNIXTIME(1592039230) WHERE roleid =157846;
