[2020-06-15 00:15:27.584] [INFO] console - SQL: SELECT * FROM dhxy_comment WHERE serverId=0
[2020-06-15 00:15:27.718] [INFO] console - SELECT * FROM dhxy_comment WHERE serverId=0
[2020-06-15 00:15:30.627] [INFO] console - SQL: SELECT * FROM qy_account WHERE account = 'race10';
[2020-06-15 00:15:30.644] [INFO] console - SELECT * FROM qy_account WHERE account = 'race10';
[2020-06-15 00:15:30.661] [INFO] console - SQL: UPDATE qy_account SET last_login_time = now(), login_ip = '127.0.0.1', mac = 'LbWPymmJZjHph7244931591345675596' WHERE accountid =39397;
[2020-06-15 00:15:30.671] [INFO] console - UPDATE qy_account SET last_login_time = now(), login_ip = '127.0.0.1', mac = 'LbWPymmJZjHph7244931591345675596' WHERE accountid =39397;
[2020-06-15 00:15:30.677] [INFO] console - SQL: SELECT * FROM qy_role WHERE accountid = 39397;
[2020-06-15 00:15:30.703] [INFO] console - SELECT * FROM qy_role WHERE accountid = 39397;
[2020-06-15 00:15:33.562] [INFO] console - SQL: UPDATE qy_role SET lastonline = FROM_UNIXTIME(1592151300) WHERE roleid =157859;
[2020-06-15 00:15:33.581] [INFO] console - UPDATE qy_role SET lastonline = FROM_UNIXTIME(1592151300) WHERE roleid =157859;
[2020-06-15 00:36:29.580] [INFO] console - SQL: SELECT * FROM dhxy_comment WHERE serverId=0
[2020-06-15 00:36:29.660] [INFO] console - SELECT * FROM dhxy_comment WHERE serverId=0
[2020-06-15 00:37:10.994] [INFO] console - SQL: SELECT * FROM dhxy_comment WHERE serverId=0
[2020-06-15 00:37:11.019] [INFO] console - SELECT * FROM dhxy_comment WHERE serverId=0
[2020-06-15 00:37:13.636] [INFO] console - SQL: SELECT * FROM qy_account WHERE account = 'race10';
[2020-06-15 00:37:13.648] [INFO] console - SELECT * FROM qy_account WHERE account = 'race10';
[2020-06-15 00:37:13.668] [INFO] console - SQL: UPDATE qy_account SET last_login_time = now(), login_ip = '127.0.0.1', mac = 'LbWPymmJZjHph7244931591345675596' WHERE accountid =39397;
[2020-06-15 00:37:13.680] [INFO] console - UPDATE qy_account SET last_login_time = now(), login_ip = '127.0.0.1', mac = 'LbWPymmJZjHph7244931591345675596' WHERE accountid =39397;
[2020-06-15 00:37:13.684] [INFO] console - SQL: SELECT * FROM qy_role WHERE accountid = 39397;
[2020-06-15 00:37:13.716] [INFO] console - SELECT * FROM qy_role WHERE accountid = 39397;
[2020-06-15 00:37:16.618] [INFO] console - SQL: UPDATE qy_role SET lastonline = FROM_UNIXTIME(1592152584) WHERE roleid =157859;
[2020-06-15 00:37:16.633] [INFO] console - UPDATE qy_role SET lastonline = FROM_UNIXTIME(1592152584) WHERE roleid =157859;
[2020-06-15 00:40:01.842] [INFO] console - SQL: SELECT * FROM dhxy_comment WHERE serverId=0
[2020-06-15 00:40:01.855] [INFO] console - SELECT * FROM dhxy_comment WHERE serverId=0
[2020-06-15 00:40:04.657] [INFO] console - SQL: SELECT * FROM qy_account WHERE account = 'race10';
[2020-06-15 00:40:04.678] [INFO] console - SELECT * FROM qy_account WHERE account = 'race10';
[2020-06-15 00:40:04.703] [INFO] console - SQL: UPDATE qy_account SET last_login_time = now(), login_ip = '127.0.0.1', mac = 'LbWPymmJZjHph7244931591345675596' WHERE accountid =39397;
[2020-06-15 00:40:04.720] [INFO] console - UPDATE qy_account SET last_login_time = now(), login_ip = '127.0.0.1', mac = 'LbWPymmJZjHph7244931591345675596' WHERE accountid =39397;
[2020-06-15 00:40:04.723] [INFO] console - SQL: SELECT * FROM qy_role WHERE accountid = 39397;
[2020-06-15 00:40:04.734] [INFO] console - SELECT * FROM qy_role WHERE accountid = 39397;
[2020-06-15 00:40:07.808] [INFO] console - SQL: UPDATE qy_role SET lastonline = FROM_UNIXTIME(1592152753) WHERE roleid =157859;
[2020-06-15 00:40:07.825] [INFO] console - UPDATE qy_role SET lastonline = FROM_UNIXTIME(1592152753) WHERE roleid =157859;
[2020-06-15 00:40:21.844] [INFO] console - SQL: SELECT mountid from dhxy_mount WHERE roleid = 157859 AND mountid=59;
[2020-06-15 00:40:21.854] [INFO] console - SELECT mountid from dhxy_mount WHERE roleid = 157859 AND mountid=59;
[2020-06-15 00:40:21.873] [INFO] console - SQL: UPDATE qy_role SET mountid=59 WHERE roleid=157859;
[2020-06-15 00:40:21.882] [INFO] console - UPDATE qy_role SET mountid=59 WHERE roleid=157859;
[2020-06-15 00:42:08.982] [INFO] console - SQL: SELECT * FROM dhxy_comment WHERE serverId=0
[2020-06-15 00:42:08.997] [INFO] console - SELECT * FROM dhxy_comment WHERE serverId=0
[2020-06-15 00:42:13.760] [INFO] console - SQL: SELECT * FROM qy_account WHERE account = 'race10';
[2020-06-15 00:42:13.774] [INFO] console - SELECT * FROM qy_account WHERE account = 'race10';
[2020-06-15 00:42:13.792] [INFO] console - SQL: UPDATE qy_account SET last_login_time = now(), login_ip = '127.0.0.1', mac = 'LbWPymmJZjHph7244931591345675596' WHERE accountid =39397;
[2020-06-15 00:42:13.800] [INFO] console - UPDATE qy_account SET last_login_time = now(), login_ip = '127.0.0.1', mac = 'LbWPymmJZjHph7244931591345675596' WHERE accountid =39397;
[2020-06-15 00:42:13.807] [INFO] console - SQL: SELECT * FROM qy_role WHERE accountid = 39397;
[2020-06-15 00:42:13.817] [INFO] console - SELECT * FROM qy_role WHERE accountid = 39397;
[2020-06-15 00:42:16.498] [INFO] console - SQL: UPDATE qy_role SET lastonline = FROM_UNIXTIME(1592152880) WHERE roleid =157859;
[2020-06-15 00:42:16.509] [INFO] console - UPDATE qy_role SET lastonline = FROM_UNIXTIME(1592152880) WHERE roleid =157859;
[2020-06-15 00:45:00.376] [INFO] console - SQL: SELECT * FROM dhxy_comment WHERE serverId=0
[2020-06-15 00:45:00.419] [INFO] console - SELECT * FROM dhxy_comment WHERE serverId=0
[2020-06-15 00:45:02.555] [INFO] console - SQL: SELECT * FROM qy_account WHERE account = 'race10';
[2020-06-15 00:45:02.568] [INFO] console - SELECT * FROM qy_account WHERE account = 'race10';
[2020-06-15 00:45:02.588] [INFO] console - SQL: UPDATE qy_account SET last_login_time = now(), login_ip = '127.0.0.1', mac = 'LbWPymmJZjHph7244931591345675596' WHERE accountid =39397;
[2020-06-15 00:45:02.598] [INFO] console - UPDATE qy_account SET last_login_time = now(), login_ip = '127.0.0.1', mac = 'LbWPymmJZjHph7244931591345675596' WHERE accountid =39397;
[2020-06-15 00:45:02.602] [INFO] console - SQL: SELECT * FROM qy_role WHERE accountid = 39397;
[2020-06-15 00:45:02.615] [INFO] console - SELECT * FROM qy_role WHERE accountid = 39397;
[2020-06-15 00:45:05.395] [INFO] console - SQL: UPDATE qy_role SET lastonline = FROM_UNIXTIME(1592153046) WHERE roleid =157859;
[2020-06-15 00:45:05.446] [INFO] console - UPDATE qy_role SET lastonline = FROM_UNIXTIME(1592153046) WHERE roleid =157859;
[2020-06-15 00:51:44.873] [INFO] console - SQL: SELECT * FROM dhxy_comment WHERE serverId=0
[2020-06-15 00:51:44.920] [INFO] console - SELECT * FROM dhxy_comment WHERE serverId=0
[2020-06-15 00:52:11.928] [INFO] console - SQL: SELECT * FROM qy_account WHERE account = 'race11';
[2020-06-15 00:52:11.937] [INFO] console - SELECT * FROM qy_account WHERE account = 'race11';
[2020-06-15 00:52:11.949] [INFO] console - SQL: INSERT INTO qy_account(account, password,invite, register_time) VALUES('race11', '010421','', NOW() );
[2020-06-15 00:52:11.958] [INFO] console - INSERT INTO qy_account(account, password,invite, register_time) VALUES('race11', '010421','', NOW() );
[2020-06-15 00:52:13.921] [INFO] console - SQL: SELECT * FROM qy_account WHERE account = 'race11';
[2020-06-15 00:52:13.936] [INFO] console - SELECT * FROM qy_account WHERE account = 'race11';
[2020-06-15 00:52:13.953] [INFO] console - SQL: UPDATE qy_account SET last_login_time = now(), login_ip = '127.0.0.1', mac = 'LbWPymmJZjHph7244931591345675596' WHERE accountid =39398;
[2020-06-15 00:52:13.961] [INFO] console - UPDATE qy_account SET last_login_time = now(), login_ip = '127.0.0.1', mac = 'LbWPymmJZjHph7244931591345675596' WHERE accountid =39398;
[2020-06-15 00:52:13.971] [INFO] console - SQL: SELECT * FROM qy_role WHERE accountid = 39398;
[2020-06-15 00:52:13.980] [INFO] console - SELECT * FROM qy_role WHERE accountid = 39398;
[2020-06-15 00:52:20.485] [INFO] console - SQL: SELECT * FROM qy_role WHERE (accountid = '39398' OR name = '巧曼伟') AND serverid = '1000';
[2020-06-15 00:52:20.511] [INFO] console - SELECT * FROM qy_role WHERE (accountid = '39398' OR name = '巧曼伟') AND serverid = '1000';
[2020-06-15 00:52:20.528] [INFO] console - SQL: INSERT INTO qy_role(name, race, sex, level, resid, mapid, x, y, create_time, accountid, serverid,money,taskstate) VALUES('巧曼伟', '2','1',1,'2003',1010,-1,-1, NOW(),'39398','1000',0,'[]' );
[2020-06-15 00:52:20.535] [INFO] console - INSERT INTO qy_role(name, race, sex, level, resid, mapid, x, y, create_time, accountid, serverid,money,taskstate) VALUES('巧曼伟', '2','1',1,'2003',1010,-1,-1, NOW(),'39398','1000',0,'[]' );
[2020-06-15 00:52:20.560] [INFO] console - SQL: INSERT INTO dhxy_mount (roleid,resid,name,level) VALUES(157860,9211,'葫芦',0);
[2020-06-15 00:52:20.564] [INFO] console - SQL: INSERT INTO dhxy_mount (roleid,resid,name,level) VALUES(157860,9222,'莲花',0);
[2020-06-15 00:52:20.567] [INFO] console - SQL: INSERT INTO dhxy_mount (roleid,resid,name,level) VALUES(157860,9231,'仙车',0);
[2020-06-15 00:52:20.568] [INFO] console - SQL: INSERT INTO dhxy_mount (roleid,resid,name,level) VALUES(157860,9241,'凤凰',0);
[2020-06-15 00:52:20.571] [INFO] console - INSERT INTO dhxy_mount (roleid,resid,name,level) VALUES(157860,9211,'葫芦',0);
[2020-06-15 00:52:20.573] [INFO] console - INSERT INTO dhxy_mount (roleid,resid,name,level) VALUES(157860,9222,'莲花',0);
[2020-06-15 00:52:20.599] [INFO] console - INSERT INTO dhxy_mount (roleid,resid,name,level) VALUES(157860,9231,'仙车',0);
[2020-06-15 00:52:20.602] [INFO] console - INSERT INTO dhxy_mount (roleid,resid,name,level) VALUES(157860,9241,'凤凰',0);
[2020-06-15 00:52:23.680] [INFO] console - SQL: SELECT qy_account.safecode, qy_role.* FROM qy_account, qy_role WHERE qy_role.roleid = 157860 and qy_account.accountid = qy_role.accountid;
[2020-06-15 00:52:23.696] [INFO] console - SELECT qy_account.safecode, qy_role.* FROM qy_account, qy_role WHERE qy_role.roleid = 157860 and qy_account.accountid = qy_role.accountid;
[2020-06-15 00:52:23.713] [INFO] console - SQL: SELECT * FROM qy_equip_1000 WHERE RoleID = 157860 AND state != 0;
[2020-06-15 00:52:23.723] [INFO] console - SELECT * FROM qy_equip_1000 WHERE RoleID = 157860 AND state != 0;
[2020-06-15 00:52:23.738] [INFO] console - SQL: SELECT * FROM dhxy_mount WHERE roleid=157860;
[2020-06-15 00:52:23.747] [INFO] console - SELECT * FROM dhxy_mount WHERE roleid=157860;
[2020-06-15 00:52:23.788] [INFO] console - SQL: SELECT * FROM qy_pet_1000 WHERE roleid = 157860 and state = 1 limit 20
[2020-06-15 00:52:23.796] [INFO] console - SELECT * FROM qy_pet_1000 WHERE roleid = 157860 and state = 1 limit 20
[2020-06-15 00:52:25.801] [INFO] console - SQL: UPDATE qy_role SET lastonline = FROM_UNIXTIME(1592153480) WHERE roleid =157860;
[2020-06-15 00:52:25.850] [INFO] console - SQL: INSERT INTO qy_equip_1000(EquipID, EquipType, BaseAttr, Grade, EIndex, Shuxingxuqiu, Type, GemCnt, LianhuaAttr, RoleID, create_time, pos) VALUES(91, 0, '{"20":"42","34":"1000"}', 1, 1, '{}', 13111106, 0, '{}', 157860, NOW(), 3);
[2020-06-15 00:52:25.853] [INFO] console - UPDATE qy_role SET lastonline = FROM_UNIXTIME(1592153480) WHERE roleid =157860;
[2020-06-15 00:52:25.857] [INFO] console - SQL: INSERT INTO qy_equip_1000(EquipID, EquipType, BaseAttr, Grade, EIndex, Shuxingxuqiu, Type, GemCnt, LianhuaAttr, RoleID, create_time, pos) VALUES(92, 0, '{"13":"10","31":"1400","33":"1400"}', 1, 2, '{}', 13120101, 0, '{}', 157860, NOW(), 3);
[2020-06-15 00:52:25.859] [INFO] console - SQL: INSERT INTO qy_equip_1000(EquipID, EquipType, BaseAttr, Grade, EIndex, Shuxingxuqiu, Type, GemCnt, LianhuaAttr, RoleID, create_time, pos) VALUES(93, 0, '{"13":"100","27":"2"}', 1, 3, '{}', 13135101, 0, '{}', 157860, NOW(), 3);
[2020-06-15 00:52:25.860] [INFO] console - INSERT INTO qy_equip_1000(EquipID, EquipType, BaseAttr, Grade, EIndex, Shuxingxuqiu, Type, GemCnt, LianhuaAttr, RoleID, create_time, pos) VALUES(91, 0, '{"20":"42","34":"1000"}', 1, 1, '{}', 13111106, 0, '{}', 157860, NOW(), 3);
[2020-06-15 00:52:25.861] [INFO] console - SQL: INSERT INTO qy_equip_1000(EquipID, EquipType, BaseAttr, Grade, EIndex, Shuxingxuqiu, Type, GemCnt, LianhuaAttr, RoleID, create_time, pos) VALUES(94, 0, '{"13":"100","27":"2"}', 1, 4, '{}', 13145101, 0, '{}', 157860, NOW(), 3);
[2020-06-15 00:52:25.864] [INFO] console - SQL: INSERT INTO qy_equip_1000(EquipID, EquipType, BaseAttr, Grade, EIndex, Shuxingxuqiu, Type, GemCnt, LianhuaAttr, RoleID, create_time, pos) VALUES(95, 0, '{"13":"100","35":"10"}', 1, 5, '{}', 13150101, 0, '{}', 157860, NOW(), 3);
[2020-06-15 00:52:25.869] [INFO] console - INSERT INTO qy_equip_1000(EquipID, EquipType, BaseAttr, Grade, EIndex, Shuxingxuqiu, Type, GemCnt, LianhuaAttr, RoleID, create_time, pos) VALUES(92, 0, '{"13":"10","31":"1400","33":"1400"}', 1, 2, '{}', 13120101, 0, '{}', 157860, NOW(), 3);
[2020-06-15 00:52:25.871] [INFO] console - INSERT INTO qy_equip_1000(EquipID, EquipType, BaseAttr, Grade, EIndex, Shuxingxuqiu, Type, GemCnt, LianhuaAttr, RoleID, create_time, pos) VALUES(93, 0, '{"13":"100","27":"2"}', 1, 3, '{}', 13135101, 0, '{}', 157860, NOW(), 3);
[2020-06-15 00:52:25.885] [INFO] console - INSERT INTO qy_equip_1000(EquipID, EquipType, BaseAttr, Grade, EIndex, Shuxingxuqiu, Type, GemCnt, LianhuaAttr, RoleID, create_time, pos) VALUES(94, 0, '{"13":"100","27":"2"}', 1, 4, '{}', 13145101, 0, '{}', 157860, NOW(), 3);
[2020-06-15 00:52:25.891] [INFO] console - INSERT INTO qy_equip_1000(EquipID, EquipType, BaseAttr, Grade, EIndex, Shuxingxuqiu, Type, GemCnt, LianhuaAttr, RoleID, create_time, pos) VALUES(95, 0, '{"13":"100","35":"10"}', 1, 5, '{}', 13150101, 0, '{}', 157860, NOW(), 3);
[2020-06-15 00:52:30.995] [INFO] console - SQL: INSERT INTO qy_pet_1000(petid, name, resid, dataid, grade, roleid, rate, hp, mp, atk, spd, wuxing, create_time) VALUES(10, '小黄金兽', 5021, 1004, 0, 157860, 10693, 38, 0, 46, 0, '{}', NOW());
[2020-06-15 00:52:31.000] [INFO] console - SQL: UPDATE qy_role SET getpet = 1 WHERE roleid =157860
[2020-06-15 00:52:31.010] [INFO] console - UPDATE qy_role SET getpet = 1 WHERE roleid =157860
[2020-06-15 00:52:31.012] [INFO] console - INSERT INTO qy_pet_1000(petid, name, resid, dataid, grade, roleid, rate, hp, mp, atk, spd, wuxing, create_time) VALUES(10, '小黄金兽', 5021, 1004, 0, 157860, 10693, 38, 0, 46, 0, '{}', NOW());
[2020-06-15 00:54:51.675] [INFO] console - SQL: SELECT mountid from dhxy_mount WHERE roleid = 157860 AND mountid=64;
[2020-06-15 00:54:51.691] [INFO] console - SELECT mountid from dhxy_mount WHERE roleid = 157860 AND mountid=64;
[2020-06-15 00:54:51.705] [INFO] console - SQL: UPDATE qy_role SET mountid=64 WHERE roleid=157860;
[2020-06-15 00:54:51.716] [INFO] console - UPDATE qy_role SET mountid=64 WHERE roleid=157860;
